[0.016s] Invoking command in '/workspace/rl_for_curobo/projects_root/ros/workspaces/moveit_cfgs_ws/build/franka_panda_moveit_cfg': CMAKE_PREFIX_PATH=${CMAKE_PREFIX_PATH}:/workspace/rl_for_curobo/projects_root/ros/workspaces/isaac_moveit_ws/install/isaac_moveit_main:/workspaces/isaac_ros_ws/install/isaac_ros_test:/workspaces/isaac_ros_ws/install/isaac_ros_rosbag_utils:/workspaces/isaac_ros_ws/install/isaac_ros_launch_utils:/workspaces/isaac_ros_ws/install/isaac_common_py:/opt/ros/humble /usr/local/bin/cmake --build /workspace/rl_for_curobo/projects_root/ros/workspaces/moveit_cfgs_ws/build/franka_panda_moveit_cfg -- -j16 -l16
[0.033s] Invoked command in '/workspace/rl_for_curobo/projects_root/ros/workspaces/moveit_cfgs_ws/build/franka_panda_moveit_cfg' returned '0': CMAKE_PREFIX_PATH=${CMAKE_PREFIX_PATH}:/workspace/rl_for_curobo/projects_root/ros/workspaces/isaac_moveit_ws/install/isaac_moveit_main:/workspaces/isaac_ros_ws/install/isaac_ros_test:/workspaces/isaac_ros_ws/install/isaac_ros_rosbag_utils:/workspaces/isaac_ros_ws/install/isaac_ros_launch_utils:/workspaces/isaac_ros_ws/install/isaac_common_py:/opt/ros/humble /usr/local/bin/cmake --build /workspace/rl_for_curobo/projects_root/ros/workspaces/moveit_cfgs_ws/build/franka_panda_moveit_cfg -- -j16 -l16
[0.037s] Invoking command in '/workspace/rl_for_curobo/projects_root/ros/workspaces/moveit_cfgs_ws/build/franka_panda_moveit_cfg': CMAKE_PREFIX_PATH=${CMAKE_PREFIX_PATH}:/workspace/rl_for_curobo/projects_root/ros/workspaces/isaac_moveit_ws/install/isaac_moveit_main:/workspaces/isaac_ros_ws/install/isaac_ros_test:/workspaces/isaac_ros_ws/install/isaac_ros_rosbag_utils:/workspaces/isaac_ros_ws/install/isaac_ros_launch_utils:/workspaces/isaac_ros_ws/install/isaac_common_py:/opt/ros/humble /usr/local/bin/cmake --install /workspace/rl_for_curobo/projects_root/ros/workspaces/moveit_cfgs_ws/build/franka_panda_moveit_cfg
[0.039s] -- Install configuration: ""
[0.039s] -- Up-to-date: /workspace/rl_for_curobo/projects_root/ros/workspaces/moveit_cfgs_ws/install/franka_panda_moveit_cfg/share/ament_index/resource_index/package_run_dependencies/franka_panda_moveit_cfg
[0.039s] -- Up-to-date: /workspace/rl_for_curobo/projects_root/ros/workspaces/moveit_cfgs_ws/install/franka_panda_moveit_cfg/share/ament_index/resource_index/parent_prefix_path/franka_panda_moveit_cfg
[0.039s] -- Up-to-date: /workspace/rl_for_curobo/projects_root/ros/workspaces/moveit_cfgs_ws/install/franka_panda_moveit_cfg/share/franka_panda_moveit_cfg/environment/ament_prefix_path.sh
[0.039s] -- Up-to-date: /workspace/rl_for_curobo/projects_root/ros/workspaces/moveit_cfgs_ws/install/franka_panda_moveit_cfg/share/franka_panda_moveit_cfg/environment/ament_prefix_path.dsv
[0.039s] -- Up-to-date: /workspace/rl_for_curobo/projects_root/ros/workspaces/moveit_cfgs_ws/install/franka_panda_moveit_cfg/share/franka_panda_moveit_cfg/environment/path.sh
[0.039s] -- Up-to-date: /workspace/rl_for_curobo/projects_root/ros/workspaces/moveit_cfgs_ws/install/franka_panda_moveit_cfg/share/franka_panda_moveit_cfg/environment/path.dsv
[0.039s] -- Up-to-date: /workspace/rl_for_curobo/projects_root/ros/workspaces/moveit_cfgs_ws/install/franka_panda_moveit_cfg/share/franka_panda_moveit_cfg/local_setup.bash
[0.040s] -- Up-to-date: /workspace/rl_for_curobo/projects_root/ros/workspaces/moveit_cfgs_ws/install/franka_panda_moveit_cfg/share/franka_panda_moveit_cfg/local_setup.sh
[0.040s] -- Up-to-date: /workspace/rl_for_curobo/projects_root/ros/workspaces/moveit_cfgs_ws/install/franka_panda_moveit_cfg/share/franka_panda_moveit_cfg/local_setup.zsh
[0.040s] -- Up-to-date: /workspace/rl_for_curobo/projects_root/ros/workspaces/moveit_cfgs_ws/install/franka_panda_moveit_cfg/share/franka_panda_moveit_cfg/local_setup.dsv
[0.040s] -- Up-to-date: /workspace/rl_for_curobo/projects_root/ros/workspaces/moveit_cfgs_ws/install/franka_panda_moveit_cfg/share/franka_panda_moveit_cfg/package.dsv
[0.040s] -- Up-to-date: /workspace/rl_for_curobo/projects_root/ros/workspaces/moveit_cfgs_ws/install/franka_panda_moveit_cfg/share/ament_index/resource_index/packages/franka_panda_moveit_cfg
[0.040s] -- Up-to-date: /workspace/rl_for_curobo/projects_root/ros/workspaces/moveit_cfgs_ws/install/franka_panda_moveit_cfg/share/franka_panda_moveit_cfg/cmake/franka_panda_moveit_cfgConfig.cmake
[0.040s] -- Up-to-date: /workspace/rl_for_curobo/projects_root/ros/workspaces/moveit_cfgs_ws/install/franka_panda_moveit_cfg/share/franka_panda_moveit_cfg/cmake/franka_panda_moveit_cfgConfig-version.cmake
[0.040s] -- Up-to-date: /workspace/rl_for_curobo/projects_root/ros/workspaces/moveit_cfgs_ws/install/franka_panda_moveit_cfg/share/franka_panda_moveit_cfg/package.xml
[0.040s] -- Up-to-date: /workspace/rl_for_curobo/projects_root/ros/workspaces/moveit_cfgs_ws/install/franka_panda_moveit_cfg/share/franka_panda_moveit_cfg/launch
[0.040s] -- Up-to-date: /workspace/rl_for_curobo/projects_root/ros/workspaces/moveit_cfgs_ws/install/franka_panda_moveit_cfg/share/franka_panda_moveit_cfg/launch/warehouse_db.launch.py
[0.040s] -- Up-to-date: /workspace/rl_for_curobo/projects_root/ros/workspaces/moveit_cfgs_ws/install/franka_panda_moveit_cfg/share/franka_panda_moveit_cfg/launch/static_virtual_joint_tfs.launch.py
[0.040s] -- Up-to-date: /workspace/rl_for_curobo/projects_root/ros/workspaces/moveit_cfgs_ws/install/franka_panda_moveit_cfg/share/franka_panda_moveit_cfg/launch/setup_assistant.launch.py
[0.040s] -- Up-to-date: /workspace/rl_for_curobo/projects_root/ros/workspaces/moveit_cfgs_ws/install/franka_panda_moveit_cfg/share/franka_panda_moveit_cfg/launch/move_group.launch.py
[0.040s] -- Up-to-date: /workspace/rl_for_curobo/projects_root/ros/workspaces/moveit_cfgs_ws/install/franka_panda_moveit_cfg/share/franka_panda_moveit_cfg/launch/spawn_controllers.launch.py
[0.040s] -- Up-to-date: /workspace/rl_for_curobo/projects_root/ros/workspaces/moveit_cfgs_ws/install/franka_panda_moveit_cfg/share/franka_panda_moveit_cfg/launch/demo.launch.py
[0.040s] -- Up-to-date: /workspace/rl_for_curobo/projects_root/ros/workspaces/moveit_cfgs_ws/install/franka_panda_moveit_cfg/share/franka_panda_moveit_cfg/launch/moveit_rviz.launch.py
[0.040s] -- Up-to-date: /workspace/rl_for_curobo/projects_root/ros/workspaces/moveit_cfgs_ws/install/franka_panda_moveit_cfg/share/franka_panda_moveit_cfg/launch/rsp.launch.py
[0.040s] -- Up-to-date: /workspace/rl_for_curobo/projects_root/ros/workspaces/moveit_cfgs_ws/install/franka_panda_moveit_cfg/share/franka_panda_moveit_cfg/config
[0.040s] -- Installing: /workspace/rl_for_curobo/projects_root/ros/workspaces/moveit_cfgs_ws/install/franka_panda_moveit_cfg/share/franka_panda_moveit_cfg/config/panda.ros2_control.xacro
[0.040s] -- Up-to-date: /workspace/rl_for_curobo/projects_root/ros/workspaces/moveit_cfgs_ws/install/franka_panda_moveit_cfg/share/franka_panda_moveit_cfg/config/panda.urdf.xacro
[0.040s] -- Up-to-date: /workspace/rl_for_curobo/projects_root/ros/workspaces/moveit_cfgs_ws/install/franka_panda_moveit_cfg/share/franka_panda_moveit_cfg/config/kinematics.yaml
[0.040s] -- Up-to-date: /workspace/rl_for_curobo/projects_root/ros/workspaces/moveit_cfgs_ws/install/franka_panda_moveit_cfg/share/franka_panda_moveit_cfg/config/moveit_controllers.yaml
[0.041s] -- Up-to-date: /workspace/rl_for_curobo/projects_root/ros/workspaces/moveit_cfgs_ws/install/franka_panda_moveit_cfg/share/franka_panda_moveit_cfg/config/initial_positions.yaml
[0.041s] -- Up-to-date: /workspace/rl_for_curobo/projects_root/ros/workspaces/moveit_cfgs_ws/install/franka_panda_moveit_cfg/share/franka_panda_moveit_cfg/config/moveit.rviz
[0.041s] -- Up-to-date: /workspace/rl_for_curobo/projects_root/ros/workspaces/moveit_cfgs_ws/install/franka_panda_moveit_cfg/share/franka_panda_moveit_cfg/config/pilz_cartesian_limits.yaml
[0.041s] -- Up-to-date: /workspace/rl_for_curobo/projects_root/ros/workspaces/moveit_cfgs_ws/install/franka_panda_moveit_cfg/share/franka_panda_moveit_cfg/config/panda.srdf
[0.041s] -- Up-to-date: /workspace/rl_for_curobo/projects_root/ros/workspaces/moveit_cfgs_ws/install/franka_panda_moveit_cfg/share/franka_panda_moveit_cfg/config/joint_limits.yaml
[0.041s] -- Up-to-date: /workspace/rl_for_curobo/projects_root/ros/workspaces/moveit_cfgs_ws/install/franka_panda_moveit_cfg/share/franka_panda_moveit_cfg/config/ros2_controllers.yaml
[0.041s] -- Up-to-date: /workspace/rl_for_curobo/projects_root/ros/workspaces/moveit_cfgs_ws/install/franka_panda_moveit_cfg/share/franka_panda_moveit_cfg/.setup_assistant
[0.041s] Invoked command in '/workspace/rl_for_curobo/projects_root/ros/workspaces/moveit_cfgs_ws/build/franka_panda_moveit_cfg' returned '0': CMAKE_PREFIX_PATH=${CMAKE_PREFIX_PATH}:/workspace/rl_for_curobo/projects_root/ros/workspaces/isaac_moveit_ws/install/isaac_moveit_main:/workspaces/isaac_ros_ws/install/isaac_ros_test:/workspaces/isaac_ros_ws/install/isaac_ros_rosbag_utils:/workspaces/isaac_ros_ws/install/isaac_ros_launch_utils:/workspaces/isaac_ros_ws/install/isaac_common_py:/opt/ros/humble /usr/local/bin/cmake --install /workspace/rl_for_curobo/projects_root/ros/workspaces/moveit_cfgs_ws/build/franka_panda_moveit_cfg
