[0.014s] Invoking command in '/workspace/rl_for_curobo/projects_root/ros/workspaces/moveit_cfgs_ws/build/franka_dual_arm': CMAKE_PREFIX_PATH=${CMAKE_PREFIX_PATH}:/workspace/ws_moveit2/install/moveit_configs_utils:/workspace/ws_moveit2/install/launch_param_builder:/opt/ros/humble /usr/local/bin/cmake --build /workspace/rl_for_curobo/projects_root/ros/workspaces/moveit_cfgs_ws/build/franka_dual_arm -- -j16 -l16
[0.030s] -- Found ament_cmake: 1.3.11 (/opt/ros/humble/share/ament_cmake/cmake)
[0.208s] -- Configuring done (0.2s)
[0.209s] -- Generating done (0.0s)
[0.210s] -- Build files have been written to: /workspace/rl_for_curobo/projects_root/ros/workspaces/moveit_cfgs_ws/build/franka_dual_arm
[0.222s] Invoked command in '/workspace/rl_for_curobo/projects_root/ros/workspaces/moveit_cfgs_ws/build/franka_dual_arm' returned '0': CMAKE_PREFIX_PATH=${CMAKE_PREFIX_PATH}:/workspace/ws_moveit2/install/moveit_configs_utils:/workspace/ws_moveit2/install/launch_param_builder:/opt/ros/humble /usr/local/bin/cmake --build /workspace/rl_for_curobo/projects_root/ros/workspaces/moveit_cfgs_ws/build/franka_dual_arm -- -j16 -l16
[0.223s] Invoking command in '/workspace/rl_for_curobo/projects_root/ros/workspaces/moveit_cfgs_ws/build/franka_dual_arm': CMAKE_PREFIX_PATH=${CMAKE_PREFIX_PATH}:/workspace/ws_moveit2/install/moveit_configs_utils:/workspace/ws_moveit2/install/launch_param_builder:/opt/ros/humble /usr/local/bin/cmake --install /workspace/rl_for_curobo/projects_root/ros/workspaces/moveit_cfgs_ws/build/franka_dual_arm
[0.226s] -- Install configuration: ""
[0.226s] -- Up-to-date: /workspace/rl_for_curobo/projects_root/ros/workspaces/moveit_cfgs_ws/install/franka_dual_arm/share/ament_index/resource_index/package_run_dependencies/franka_dual_arm
[0.226s] -- Up-to-date: /workspace/rl_for_curobo/projects_root/ros/workspaces/moveit_cfgs_ws/install/franka_dual_arm/share/ament_index/resource_index/parent_prefix_path/franka_dual_arm
[0.226s] -- Up-to-date: /workspace/rl_for_curobo/projects_root/ros/workspaces/moveit_cfgs_ws/install/franka_dual_arm/share/franka_dual_arm/environment/ament_prefix_path.sh
[0.226s] -- Installing: /workspace/rl_for_curobo/projects_root/ros/workspaces/moveit_cfgs_ws/install/franka_dual_arm/share/franka_dual_arm/environment/ament_prefix_path.dsv
[0.226s] -- Up-to-date: /workspace/rl_for_curobo/projects_root/ros/workspaces/moveit_cfgs_ws/install/franka_dual_arm/share/franka_dual_arm/environment/path.sh
[0.226s] -- Installing: /workspace/rl_for_curobo/projects_root/ros/workspaces/moveit_cfgs_ws/install/franka_dual_arm/share/franka_dual_arm/environment/path.dsv
[0.226s] -- Up-to-date: /workspace/rl_for_curobo/projects_root/ros/workspaces/moveit_cfgs_ws/install/franka_dual_arm/share/franka_dual_arm/local_setup.bash
[0.226s] -- Up-to-date: /workspace/rl_for_curobo/projects_root/ros/workspaces/moveit_cfgs_ws/install/franka_dual_arm/share/franka_dual_arm/local_setup.sh
[0.226s] -- Up-to-date: /workspace/rl_for_curobo/projects_root/ros/workspaces/moveit_cfgs_ws/install/franka_dual_arm/share/franka_dual_arm/local_setup.zsh
[0.226s] -- Installing: /workspace/rl_for_curobo/projects_root/ros/workspaces/moveit_cfgs_ws/install/franka_dual_arm/share/franka_dual_arm/local_setup.dsv
[0.226s] -- Installing: /workspace/rl_for_curobo/projects_root/ros/workspaces/moveit_cfgs_ws/install/franka_dual_arm/share/franka_dual_arm/package.dsv
[0.227s] -- Up-to-date: /workspace/rl_for_curobo/projects_root/ros/workspaces/moveit_cfgs_ws/install/franka_dual_arm/share/ament_index/resource_index/packages/franka_dual_arm
[0.227s] -- Up-to-date: /workspace/rl_for_curobo/projects_root/ros/workspaces/moveit_cfgs_ws/install/franka_dual_arm/share/franka_dual_arm/cmake/franka_dual_armConfig.cmake
[0.227s] -- Up-to-date: /workspace/rl_for_curobo/projects_root/ros/workspaces/moveit_cfgs_ws/install/franka_dual_arm/share/franka_dual_arm/cmake/franka_dual_armConfig-version.cmake
[0.227s] -- Installing: /workspace/rl_for_curobo/projects_root/ros/workspaces/moveit_cfgs_ws/install/franka_dual_arm/share/franka_dual_arm/package.xml
[0.227s] -- Up-to-date: /workspace/rl_for_curobo/projects_root/ros/workspaces/moveit_cfgs_ws/install/franka_dual_arm/share/franka_dual_arm/launch
[0.227s] -- Installing: /workspace/rl_for_curobo/projects_root/ros/workspaces/moveit_cfgs_ws/install/franka_dual_arm/share/franka_dual_arm/launch/warehouse_db.launch.py
[0.227s] -- Installing: /workspace/rl_for_curobo/projects_root/ros/workspaces/moveit_cfgs_ws/install/franka_dual_arm/share/franka_dual_arm/launch/static_virtual_joint_tfs.launch.py
[0.227s] -- Installing: /workspace/rl_for_curobo/projects_root/ros/workspaces/moveit_cfgs_ws/install/franka_dual_arm/share/franka_dual_arm/launch/setup_assistant.launch.py
[0.227s] -- Installing: /workspace/rl_for_curobo/projects_root/ros/workspaces/moveit_cfgs_ws/install/franka_dual_arm/share/franka_dual_arm/launch/move_group.launch.py
[0.227s] -- Installing: /workspace/rl_for_curobo/projects_root/ros/workspaces/moveit_cfgs_ws/install/franka_dual_arm/share/franka_dual_arm/launch/spawn_controllers.launch.py
[0.227s] -- Installing: /workspace/rl_for_curobo/projects_root/ros/workspaces/moveit_cfgs_ws/install/franka_dual_arm/share/franka_dual_arm/launch/demo.launch.py
[0.227s] -- Installing: /workspace/rl_for_curobo/projects_root/ros/workspaces/moveit_cfgs_ws/install/franka_dual_arm/share/franka_dual_arm/launch/moveit_rviz.launch.py
[0.227s] -- Installing: /workspace/rl_for_curobo/projects_root/ros/workspaces/moveit_cfgs_ws/install/franka_dual_arm/share/franka_dual_arm/launch/rsp.launch.py
[0.227s] -- Up-to-date: /workspace/rl_for_curobo/projects_root/ros/workspaces/moveit_cfgs_ws/install/franka_dual_arm/share/franka_dual_arm/config
[0.227s] -- Installing: /workspace/rl_for_curobo/projects_root/ros/workspaces/moveit_cfgs_ws/install/franka_dual_arm/share/franka_dual_arm/config/kinematics.yaml
[0.227s] -- Installing: /workspace/rl_for_curobo/projects_root/ros/workspaces/moveit_cfgs_ws/install/franka_dual_arm/share/franka_dual_arm/config/moveit_controllers.yaml
[0.227s] -- Installing: /workspace/rl_for_curobo/projects_root/ros/workspaces/moveit_cfgs_ws/install/franka_dual_arm/share/franka_dual_arm/config/initial_positions.yaml
[0.227s] -- Installing: /workspace/rl_for_curobo/projects_root/ros/workspaces/moveit_cfgs_ws/install/franka_dual_arm/share/franka_dual_arm/config/franka_dual_arm.srdf
[0.227s] -- Installing: /workspace/rl_for_curobo/projects_root/ros/workspaces/moveit_cfgs_ws/install/franka_dual_arm/share/franka_dual_arm/config/franka_dual_arm.ros2_control.xacro
[0.227s] -- Installing: /workspace/rl_for_curobo/projects_root/ros/workspaces/moveit_cfgs_ws/install/franka_dual_arm/share/franka_dual_arm/config/moveit.rviz
[0.227s] -- Installing: /workspace/rl_for_curobo/projects_root/ros/workspaces/moveit_cfgs_ws/install/franka_dual_arm/share/franka_dual_arm/config/pilz_cartesian_limits.yaml
[0.227s] -- Installing: /workspace/rl_for_curobo/projects_root/ros/workspaces/moveit_cfgs_ws/install/franka_dual_arm/share/franka_dual_arm/config/joint_limits.yaml
[0.228s] -- Installing: /workspace/rl_for_curobo/projects_root/ros/workspaces/moveit_cfgs_ws/install/franka_dual_arm/share/franka_dual_arm/config/ros2_controllers.yaml
[0.228s] -- Installing: /workspace/rl_for_curobo/projects_root/ros/workspaces/moveit_cfgs_ws/install/franka_dual_arm/share/franka_dual_arm/config/franka_dual_arm.urdf.xacro
[0.228s] -- Installing: /workspace/rl_for_curobo/projects_root/ros/workspaces/moveit_cfgs_ws/install/franka_dual_arm/share/franka_dual_arm/.setup_assistant
[0.229s] Invoked command in '/workspace/rl_for_curobo/projects_root/ros/workspaces/moveit_cfgs_ws/build/franka_dual_arm' returned '0': CMAKE_PREFIX_PATH=${CMAKE_PREFIX_PATH}:/workspace/ws_moveit2/install/moveit_configs_utils:/workspace/ws_moveit2/install/launch_param_builder:/opt/ros/humble /usr/local/bin/cmake --install /workspace/rl_for_curobo/projects_root/ros/workspaces/moveit_cfgs_ws/build/franka_dual_arm
