-- Install configuration: ""
-- Up-to-date: /workspace/rl_for_curobo/projects_root/ros/workspaces/moveit_cfgs_ws/install/franka_panda_moveit_cfg_2/share/ament_index/resource_index/package_run_dependencies/franka_panda_moveit_cfg_2
-- Up-to-date: /workspace/rl_for_curobo/projects_root/ros/workspaces/moveit_cfgs_ws/install/franka_panda_moveit_cfg_2/share/ament_index/resource_index/parent_prefix_path/franka_panda_moveit_cfg_2
-- Up-to-date: /workspace/rl_for_curobo/projects_root/ros/workspaces/moveit_cfgs_ws/install/franka_panda_moveit_cfg_2/share/franka_panda_moveit_cfg_2/environment/ament_prefix_path.sh
-- Up-to-date: /workspace/rl_for_curobo/projects_root/ros/workspaces/moveit_cfgs_ws/install/franka_panda_moveit_cfg_2/share/franka_panda_moveit_cfg_2/environment/ament_prefix_path.dsv
-- Up-to-date: /workspace/rl_for_curobo/projects_root/ros/workspaces/moveit_cfgs_ws/install/franka_panda_moveit_cfg_2/share/franka_panda_moveit_cfg_2/environment/path.sh
-- Up-to-date: /workspace/rl_for_curobo/projects_root/ros/workspaces/moveit_cfgs_ws/install/franka_panda_moveit_cfg_2/share/franka_panda_moveit_cfg_2/environment/path.dsv
-- Up-to-date: /workspace/rl_for_curobo/projects_root/ros/workspaces/moveit_cfgs_ws/install/franka_panda_moveit_cfg_2/share/franka_panda_moveit_cfg_2/local_setup.bash
-- Up-to-date: /workspace/rl_for_curobo/projects_root/ros/workspaces/moveit_cfgs_ws/install/franka_panda_moveit_cfg_2/share/franka_panda_moveit_cfg_2/local_setup.sh
-- Up-to-date: /workspace/rl_for_curobo/projects_root/ros/workspaces/moveit_cfgs_ws/install/franka_panda_moveit_cfg_2/share/franka_panda_moveit_cfg_2/local_setup.zsh
-- Up-to-date: /workspace/rl_for_curobo/projects_root/ros/workspaces/moveit_cfgs_ws/install/franka_panda_moveit_cfg_2/share/franka_panda_moveit_cfg_2/local_setup.dsv
-- Up-to-date: /workspace/rl_for_curobo/projects_root/ros/workspaces/moveit_cfgs_ws/install/franka_panda_moveit_cfg_2/share/franka_panda_moveit_cfg_2/package.dsv
-- Up-to-date: /workspace/rl_for_curobo/projects_root/ros/workspaces/moveit_cfgs_ws/install/franka_panda_moveit_cfg_2/share/ament_index/resource_index/packages/franka_panda_moveit_cfg_2
-- Up-to-date: /workspace/rl_for_curobo/projects_root/ros/workspaces/moveit_cfgs_ws/install/franka_panda_moveit_cfg_2/share/franka_panda_moveit_cfg_2/cmake/franka_panda_moveit_cfg_2Config.cmake
-- Up-to-date: /workspace/rl_for_curobo/projects_root/ros/workspaces/moveit_cfgs_ws/install/franka_panda_moveit_cfg_2/share/franka_panda_moveit_cfg_2/cmake/franka_panda_moveit_cfg_2Config-version.cmake
-- Up-to-date: /workspace/rl_for_curobo/projects_root/ros/workspaces/moveit_cfgs_ws/install/franka_panda_moveit_cfg_2/share/franka_panda_moveit_cfg_2/package.xml
-- Up-to-date: /workspace/rl_for_curobo/projects_root/ros/workspaces/moveit_cfgs_ws/install/franka_panda_moveit_cfg_2/share/franka_panda_moveit_cfg_2/config
-- Up-to-date: /workspace/rl_for_curobo/projects_root/ros/workspaces/moveit_cfgs_ws/install/franka_panda_moveit_cfg_2/share/franka_panda_moveit_cfg_2/config/panda.ros2_control.xacro
-- Up-to-date: /workspace/rl_for_curobo/projects_root/ros/workspaces/moveit_cfgs_ws/install/franka_panda_moveit_cfg_2/share/franka_panda_moveit_cfg_2/config/panda.urdf.xacro
-- Up-to-date: /workspace/rl_for_curobo/projects_root/ros/workspaces/moveit_cfgs_ws/install/franka_panda_moveit_cfg_2/share/franka_panda_moveit_cfg_2/config/kinematics.yaml
-- Up-to-date: /workspace/rl_for_curobo/projects_root/ros/workspaces/moveit_cfgs_ws/install/franka_panda_moveit_cfg_2/share/franka_panda_moveit_cfg_2/config/initial_positions.yaml
-- Up-to-date: /workspace/rl_for_curobo/projects_root/ros/workspaces/moveit_cfgs_ws/install/franka_panda_moveit_cfg_2/share/franka_panda_moveit_cfg_2/config/pilz_cartesian_limits.yaml
-- Up-to-date: /workspace/rl_for_curobo/projects_root/ros/workspaces/moveit_cfgs_ws/install/franka_panda_moveit_cfg_2/share/franka_panda_moveit_cfg_2/config/panda.srdf
-- Up-to-date: /workspace/rl_for_curobo/projects_root/ros/workspaces/moveit_cfgs_ws/install/franka_panda_moveit_cfg_2/share/franka_panda_moveit_cfg_2/config/joint_limits.yaml
-- Up-to-date: /workspace/rl_for_curobo/projects_root/ros/workspaces/moveit_cfgs_ws/install/franka_panda_moveit_cfg_2/share/franka_panda_moveit_cfg_2/.setup_assistant
