[0.010s] Invoking command in '/workspace/rl_for_curobo/projects_root/ros/workspaces/moveit2_setup_assistant_inputs_ws/build/custom_franka_description': /usr/local/bin/cmake /workspace/rl_for_curobo/projects_root/ros/workspaces/moveit2_setup_assistant_inputs_ws/src/custom_franka_description -DCMAKE_INSTALL_PREFIX=/workspace/rl_for_curobo/projects_root/ros/workspaces/moveit2_setup_assistant_inputs_ws/install/custom_franka_description
[0.086s] -- The C compiler identification is GNU 11.4.0
[0.145s] -- The CXX compiler identification is GNU 11.4.0
[0.181s] -- Detecting C compiler ABI info
[0.352s] -- Detecting C compiler ABI info - done
[0.367s] -- Check for working C compiler: /usr/bin/cc - skipped
[0.367s] -- Detecting C compile features
[0.367s] -- Detecting C compile features - done
[0.380s] -- Detecting CXX compiler ABI info
[0.516s] -- Detecting CXX compiler ABI info - done
[0.522s] -- Check for working CXX compiler: /usr/bin/c++ - skipped
[0.522s] -- Detecting CXX compile features
[0.523s] -- Detecting CXX compile features - done
[0.524s] -- Found ament_cmake: 1.3.11 (/opt/ros/humble/share/ament_cmake/cmake)
[0.626s] -- Found Python3: /usr/bin/python3 (found version "3.10.12") found components: Interpreter 
[0.692s] -- Found urdf: 2.6.1 (/opt/ros/humble/share/urdf/cmake)
[0.775s] -- Configuring done (0.8s)
[0.776s] -- Generating done (0.0s)
[0.777s] -- Build files have been written to: /workspace/rl_for_curobo/projects_root/ros/workspaces/moveit2_setup_assistant_inputs_ws/build/custom_franka_description
[0.781s] Invoked command in '/workspace/rl_for_curobo/projects_root/ros/workspaces/moveit2_setup_assistant_inputs_ws/build/custom_franka_description' returned '0': /usr/local/bin/cmake /workspace/rl_for_curobo/projects_root/ros/workspaces/moveit2_setup_assistant_inputs_ws/src/custom_franka_description -DCMAKE_INSTALL_PREFIX=/workspace/rl_for_curobo/projects_root/ros/workspaces/moveit2_setup_assistant_inputs_ws/install/custom_franka_description
[0.782s] Invoking command in '/workspace/rl_for_curobo/projects_root/ros/workspaces/moveit2_setup_assistant_inputs_ws/build/custom_franka_description': /usr/local/bin/cmake --build /workspace/rl_for_curobo/projects_root/ros/workspaces/moveit2_setup_assistant_inputs_ws/build/custom_franka_description -- -j16 -l16
[0.808s] Invoked command in '/workspace/rl_for_curobo/projects_root/ros/workspaces/moveit2_setup_assistant_inputs_ws/build/custom_franka_description' returned '0': /usr/local/bin/cmake --build /workspace/rl_for_curobo/projects_root/ros/workspaces/moveit2_setup_assistant_inputs_ws/build/custom_franka_description -- -j16 -l16
[0.821s] Invoking command in '/workspace/rl_for_curobo/projects_root/ros/workspaces/moveit2_setup_assistant_inputs_ws/build/custom_franka_description': /usr/local/bin/cmake --install /workspace/rl_for_curobo/projects_root/ros/workspaces/moveit2_setup_assistant_inputs_ws/build/custom_franka_description
[0.831s] -- Install configuration: ""
[0.831s] -- Installing: /workspace/rl_for_curobo/projects_root/ros/workspaces/moveit2_setup_assistant_inputs_ws/install/custom_franka_description/share/custom_franka_description/meshes
[0.831s] -- Installing: /workspace/rl_for_curobo/projects_root/ros/workspaces/moveit2_setup_assistant_inputs_ws/install/custom_franka_description/share/custom_franka_description/meshes/collision
[0.832s] -- Installing: /workspace/rl_for_curobo/projects_root/ros/workspaces/moveit2_setup_assistant_inputs_ws/install/custom_franka_description/share/custom_franka_description/meshes/collision/finger.stl
[0.832s] -- Installing: /workspace/rl_for_curobo/projects_root/ros/workspaces/moveit2_setup_assistant_inputs_ws/install/custom_franka_description/share/custom_franka_description/meshes/collision/link3.stl
[0.832s] -- Installing: /workspace/rl_for_curobo/projects_root/ros/workspaces/moveit2_setup_assistant_inputs_ws/install/custom_franka_description/share/custom_franka_description/meshes/collision/link6.obj
[0.832s] -- Installing: /workspace/rl_for_curobo/projects_root/ros/workspaces/moveit2_setup_assistant_inputs_ws/install/custom_franka_description/share/custom_franka_description/meshes/collision/hand.obj
[0.832s] -- Installing: /workspace/rl_for_curobo/projects_root/ros/workspaces/moveit2_setup_assistant_inputs_ws/install/custom_franka_description/share/custom_franka_description/meshes/collision/link4.stl
[0.832s] -- Installing: /workspace/rl_for_curobo/projects_root/ros/workspaces/moveit2_setup_assistant_inputs_ws/install/custom_franka_description/share/custom_franka_description/meshes/collision/hand.stl
[0.832s] -- Installing: /workspace/rl_for_curobo/projects_root/ros/workspaces/moveit2_setup_assistant_inputs_ws/install/custom_franka_description/share/custom_franka_description/meshes/collision/hand_gripper.obj
[0.832s] -- Installing: /workspace/rl_for_curobo/projects_root/ros/workspaces/moveit2_setup_assistant_inputs_ws/install/custom_franka_description/share/custom_franka_description/meshes/collision/hand_flipped.obj
[0.832s] -- Installing: /workspace/rl_for_curobo/projects_root/ros/workspaces/moveit2_setup_assistant_inputs_ws/install/custom_franka_description/share/custom_franka_description/meshes/collision/link5.stl
[0.833s] -- Installing: /workspace/rl_for_curobo/projects_root/ros/workspaces/moveit2_setup_assistant_inputs_ws/install/custom_franka_description/share/custom_franka_description/meshes/collision/link7.stl
[0.833s] -- Installing: /workspace/rl_for_curobo/projects_root/ros/workspaces/moveit2_setup_assistant_inputs_ws/install/custom_franka_description/share/custom_franka_description/meshes/collision/hand_gripper.stl
[0.833s] -- Installing: /workspace/rl_for_curobo/projects_root/ros/workspaces/moveit2_setup_assistant_inputs_ws/install/custom_franka_description/share/custom_franka_description/meshes/collision/link6.stl
[0.833s] -- Installing: /workspace/rl_for_curobo/projects_root/ros/workspaces/moveit2_setup_assistant_inputs_ws/install/custom_franka_description/share/custom_franka_description/meshes/collision/link5.obj
[0.833s] -- Installing: /workspace/rl_for_curobo/projects_root/ros/workspaces/moveit2_setup_assistant_inputs_ws/install/custom_franka_description/share/custom_franka_description/meshes/collision/link4.obj
[0.833s] -- Installing: /workspace/rl_for_curobo/projects_root/ros/workspaces/moveit2_setup_assistant_inputs_ws/install/custom_franka_description/share/custom_franka_description/meshes/collision/link7.obj
[0.833s] -- Installing: /workspace/rl_for_curobo/projects_root/ros/workspaces/moveit2_setup_assistant_inputs_ws/install/custom_franka_description/share/custom_franka_description/meshes/collision/hand_gripper_flipped.obj
[0.833s] -- Installing: /workspace/rl_for_curobo/projects_root/ros/workspaces/moveit2_setup_assistant_inputs_ws/install/custom_franka_description/share/custom_franka_description/meshes/collision/finger.obj
[0.834s] -- Installing: /workspace/rl_for_curobo/projects_root/ros/workspaces/moveit2_setup_assistant_inputs_ws/install/custom_franka_description/share/custom_franka_description/meshes/collision/link0.stl
[0.834s] -- Installing: /workspace/rl_for_curobo/projects_root/ros/workspaces/moveit2_setup_assistant_inputs_ws/install/custom_franka_description/share/custom_franka_description/meshes/collision/link2.obj
[0.834s] -- Installing: /workspace/rl_for_curobo/projects_root/ros/workspaces/moveit2_setup_assistant_inputs_ws/install/custom_franka_description/share/custom_franka_description/meshes/collision/link1.stl
[0.834s] -- Installing: /workspace/rl_for_curobo/projects_root/ros/workspaces/moveit2_setup_assistant_inputs_ws/install/custom_franka_description/share/custom_franka_description/meshes/collision/link3.obj
[0.834s] -- Installing: /workspace/rl_for_curobo/projects_root/ros/workspaces/moveit2_setup_assistant_inputs_ws/install/custom_franka_description/share/custom_franka_description/meshes/collision/link1.obj
[0.834s] -- Installing: /workspace/rl_for_curobo/projects_root/ros/workspaces/moveit2_setup_assistant_inputs_ws/install/custom_franka_description/share/custom_franka_description/meshes/collision/link0.obj
[0.834s] -- Installing: /workspace/rl_for_curobo/projects_root/ros/workspaces/moveit2_setup_assistant_inputs_ws/install/custom_franka_description/share/custom_franka_description/meshes/collision/link2.stl
[0.834s] -- Installing: /workspace/rl_for_curobo/projects_root/ros/workspaces/moveit2_setup_assistant_inputs_ws/install/custom_franka_description/share/custom_franka_description/meshes/visual
[0.834s] -- Installing: /workspace/rl_for_curobo/projects_root/ros/workspaces/moveit2_setup_assistant_inputs_ws/install/custom_franka_description/share/custom_franka_description/meshes/visual/link5.obj.mtl
[0.834s] -- Installing: /workspace/rl_for_curobo/projects_root/ros/workspaces/moveit2_setup_assistant_inputs_ws/install/custom_franka_description/share/custom_franka_description/meshes/visual/graspnet_panda_mesh.obj
[0.834s] -- Installing: /workspace/rl_for_curobo/projects_root/ros/workspaces/moveit2_setup_assistant_inputs_ws/install/custom_franka_description/share/custom_franka_description/meshes/visual/link6.obj
[0.835s] -- Installing: /workspace/rl_for_curobo/projects_root/ros/workspaces/moveit2_setup_assistant_inputs_ws/install/custom_franka_description/share/custom_franka_description/meshes/visual/link0.mtl
[0.835s] -- Installing: /workspace/rl_for_curobo/projects_root/ros/workspaces/moveit2_setup_assistant_inputs_ws/install/custom_franka_description/share/custom_franka_description/meshes/visual/hand.obj
[0.836s] -- Installing: /workspace/rl_for_curobo/projects_root/ros/workspaces/moveit2_setup_assistant_inputs_ws/install/custom_franka_description/share/custom_franka_description/meshes/visual/link6.dae
[0.837s] -- Installing: /workspace/rl_for_curobo/projects_root/ros/workspaces/moveit2_setup_assistant_inputs_ws/install/custom_franka_description/share/custom_franka_description/meshes/visual/hand_gripper.obj
[0.837s] -- Installing: /workspace/rl_for_curobo/projects_root/ros/workspaces/moveit2_setup_assistant_inputs_ws/install/custom_franka_description/share/custom_franka_description/meshes/visual/link4.dae
[0.838s] -- Installing: /workspace/rl_for_curobo/projects_root/ros/workspaces/moveit2_setup_assistant_inputs_ws/install/custom_franka_description/share/custom_franka_description/meshes/visual/link7.dae
[0.838s] -- Installing: /workspace/rl_for_curobo/projects_root/ros/workspaces/moveit2_setup_assistant_inputs_ws/install/custom_franka_description/share/custom_franka_description/meshes/visual/link2.mtl
[0.838s] -- Installing: /workspace/rl_for_curobo/projects_root/ros/workspaces/moveit2_setup_assistant_inputs_ws/install/custom_franka_description/share/custom_franka_description/meshes/visual/link1.dae
[0.839s] -- Installing: /workspace/rl_for_curobo/projects_root/ros/workspaces/moveit2_setup_assistant_inputs_ws/install/custom_franka_description/share/custom_franka_description/meshes/visual/link0.obj.mtl
[0.839s] -- Installing: /workspace/rl_for_curobo/projects_root/ros/workspaces/moveit2_setup_assistant_inputs_ws/install/custom_franka_description/share/custom_franka_description/meshes/visual/hand.dae
[0.839s] -- Installing: /workspace/rl_for_curobo/projects_root/ros/workspaces/moveit2_setup_assistant_inputs_ws/install/custom_franka_description/share/custom_franka_description/meshes/visual/link5.mtl
[0.839s] -- Installing: /workspace/rl_for_curobo/projects_root/ros/workspaces/moveit2_setup_assistant_inputs_ws/install/custom_franka_description/share/custom_franka_description/meshes/visual/link7.obj.mtl
[0.839s] -- Installing: /workspace/rl_for_curobo/projects_root/ros/workspaces/moveit2_setup_assistant_inputs_ws/install/custom_franka_description/share/custom_franka_description/meshes/visual/link2.dae
[0.839s] -- Installing: /workspace/rl_for_curobo/projects_root/ros/workspaces/moveit2_setup_assistant_inputs_ws/install/custom_franka_description/share/custom_franka_description/meshes/visual/link6.mtl
[0.840s] -- Installing: /workspace/rl_for_curobo/projects_root/ros/workspaces/moveit2_setup_assistant_inputs_ws/install/custom_franka_description/share/custom_franka_description/meshes/visual/hand_gripper.stl
[0.840s] -- Installing: /workspace/rl_for_curobo/projects_root/ros/workspaces/moveit2_setup_assistant_inputs_ws/install/custom_franka_description/share/custom_franka_description/meshes/visual/link7.mtl
[0.840s] -- Installing: /workspace/rl_for_curobo/projects_root/ros/workspaces/moveit2_setup_assistant_inputs_ws/install/custom_franka_description/share/custom_franka_description/meshes/visual/link0.dae
[0.840s] -- Installing: /workspace/rl_for_curobo/projects_root/ros/workspaces/moveit2_setup_assistant_inputs_ws/install/custom_franka_description/share/custom_franka_description/meshes/visual/link6.obj.mtl
[0.840s] -- Installing: /workspace/rl_for_curobo/projects_root/ros/workspaces/moveit2_setup_assistant_inputs_ws/install/custom_franka_description/share/custom_franka_description/meshes/visual/link1.obj.mtl
[0.841s] -- Installing: /workspace/rl_for_curobo/projects_root/ros/workspaces/moveit2_setup_assistant_inputs_ws/install/custom_franka_description/share/custom_franka_description/meshes/visual/finger.mtl
[0.841s] -- Installing: /workspace/rl_for_curobo/projects_root/ros/workspaces/moveit2_setup_assistant_inputs_ws/install/custom_franka_description/share/custom_franka_description/meshes/visual/link4.obj.mtl
[0.841s] -- Installing: /workspace/rl_for_curobo/projects_root/ros/workspaces/moveit2_setup_assistant_inputs_ws/install/custom_franka_description/share/custom_franka_description/meshes/visual/link5.obj
[0.841s] -- Installing: /workspace/rl_for_curobo/projects_root/ros/workspaces/moveit2_setup_assistant_inputs_ws/install/custom_franka_description/share/custom_franka_description/meshes/visual/link4.obj
[0.842s] -- Installing: /workspace/rl_for_curobo/projects_root/ros/workspaces/moveit2_setup_assistant_inputs_ws/install/custom_franka_description/share/custom_franka_description/meshes/visual/link4.mtl
[0.842s] -- Installing: /workspace/rl_for_curobo/projects_root/ros/workspaces/moveit2_setup_assistant_inputs_ws/install/custom_franka_description/share/custom_franka_description/meshes/visual/hand.mtl
[0.842s] -- Installing: /workspace/rl_for_curobo/projects_root/ros/workspaces/moveit2_setup_assistant_inputs_ws/install/custom_franka_description/share/custom_franka_description/meshes/visual/link7.obj
[0.842s] -- Installing: /workspace/rl_for_curobo/projects_root/ros/workspaces/moveit2_setup_assistant_inputs_ws/install/custom_franka_description/share/custom_franka_description/meshes/visual/finger.obj
[0.842s] -- Installing: /workspace/rl_for_curobo/projects_root/ros/workspaces/moveit2_setup_assistant_inputs_ws/install/custom_franka_description/share/custom_franka_description/meshes/visual/link2.obj.mtl
[0.842s] -- Installing: /workspace/rl_for_curobo/projects_root/ros/workspaces/moveit2_setup_assistant_inputs_ws/install/custom_franka_description/share/custom_franka_description/meshes/visual/hand_ee_link.dae
[0.843s] -- Installing: /workspace/rl_for_curobo/projects_root/ros/workspaces/moveit2_setup_assistant_inputs_ws/install/custom_franka_description/share/custom_franka_description/meshes/visual/link3.mtl
[0.843s] -- Installing: /workspace/rl_for_curobo/projects_root/ros/workspaces/moveit2_setup_assistant_inputs_ws/install/custom_franka_description/share/custom_franka_description/meshes/visual/link3.dae
[0.843s] -- Installing: /workspace/rl_for_curobo/projects_root/ros/workspaces/moveit2_setup_assistant_inputs_ws/install/custom_franka_description/share/custom_franka_description/meshes/visual/link2.obj
[0.844s] -- Installing: /workspace/rl_for_curobo/projects_root/ros/workspaces/moveit2_setup_assistant_inputs_ws/install/custom_franka_description/share/custom_franka_description/meshes/visual/finger.dae
[0.844s] -- Installing: /workspace/rl_for_curobo/projects_root/ros/workspaces/moveit2_setup_assistant_inputs_ws/install/custom_franka_description/share/custom_franka_description/meshes/visual/link3.obj.mtl
[0.844s] -- Installing: /workspace/rl_for_curobo/projects_root/ros/workspaces/moveit2_setup_assistant_inputs_ws/install/custom_franka_description/share/custom_franka_description/meshes/visual/train_gripper.obj
[0.844s] -- Installing: /workspace/rl_for_curobo/projects_root/ros/workspaces/moveit2_setup_assistant_inputs_ws/install/custom_franka_description/share/custom_franka_description/meshes/visual/link3.obj
[0.844s] -- Installing: /workspace/rl_for_curobo/projects_root/ros/workspaces/moveit2_setup_assistant_inputs_ws/install/custom_franka_description/share/custom_franka_description/meshes/visual/link1.mtl
[0.844s] -- Installing: /workspace/rl_for_curobo/projects_root/ros/workspaces/moveit2_setup_assistant_inputs_ws/install/custom_franka_description/share/custom_franka_description/meshes/visual/link1.obj
[0.845s] -- Installing: /workspace/rl_for_curobo/projects_root/ros/workspaces/moveit2_setup_assistant_inputs_ws/install/custom_franka_description/share/custom_franka_description/meshes/visual/link5.dae
[0.845s] -- Installing: /workspace/rl_for_curobo/projects_root/ros/workspaces/moveit2_setup_assistant_inputs_ws/install/custom_franka_description/share/custom_franka_description/meshes/visual/link0.obj
[0.846s] -- Installing: /workspace/rl_for_curobo/projects_root/ros/workspaces/moveit2_setup_assistant_inputs_ws/install/custom_franka_description/share/custom_franka_description/urdf
[0.846s] -- Installing: /workspace/rl_for_curobo/projects_root/ros/workspaces/moveit2_setup_assistant_inputs_ws/install/custom_franka_description/share/custom_franka_description/urdf/franka_test.urdf
[0.846s] -- Installing: /workspace/rl_for_curobo/projects_root/ros/workspaces/moveit2_setup_assistant_inputs_ws/install/custom_franka_description/share/custom_franka_description/urdf/franka_panda_mobile.urdf
[0.846s] -- Installing: /workspace/rl_for_curobo/projects_root/ros/workspaces/moveit2_setup_assistant_inputs_ws/install/custom_franka_description/share/custom_franka_description/urdf/franka_panda_mobile_base.urdf
[0.846s] -- Installing: /workspace/rl_for_curobo/projects_root/ros/workspaces/moveit2_setup_assistant_inputs_ws/install/custom_franka_description/share/custom_franka_description/urdf/franka_panda_mobile_xy_tz.urdf
[0.846s] -- Installing: /workspace/rl_for_curobo/projects_root/ros/workspaces/moveit2_setup_assistant_inputs_ws/install/custom_franka_description/share/custom_franka_description/urdf/panda_grasp_gripper.urdf
[0.846s] -- Installing: /workspace/rl_for_curobo/projects_root/ros/workspaces/moveit2_setup_assistant_inputs_ws/install/custom_franka_description/share/custom_franka_description/urdf/franka_panda_no_gripper.urdf
[0.846s] -- Installing: /workspace/rl_for_curobo/projects_root/ros/workspaces/moveit2_setup_assistant_inputs_ws/install/custom_franka_description/share/custom_franka_description/urdf/franka_panda_mobile_x.urdf
[0.846s] -- Installing: /workspace/rl_for_curobo/projects_root/ros/workspaces/moveit2_setup_assistant_inputs_ws/install/custom_franka_description/share/custom_franka_description/urdf/franka_panda.urdf
[0.846s] -- Installing: /workspace/rl_for_curobo/projects_root/ros/workspaces/moveit2_setup_assistant_inputs_ws/install/custom_franka_description/share/custom_franka_description/urdf/franka_panda_mobile_xy.urdf
[0.846s] -- Installing: /workspace/rl_for_curobo/projects_root/ros/workspaces/moveit2_setup_assistant_inputs_ws/install/custom_franka_description/share/custom_franka_description/urdf/franka_panda_temp.usd
[0.846s] -- Installing: /workspace/rl_for_curobo/projects_root/ros/workspaces/moveit2_setup_assistant_inputs_ws/install/custom_franka_description/share/custom_franka_description/urdf/panda.urdf
[0.847s] -- Installing: /workspace/rl_for_curobo/projects_root/ros/workspaces/moveit2_setup_assistant_inputs_ws/install/custom_franka_description/share/custom_franka_description/urdf/panda_gripper.urdf
[0.847s] -- Installing: /workspace/rl_for_curobo/projects_root/ros/workspaces/moveit2_setup_assistant_inputs_ws/install/custom_franka_description/share/custom_franka_description/urdf/moving_gripper.urdf
[0.847s] -- Installing: /workspace/rl_for_curobo/projects_root/ros/workspaces/moveit2_setup_assistant_inputs_ws/install/custom_franka_description/share/ament_index/resource_index/package_run_dependencies/custom_franka_description
[0.847s] -- Installing: /workspace/rl_for_curobo/projects_root/ros/workspaces/moveit2_setup_assistant_inputs_ws/install/custom_franka_description/share/ament_index/resource_index/parent_prefix_path/custom_franka_description
[0.847s] -- Installing: /workspace/rl_for_curobo/projects_root/ros/workspaces/moveit2_setup_assistant_inputs_ws/install/custom_franka_description/share/custom_franka_description/environment/ament_prefix_path.sh
[0.847s] -- Installing: /workspace/rl_for_curobo/projects_root/ros/workspaces/moveit2_setup_assistant_inputs_ws/install/custom_franka_description/share/custom_franka_description/environment/ament_prefix_path.dsv
[0.847s] -- Installing: /workspace/rl_for_curobo/projects_root/ros/workspaces/moveit2_setup_assistant_inputs_ws/install/custom_franka_description/share/custom_franka_description/environment/path.sh
[0.847s] -- Installing: /workspace/rl_for_curobo/projects_root/ros/workspaces/moveit2_setup_assistant_inputs_ws/install/custom_franka_description/share/custom_franka_description/environment/path.dsv
[0.847s] -- Installing: /workspace/rl_for_curobo/projects_root/ros/workspaces/moveit2_setup_assistant_inputs_ws/install/custom_franka_description/share/custom_franka_description/local_setup.bash
[0.847s] -- Installing: /workspace/rl_for_curobo/projects_root/ros/workspaces/moveit2_setup_assistant_inputs_ws/install/custom_franka_description/share/custom_franka_description/local_setup.sh
[0.847s] -- Installing: /workspace/rl_for_curobo/projects_root/ros/workspaces/moveit2_setup_assistant_inputs_ws/install/custom_franka_description/share/custom_franka_description/local_setup.zsh
[0.847s] -- Installing: /workspace/rl_for_curobo/projects_root/ros/workspaces/moveit2_setup_assistant_inputs_ws/install/custom_franka_description/share/custom_franka_description/local_setup.dsv
[0.847s] -- Installing: /workspace/rl_for_curobo/projects_root/ros/workspaces/moveit2_setup_assistant_inputs_ws/install/custom_franka_description/share/custom_franka_description/package.dsv
[0.847s] -- Installing: /workspace/rl_for_curobo/projects_root/ros/workspaces/moveit2_setup_assistant_inputs_ws/install/custom_franka_description/share/ament_index/resource_index/packages/custom_franka_description
[0.847s] -- Installing: /workspace/rl_for_curobo/projects_root/ros/workspaces/moveit2_setup_assistant_inputs_ws/install/custom_franka_description/share/custom_franka_description/cmake/custom_franka_descriptionConfig.cmake
[0.847s] -- Installing: /workspace/rl_for_curobo/projects_root/ros/workspaces/moveit2_setup_assistant_inputs_ws/install/custom_franka_description/share/custom_franka_description/cmake/custom_franka_descriptionConfig-version.cmake
[0.847s] -- Installing: /workspace/rl_for_curobo/projects_root/ros/workspaces/moveit2_setup_assistant_inputs_ws/install/custom_franka_description/share/custom_franka_description/package.xml
[0.849s] Invoked command in '/workspace/rl_for_curobo/projects_root/ros/workspaces/moveit2_setup_assistant_inputs_ws/build/custom_franka_description' returned '0': /usr/local/bin/cmake --install /workspace/rl_for_curobo/projects_root/ros/workspaces/moveit2_setup_assistant_inputs_ws/build/custom_franka_description
