[0mCMake Error: Could not find cmake module file: CMakeDetermineputCompiler.cmake[0m
[0mCMake Error: Error required internal CMake variable not set, cmake may not be built correctly.
Missing variable is:
CMAKE_put_COMPILER_ENV_VAR[0m
[0mCMake Error: Error required internal CMake variable not set, cmake may not be built correctly.
Missing variable is:
CMAKE_put_COMPILER[0m
[0mCMake Error: Could not find cmake module file: /workspace/rl_for_curobo/projects_root/ros/workspaces/moveit2_setup_assistant_inputs_ws/build/empty_robot_description_pkg_template/CMakeFiles/3.27.1/CMakeputCompiler.cmake[0m
[0mCMake Error: Could not find cmake module file: CMakeDeterminehereCompiler.cmake[0m
[0mCMake Error: Error required internal CMake variable not set, cmake may not be built correctly.
Missing variable is:
CMAKE_here_COMPILER_ENV_VAR[0m
[0mCMake Error: Error required internal CMake variable not set, cmake may not be built correctly.
Missing variable is:
CMAKE_here_COMPILER[0m
[0mCMake Error: Could not find cmake module file: /workspace/rl_for_curobo/projects_root/ros/workspaces/moveit2_setup_assistant_inputs_ws/build/empty_robot_description_pkg_template/CMakeFiles/3.27.1/CMakehereCompiler.cmake[0m
[0mCMake Error: Could not find cmake module file: CMakeDeterminetheCompiler.cmake[0m
[0mCMake Error: Error required internal CMake variable not set, cmake may not be built correctly.
Missing variable is:
CMAKE_the_COMPILER_ENV_VAR[0m
[0mCMake Error: Error required internal CMake variable not set, cmake may not be built correctly.
Missing variable is:
CMAKE_the_COMPILER[0m
[0mCMake Error: Could not find cmake module file: /workspace/rl_for_curobo/projects_root/ros/workspaces/moveit2_setup_assistant_inputs_ws/build/empty_robot_description_pkg_template/CMakeFiles/3.27.1/CMaketheCompiler.cmake[0m
[0mCMake Error: Could not find cmake module file: CMakeDeterminenameCompiler.cmake[0m
[0mCMake Error: Error required internal CMake variable not set, cmake may not be built correctly.
Missing variable is:
CMAKE_name_COMPILER_ENV_VAR[0m
[0mCMake Error: Error required internal CMake variable not set, cmake may not be built correctly.
Missing variable is:
CMAKE_name_COMPILER[0m
[0mCMake Error: Could not find cmake module file: /workspace/rl_for_curobo/projects_root/ros/workspaces/moveit2_setup_assistant_inputs_ws/build/empty_robot_description_pkg_template/CMakeFiles/3.27.1/CMakenameCompiler.cmake[0m
[0mCMake Error: Could not find cmake module file: CMakeDetermineofCompiler.cmake[0m
[0mCMake Error: Error required internal CMake variable not set, cmake may not be built correctly.
Missing variable is:
CMAKE_of_COMPILER_ENV_VAR[0m
[0mCMake Error: Error required internal CMake variable not set, cmake may not be built correctly.
Missing variable is:
CMAKE_of_COMPILER[0m
[0mCMake Error: Could not find cmake module file: /workspace/rl_for_curobo/projects_root/ros/workspaces/moveit2_setup_assistant_inputs_ws/build/empty_robot_description_pkg_template/CMakeFiles/3.27.1/CMakeofCompiler.cmake[0m
[0mCMake Error: Could not find cmake module file: CMakeDetermineyourCompiler.cmake[0m
[0mCMake Error: Error required internal CMake variable not set, cmake may not be built correctly.
Missing variable is:
CMAKE_your_COMPILER_ENV_VAR[0m
[0mCMake Error: Error required internal CMake variable not set, cmake may not be built correctly.
Missing variable is:
CMAKE_your_COMPILER[0m
[0mCMake Error: Could not find cmake module file: /workspace/rl_for_curobo/projects_root/ros/workspaces/moveit2_setup_assistant_inputs_ws/build/empty_robot_description_pkg_template/CMakeFiles/3.27.1/CMakeyourCompiler.cmake[0m
[0mCMake Error: Could not find cmake module file: CMakeDeterminepackageCompiler.cmake[0m
[0mCMake Error: Error required internal CMake variable not set, cmake may not be built correctly.
Missing variable is:
CMAKE_package_COMPILER_ENV_VAR[0m
[0mCMake Error: Error required internal CMake variable not set, cmake may not be built correctly.
Missing variable is:
CMAKE_package_COMPILER[0m
[0mCMake Error: Could not find cmake module file: /workspace/rl_for_curobo/projects_root/ros/workspaces/moveit2_setup_assistant_inputs_ws/build/empty_robot_description_pkg_template/CMakeFiles/3.27.1/CMakepackageCompiler.cmake[0m
[31mCMake Error at CMakeLists.txt:4 (project):
  No CMAKE_put_COMPILER could be found.

  Tell CMake where to find the compiler by setting the CMake cache entry
  CMAKE_put_COMPILER to the full path to the compiler, or to the compiler
  name if it is in the PATH.

[0m
[0mCMake Error: Could not find cmake module file: CMakeputInformation.cmake[0m
[31mCMake Error at CMakeLists.txt:4 (project):
  No CMAKE_here_COMPILER could be found.

  Tell CMake where to find the compiler by setting the CMake cache entry
  CMAKE_here_COMPILER to the full path to the compiler, or to the compiler
  name if it is in the PATH.

[0m
[0mCMake Error: Could not find cmake module file: CMakehereInformation.cmake[0m
[31mCMake Error at CMakeLists.txt:4 (project):
  No CMAKE_the_COMPILER could be found.

  Tell CMake where to find the compiler by setting the CMake cache entry
  CMAKE_the_COMPILER to the full path to the compiler, or to the compiler
  name if it is in the PATH.

[0m
[0mCMake Error: Could not find cmake module file: CMaketheInformation.cmake[0m
[31mCMake Error at CMakeLists.txt:4 (project):
  No CMAKE_name_COMPILER could be found.

  Tell CMake where to find the compiler by setting the CMake cache entry
  CMAKE_name_COMPILER to the full path to the compiler, or to the compiler
  name if it is in the PATH.

[0m
[0mCMake Error: Could not find cmake module file: CMakenameInformation.cmake[0m
[31mCMake Error at CMakeLists.txt:4 (project):
  No CMAKE_of_COMPILER could be found.

  Tell CMake where to find the compiler by setting the CMake cache entry
  CMAKE_of_COMPILER to the full path to the compiler, or to the compiler name
  if it is in the PATH.

[0m
[0mCMake Error: Could not find cmake module file: CMakeofInformation.cmake[0m
[31mCMake Error at CMakeLists.txt:4 (project):
  No CMAKE_your_COMPILER could be found.

  Tell CMake where to find the compiler by setting the CMake cache entry
  CMAKE_your_COMPILER to the full path to the compiler, or to the compiler
  name if it is in the PATH.

[0m
[0mCMake Error: Could not find cmake module file: CMakeyourInformation.cmake[0m
[31mCMake Error at CMakeLists.txt:4 (project):
  No CMAKE_package_COMPILER could be found.

  Tell CMake where to find the compiler by setting the CMake cache entry
  CMAKE_package_COMPILER to the full path to the compiler, or to the compiler
  name if it is in the PATH.

[0m
[0mCMake Error: Could not find cmake module file: CMakepackageInformation.cmake[0m
[0mCMake Error: CMAKE_put_COMPILER not set, after EnableLanguage[0m
[0mCMake Error: CMAKE_here_COMPILER not set, after EnableLanguage[0m
[0mCMake Error: CMAKE_the_COMPILER not set, after EnableLanguage[0m
[0mCMake Error: CMAKE_name_COMPILER not set, after EnableLanguage[0m
[0mCMake Error: CMAKE_of_COMPILER not set, after EnableLanguage[0m
[0mCMake Error: CMAKE_your_COMPILER not set, after EnableLanguage[0m
[0mCMake Error: CMAKE_package_COMPILER not set, after EnableLanguage[0m
