[0.010s] Invoking command in '/workspace/rl_for_curobo/projects_root/ros/workspaces/moveit2_setup_assistant_inputs_ws/build/empty_robot_description_pkg_template': /usr/local/bin/cmake /workspace/rl_for_curobo/projects_root/ros/workspaces/moveit2_setup_assistant_inputs_ws/empty_robot_description_pkg_template -DCMAKE_INSTALL_PREFIX=/workspace/rl_for_curobo/projects_root/ros/workspaces/moveit2_setup_assistant_inputs_ws/install/empty_robot_description_pkg_template
[0.022s] [0mCMake Error: Could not find cmake module file: CMakeDetermineputCompiler.cmake[0m
[0.022s] [0mCMake Error: Error required internal CMake variable not set, cmake may not be built correctly.
[0.022s] Missing variable is:
[0.022s] CMAKE_put_COMPILER_ENV_VAR[0m
[0.022s] [0mCMake Error: Error required internal CMake variable not set, cmake may not be built correctly.
[0.022s] Missing variable is:
[0.022s] CMAKE_put_COMPILER[0m
[0.022s] [0mCMake Error: Could not find cmake module file: /workspace/rl_for_curobo/projects_root/ros/workspaces/moveit2_setup_assistant_inputs_ws/build/empty_robot_description_pkg_template/CMakeFiles/3.27.1/CMakeputCompiler.cmake[0m
[0.022s] [0mCMake Error: Could not find cmake module file: CMakeDeterminehereCompiler.cmake[0m
[0.023s] [0mCMake Error: Error required internal CMake variable not set, cmake may not be built correctly.
[0.023s] Missing variable is:
[0.023s] CMAKE_here_COMPILER_ENV_VAR[0m
[0.023s] [0mCMake Error: Error required internal CMake variable not set, cmake may not be built correctly.
[0.023s] Missing variable is:
[0.023s] CMAKE_here_COMPILER[0m
[0.023s] [0mCMake Error: Could not find cmake module file: /workspace/rl_for_curobo/projects_root/ros/workspaces/moveit2_setup_assistant_inputs_ws/build/empty_robot_description_pkg_template/CMakeFiles/3.27.1/CMakehereCompiler.cmake[0m
[0.023s] [0mCMake Error: Could not find cmake module file: CMakeDeterminetheCompiler.cmake[0m
[0.023s] [0mCMake Error: Error required internal CMake variable not set, cmake may not be built correctly.
[0.023s] Missing variable is:
[0.023s] CMAKE_the_COMPILER_ENV_VAR[0m
[0.024s] [0mCMake Error: Error required internal CMake variable not set, cmake may not be built correctly.
[0.024s] Missing variable is:
[0.024s] CMAKE_the_COMPILER[0m
[0.024s] [0mCMake Error: Could not find cmake module file: /workspace/rl_for_curobo/projects_root/ros/workspaces/moveit2_setup_assistant_inputs_ws/build/empty_robot_description_pkg_template/CMakeFiles/3.27.1/CMaketheCompiler.cmake[0m
[0.024s] [0mCMake Error: Could not find cmake module file: CMakeDeterminenameCompiler.cmake[0m
[0.024s] [0mCMake Error: Error required internal CMake variable not set, cmake may not be built correctly.
[0.024s] Missing variable is:
[0.024s] CMAKE_name_COMPILER_ENV_VAR[0m
[0.024s] [0mCMake Error: Error required internal CMake variable not set, cmake may not be built correctly.
[0.024s] Missing variable is:
[0.024s] CMAKE_name_COMPILER[0m
[0.024s] [0mCMake Error: Could not find cmake module file: /workspace/rl_for_curobo/projects_root/ros/workspaces/moveit2_setup_assistant_inputs_ws/build/empty_robot_description_pkg_template/CMakeFiles/3.27.1/CMakenameCompiler.cmake[0m
[0.024s] [0mCMake Error: Could not find cmake module file: CMakeDetermineofCompiler.cmake[0m
[0.024s] [0mCMake Error: Error required internal CMake variable not set, cmake may not be built correctly.
[0.024s] Missing variable is:
[0.024s] CMAKE_of_COMPILER_ENV_VAR[0m
[0.024s] [0mCMake Error: Error required internal CMake variable not set, cmake may not be built correctly.
[0.024s] Missing variable is:
[0.024s] CMAKE_of_COMPILER[0m
[0.024s] [0mCMake Error: Could not find cmake module file: /workspace/rl_for_curobo/projects_root/ros/workspaces/moveit2_setup_assistant_inputs_ws/build/empty_robot_description_pkg_template/CMakeFiles/3.27.1/CMakeofCompiler.cmake[0m
[0.025s] [0mCMake Error: Could not find cmake module file: CMakeDetermineyourCompiler.cmake[0m
[0.025s] [0mCMake Error: Error required internal CMake variable not set, cmake may not be built correctly.
[0.025s] Missing variable is:
[0.025s] CMAKE_your_COMPILER_ENV_VAR[0m
[0.025s] [0mCMake Error: Error required internal CMake variable not set, cmake may not be built correctly.
[0.025s] Missing variable is:
[0.025s] CMAKE_your_COMPILER[0m
[0.025s] [0mCMake Error: Could not find cmake module file: /workspace/rl_for_curobo/projects_root/ros/workspaces/moveit2_setup_assistant_inputs_ws/build/empty_robot_description_pkg_template/CMakeFiles/3.27.1/CMakeyourCompiler.cmake[0m
[0.025s] [0mCMake Error: Could not find cmake module file: CMakeDeterminepackageCompiler.cmake[0m
[0.025s] [0mCMake Error: Error required internal CMake variable not set, cmake may not be built correctly.
[0.025s] Missing variable is:
[0.025s] CMAKE_package_COMPILER_ENV_VAR[0m
[0.025s] [0mCMake Error: Error required internal CMake variable not set, cmake may not be built correctly.
[0.025s] Missing variable is:
[0.025s] CMAKE_package_COMPILER[0m
[0.025s] [0mCMake Error: Could not find cmake module file: /workspace/rl_for_curobo/projects_root/ros/workspaces/moveit2_setup_assistant_inputs_ws/build/empty_robot_description_pkg_template/CMakeFiles/3.27.1/CMakepackageCompiler.cmake[0m
[0.025s] -- Configuring incomplete, errors occurred!
[0.025s] [31mCMake Error at CMakeLists.txt:4 (project):
[0.025s]   No CMAKE_put_COMPILER could be found.
[0.025s] 
[0.025s]   Tell CMake where to find the compiler by setting the CMake cache entry
[0.025s]   CMAKE_put_COMPILER to the full path to the compiler, or to the compiler
[0.025s]   name if it is in the PATH.
[0.025s] 
[0.025s] [0m
[0.025s] [0mCMake Error: Could not find cmake module file: CMakeputInformation.cmake[0m
[0.025s] [31mCMake Error at CMakeLists.txt:4 (project):
[0.025s]   No CMAKE_here_COMPILER could be found.
[0.025s] 
[0.026s]   Tell CMake where to find the compiler by setting the CMake cache entry
[0.026s]   CMAKE_here_COMPILER to the full path to the compiler, or to the compiler
[0.026s]   name if it is in the PATH.
[0.026s] 
[0.026s] [0m
[0.026s] [0mCMake Error: Could not find cmake module file: CMakehereInformation.cmake[0m
[0.026s] [31mCMake Error at CMakeLists.txt:4 (project):
[0.026s]   No CMAKE_the_COMPILER could be found.
[0.026s] 
[0.026s]   Tell CMake where to find the compiler by setting the CMake cache entry
[0.026s]   CMAKE_the_COMPILER to the full path to the compiler, or to the compiler
[0.026s]   name if it is in the PATH.
[0.026s] 
[0.026s] [0m
[0.026s] [0mCMake Error: Could not find cmake module file: CMaketheInformation.cmake[0m
[0.026s] [31mCMake Error at CMakeLists.txt:4 (project):
[0.026s]   No CMAKE_name_COMPILER could be found.
[0.026s] 
[0.026s]   Tell CMake where to find the compiler by setting the CMake cache entry
[0.026s]   CMAKE_name_COMPILER to the full path to the compiler, or to the compiler
[0.026s]   name if it is in the PATH.
[0.026s] 
[0.026s] [0m
[0.026s] [0mCMake Error: Could not find cmake module file: CMakenameInformation.cmake[0m
[0.026s] [31mCMake Error at CMakeLists.txt:4 (project):
[0.026s]   No CMAKE_of_COMPILER could be found.
[0.026s] 
[0.026s]   Tell CMake where to find the compiler by setting the CMake cache entry
[0.026s]   CMAKE_of_COMPILER to the full path to the compiler, or to the compiler name
[0.026s]   if it is in the PATH.
[0.026s] 
[0.026s] [0m
[0.026s] [0mCMake Error: Could not find cmake module file: CMakeofInformation.cmake[0m
[0.026s] [31mCMake Error at CMakeLists.txt:4 (project):
[0.026s]   No CMAKE_your_COMPILER could be found.
[0.026s] 
[0.026s]   Tell CMake where to find the compiler by setting the CMake cache entry
[0.027s]   CMAKE_your_COMPILER to the full path to the compiler, or to the compiler
[0.027s]   name if it is in the PATH.
[0.027s] 
[0.027s] [0m
[0.027s] [0mCMake Error: Could not find cmake module file: CMakeyourInformation.cmake[0m
[0.027s] [31mCMake Error at CMakeLists.txt:4 (project):
[0.027s]   No CMAKE_package_COMPILER could be found.
[0.027s] 
[0.027s]   Tell CMake where to find the compiler by setting the CMake cache entry
[0.027s]   CMAKE_package_COMPILER to the full path to the compiler, or to the compiler
[0.027s]   name if it is in the PATH.
[0.027s] 
[0.027s] [0m
[0.027s] [0mCMake Error: Could not find cmake module file: CMakepackageInformation.cmake[0m
[0.027s] [0mCMake Error: CMAKE_put_COMPILER not set, after EnableLanguage[0m
[0.027s] [0mCMake Error: CMAKE_here_COMPILER not set, after EnableLanguage[0m
[0.027s] [0mCMake Error: CMAKE_the_COMPILER not set, after EnableLanguage[0m
[0.027s] [0mCMake Error: CMAKE_name_COMPILER not set, after EnableLanguage[0m
[0.027s] [0mCMake Error: CMAKE_of_COMPILER not set, after EnableLanguage[0m
[0.027s] [0mCMake Error: CMAKE_your_COMPILER not set, after EnableLanguage[0m
[0.027s] [0mCMake Error: CMAKE_package_COMPILER not set, after EnableLanguage[0m
[0.028s] Invoked command in '/workspace/rl_for_curobo/projects_root/ros/workspaces/moveit2_setup_assistant_inputs_ws/build/empty_robot_description_pkg_template' returned '1': /usr/local/bin/cmake /workspace/rl_for_curobo/projects_root/ros/workspaces/moveit2_setup_assistant_inputs_ws/empty_robot_description_pkg_template -DCMAKE_INSTALL_PREFIX=/workspace/rl_for_curobo/projects_root/ros/workspaces/moveit2_setup_assistant_inputs_ws/install/empty_robot_description_pkg_template
