[0.008s] Invoking command in '/workspace/rl_for_curobo/projects_root/ros/workspaces/isaac_moveit_ws/build/franka_panda': /usr/local/bin/cmake /workspace/rl_for_curobo/projects_root/ros/workspaces/isaac_moveit_ws/config/moveit/franka_panda -DCMAKE_INSTALL_PREFIX=/workspace/rl_for_curobo/projects_root/ros/workspaces/isaac_moveit_ws/install/franka_panda
[0.121s] -- Configuring incomplete, errors occurred!
[0.122s] [31mCMake Error at CMakeLists.txt:4 (find_package):
[0.122s]   By not providing "Findament_cmake.cmake" in CMAKE_MODULE_PATH this project
[0.122s]   has asked CMake to find a package configuration file provided by
[0.122s]   "ament_cmake", but CMake did not find one.
[0.122s] 
[0.122s]   Could not find a package configuration file provided by "ament_cmake" with
[0.123s]   any of the following names:
[0.123s] 
[0.123s]     ament_cmakeConfig.cmake
[0.123s]     ament_cmake-config.cmake
[0.123s] 
[0.124s]   Add the installation prefix of "ament_cmake" to CMAKE_PREFIX_PATH or set
[0.124s]   "ament_cmake_DIR" to a directory containing one of the above files.  If
[0.124s]   "ament_cmake" provides a separate development package or SDK, be sure it
[0.124s]   has been installed.
[0.124s] 
[0.124s] [0m
[0.125s] Invoked command in '/workspace/rl_for_curobo/projects_root/ros/workspaces/isaac_moveit_ws/build/franka_panda' returned '1': /usr/local/bin/cmake /workspace/rl_for_curobo/projects_root/ros/workspaces/isaac_moveit_ws/config/moveit/franka_panda -DCMAKE_INSTALL_PREFIX=/workspace/rl_for_curobo/projects_root/ros/workspaces/isaac_moveit_ws/install/franka_panda
