[0.007s] Invoking command in '/home/dan/rl_for_curobo/projects_root/ros/workspaces/moveit_cfgs_ws/build/robot_arm_urdf': DEBUGINFOD_URLS=https://debuginfod.ubuntu.com /usr/local/bin/cmake /home/dan/rl_for_curobo/projects_root/ros/workspaces/moveit_cfgs_ws/src/custom_robot_3/import_your_custom_urdf_package_to_ROS-main-main/robot_arm_urdf -DCMAKE_BUILD_TYPE=Release -DCMAKE_INSTALL_PREFIX=/home/dan/rl_for_curobo/projects_root/ros/workspaces/moveit_cfgs_ws/install/robot_arm_urdf
[0.109s] -- The C compiler identification is GNU 11.4.0
[0.203s] -- The CXX compiler identification is GNU 11.4.0
[0.231s] -- Detecting C compiler ABI info
[0.372s] -- Detecting C compiler ABI info - done
[0.380s] -- Check for working C compiler: /usr/bin/cc - skipped
[0.380s] -- Detecting C compile features
[0.380s] -- Detecting C compile features - done
[0.398s] -- Detecting CXX compiler ABI info
[0.518s] -- Detecting CXX compiler ABI info - done
[0.525s] -- Check for working CXX compiler: /usr/bin/c++ - skipped
[0.525s] -- Detecting CXX compile features
[0.526s] -- Detecting CXX compile features - done
[0.533s] [31mCMake Error at CMakeLists.txt:9 (find_package):
[0.534s]   By not providing "Findament_cmake.cmake" in CMAKE_MODULE_PATH this project
[0.534s]   has asked CMake to find a package configuration file provided by
[0.534s]   "ament_cmake", but CMake did not find one.
[0.534s] 
[0.534s]   Could not find a package configuration file provided by "ament_cmake" with
[0.534s]   any of the following names:
[0.534s] 
[0.534s]     ament_cmakeConfig.cmake
[0.534s]     ament_cmake-config.cmake
[0.534s] 
[0.534s]   Add the installation prefix of "ament_cmake" to CMAKE_PREFIX_PATH or set
[0.534s]   "ament_cmake_DIR" to a directory containing one of the above files.  If
[0.535s]   "ament_cmake" provides a separate development package or SDK, be sure it
[0.535s]   has been installed.
[0.535s] 
[0.535s] [0m
[0.535s] -- Configuring incomplete, errors occurred!
[0.535s] Invoked command in '/home/dan/rl_for_curobo/projects_root/ros/workspaces/moveit_cfgs_ws/build/robot_arm_urdf' returned '1': DEBUGINFOD_URLS=https://debuginfod.ubuntu.com /usr/local/bin/cmake /home/dan/rl_for_curobo/projects_root/ros/workspaces/moveit_cfgs_ws/src/custom_robot_3/import_your_custom_urdf_package_to_ROS-main-main/robot_arm_urdf -DCMAKE_BUILD_TYPE=Release -DCMAKE_INSTALL_PREFIX=/home/dan/rl_for_curobo/projects_root/ros/workspaces/moveit_cfgs_ws/install/robot_arm_urdf
