[Warning] [omni.isaac.kit] omni.isaac.kit has been deprecated in favor of isaacsim.simulation_app. Please update your code accordingly.
[Warning] [simulation_app.simulation_app] Modules: ['omni.kit_app'] were loaded before SimulationApp was started and might not be loaded correctly.
[Warning] [simulation_app.simulation_app] Please check to make sure no extra omniverse or pxr modules are imported before the call to SimulationApp(...)
[Info] [carb] Logging to file: /home/dan/anaconda3/envs/env_isaacsim/lib/python3.10/site-packages/omni/logs/Kit/Isaac-Sim Python/4.5/kit_20250610_214436.log
2025-06-10 18:44:36 [0ms] [Warning] [omni.kit.app.plugin] No crash reporter present, dumps uploading isn't available.
[0.032s] [ext: omni.kit.async_engine-0.0.1] startup
[0.118s] [ext: omni.metrics.core-0.0.1] startup
[0.118s] [ext: omni.client.lib-1.0.0] startup
[0.138s] [ext: omni.blobkey-1.1.2] startup
[0.139s] [ext: omni.stats-1.0.1] startup
[0.139s] [ext: omni.datastore-0.0.0] startup
[0.143s] [ext: omni.client-1.2.2] startup
[0.199s] [ext: omni.ujitso.default-1.0.0] startup
[0.204s] [ext: omni.hsscclient-1.1.1] startup
[0.210s] [ext: omni.gpu_foundation.shadercache.vulkan-1.0.0] startup
[0.213s] [ext: omni.assets.plugins-0.0.0] startup
[0.214s] [ext: omni.gpu_foundation-0.0.0] startup
[0.220s] [ext: carb.windowing.plugins-1.0.0] startup
[0.225s] [ext: omni.kit.renderer.init-0.0.0] startup

|---------------------------------------------------------------------------------------------|
| Driver Version: 570.133.07    | Graphics API: Vulkan
|=============================================================================================|
| GPU | Name                             | Active | LDA | GPU Memory | Vendor-ID | LUID       |
|     |                                  |        |     |            | Device-ID | UUID       |
|     |                                  |        |     |            | Bus-ID    |            |
|---------------------------------------------------------------------------------------------|
| 0   | NVIDIA GeForce RTX 4060          | Yes: 0 |     | 8188    MB | 10de      | 0          |
|     |                                  |        |     |            | 2882      | 063b9198.. |
|     |                                  |        |     |            | 1         |            |
|=============================================================================================|
| OS: 24.04.2 LTS (Noble Numbat) ubuntu, Version: 24.04.2, Kernel: 6.11.0-26-generic
| XServer Vendor: The X.Org Foundation, XServer Version: 12101011 (1.21.1.11)
| Processor: 13th Gen Intel(R) Core(TM) i5-13400F
| Bare Metal Cores: 10 | Bare Metal Logical Cores: 20
| Available Cores:  16 
|---------------------------------------------------------------------------------------------|
| Total Memory (MB): 31932 | Free Memory: 18388
| Total Page/Swap (MB): 8191 | Free Page/Swap: 8169
|---------------------------------------------------------------------------------------------|
2025-06-10 18:44:37 [637ms] [Warning] [gpu.foundation.plugin] IOMMU is enabled.
[0.789s] [ext: omni.kit.pipapi-0.0.0] startup
[0.790s] [ext: omni.materialx.libs-1.0.6] startup
[0.796s] [ext: omni.kit.pip_archive-0.0.0] startup
[0.796s] [ext: omni.usd.config-1.0.5] startup
[0.798s] [ext: omni.gpucompute.plugins-0.0.0] startup
[0.799s] [ext: omni.usd.libs-1.0.1] startup
[0.867s] [ext: omni.mdl-55.0.1] startup
[0.879s] [ext: omni.iray.libs-0.0.0] startup
[0.883s] [ext: omni.mdl.neuraylib-0.2.10] startup
[0.884s] [ext: omni.kit.usd.mdl-1.0.7] startup
[0.955s] [ext: omni.kit.telemetry-0.5.1] startup
[0.976s] [ext: omni.kit.loop-isaac-1.2.1] startup
[0.977s] [ext: omni.kit.test-1.1.2] startup
[1.008s] [ext: omni.appwindow-1.1.9] startup
[1.010s] [ext: omni.kit.renderer.core-1.0.2] startup
[1.852s] [ext: omni.kit.renderer.capture-0.0.0] startup
[1.854s] [ext: omni.kit.renderer.imgui-1.0.2] startup
[2.004s] [ext: omni.ui-2.26.5] startup
[2.012s] [ext: omni.kit.mainwindow-1.0.3] startup
[2.013s] [ext: carb.audio-0.1.0] startup
[2.015s] [ext: omni.uiaudio-1.0.0] startup
[2.016s] [ext: omni.kit.uiapp-0.0.0] startup
[2.016s] [ext: omni.usd.schema.metrics.assembler-106.5.0] startup
[2.024s] [ext: omni.usd.schema.anim-0.0.0] startup
[2.043s] [ext: omni.usd.schema.audio-0.0.0] startup
[2.046s] [ext: omni.usd.schema.isaac-3.0.2] startup
[2.046s] [ext: omni.usd.schema.omnigraph-1.0.0] startup
[2.050s] [ext: omni.usd.schema.forcefield-106.5.7] startup
[2.059s] [ext: omni.usd.schema.semantics-0.0.0] startup
[2.062s] [ext: omni.usd.schema.physx-106.5.7] startup
[2.081s] [ext: omni.usd.schema.geospatial-0.0.0] startup
[2.084s] [ext: omni.usd_resolver-1.0.0] startup
[2.087s] [ext: omni.kit.window.popup_dialog-2.0.24] startup
[2.090s] [ext: usdrt.scenegraph-7.5.1] startup
[2.130s] [ext: omni.timeline-1.0.11] startup
[2.131s] [ext: omni.usd.core-1.4.2] startup
[2.134s] [ext: omni.resourcemonitor-107.0.0] startup
[2.135s] [ext: omni.activity.core-1.0.1] startup
[2.137s] [ext: omni.kit.widget.nucleus_connector-1.1.10] startup
[2.139s] [ext: omni.hydra.usdrt_delegate-7.5.1] startup
[2.148s] [ext: omni.kit.actions.core-1.0.0] startup
[2.149s] [ext: omni.graph.exec-0.9.4] startup
[2.150s] [ext: omni.kit.commands-1.4.9] startup
[2.154s] [ext: omni.kit.usd_undo-0.1.8] startup
[2.154s] [ext: omni.kit.exec.core-0.13.4] startup
[2.156s] [ext: omni.kit.audiodeviceenum-1.0.1] startup
[2.157s] [ext: omni.hydra.scene_delegate-0.3.3] startup
[2.161s] [ext: omni.usd-1.12.4] startup
[2.202s] [ext: omni.inspect-1.0.1] startup
[2.203s] [ext: omni.kit.notification_manager-1.0.9] startup
[2.204s] [ext: omni.graph.core-2.181.8] startup
[2.206s] [ext: isaacsim.core.deprecation_manager-0.2.2] startup
[2.207s] [ext: omni.usd.schema.omniscripting-1.0.0] startup
[2.211s] [ext: isaacsim.robot.schema-3.1.2] startup
[2.217s] [ext: omni.kit.asset_converter-2.8.3] startup
[2.226s] [ext: omni.kit.menu.core-1.1.2] startup
[2.227s] [ext: omni.kvdb-106.5.7] startup
[2.228s] [ext: omni.kit.widget.context_menu-1.2.4] startup
[2.229s] [ext: omni.kit.usd.layers-2.2.0] startup
[2.235s] [ext: omni.kit.property.adapter.core-1.0.2] startup
[2.236s] [ext: omni.localcache-106.5.7] startup
[2.237s] [ext: omni.convexdecomposition-106.5.7] startup
[2.242s] [ext: omni.warp.core-1.5.0] startup
[2.342s] [ext: omni.kit.context_menu-1.8.3] startup
[2.344s] [ext: omni.kit.hotkeys.core-1.3.10] startup
[2.346s] [ext: omni.kit.property.adapter.fabric-1.0.3] startup
[2.347s] [ext: omni.usdphysics-106.5.7] startup
[2.351s] [ext: omni.kit.widget.path_field-2.0.11] startup
[2.351s] [ext: omni.kit.widget.options_menu-1.1.6] startup
[2.354s] [ext: omni.kit.helper.file_utils-0.1.9] startup
[2.355s] [ext: omni.kit.widget.browser_bar-2.0.10] startup
[2.355s] [ext: omni.kit.widget.options_button-1.0.3] startup
[2.356s] [ext: omni.kit.widget.filebrowser-2.10.52] startup
[2.359s] [ext: omni.kit.clipboard-1.0.5] startup
[2.359s] [ext: omni.graph.tools-1.79.1] startup
[2.375s] [ext: omni.ui.scene-1.11.2] startup
[2.379s] [ext: omni.graph.image.core-0.6.0] startup
[2.380s] [ext: omni.kit.window.filepicker-2.11.7] startup
[2.389s] [ext: omni.kit.widget.searchfield-1.1.8] startup
[2.390s] [ext: omni.graph.image.nodes-1.3.0] startup
[2.392s] [ext: omni.graph-1.140.2] startup
[2.423s] [ext: omni.kit.window.file_exporter-1.0.31] startup
[2.425s] [ext: omni.kit.widget.filter-1.1.4] startup
[2.426s] [ext: omni.physx.foundation-106.5.7] startup
[2.428s] [ext: omni.graph.nodes-1.162.1] startup
[2.437s] [ext: omni.kit.widget.stage-2.11.6] startup
[2.446s] [ext: omni.hydra.rtx.shadercache.vulkan-1.0.0] startup
[2.447s] [ext: omni.hydra.engine.stats-1.0.3] startup
[2.450s] [ext: omni.graph.action_core-1.1.7] startup
[2.453s] [ext: omni.kit.widget.highlight_label-1.0.3] startup
[2.454s] [ext: omni.ujitso.processor.texture-1.0.0] startup
[2.455s] [ext: omni.index.libs-380600.1777.0] startup
[2.455s] [ext: omni.kit.window.file_importer-1.1.14] startup
[2.456s] [ext: omni.kit.stage_template.core-1.1.22] startup
[2.457s] [ext: omni.volume-0.5.0] startup
[2.462s] [ext: omni.ujitso.client-0.0.0] startup
[2.462s] [ext: omni.index-1.0.1] startup
[2.463s] [ext: omni.kit.window.file-1.3.57] startup
[2.465s] [ext: omni.hydra.rtx-1.0.0] startup
2025-06-10 18:44:39 [2,466ms] [Warning] [omni.log] Source: omni.hydra was already registered.
[2.488s] [ext: omni.kit.viewport.registry-104.0.6] startup
[2.488s] [ext: omni.kit.viewport.legacy_gizmos-1.0.16] startup
[2.491s] [ext: omni.kit.raycast.query-1.0.5] startup
[2.496s] [ext: omni.kit.viewport.scene_camera_model-1.0.5] startup
[2.501s] [ext: omni.kit.hydra_texture-1.4.0] startup
[2.504s] [ext: omni.kit.menu.utils-1.7.7] startup
[2.509s] [ext: omni.kit.window.drop_support-1.0.4] startup
[2.510s] [ext: omni.kit.widget.viewport-107.0.7] startup
[2.513s] [ext: omni.kit.material.library-1.5.15] startup
[2.517s] [ext: omni.kit.window.content_browser_registry-0.0.6] startup
[2.518s] [ext: omni.kit.viewport.window-107.0.8] startup
[2.532s] [ext: omni.graph.action_nodes-1.40.1] startup
[2.536s] [ext: omni.kit.window.property-1.11.5] startup
[2.540s] [ext: omni.kit.window.content_browser-2.10.3] startup
[2.555s] [ext: omni.kit.property.adapter.usd-1.0.2] startup
[2.557s] [ext: omni.kit.viewport.utility-1.0.18] startup
[2.558s] [ext: omni.graph.action-1.120.0] startup
[2.560s] [ext: omni.kit.property.usd-4.2.16] startup
[2.588s] [ext: omni.physx.cooking-106.5.7] startup
[2.601s] [ext: omni.kit.widget.stage_icons-1.0.6] startup
[2.603s] [ext: omni.kit.widget.zoombar-1.0.5] startup
[2.604s] [ext: omni.physics.tensors-106.5.7] startup
[2.612s] [ext: omni.kit.widget.prompt-1.0.7] startup
[2.614s] [ext: omni.kit.usd.collect-2.2.22] startup
[2.616s] [ext: omni.physx-106.5.7] startup
[2.632s] [ext: omni.kit.window.stage-2.5.11] startup
[2.637s] [ext: omni.kit.browser.core-2.3.11] startup
[2.640s] [ext: omni.kit.widget.text_editor-1.0.2] startup
[2.642s] [ext: omni.physx.tensors-106.5.7] startup
[2.648s] [ext: omni.kit.tool.collect-2.2.16] startup
[2.650s] [ext: omni.kit.menu.stage-1.2.5] startup
[2.652s] [ext: omni.kit.browser.folder.core-1.10.1] startup
[2.656s] [ext: omni.warp-1.5.0] startup
[2.661s] [ext: isaacsim.examples.browser-0.1.8] startup
[2.665s] [ext: omni.physx.stageupdate-106.5.7] startup
[2.669s] [ext: omni.kit.numpy.common-0.1.2] startup
[2.672s] [ext: isaacsim.core.version-2.0.2] startup
[2.675s] [ext: omni.isaac.dynamic_control-1.3.15] startup
2025-06-10 18:44:39 [2,678ms] [Warning] [omni.isaac.dynamic_control] omni.isaac.dynamic_control is deprecated as of Isaac Sim 4.5. No action is needed from end-users.
[2.687s] [ext: isaacsim.storage.native-1.0.6] startup
[2.693s] [ext: omni.kit.menu.create-1.0.17] startup
[2.723s] [ext: isaacsim.core.utils-2.2.8] startup
[2.734s] [ext: omni.kit.widget.searchable_combobox-1.0.6] startup
[2.741s] [ext: omni.kit.primitive.mesh-1.0.17] startup
[2.767s] [ext: isaacsim.core.simulation_manager-0.3.3] startup
[3.011s] [ext: omni.kit.scripting-106.5.2] startup
[3.014s] [ext: omni.kit.stage_templates-1.2.6] startup
[3.017s] [ext: isaacsim.core.prims-0.3.7] startup
[3.031s] [ext: isaacsim.replicator.behavior-1.0.8] startup
[3.033s] [ext: isaacsim.core.api-4.2.16] startup
[3.041s] [ext: omni.ui_query-1.1.7] startup
[3.043s] [ext: omni.kit.manipulator.viewport-107.0.1] startup
[3.044s] [ext: omni.kit.ui_test-1.3.3] startup
[3.046s] [ext: omni.kit.window.extensions-1.4.25] startup
[3.050s] [ext: omni.graph.visualization.nodes-2.1.1] startup
[3.055s] [ext: omni.kit.tool.asset_importer-2.12.2] startup
[3.065s] [ext: isaacsim.gui.components-1.0.9] startup
[3.072s] [ext: omni.kit.widget.settings-1.2.2] startup
[3.075s] [ext: omni.kit.widget.graph-1.12.17] startup
[3.081s] [ext: omni.kit.window.preferences-1.7.0] startup
[3.085s] [ext: omni.kit.graph.delegate.default-1.2.2] startup
[3.086s] [ext: omni.kit.viewport.menubar.core-107.1.2] startup
[3.096s] [ext: omni.kit.widget.material_preview-1.0.16] startup
[3.098s] [ext: omni.kit.graph.usd.commands-1.3.1] startup
[3.100s] [ext: omni.kit.graph.editor.core-1.5.3] startup
[3.103s] [ext: omni.syntheticdata-0.6.10] startup
[3.123s] [ext: omni.kit.window.material_graph-1.8.19] startup
[3.149s] [ext: omni.graph.scriptnode-1.40.1] startup
[3.152s] [ext: isaacsim.core.cloner-1.3.4] startup
[3.154s] [ext: omni.replicator.core-1.11.35] startup
2025-06-10 18:44:39 [3,216ms] [Warning] [omni.replicator.core.scripts.extension] No material configuration file, adding configuration to material settings directly.
[3.226s] [ext: omni.isaac.cloner-1.0.2] startup
2025-06-10 18:44:39 [3,220ms] [Warning] [omni.isaac.cloner] omni.isaac.cloner has been deprecated in favor of isaacsim.core.cloner. Please update your code accordingly.
[3.228s] [ext: isaacsim.core.nodes-2.1.4] startup
[3.237s] [ext: isaacsim.asset.importer.urdf-2.3.10] startup
[3.391s] [ext: omni.isaac.core-4.0.3] startup
2025-06-10 18:44:40 [3,386ms] [Warning] [omni.isaac.core.physics_context.physics_context] omni.isaac.core.physics_context.physics_context has been deprecated in favor of isaacsim.core.api.physics_context.physics_context. Please update your code accordingly.
2025-06-10 18:44:40 [3,388ms] [Warning] [omni.isaac.core.simulation_context.simulation_context] omni.isaac.core.simulation_context.simulation_context has been deprecated in favor of isaacsim.core.api.simulation_context.simulation_context. Please update your code accordingly.
2025-06-10 18:44:40 [3,389ms] [Warning] [omni.isaac.core.world.world] omni.isaac.core.world.world has been deprecated in favor of isaacsim.core.api.world.world. Please update your code accordingly.
2025-06-10 18:44:40 [3,389ms] [Warning] [omni.isaac.core] omni.isaac.core has been deprecated in favor of isaacsim.core.api. Please update your code accordingly.
[3.398s] [ext: omni.isaac.core_nodes-2.0.2] startup
2025-06-10 18:44:40 [3,397ms] [Warning] [omni.isaac.core_nodes] omni.isaac.core_nodes has been deprecated in favor of isaacsim.core.nodes. Please update your code accordingly.
[3.409s] [ext: omni.anim.curve.core-1.2.0] startup
[3.429s] [ext: isaacsim.robot_motion.lula-4.0.4] startup
[3.450s] [ext: isaacsim.asset.importer.mjcf-2.3.3] startup
[3.469s] [ext: isaacsim.robot_motion.motion_generation-8.0.6] startup
[3.485s] [ext: isaacsim.asset.browser-1.3.4] startup
[3.575s] [ext: isaacsim.robot.surface_gripper-2.0.6] startup
[3.578s] [ext: omni.kit.selection-0.1.5] startup
[3.581s] [ext: isaacsim.robot_motion.lula_test_widget-1.0.5] startup
[3.586s] [ext: omni.isaac.assets_check-0.3.9] startup
2025-06-10 18:44:40 [3,580ms] [Warning] [omni.isaac.assets_check] omni.isaac.assets_check has been deprecated in favor of isaacsim.asset.browser. Please update your code accordingly.
[3.589s] [ext: isaacsim.robot.manipulators-3.0.4] startup
[3.598s] [ext: isaacsim.sensors.physics-0.3.5] startup
[3.609s] [ext: isaacsim.gui.menu-2.0.9] startup
[3.629s] [ext: omni.isaac.lula_test_widget-1.0.2] startup
2025-06-10 18:44:40 [3,623ms] [Warning] [omni.isaac.lula_test_widget] omni.isaac.lula_test_widget has been deprecated in favor of isaacsim.robot_motion.lula_test_widget. Please update your code accordingly.
[3.631s] [ext: omni.sensors.nv.common-2.5.0-coreapi] startup
[3.644s] [ext: omni.isaac.manipulators-3.0.3] startup
2025-06-10 18:44:40 [3,637ms] [Warning] [omni.isaac.manipulators] omni.isaac.manipulators has been deprecated in favor of isaacsim.robot.manipulators. Please update your code accordingly.
2025-06-10 18:44:40 [3,637ms] [Warning] [omni.isaac.manipulators.controllers] omni.isaac.manipulators has been deprecated in favor of isaacsim.robot.manipulators. Please update your code accordingly.
2025-06-10 18:44:40 [3,637ms] [Warning] [omni.isaac.manipulators.controllers.pick_place_controller] omni.isaac.manipulators has been deprecated in favor of isaacsim.robot.manipulators. Please update your code accordingly.
2025-06-10 18:44:40 [3,637ms] [Warning] [omni.isaac.manipulators.controllers.stacking_controller] omni.isaac.manipulators has been deprecated in favor of isaacsim.robot.manipulators. Please update your code accordingly.
2025-06-10 18:44:40 [3,638ms] [Warning] [omni.isaac.manipulators.grippers] omni.isaac.manipulators has been deprecated in favor of isaacsim.robot.manipulators. Please update your code accordingly.
2025-06-10 18:44:40 [3,638ms] [Warning] [omni.isaac.manipulators.grippers.gripper] omni.isaac.manipulators has been deprecated in favor of isaacsim.robot.manipulators. Please update your code accordingly.
2025-06-10 18:44:40 [3,638ms] [Warning] [omni.isaac.manipulators.grippers.parallel_gripper] omni.isaac.manipulators has been deprecated in favor of isaacsim.robot.manipulators. Please update your code accordingly.
2025-06-10 18:44:40 [3,638ms] [Warning] [omni.isaac.manipulators.grippers.surface_gripper] omni.isaac.manipulators has been deprecated in favor of isaacsim.robot.manipulators. Please update your code accordingly.
2025-06-10 18:44:40 [3,638ms] [Warning] [omni.isaac.manipulators.manipulators] omni.isaac.manipulators has been deprecated in favor of isaacsim.robot.manipulators. Please update your code accordingly.
2025-06-10 18:44:40 [3,638ms] [Warning] [omni.isaac.manipulators.manipulators.single_manipulator] omni.isaac.manipulators has been deprecated in favor of isaacsim.robot.manipulators. Please update your code accordingly.
[3.646s] [ext: isaacsim.robot.policy.examples-4.0.3] startup
[3.649s] [ext: omni.isaac.menu-1.0.2] startup
2025-06-10 18:44:40 [3,642ms] [Warning] [omni.isaac.menu] omni.isaac.menu has been deprecated in favor of isaacsim.gui.menu. Please update your code accordingly.
[3.650s] [ext: omni.isaac.motion_generation-8.0.2] startup
2025-06-10 18:44:40 [3,644ms] [Warning] [omni.isaac.motion_generation] omni.isaac.motion_generation has been deprecated in favor of isaacsim.robot_motion.motion_generation. Please update your code accordingly.
2025-06-10 18:44:40 [3,644ms] [Warning] [omni.isaac.motion_generation.articulation_kinematics_solver] omni.isaac.motion_generation has been deprecated in favor of isaacsim.robot_motion.motion_generation. Please update your code accordingly.
2025-06-10 18:44:40 [3,644ms] [Warning] [omni.isaac.motion_generation.articulation_motion_policy] omni.isaac.motion_generation has been deprecated in favor of isaacsim.robot_motion.motion_generation. Please update your code accordingly.
2025-06-10 18:44:40 [3,644ms] [Warning] [omni.isaac.motion_generation.articulation_trajectory] omni.isaac.motion_generation has been deprecated in favor of isaacsim.robot_motion.motion_generation. Please update your code accordingly.
2025-06-10 18:44:40 [3,644ms] [Warning] [omni.isaac.motion_generation.kinematics_interface] omni.isaac.motion_generation has been deprecated in favor of isaacsim.robot_motion.motion_generation. Please update your code accordingly.
2025-06-10 18:44:40 [3,644ms] [Warning] [omni.isaac.motion_generation.lula] omni.isaac.motion_generation has been deprecated in favor of isaacsim.robot_motion.motion_generation. Please update your code accordingly.
2025-06-10 18:44:40 [3,644ms] [Warning] [omni.isaac.motion_generation.lula.kinematics] omni.isaac.motion_generation has been deprecated in favor of isaacsim.robot_motion.motion_generation. Please update your code accordingly.
2025-06-10 18:44:40 [3,644ms] [Warning] [omni.isaac.motion_generation.lula.motion_policies] omni.isaac.motion_generation has been deprecated in favor of isaacsim.robot_motion.motion_generation. Please update your code accordingly.
2025-06-10 18:44:40 [3,645ms] [Warning] [omni.isaac.motion_generation.lula.path_planners] omni.isaac.motion_generation has been deprecated in favor of isaacsim.robot_motion.motion_generation. Please update your code accordingly.
2025-06-10 18:44:40 [3,645ms] [Warning] [omni.isaac.motion_generation.lula.trajectory_generator] omni.isaac.motion_generation has been deprecated in favor of isaacsim.robot_motion.motion_generation. Please update your code accordingly.
2025-06-10 18:44:40 [3,645ms] [Warning] [omni.isaac.motion_generation.motion_policy_controller] omni.isaac.motion_generation has been deprecated in favor of isaacsim.robot_motion.motion_generation. Please update your code accordingly.
2025-06-10 18:44:40 [3,645ms] [Warning] [omni.isaac.motion_generation.motion_policy_interface] omni.isaac.motion_generation has been deprecated in favor of isaacsim.robot_motion.motion_generation. Please update your code accordingly.
2025-06-10 18:44:40 [3,645ms] [Warning] [omni.isaac.motion_generation.path_planner_visualizer] omni.isaac.motion_generation has been deprecated in favor of isaacsim.robot_motion.motion_generation. Please update your code accordingly.
2025-06-10 18:44:40 [3,645ms] [Warning] [omni.isaac.motion_generation.path_planning_interface] omni.isaac.motion_generation has been deprecated in favor of isaacsim.robot_motion.motion_generation. Please update your code accordingly.
2025-06-10 18:44:40 [3,645ms] [Warning] [omni.isaac.motion_generation.trajectory] omni.isaac.motion_generation has been deprecated in favor of isaacsim.robot_motion.motion_generation. Please update your code accordingly.
2025-06-10 18:44:40 [3,645ms] [Warning] [omni.isaac.motion_generation.world_interface] omni.isaac.motion_generation has been deprecated in favor of isaacsim.robot_motion.motion_generation. Please update your code accordingly.
[3.654s] [ext: omni.sensors.nv.materials-1.4.0-coreapi] startup
[3.657s] [ext: omni.isaac.nucleus-1.0.3] startup
2025-06-10 18:44:40 [3,650ms] [Warning] [omni.isaac.nucleus] omni.isaac.nucleus has been deprecated in favor of isaacsim.storage.native. Please update your code accordingly.
2025-06-10 18:44:40 [3,650ms] [Warning] [omni.isaac.nucleus.nucleus] omni.isaac.nucleus.nucleus has been deprecated in favor of isaacsim.storage.native. Please update your code accordingly.
[3.658s] [ext: omni.isaac.quadruped-3.0.2] startup
2025-06-10 18:44:40 [3,651ms] [Warning] [omni.isaac.quadruped] omni.isaac.quadruped has been deprecated in favor of isaacsim.robot.policy.examples. Please update your code accordingly.
[3.659s] [ext: omni.kit.manipulator.selector-1.1.1] startup
[3.662s] [ext: omni.sensors.nv.wpm-2.4.0-coreapi] startup
[3.663s] [ext: omni.sensors.nv.lidar-2.6.3-coreapi] startup
[3.670s] [ext: omni.sensors.nv.ids-1.4.0-coreapi] startup
[3.681s] [ext: isaacsim.robot.manipulators.examples-1.0.3] startup
[3.683s] [ext: isaacsim.util.debug_draw-2.0.2] startup
[3.690s] [ext: omni.sensors.tiled-0.0.6] startup
[3.693s] [ext: omni.sensors.nv.radar-2.6.1-coreapi] startup
[3.700s] [ext: omni.kit.widget.toolbar-1.7.3] startup
[3.705s] [ext: omni.kit.manipulator.transform-106.0.1] startup
[3.709s] [ext: isaacsim.sensors.physx-2.2.4] startup
[3.715s] [ext: isaacsim.sensors.rtx-13.6.3] startup
[3.722s] [ext: isaacsim.sensors.camera-0.2.9] startup
[3.730s] [ext: isaacsim.cortex.framework-1.0.2] startup
[3.732s] [ext: omni.kit.manipulator.tool.snap-1.5.12] startup
[3.750s] [ext: omni.isaac.range_sensor-4.0.2] startup
[3.751s] [ext: omni.isaac.surface_gripper-2.0.2] startup
2025-06-10 18:44:40 [3,745ms] [Warning] [omni.isaac.surface_gripper] omni.isaac.surface_gripper has been deprecated in favor of isaacsim.robot.surface_gripper. Please update your code accordingly.
[3.753s] [ext: omni.isaac.sensor-13.0.3] startup
2025-06-10 18:44:40 [3,747ms] [Warning] [omni.isaac.sensor] omni.isaac.sensor has been deprecated in favor of isaacsim.sensors.camera, isaacsim.sensors.physics, isaacsim.sensors.physx, and isaacsim.sensors.rtx. Please update your code accordingly.
2025-06-10 18:44:40 [3,748ms] [Warning] [omni.isaac.sensor.camera] omni.isaac.sensor.camera has been deprecated in favor of isaacsim.sensors.camera.camera. Please update your code accordingly.
2025-06-10 18:44:40 [3,748ms] [Warning] [omni.isaac.sensor.camera_view] omni.isaac.sensor.camera_view has been deprecated in favor of isaacsim.sensors.camera.camera_view. Please update your code accordingly.
2025-06-10 18:44:40 [3,748ms] [Warning] [omni.isaac.sensor.commands] omni.isaac.sensor.commands has been deprecated in favor of isaacsim.sensors.physics.commands, isaacsim.sensors.physx.commands, and isaacsim.sensors.rtx.commands. Please update your code accordingly.
2025-06-10 18:44:40 [3,748ms] [Warning] [omni.isaac.sensor.contact_sensor] omni.isaac.sensor.contact_sensor has been deprecated in favor of isaacsim.sensors.physics.contact_sensor. Please update your code accordingly.
2025-06-10 18:44:40 [3,748ms] [Warning] [omni.isaac.sensor.imu_sensor] omni.isaac.sensor.imu_sensor has been deprecated in favor of isaacsim.sensors.physics.imu_sensor. Please update your code accordingly.
2025-06-10 18:44:40 [3,748ms] [Warning] [omni.isaac.sensor.lidar_rtx] omni.isaac.sensor.lidar_rtx has been deprecated in favor of isaacsim.sensors.rtx.lidar_rtx. Please update your code accordingly.
2025-06-10 18:44:40 [3,748ms] [Warning] [omni.isaac.sensor.rotating_lidar_physX] omni.isaac.sensor.imu_sensor has been deprecated in favor of isaacsim.sensors.physix.rotating_lidar_physX. Please update your code accordingly.
2025-06-10 18:44:40 [3,749ms] [Warning] [omni.isaac.sensor.scripts.samples.contact_sensor] omni.isaac.sensor.scripts.samples.contact_sensor has been deprecated in favor of isaacsim.sensors.physics.scripts.samples.contact_sensor. Please update your code accordingly.
2025-06-10 18:44:40 [3,749ms] [Warning] [omni.isaac.sensor.scripts.samples.imu_sensor] omni.isaac.sensor.scripts.samples.imu_sensor has been deprecated in favor of isaacsim.sensors.physics.scripts.samples.imu_sensor. Please update your code accordingly.
2025-06-10 18:44:40 [3,749ms] [Warning] [omni.isaac.sensor.scripts.samples.lightbeam_sensor] omni.isaac.sensor.scripts.samples.lightbeam_sensor has been deprecated in favor of isaacsim.sensors.physx.scripts.samples.lightbeam_sensor. Please update your code accordingly.
[3.757s] [ext: omni.isaac.cortex-1.0.2] startup
2025-06-10 18:44:40 [3,751ms] [Warning] [omni.isaac.cortex] omni.isaac.cortex has been deprecated in favor of isaacsim.cortex.framework. Please update your code accordingly.
[3.759s] [ext: omni.kit.viewport.manipulator.transform-107.0.4] startup
[3.767s] [ext: omni.debugdraw-0.1.3] startup
[3.771s] [ext: omni.isaac.universal_robots-1.0.2] startup
2025-06-10 18:44:40 [3,764ms] [Warning] [omni.isaac.universal_robots] omni.isaac.universal_robots has been deprecated in favor of isaacsim.robot.manipulators.examples.universal_robots. Please update your code accordingly.
2025-06-10 18:44:40 [3,764ms] [Warning] [omni.isaac.universal_robots.kinematics_solver] omni.isaac.franka has been deprecated in favor of isaacsim.robot.manipulators.examples.universal_robots. Please update your code accordingly.
2025-06-10 18:44:40 [3,765ms] [Warning] [omni.isaac.universal_robots.ur10] omni.isaac.franka has been deprecated in favor of isaacsim.robot.manipulators.examples.universal_robots. Please update your code accordingly.
[3.773s] [ext: omni.isaac.utils-2.0.2] startup
[3.776s] [ext: omni.kit.manipulator.prim.core-107.0.7] startup
[3.783s] [ext: omni.fabric.commands-1.1.5] startup
[3.786s] [ext: omni.kit.manipulator.selection-106.0.1] startup
[3.788s] [ext: omni.kit.viewport.actions-107.0.0] startup
[3.791s] [ext: omni.kit.manipulator.prim.usd-107.0.3] startup
[3.793s] [ext: omni.kit.manipulator.prim.fabric-107.0.4] startup
[3.794s] [ext: isaacsim.cortex.behaviors-2.0.3] startup
[3.795s] [ext: omni.kit.widget.layers-1.8.2] startup
[3.805s] [ext: omni.kit.viewport.menubar.display-107.0.3] startup
[3.807s] [ext: omni.kit.manipulator.prim-107.0.0] startup
[3.808s] [ext: omni.isaac.cortex.sample_behaviors-2.0.2] startup
2025-06-10 18:44:40 [3,800ms] [Warning] [omni.isaac.cortex.sample_behaviors] omni.isaac.cortex.sample_behaviors has been deprecated in favor of isaacsim.cortex.behaviors. Please update your code accordingly.
[3.809s] [ext: omni.graph.ui_nodes-1.40.1] startup
[3.813s] [ext: omni.usdphysics.ui-106.5.7] startup
[3.840s] [ext: omni.physx.commands-106.5.7] startup
[3.843s] [ext: omni.kit.property.camera-1.0.9] startup
[3.845s] [ext: omni.hydra.scene_api-0.1.2] startup
[3.850s] [ext: omni.kit.property.geometry-1.3.3] startup
[3.852s] [ext: omni.kit.property.light-1.0.11] startup
[3.854s] [ext: omni.physx.ui-106.5.7] startup
[3.879s] [ext: omni.kit.property.material-1.10.17] startup
[3.884s] [ext: omni.kit.property.render-1.1.3] startup
[3.885s] [ext: omni.kit.property.transform-1.5.10] startup
[3.889s] [ext: omni.kit.property.audio-1.0.16] startup
[3.890s] [ext: isaacsim.gui.property-1.0.4] startup
[3.892s] [ext: omni.physx.demos-106.5.7] startup
[3.905s] [ext: omni.kit.property.physx-106.5.7] startup
[3.938s] [ext: omni.isaac.lula-4.0.2] startup
2025-06-10 18:44:40 [3,932ms] [Warning] [omni.isaac.lula] omni.isaac.lula has been deprecated in favor of isaacsim.robot_motion.lula. Please update your code accordingly.
[3.940s] [ext: omni.kit.property.bundle-1.3.2] startup
[3.942s] [ext: omni.kit.property.isaac-1.0.2] startup
2025-06-10 18:44:40 [3,935ms] [Warning] [omni.kit.property.isaac] omni.kit.property.isaac has been deprecated in favor of isaacsim.gui.property. Please update your code accordingly.
2025-06-10 18:44:40 [3,935ms] [Warning] [omni.kit.property.isaac.widgets] omni.kit.property.isaac.widgets has been deprecated in favor of isaacsim.gui.property.widgets. Please update your code accordingly.
[3.943s] [ext: omni.physx.vehicle-106.5.7] startup
[3.959s] [ext: omni.kit.viewport.menubar.camera-107.0.2] startup
[3.964s] [ext: omni.kit.viewport.menubar.lighting-106.0.2] startup
[3.967s] [ext: omni.kit.viewport.menubar.render-107.0.8] startup
[3.971s] [ext: omni.kit.viewport.menubar.settings-107.0.3] startup
[3.976s] [ext: omni.kit.window.console-0.2.14] startup
[3.986s] [ext: omni.physx.camera-106.5.7] startup
[3.997s] [ext: omni.kit.window.toolbar-1.6.2] startup
[4.000s] [ext: omni.isaac.version-2.0.2] startup
2025-06-10 18:44:40 [3,993ms] [Warning] [omni.isaac.version] omni.isaac.version has been deprecated in favor of isaacsim.core.version. Please update your code accordingly.
[4.001s] [ext: isaacsim.robot.wheeled_robots-4.0.3] startup
[4.006s] [ext: omni.physx.cct-106.5.7] startup
[4.018s] [ext: omni.physx.graph-106.5.7] startup
[4.036s] [ext: isaacsim.replicator.writers-1.0.1] startup
[4.084s] [ext: omni.physx.supportui-106.5.7] startup
[4.104s] [ext: omni.physx.telemetry-106.5.7] startup
[4.114s] [ext: omni.isaac.wheeled_robots-3.0.3] startup
2025-06-10 18:44:40 [4,107ms] [Warning] [omni.isaac.wheeled_robots] omni.isaac.wheeled_robots has been deprecated in favor of isaacsim.robot.wheeled_robots. Please update your code accordingly.
2025-06-10 18:44:40 [4,108ms] [Warning] [omni.isaac.wheeled_robots.controllers] omni.isaac.wheeled_robots has been deprecated in favor of isaacsim.robot.wheeled_robots. Please update your code accordingly.
2025-06-10 18:44:40 [4,108ms] [Warning] [omni.isaac.wheeled_robots.controllers.ackermann_controller] omni.isaac.wheeled_robots has been deprecated in favor of isaacsim.robot.wheeled_robots. Please update your code accordingly.
2025-06-10 18:44:40 [4,108ms] [Warning] [omni.isaac.wheeled_robots.controllers.differential_controller] omni.isaac.wheeled_robots has been deprecated in favor of isaacsim.robot.wheeled_robots. Please update your code accordingly.
2025-06-10 18:44:40 [4,108ms] [Warning] [omni.isaac.wheeled_robots.controllers.holonomic_controller] omni.isaac.wheeled_robots has been deprecated in favor of isaacsim.robot.wheeled_robots. Please update your code accordingly.
2025-06-10 18:44:40 [4,108ms] [Warning] [omni.isaac.wheeled_robots.controllers.quintic_path_planner] omni.isaac.wheeled_robots has been deprecated in favor of isaacsim.robot.wheeled_robots. Please update your code accordingly.
2025-06-10 18:44:40 [4,108ms] [Warning] [omni.isaac.wheeled_robots.controllers.stanley_control] omni.isaac.wheeled_robots has been deprecated in favor of isaacsim.robot.wheeled_robots. Please update your code accordingly.
2025-06-10 18:44:40 [4,109ms] [Warning] [omni.isaac.wheeled_robots.controllers.wheel_base_pose_controller] omni.isaac.wheeled_robots has been deprecated in favor of isaacsim.robot.wheeled_robots. Please update your code accordingly.
2025-06-10 18:44:40 [4,109ms] [Warning] [omni.isaac.wheeled_robots.impl] omni.isaac.wheeled_robots has been deprecated in favor of isaacsim.robot.wheeled_robots. Please update your code accordingly.
2025-06-10 18:44:40 [4,109ms] [Warning] [omni.isaac.wheeled_robots.robots] omni.isaac.wheeled_robots has been deprecated in favor of isaacsim.robot.wheeled_robots. Please update your code accordingly.
2025-06-10 18:44:40 [4,109ms] [Warning] [omni.isaac.wheeled_robots.robots.holonomic_robot_usd_setup] omni.isaac.wheeled_robots has been deprecated in favor of isaacsim.robot.wheeled_robots. Please update your code accordingly.
2025-06-10 18:44:40 [4,110ms] [Warning] [omni.isaac.wheeled_robots.robots.wheeled_robot] omni.isaac.wheeled_robots has been deprecated in favor of isaacsim.robot.wheeled_robots. Please update your code accordingly.
[4.118s] [ext: omni.isaac.franka-1.0.2] startup
2025-06-10 18:44:40 [4,112ms] [Warning] [omni.isaac.franka] omni.isaac.franka has been deprecated in favor of isaacsim.robot.manipulators.examples.franka. Please update your code accordingly.
2025-06-10 18:44:40 [4,112ms] [Warning] [omni.isaac.franka.franka] omni.isaac.franka has been deprecated in favor of isaacsim.robot.manipulators.examples.franka. Please update your code accordingly.
2025-06-10 18:44:40 [4,113ms] [Warning] [omni.isaac.franka.kinematics_solver] omni.isaac.franka has been deprecated in favor of isaacsim.robot.manipulators.examples.franka. Please update your code accordingly.
[4.121s] [ext: isaacsim.replicator.domain_randomization-1.0.2] startup
[4.125s] [ext: isaacsim.replicator.examples-1.1.2] startup
[4.128s] [ext: omni.kit.window.status_bar-0.1.7] startup
[4.137s] [ext: omni.rtx.window.settings-0.6.17] startup
[4.143s] [ext: omni.usd.metrics.assembler-106.5.0] startup
[4.157s] [ext: omni.physx.bundle-106.5.7] startup
[4.158s] [ext: isaacsim.app.about-2.0.7] startup
[4.160s] [ext: omni.replicator.isaac-2.0.3] startup
2025-06-10 18:44:40 [4,153ms] [Warning] [omni.replicator.isaac] omni.replicator.isaac has been deprecated in favor of isaacsim.replicator.domain_randomization, isaacsim.replicator.examples, isaacsim.replicator.writers. Please update your code accordingly.
[4.161s] [ext: omni.replicator.replicator_yaml-2.0.10] startup
[4.179s] [ext: omni.rtx.settings.core-0.6.3] startup
[4.183s] [ext: omni.usd.metrics.assembler.ui-106.5.0] startup
[4.190s] [ext: isaacsim.simulation_app-2.4.2] startup
[4.191s] [ext: omni.isaac.window.about-2.0.2] startup
2025-06-10 18:44:40 [4,184ms] [Warning] [omni.isaac.window.about] omni.isaac.window.about has been deprecated in favor of isaacsim.app.about. Please update your code accordingly.
2025-06-10 18:44:40 [4,184ms] [Warning] [omni.isaac.window.about.about] omni.isaac.window.about.about has been deprecated in favor of isaacsim.app.about.about. Please update your code accordingly.
[4.192s] [ext: semantics.schema.editor-0.3.10] startup
[4.195s] [ext: omni.kit.ui.actions-1.0.2] startup
[4.196s] [ext: semantics.schema.property-1.0.5] startup
[4.198s] [ext: omni.kit.manipulator.camera-106.0.3] startup
[4.203s] [ext: omni.isaac.kit-2.0.3] startup
[4.204s] [ext: omni.isaac.asset_browser-1.0.2] startup
2025-06-10 18:44:40 [4,197ms] [Warning] [omni.isaac.asset_browser] omni.isaac.asset_browser has been deprecated in favor of isaacsim.asset.browser. Please update your code accordingly.
[4.205s] [ext: isaacsim.core.throttling-2.0.2] startup
[4.208s] [ext: omni.kit.menu.common-1.1.9] startup
[4.211s] [ext: isaacsim.exp.base-4.5.0] startup
[4.212s] [ext: isaacsim.exp.base.python-4.5.0] startup
[4.214s] Simulation App Starting
[4.326s] app ready
2025-06-10 18:44:41 [4,386ms] [Warning] [rtx.scenedb.plugin] SceneDbContext : TLAS limit buffer size 7508933632
2025-06-10 18:44:41 [4,386ms] [Warning] [rtx.scenedb.plugin] SceneDbContext : TLAS limit : valid false, within: false
2025-06-10 18:44:41 [4,386ms] [Warning] [rtx.scenedb.plugin] SceneDbContext : TLAS limit : decrement: 167690, decrement size: 7433845248
2025-06-10 18:44:41 [4,386ms] [Warning] [rtx.scenedb.plugin] SceneDbContext : New limit 9574251 (slope: 447, intercept: 13179904)
2025-06-10 18:44:41 [4,386ms] [Warning] [rtx.scenedb.plugin] SceneDbContext : TLAS limit buffer size 4287216384
2025-06-10 18:44:41 [4,386ms] [Warning] [rtx.scenedb.plugin] SceneDbContext : TLAS limit : valid true, within: true
2025-06-10 18:44:41 [4,560ms] [Warning] [omni.usd-abi.plugin] No setting was found for '/rtx-defaults-transient/meshlights/forceDisable'
2025-06-10 18:44:41 [4,605ms] [Warning] [omni.usd-abi.plugin] No setting was found for '/rtx-defaults/post/dlss/execMode'
[7.080s] Simulation App Startup Complete
2025-06-10 18:44:43 [7,123ms] [Warning] [omni.isaac.core.objects.capsule] omni.isaac.core.objects.capsule has been deprecated in favor of isaacsim.core.api.objects.capsule. Please update your code accordingly.
2025-06-10 18:44:43 [7,123ms] [Warning] [omni.isaac.core.objects.cone] omni.isaac.core.objects.cone has been deprecated in favor of isaacsim.core.api.objects.cone. Please update your code accordingly.
2025-06-10 18:44:43 [7,123ms] [Warning] [omni.isaac.core.objects.cuboid] omni.isaac.core.objects.cuboid has been deprecated in favor of isaacsim.core.api.objects.cuboid. Please update your code accordingly.
2025-06-10 18:44:43 [7,123ms] [Warning] [omni.isaac.core.objects.cylinder] omni.isaac.core.objects.cylinder has been deprecated in favor of isaacsim.core.api.objects.cylinder. Please update your code accordingly.
2025-06-10 18:44:43 [7,123ms] [Warning] [omni.isaac.core.objects.ground_plane] omni.isaac.core.objects.ground_plane has been deprecated in favor of isaacsim.core.api.objects.ground_plane. Please update your code accordingly.
2025-06-10 18:44:43 [7,123ms] [Warning] [omni.isaac.core.objects.sphere] omni.isaac.core.objects.sphere has been deprecated in favor of isaacsim.core.api.objects.sphere. Please update your code accordingly.
2025-06-10 18:44:43 [7,123ms] [Warning] [omni.isaac.core.robots.robot] omni.isaac.core.robots.robot has been deprecated in favor of isaacsim.core.api.robots.robot. Please update your code accordingly.
2025-06-10 18:44:43 [7,123ms] [Warning] [omni.isaac.core.robots.robot_view] omni.isaac.core.robots.robot_view has been deprecated in favor of isaacsim.core.api.robots.robot_view. Please update your code accordingly.
2025-06-10 18:44:45 [9,053ms] [Warning] [omni.isaac.core.materials.deformable_material] omni.isaac.core.materials.deformable_material has been deprecated in favor of isaacsim.core.api.materials.deformable_material. Please update your code accordingly.
2025-06-10 18:44:45 [9,053ms] [Warning] [omni.isaac.core.utils.extensions] omni.isaac.core.utils.extensions has been deprecated in favor of isaacsim.core.utils.extensions. Please update your code accordingly.
2025-06-10 18:44:45 [9,053ms] [Warning] [omni.isaac.core.utils.types] omni.isaac.core.utils.types has been deprecated in favor of isaacsim.core.utils.types. Please update your code accordingly.
2025-06-10 18:44:47 [10,378ms] [Warning] [isaacsim.asset.importer.urdf] No mass specified for link base_link
2025-06-10 18:44:47 [10,379ms] [Warning] [isaacsim.asset.importer.urdf] Link base_link has no colliders, and no inertia was imported; assigning a small isotropic inertia matrix
2025-06-10 18:44:47 [10,380ms] [Warning] [isaacsim.asset.importer.urdf] No mass specified for link left_panda_link0
2025-06-10 18:44:47 [10,426ms] [Warning] [isaacsim.asset.importer.urdf] left_arm_fixed: Joint Axis is not body aligned with X, Y or Z primary axis. Adjusting PhysX joint alignment to Axis X and reorienting bodies.
2025-06-10 18:44:47 [10,649ms] [Warning] [isaacsim.asset.importer.urdf] No mass specified for link left_panda_link8
2025Starting kit application with the following args:  ['/home/dan/anaconda3/envs/env_isaacsim/lib/python3.10/site-packages/isaacsim/exts/isaacsim.simulation_app/isaacsim/simulation_app/simulation_app.py', '/home/dan/anaconda3/envs/env_isaacsim/lib/python3.10/site-packages/isaacsim/apps/isaacsim.exp.base.python.kit', '--/app/tokens/exe-path=/home/dan/anaconda3/envs/env_isaacsim/lib/python3.10/site-packages/omni', '--/persistent/app/viewport/displayOptions=3094', '--/rtx/materialDb/syncLoads=True', '--/rtx/hydra/materialSyncLoads=True', '--/omni.kit.plugin/syncUsdLoads=True', '--/app/renderer/resolution/width=1920', '--/app/renderer/resolution/height=1080', '--/app/window/width=1440', '--/app/window/height=900', '--/renderer/multiGpu/enabled=True', '--/app/fastShutdown=True', '--/app/installSignalHandlers=0', '--ext-folder', '/home/dan/anaconda3/envs/env_isaacsim/lib/python3.10/site-packages/isaacsim/exts', '--ext-folder', '/home/dan/anaconda3/envs/env_isaacsim/lib/python3.10/site-packages/isaacsim/apps', '--/physics/cudaDevice=0', '--portable', '--no-window', '--/app/window/hideUi=1']
Passing the following args to the base kit application:  ['--headless_mode', 'native']
Warp 1.5.0 initialized:
   CUDA Toolkit 11.8, Driver 12.8
   Devices:
     "cpu"      : "x86_64"
     "cuda:0"   : "NVIDIA GeForce RTX 4060" (8 GiB, sm_89, mempool enabled)
   Kernel cache:
     /home/dan/.cache/warp/1.5.0

=== Multi-arm Debug 1 ===
Available link poses: ['left_panda_hand', 'right_panda_hand']
Expected arm links: ['left_panda_hand', 'right_panda_hand']
Primary EE data shape: pos=torch.Size([400, 30, 3]), quat=torch.Size([400, 30, 4])
Arm 0 (left_panda_hand): Found link pose data
  Position shape: torch.Size([400, 30, 3])
  Position sample: tensor([-0.1894,  0.5000,  0.5907], device='cuda:0')
Arm 1 (right_panda_hand): Found link pose data
  Position shape: torch.Size([400, 30, 3])
  Position sample: tensor([0.4106, 0.5000, 0.5907], device='cuda:0')
Final 4D tensor shapes: pos=torch.Size([400, 30, 2, 3]), quat=torch.Size([400, 30, 2, 4])
=== End Multi-arm Debug ===


=== EE Poses Debug #1 ===
Multi-arm EE data shape: pos=torch.Size([400, 30, 2, 3]), quat=torch.Size([400, 30, 2, 4])

--- Arm 0 EE Poses Over Horizon ---
  t=0: pos=[-0.18941915  0.5         0.59071183], quat=[ 0.03820458 -0.919264   -0.38077164  0.092234  ]
  t=1: pos=[-0.18934609  0.4999221   0.5905876 ], quat=[ 0.03819102 -0.9192885  -0.38066116  0.09245137]
  t=2: pos=[-0.18932013  0.49992743  0.5907506 ], quat=[ 0.03818023 -0.91934043 -0.38057184  0.09230664]
  t=3: pos=[-0.18929496  0.49992427  0.5909287 ], quat=[ 0.03815898 -0.919362   -0.38056856  0.0921142 ]
  t=4: pos=[-0.18931071  0.49995413  0.59124017], quat=[ 0.03815693 -0.919376   -0.3806213   0.09175684]

--- Arm 1 EE Poses Over Horizon ---
  t=0: pos=[0.41058087 0.5        0.59071183], quat=[ 0.03820458 -0.919264   -0.38077164  0.092234  ]
  t=1: pos=[0.4104157 0.4998792 0.5908715], quat=[ 0.03824261 -0.9194566  -0.38042685  0.09171948]
  t=2: pos=[0.41020414 0.49969068 0.5908986 ], quat=[ 0.03846571 -0.9196672  -0.38000578  0.0912599 ]
  t=3: pos=[0.40991718 0.49938858 0.59092194], quat=[ 0.03883572 -0.9199598  -0.3793882   0.0907215 ]
  t=4: pos=[0.4095759  0.49906138 0.59089094], quat=[ 0.03929849 -0.92024964 -0.37875432  0.09023038]

--- Goal Targets ---
  Single goal: pos=[[-0.18941915  0.5         0.59071183]], quat=[[ 0.03820458 -0.919264   -0.38077164  0.092234  ]]
=== End EE Poses Debug ===


--- Arm 0 Cost Debug ---
  Arm 0 goal position: [-0.18941915  0.5         0.59071183]
  Arm 0 current position: [-0.18941915  0.5         0.59071183]
  Arm 0 position error: 0.0000
  Arm 0 average cost: 88.9401

--- Arm 1 Cost Debug ---
  Arm 1 goal position: [-0.18941915  0.5         0.59071183]
  Arm 1 current position: [0.41058087 0.5        0.59071183]
  Arm 1 position error: 0.6000
  Arm 1 average cost: 4936.9126
--- Total multi-arm cost: 5025.8525 ---


=== Multi-arm Debug 2 ===
Available link poses: ['left_panda_hand', 'right_panda_hand']
Expected arm links: ['left_panda_hand', 'right_panda_hand']
Primary EE data shape: pos=torch.Size([400, 30, 3]), quat=torch.Size([400, 30, 4])
Arm 0 (left_panda_hand): Found link pose data
  Position shape: torch.Size([400, 30, 3])
  Position sample: tensor([-0.1894,  0.5000,  0.5907], device='cuda:0')
Arm 1 (right_panda_hand): Found link pose data
  Position shape: torch.Size([400, 30, 3])
  Position sample: tensor([0.4106, 0.5000, 0.5907], device='cuda:0')
Final 4D tensor shapes: pos=torch.Size([400, 30, 2, 3]), quat=torch.Size([400, 30, 2, 4])
=== End Multi-arm Debug ===


=== EE Poses Debug #2 ===
Multi-arm EE data shape: pos=torch.Size([400, 30, 2, 3]), quat=torch.Size([400, 30, 2, 4])

--- Arm 0 EE Poses Over Horizon ---
  t=0: pos=[-0.18941915  0.5         0.59071183], quat=[ 0.03820458 -0.919264   -0.38077164  0.092234  ]
  t=1: pos=[-0.1891226  0.4999992  0.5905563], quat=[ 0.03818163 -0.91921717 -0.38082024  0.09251009]
  t=2: pos=[-0.18900225  0.5000079   0.5905859 ], quat=[ 0.03847782 -0.91917044 -0.38097116  0.09222963]
  t=3: pos=[-0.18878227  0.4999787   0.59052944], quat=[ 0.03892121 -0.91901803 -0.38136268  0.09194306]
  t=4: pos=[-0.1885957   0.49991268  0.59054434], quat=[ 0.039603   -0.9188445  -0.38184062  0.09140207]

--- Arm 1 EE Poses Over Horizon ---
  t=0: pos=[0.41058087 0.5        0.59071183], quat=[ 0.03820458 -0.919264   -0.38077164  0.092234  ]
  t=1: pos=[0.41025463 0.49996334 0.59084654], quat=[ 0.03840641 -0.919376   -0.38064378  0.09155872]
  t=2: pos=[0.40967613 0.49971995 0.5912148 ], quat=[ 0.03857656 -0.9196922  -0.38009113  0.09060299]
  t=3: pos=[0.40891907 0.49936542 0.59164155], quat=[ 0.03898776 -0.92009836 -0.3793572   0.08937103]
  t=4: pos=[0.4079961  0.49893403 0.59211296], quat=[ 0.03948722 -0.92054874 -0.37852055  0.08805159]

--- Goal Targets ---
  Single goal: pos=[[-0.18941915  0.5         0.59071183]], quat=[[ 0.03820458 -0.919264   -0.38077164  0.092234  ]]
=== End EE Poses Debug ===


--- Arm 0 Cost Debug ---
  Arm 0 goal position: [-0.18941915  0.5         0.59071183]
  Arm 0 current position: [-0.18941915  0.5         0.59071183]
  Arm 0 position error: 0.0000
  Arm 0 average cost: 114.6169

--- Arm 1 Cost Debug ---
  Arm 1 goal position: [-0.18941915  0.5         0.59071183]
  Arm 1 current position: [0.41058087 0.5        0.59071183]
  Arm 1 position error: 0.6000
  Arm 1 average cost: 4813.0513
--- Total multi-arm cost: 4927.6685 ---


=== Multi-arm Debug 3 ===
Available link poses: ['left_panda_hand', 'right_panda_hand']
Expected arm links: ['left_panda_hand', 'right_panda_hand']
Primary EE data shape: pos=torch.Size([400, 30, 3]), quat=torch.Size([400, 30, 4])
Arm 0 (left_panda_hand): Found link pose data
  Position shape: torch.Size([400, 30, 3])
  Position sample: tensor([-0.1894,  0.5000,  0.5907], device='cuda:0')
Arm 1 (right_panda_hand): Found link pose data
  Position shape: torch.Size([400, 30, 3])
  Position sample: tensor([0.4106, 0.5000, 0.5907], device='cuda:0')
Final 4D tensor shapes: pos=torch.Size([400, 30, 2, 3]), quat=torch.Size([400, 30, 2, 4])
=== End Multi-arm Debug ===


=== EE Poses Debug #3 ===
Multi-arm EE data shape: pos=torch.Size([400, 30, 2, 3]), quat=torch.Size([400, 30, 2, 4])

--- Arm 0 EE Poses Over Horizon ---
  t=0: pos=[-0.18941915  0.5         0.59071183], quat=[ 0.03820458 -0.919264   -0.38077164  0.092234  ]
  t=1: pos=[-0.18915954  0.49998826  0.59057766], quat=[ 0.0381612  -0.91938466 -0.3804249   0.09248094]
  t=2: pos=[-0.1891848   0.5001779   0.59085774], quat=[ 0.03762845 -0.9196058  -0.3800445   0.09206352]
  t=3: pos=[-0.18917203  0.5003528   0.5911016 ], quat=[ 0.03707641 -0.91981906 -0.37968665  0.09163246]
  t=4: pos=[-0.18925916  0.50054485  0.5915169 ], quat=[ 0.03643828 -0.9200799  -0.37930557  0.09084437]

--- Arm 1 EE Poses Over Horizon ---
  t=0: pos=[0.41058087 0.5        0.59071183], quat=[ 0.03820458 -0.919264   -0.38077164  0.092234  ]
  t=1: pos=[0.4100829 0.500092  0.5909066], quat=[ 0.03822626 -0.9193616  -0.38069054  0.09158566]
  t=2: pos=[0.40922487 0.49986535 0.59138143], quat=[ 0.03810792 -0.9198199  -0.37988132  0.09038508]
Warning: Possible version incompatibility. Attempting to load carb::cudainterop::CudaInterop with version v0.15 against v0.11.
