-- Install configuration: ""
-- Up-to-date: /workspaces/moveit2_UR5/install/ur5_moveit_config_tutorial/share/ament_index/resource_index/package_run_dependencies/ur5_moveit_config_tutorial
-- Up-to-date: /workspaces/moveit2_UR5/install/ur5_moveit_config_tutorial/share/ament_index/resource_index/parent_prefix_path/ur5_moveit_config_tutorial
-- Up-to-date: /workspaces/moveit2_UR5/install/ur5_moveit_config_tutorial/share/ur5_moveit_config_tutorial/environment/ament_prefix_path.sh
-- Up-to-date: /workspaces/moveit2_UR5/install/ur5_moveit_config_tutorial/share/ur5_moveit_config_tutorial/environment/ament_prefix_path.dsv
-- Up-to-date: /workspaces/moveit2_UR5/install/ur5_moveit_config_tutorial/share/ur5_moveit_config_tutorial/environment/path.sh
-- Up-to-date: /workspaces/moveit2_UR5/install/ur5_moveit_config_tutorial/share/ur5_moveit_config_tutorial/environment/path.dsv
-- Up-to-date: /workspaces/moveit2_UR5/install/ur5_moveit_config_tutorial/share/ur5_moveit_config_tutorial/local_setup.bash
-- Up-to-date: /workspaces/moveit2_UR5/install/ur5_moveit_config_tutorial/share/ur5_moveit_config_tutorial/local_setup.sh
-- Up-to-date: /workspaces/moveit2_UR5/install/ur5_moveit_config_tutorial/share/ur5_moveit_config_tutorial/local_setup.zsh
-- Up-to-date: /workspaces/moveit2_UR5/install/ur5_moveit_config_tutorial/share/ur5_moveit_config_tutorial/local_setup.dsv
-- Up-to-date: /workspaces/moveit2_UR5/install/ur5_moveit_config_tutorial/share/ur5_moveit_config_tutorial/package.dsv
-- Up-to-date: /workspaces/moveit2_UR5/install/ur5_moveit_config_tutorial/share/ament_index/resource_index/packages/ur5_moveit_config_tutorial
-- Up-to-date: /workspaces/moveit2_UR5/install/ur5_moveit_config_tutorial/share/ur5_moveit_config_tutorial/cmake/ur5_moveit_config_tutorialConfig.cmake
-- Up-to-date: /workspaces/moveit2_UR5/install/ur5_moveit_config_tutorial/share/ur5_moveit_config_tutorial/cmake/ur5_moveit_config_tutorialConfig-version.cmake
-- Up-to-date: /workspaces/moveit2_UR5/install/ur5_moveit_config_tutorial/share/ur5_moveit_config_tutorial/package.xml
-- Up-to-date: /workspaces/moveit2_UR5/install/ur5_moveit_config_tutorial/share/ur5_moveit_config_tutorial/launch
-- Up-to-date: /workspaces/moveit2_UR5/install/ur5_moveit_config_tutorial/share/ur5_moveit_config_tutorial/launch/warehouse_db.launch.py
-- Up-to-date: /workspaces/moveit2_UR5/install/ur5_moveit_config_tutorial/share/ur5_moveit_config_tutorial/launch/static_virtual_joint_tfs.launch.py
-- Up-to-date: /workspaces/moveit2_UR5/install/ur5_moveit_config_tutorial/share/ur5_moveit_config_tutorial/launch/setup_assistant.launch.py
-- Up-to-date: /workspaces/moveit2_UR5/install/ur5_moveit_config_tutorial/share/ur5_moveit_config_tutorial/launch/move_group.launch.py
-- Up-to-date: /workspaces/moveit2_UR5/install/ur5_moveit_config_tutorial/share/ur5_moveit_config_tutorial/launch/spawn_controllers.launch.py
-- Up-to-date: /workspaces/moveit2_UR5/install/ur5_moveit_config_tutorial/share/ur5_moveit_config_tutorial/launch/demo.launch.py
-- Up-to-date: /workspaces/moveit2_UR5/install/ur5_moveit_config_tutorial/share/ur5_moveit_config_tutorial/launch/moveit_rviz.launch.py
-- Up-to-date: /workspaces/moveit2_UR5/install/ur5_moveit_config_tutorial/share/ur5_moveit_config_tutorial/launch/rsp.launch.py
-- Up-to-date: /workspaces/moveit2_UR5/install/ur5_moveit_config_tutorial/share/ur5_moveit_config_tutorial/config
-- Up-to-date: /workspaces/moveit2_UR5/install/ur5_moveit_config_tutorial/share/ur5_moveit_config_tutorial/config/kinematics.yaml
-- Up-to-date: /workspaces/moveit2_UR5/install/ur5_moveit_config_tutorial/share/ur5_moveit_config_tutorial/config/moveit_controllers.yaml
-- Up-to-date: /workspaces/moveit2_UR5/install/ur5_moveit_config_tutorial/share/ur5_moveit_config_tutorial/config/ur5.srdf
-- Up-to-date: /workspaces/moveit2_UR5/install/ur5_moveit_config_tutorial/share/ur5_moveit_config_tutorial/config/initial_positions.yaml
-- Up-to-date: /workspaces/moveit2_UR5/install/ur5_moveit_config_tutorial/share/ur5_moveit_config_tutorial/config/moveit.rviz
-- Up-to-date: /workspaces/moveit2_UR5/install/ur5_moveit_config_tutorial/share/ur5_moveit_config_tutorial/config/pilz_cartesian_limits.yaml
-- Up-to-date: /workspaces/moveit2_UR5/install/ur5_moveit_config_tutorial/share/ur5_moveit_config_tutorial/config/ur5.urdf.xacro
-- Up-to-date: /workspaces/moveit2_UR5/install/ur5_moveit_config_tutorial/share/ur5_moveit_config_tutorial/config/joint_limits.yaml
-- Up-to-date: /workspaces/moveit2_UR5/install/ur5_moveit_config_tutorial/share/ur5_moveit_config_tutorial/config/ros2_controllers.yaml
-- Up-to-date: /workspaces/moveit2_UR5/install/ur5_moveit_config_tutorial/share/ur5_moveit_config_tutorial/config/ur5.ros2_control.xacro
-- Up-to-date: /workspaces/moveit2_UR5/install/ur5_moveit_config_tutorial/share/ur5_moveit_config_tutorial/.setup_assistant
