[0.013s] Invoking command in '/workspaces/moveit2_UR5/build/ur5_moveit_config_tutorial': AMENT_PREFIX_PATH=/workspaces/moveit2_UR5/install/robot_description:${AMENT_PREFIX_PATH} CMAKE_PREFIX_PATH=/workspaces/moveit2_UR5/install/robot_description:/workspaces/isaac_ros_ws/install/isaac_ros_test_cmake:/workspaces/isaac_ros_ws/install/isaac_ros_nitros_bridge_interfaces:/workspaces/isaac_ros_ws/install/isaac_ros_tensor_list_interfaces:/workspaces/isaac_ros_ws/install/isaac_ros_r2b_galileo:/workspaces/isaac_ros_ws/install/isaac_ros_pointcloud_interfaces:/workspaces/isaac_ros_ws/install/isaac_ros_nova_interfaces:/workspaces/isaac_ros_ws/install/isaac_ros_common:/workspaces/isaac_ros_ws/install/isaac_ros_bi3d_interfaces:/workspaces/isaac_ros_ws/install/isaac_ros_apriltag_interfaces:/workspaces/isaac_ros_ws/install/isaac_common:/workspaces/isaac_ros_ws/install/isaac_ros_test:/workspaces/isaac_ros_ws/install/isaac_ros_rosbag_utils:/workspaces/isaac_ros_ws/install/isaac_ros_launch_utils:/workspaces/isaac_ros_ws/install/isaac_common_py:/opt/ros/humble /usr/local/bin/cmake --build /workspaces/moveit2_UR5/build/ur5_moveit_config_tutorial -- -j16 -l16
[0.038s] Invoked command in '/workspaces/moveit2_UR5/build/ur5_moveit_config_tutorial' returned '0': AMENT_PREFIX_PATH=/workspaces/moveit2_UR5/install/robot_description:${AMENT_PREFIX_PATH} CMAKE_PREFIX_PATH=/workspaces/moveit2_UR5/install/robot_description:/workspaces/isaac_ros_ws/install/isaac_ros_test_cmake:/workspaces/isaac_ros_ws/install/isaac_ros_nitros_bridge_interfaces:/workspaces/isaac_ros_ws/install/isaac_ros_tensor_list_interfaces:/workspaces/isaac_ros_ws/install/isaac_ros_r2b_galileo:/workspaces/isaac_ros_ws/install/isaac_ros_pointcloud_interfaces:/workspaces/isaac_ros_ws/install/isaac_ros_nova_interfaces:/workspaces/isaac_ros_ws/install/isaac_ros_common:/workspaces/isaac_ros_ws/install/isaac_ros_bi3d_interfaces:/workspaces/isaac_ros_ws/install/isaac_ros_apriltag_interfaces:/workspaces/isaac_ros_ws/install/isaac_common:/workspaces/isaac_ros_ws/install/isaac_ros_test:/workspaces/isaac_ros_ws/install/isaac_ros_rosbag_utils:/workspaces/isaac_ros_ws/install/isaac_ros_launch_utils:/workspaces/isaac_ros_ws/install/isaac_common_py:/opt/ros/humble /usr/local/bin/cmake --build /workspaces/moveit2_UR5/build/ur5_moveit_config_tutorial -- -j16 -l16
[0.039s] Invoking command in '/workspaces/moveit2_UR5/build/ur5_moveit_config_tutorial': AMENT_PREFIX_PATH=/workspaces/moveit2_UR5/install/robot_description:${AMENT_PREFIX_PATH} CMAKE_PREFIX_PATH=/workspaces/moveit2_UR5/install/robot_description:/workspaces/isaac_ros_ws/install/isaac_ros_test_cmake:/workspaces/isaac_ros_ws/install/isaac_ros_nitros_bridge_interfaces:/workspaces/isaac_ros_ws/install/isaac_ros_tensor_list_interfaces:/workspaces/isaac_ros_ws/install/isaac_ros_r2b_galileo:/workspaces/isaac_ros_ws/install/isaac_ros_pointcloud_interfaces:/workspaces/isaac_ros_ws/install/isaac_ros_nova_interfaces:/workspaces/isaac_ros_ws/install/isaac_ros_common:/workspaces/isaac_ros_ws/install/isaac_ros_bi3d_interfaces:/workspaces/isaac_ros_ws/install/isaac_ros_apriltag_interfaces:/workspaces/isaac_ros_ws/install/isaac_common:/workspaces/isaac_ros_ws/install/isaac_ros_test:/workspaces/isaac_ros_ws/install/isaac_ros_rosbag_utils:/workspaces/isaac_ros_ws/install/isaac_ros_launch_utils:/workspaces/isaac_ros_ws/install/isaac_common_py:/opt/ros/humble /usr/local/bin/cmake --install /workspaces/moveit2_UR5/build/ur5_moveit_config_tutorial
[0.041s] -- Install configuration: ""
[0.041s] -- Up-to-date: /workspaces/moveit2_UR5/install/ur5_moveit_config_tutorial/share/ament_index/resource_index/package_run_dependencies/ur5_moveit_config_tutorial
[0.041s] -- Up-to-date: /workspaces/moveit2_UR5/install/ur5_moveit_config_tutorial/share/ament_index/resource_index/parent_prefix_path/ur5_moveit_config_tutorial
[0.042s] -- Up-to-date: /workspaces/moveit2_UR5/install/ur5_moveit_config_tutorial/share/ur5_moveit_config_tutorial/environment/ament_prefix_path.sh
[0.042s] -- Up-to-date: /workspaces/moveit2_UR5/install/ur5_moveit_config_tutorial/share/ur5_moveit_config_tutorial/environment/ament_prefix_path.dsv
[0.042s] -- Up-to-date: /workspaces/moveit2_UR5/install/ur5_moveit_config_tutorial/share/ur5_moveit_config_tutorial/environment/path.sh
[0.042s] -- Up-to-date: /workspaces/moveit2_UR5/install/ur5_moveit_config_tutorial/share/ur5_moveit_config_tutorial/environment/path.dsv
[0.042s] -- Up-to-date: /workspaces/moveit2_UR5/install/ur5_moveit_config_tutorial/share/ur5_moveit_config_tutorial/local_setup.bash
[0.042s] -- Up-to-date: /workspaces/moveit2_UR5/install/ur5_moveit_config_tutorial/share/ur5_moveit_config_tutorial/local_setup.sh
[0.042s] -- Up-to-date: /workspaces/moveit2_UR5/install/ur5_moveit_config_tutorial/share/ur5_moveit_config_tutorial/local_setup.zsh
[0.042s] -- Up-to-date: /workspaces/moveit2_UR5/install/ur5_moveit_config_tutorial/share/ur5_moveit_config_tutorial/local_setup.dsv
[0.042s] -- Up-to-date: /workspaces/moveit2_UR5/install/ur5_moveit_config_tutorial/share/ur5_moveit_config_tutorial/package.dsv
[0.042s] -- Up-to-date: /workspaces/moveit2_UR5/install/ur5_moveit_config_tutorial/share/ament_index/resource_index/packages/ur5_moveit_config_tutorial
[0.042s] -- Up-to-date: /workspaces/moveit2_UR5/install/ur5_moveit_config_tutorial/share/ur5_moveit_config_tutorial/cmake/ur5_moveit_config_tutorialConfig.cmake
[0.042s] -- Up-to-date: /workspaces/moveit2_UR5/install/ur5_moveit_config_tutorial/share/ur5_moveit_config_tutorial/cmake/ur5_moveit_config_tutorialConfig-version.cmake
[0.042s] -- Up-to-date: /workspaces/moveit2_UR5/install/ur5_moveit_config_tutorial/share/ur5_moveit_config_tutorial/package.xml
[0.042s] -- Up-to-date: /workspaces/moveit2_UR5/install/ur5_moveit_config_tutorial/share/ur5_moveit_config_tutorial/launch
[0.042s] -- Up-to-date: /workspaces/moveit2_UR5/install/ur5_moveit_config_tutorial/share/ur5_moveit_config_tutorial/launch/warehouse_db.launch.py
[0.043s] -- Up-to-date: /workspaces/moveit2_UR5/install/ur5_moveit_config_tutorial/share/ur5_moveit_config_tutorial/launch/static_virtual_joint_tfs.launch.py
[0.043s] -- Up-to-date: /workspaces/moveit2_UR5/install/ur5_moveit_config_tutorial/share/ur5_moveit_config_tutorial/launch/setup_assistant.launch.py
[0.043s] -- Up-to-date: /workspaces/moveit2_UR5/install/ur5_moveit_config_tutorial/share/ur5_moveit_config_tutorial/launch/move_group.launch.py
[0.043s] -- Up-to-date: /workspaces/moveit2_UR5/install/ur5_moveit_config_tutorial/share/ur5_moveit_config_tutorial/launch/spawn_controllers.launch.py
[0.043s] -- Up-to-date: /workspaces/moveit2_UR5/install/ur5_moveit_config_tutorial/share/ur5_moveit_config_tutorial/launch/demo.launch.py
[0.043s] -- Up-to-date: /workspaces/moveit2_UR5/install/ur5_moveit_config_tutorial/share/ur5_moveit_config_tutorial/launch/moveit_rviz.launch.py
[0.043s] -- Up-to-date: /workspaces/moveit2_UR5/install/ur5_moveit_config_tutorial/share/ur5_moveit_config_tutorial/launch/rsp.launch.py
[0.043s] -- Up-to-date: /workspaces/moveit2_UR5/install/ur5_moveit_config_tutorial/share/ur5_moveit_config_tutorial/config
[0.043s] -- Up-to-date: /workspaces/moveit2_UR5/install/ur5_moveit_config_tutorial/share/ur5_moveit_config_tutorial/config/kinematics.yaml
[0.043s] -- Up-to-date: /workspaces/moveit2_UR5/install/ur5_moveit_config_tutorial/share/ur5_moveit_config_tutorial/config/moveit_controllers.yaml
[0.043s] -- Up-to-date: /workspaces/moveit2_UR5/install/ur5_moveit_config_tutorial/share/ur5_moveit_config_tutorial/config/ur5.srdf
[0.043s] -- Up-to-date: /workspaces/moveit2_UR5/install/ur5_moveit_config_tutorial/share/ur5_moveit_config_tutorial/config/initial_positions.yaml
[0.043s] -- Up-to-date: /workspaces/moveit2_UR5/install/ur5_moveit_config_tutorial/share/ur5_moveit_config_tutorial/config/moveit.rviz
[0.043s] -- Up-to-date: /workspaces/moveit2_UR5/install/ur5_moveit_config_tutorial/share/ur5_moveit_config_tutorial/config/pilz_cartesian_limits.yaml
[0.044s] -- Up-to-date: /workspaces/moveit2_UR5/install/ur5_moveit_config_tutorial/share/ur5_moveit_config_tutorial/config/ur5.urdf.xacro
[0.044s] -- Up-to-date: /workspaces/moveit2_UR5/install/ur5_moveit_config_tutorial/share/ur5_moveit_config_tutorial/config/joint_limits.yaml
[0.044s] -- Up-to-date: /workspaces/moveit2_UR5/install/ur5_moveit_config_tutorial/share/ur5_moveit_config_tutorial/config/ros2_controllers.yaml
[0.044s] -- Up-to-date: /workspaces/moveit2_UR5/install/ur5_moveit_config_tutorial/share/ur5_moveit_config_tutorial/config/ur5.ros2_control.xacro
[0.044s] -- Up-to-date: /workspaces/moveit2_UR5/install/ur5_moveit_config_tutorial/share/ur5_moveit_config_tutorial/.setup_assistant
[0.044s] Invoked command in '/workspaces/moveit2_UR5/build/ur5_moveit_config_tutorial' returned '0': AMENT_PREFIX_PATH=/workspaces/moveit2_UR5/install/robot_description:${AMENT_PREFIX_PATH} CMAKE_PREFIX_PATH=/workspaces/moveit2_UR5/install/robot_description:/workspaces/isaac_ros_ws/install/isaac_ros_test_cmake:/workspaces/isaac_ros_ws/install/isaac_ros_nitros_bridge_interfaces:/workspaces/isaac_ros_ws/install/isaac_ros_tensor_list_interfaces:/workspaces/isaac_ros_ws/install/isaac_ros_r2b_galileo:/workspaces/isaac_ros_ws/install/isaac_ros_pointcloud_interfaces:/workspaces/isaac_ros_ws/install/isaac_ros_nova_interfaces:/workspaces/isaac_ros_ws/install/isaac_ros_common:/workspaces/isaac_ros_ws/install/isaac_ros_bi3d_interfaces:/workspaces/isaac_ros_ws/install/isaac_ros_apriltag_interfaces:/workspaces/isaac_ros_ws/install/isaac_common:/workspaces/isaac_ros_ws/install/isaac_ros_test:/workspaces/isaac_ros_ws/install/isaac_ros_rosbag_utils:/workspaces/isaac_ros_ws/install/isaac_ros_launch_utils:/workspaces/isaac_ros_ws/install/isaac_common_py:/opt/ros/humble /usr/local/bin/cmake --install /workspaces/moveit2_UR5/build/ur5_moveit_config_tutorial
