[0.458s] Invoking command in '/workspace/rl_for_curobo/projects_root/ros/workspaces/isaac_moveit_ws/src/isaac_moveit_main': PYTHONPATH=/workspace/rl_for_curobo/projects_root/ros/workspaces/isaac_moveit_ws/build/isaac_moveit_main/prefix_override:/usr/lib/python3/dist-packages/colcon_core/task/python/colcon_distutils_commands:/workspace/rl_for_curobo/projects_root/ros/workspaces/isaac_moveit_ws/install/isaac_moveit_main/lib/python3.10/site-packages:${PYTHONPATH} /usr/bin/python3 -W ignore:setup.py install is deprecated -W ignore:easy_install command is deprecated setup.py egg_info --egg-base ../../build/isaac_moveit_main build --build-base /workspace/rl_for_curobo/projects_root/ros/workspaces/isaac_moveit_ws/build/isaac_moveit_main/build install --record /workspace/rl_for_curobo/projects_root/ros/workspaces/isaac_moveit_ws/build/isaac_moveit_main/install.log --single-version-externally-managed install_data
[0.619s] running egg_info
[0.620s] writing ../../build/isaac_moveit_main/isaac_moveit_main.egg-info/PKG-INFO
[0.620s] writing dependency_links to ../../build/isaac_moveit_main/isaac_moveit_main.egg-info/dependency_links.txt
[0.620s] writing entry points to ../../build/isaac_moveit_main/isaac_moveit_main.egg-info/entry_points.txt
[0.620s] writing requirements to ../../build/isaac_moveit_main/isaac_moveit_main.egg-info/requires.txt
[0.620s] writing top-level names to ../../build/isaac_moveit_main/isaac_moveit_main.egg-info/top_level.txt
[0.621s] reading manifest file '../../build/isaac_moveit_main/isaac_moveit_main.egg-info/SOURCES.txt'
[0.622s] writing manifest file '../../build/isaac_moveit_main/isaac_moveit_main.egg-info/SOURCES.txt'
[0.622s] running build
[0.622s] running build_py
[0.622s] copying isaac_moveit_main/test_dual_arm_planning.py -> /workspace/rl_for_curobo/projects_root/ros/workspaces/isaac_moveit_ws/build/isaac_moveit_main/build/lib/isaac_moveit_main
[0.622s] running install
[0.623s] running install_lib
[0.623s] copying /workspace/rl_for_curobo/projects_root/ros/workspaces/isaac_moveit_ws/build/isaac_moveit_main/build/lib/isaac_moveit_main/test_dual_arm_planning.py -> /workspace/rl_for_curobo/projects_root/ros/workspaces/isaac_moveit_ws/install/isaac_moveit_main/lib/python3.10/site-packages/isaac_moveit_main
[0.624s] byte-compiling /workspace/rl_for_curobo/projects_root/ros/workspaces/isaac_moveit_ws/install/isaac_moveit_main/lib/python3.10/site-packages/isaac_moveit_main/test_dual_arm_planning.py to test_dual_arm_planning.cpython-310.pyc
[0.624s] running install_data
[0.624s] running install_egg_info
[0.626s] removing '/workspace/rl_for_curobo/projects_root/ros/workspaces/isaac_moveit_ws/install/isaac_moveit_main/lib/python3.10/site-packages/isaac_moveit_main-0.0.0-py3.10.egg-info' (and everything under it)
[0.626s] Copying ../../build/isaac_moveit_main/isaac_moveit_main.egg-info to /workspace/rl_for_curobo/projects_root/ros/workspaces/isaac_moveit_ws/install/isaac_moveit_main/lib/python3.10/site-packages/isaac_moveit_main-0.0.0-py3.10.egg-info
[0.626s] running install_scripts
[0.641s] Installing goal_sender script to /workspace/rl_for_curobo/projects_root/ros/workspaces/isaac_moveit_ws/install/isaac_moveit_main/lib/isaac_moveit_main
[0.641s] Installing launch_isaac script to /workspace/rl_for_curobo/projects_root/ros/workspaces/isaac_moveit_ws/install/isaac_moveit_main/lib/isaac_moveit_main
[0.641s] Installing launch_rviz_moveit script to /workspace/rl_for_curobo/projects_root/ros/workspaces/isaac_moveit_ws/install/isaac_moveit_main/lib/isaac_moveit_main
[0.641s] Installing moveit_monitor script to /workspace/rl_for_curobo/projects_root/ros/workspaces/isaac_moveit_ws/install/isaac_moveit_main/lib/isaac_moveit_main
[0.641s] writing list of installed files to '/workspace/rl_for_curobo/projects_root/ros/workspaces/isaac_moveit_ws/build/isaac_moveit_main/install.log'
[0.657s] Invoked command in '/workspace/rl_for_curobo/projects_root/ros/workspaces/isaac_moveit_ws/src/isaac_moveit_main' returned '0': PYTHONPATH=/workspace/rl_for_curobo/projects_root/ros/workspaces/isaac_moveit_ws/build/isaac_moveit_main/prefix_override:/usr/lib/python3/dist-packages/colcon_core/task/python/colcon_distutils_commands:/workspace/rl_for_curobo/projects_root/ros/workspaces/isaac_moveit_ws/install/isaac_moveit_main/lib/python3.10/site-packages:${PYTHONPATH} /usr/bin/python3 -W ignore:setup.py install is deprecated -W ignore:easy_install command is deprecated setup.py egg_info --egg-base ../../build/isaac_moveit_main build --build-base /workspace/rl_for_curobo/projects_root/ros/workspaces/isaac_moveit_ws/build/isaac_moveit_main/build install --record /workspace/rl_for_curobo/projects_root/ros/workspaces/isaac_moveit_ws/build/isaac_moveit_main/install.log --single-version-externally-managed install_data
