[0.007s] Invoking command in '/workspace/rl_for_curobo/projects_root/ros/workspaces/isaac_moveit_ws/build/moveit_config': CMAKE_PREFIX_PATH=/workspace/rl_for_curobo/projects_root/ros/workspaces/isaac_moveit_ws/install/robot_description:/workspace/rl_for_curobo/projects_root/ros/workspaces/isaac_moveit_ws/install/ur5_moveit_config:/workspace/rl_for_curobo/projects_root/ros/workspaces/isaac_moveit_ws/install/moveit_config:/workspaces/isaac_ros_ws/install/isaac_ros_test_cmake:/workspaces/isaac_ros_ws/install/isaac_ros_nitros_bridge_interfaces:/workspaces/isaac_ros_ws/install/isaac_ros_tensor_list_interfaces:/workspaces/isaac_ros_ws/install/isaac_ros_r2b_galileo:/workspaces/isaac_ros_ws/install/isaac_ros_pointcloud_interfaces:/workspaces/isaac_ros_ws/install/isaac_ros_nova_interfaces:/workspaces/isaac_ros_ws/install/isaac_ros_common:/workspaces/isaac_ros_ws/install/isaac_ros_bi3d_interfaces:/workspaces/isaac_ros_ws/install/isaac_ros_apriltag_interfaces:/workspaces/isaac_ros_ws/install/isaac_common:/workspace/rl_for_curobo/projects_root/ros/workspaces/isaac_moveit_ws/install/isaac_moveit_main:/workspaces/isaac_ros_ws/install/isaac_ros_test:/workspaces/isaac_ros_ws/install/isaac_ros_rosbag_utils:/workspaces/isaac_ros_ws/install/isaac_ros_launch_utils:/workspaces/isaac_ros_ws/install/isaac_common_py:/opt/ros/humble /usr/local/bin/cmake --build /workspace/rl_for_curobo/projects_root/ros/workspaces/isaac_moveit_ws/build/moveit_config -- -j16 -l16
[0.024s] Invoked command in '/workspace/rl_for_curobo/projects_root/ros/workspaces/isaac_moveit_ws/build/moveit_config' returned '0': CMAKE_PREFIX_PATH=/workspace/rl_for_curobo/projects_root/ros/workspaces/isaac_moveit_ws/install/robot_description:/workspace/rl_for_curobo/projects_root/ros/workspaces/isaac_moveit_ws/install/ur5_moveit_config:/workspace/rl_for_curobo/projects_root/ros/workspaces/isaac_moveit_ws/install/moveit_config:/workspaces/isaac_ros_ws/install/isaac_ros_test_cmake:/workspaces/isaac_ros_ws/install/isaac_ros_nitros_bridge_interfaces:/workspaces/isaac_ros_ws/install/isaac_ros_tensor_list_interfaces:/workspaces/isaac_ros_ws/install/isaac_ros_r2b_galileo:/workspaces/isaac_ros_ws/install/isaac_ros_pointcloud_interfaces:/workspaces/isaac_ros_ws/install/isaac_ros_nova_interfaces:/workspaces/isaac_ros_ws/install/isaac_ros_common:/workspaces/isaac_ros_ws/install/isaac_ros_bi3d_interfaces:/workspaces/isaac_ros_ws/install/isaac_ros_apriltag_interfaces:/workspaces/isaac_ros_ws/install/isaac_common:/workspace/rl_for_curobo/projects_root/ros/workspaces/isaac_moveit_ws/install/isaac_moveit_main:/workspaces/isaac_ros_ws/install/isaac_ros_test:/workspaces/isaac_ros_ws/install/isaac_ros_rosbag_utils:/workspaces/isaac_ros_ws/install/isaac_ros_launch_utils:/workspaces/isaac_ros_ws/install/isaac_common_py:/opt/ros/humble /usr/local/bin/cmake --build /workspace/rl_for_curobo/projects_root/ros/workspaces/isaac_moveit_ws/build/moveit_config -- -j16 -l16
[0.025s] Invoking command in '/workspace/rl_for_curobo/projects_root/ros/workspaces/isaac_moveit_ws/build/moveit_config': CMAKE_PREFIX_PATH=/workspace/rl_for_curobo/projects_root/ros/workspaces/isaac_moveit_ws/install/robot_description:/workspace/rl_for_curobo/projects_root/ros/workspaces/isaac_moveit_ws/install/ur5_moveit_config:/workspace/rl_for_curobo/projects_root/ros/workspaces/isaac_moveit_ws/install/moveit_config:/workspaces/isaac_ros_ws/install/isaac_ros_test_cmake:/workspaces/isaac_ros_ws/install/isaac_ros_nitros_bridge_interfaces:/workspaces/isaac_ros_ws/install/isaac_ros_tensor_list_interfaces:/workspaces/isaac_ros_ws/install/isaac_ros_r2b_galileo:/workspaces/isaac_ros_ws/install/isaac_ros_pointcloud_interfaces:/workspaces/isaac_ros_ws/install/isaac_ros_nova_interfaces:/workspaces/isaac_ros_ws/install/isaac_ros_common:/workspaces/isaac_ros_ws/install/isaac_ros_bi3d_interfaces:/workspaces/isaac_ros_ws/install/isaac_ros_apriltag_interfaces:/workspaces/isaac_ros_ws/install/isaac_common:/workspace/rl_for_curobo/projects_root/ros/workspaces/isaac_moveit_ws/install/isaac_moveit_main:/workspaces/isaac_ros_ws/install/isaac_ros_test:/workspaces/isaac_ros_ws/install/isaac_ros_rosbag_utils:/workspaces/isaac_ros_ws/install/isaac_ros_launch_utils:/workspaces/isaac_ros_ws/install/isaac_common_py:/opt/ros/humble /usr/local/bin/cmake --install /workspace/rl_for_curobo/projects_root/ros/workspaces/isaac_moveit_ws/build/moveit_config
[0.028s] -- Install configuration: ""
[0.028s] -- Up-to-date: /workspace/rl_for_curobo/projects_root/ros/workspaces/isaac_moveit_ws/install/moveit_config/share/ament_index/resource_index/package_run_dependencies/moveit_config
[0.028s] -- Up-to-date: /workspace/rl_for_curobo/projects_root/ros/workspaces/isaac_moveit_ws/install/moveit_config/share/ament_index/resource_index/parent_prefix_path/moveit_config
[0.028s] -- Up-to-date: /workspace/rl_for_curobo/projects_root/ros/workspaces/isaac_moveit_ws/install/moveit_config/share/moveit_config/environment/ament_prefix_path.sh
[0.028s] -- Up-to-date: /workspace/rl_for_curobo/projects_root/ros/workspaces/isaac_moveit_ws/install/moveit_config/share/moveit_config/environment/ament_prefix_path.dsv
[0.028s] -- Up-to-date: /workspace/rl_for_curobo/projects_root/ros/workspaces/isaac_moveit_ws/install/moveit_config/share/moveit_config/environment/path.sh
[0.028s] -- Up-to-date: /workspace/rl_for_curobo/projects_root/ros/workspaces/isaac_moveit_ws/install/moveit_config/share/moveit_config/environment/path.dsv
[0.028s] -- Up-to-date: /workspace/rl_for_curobo/projects_root/ros/workspaces/isaac_moveit_ws/install/moveit_config/share/moveit_config/local_setup.bash
[0.028s] -- Up-to-date: /workspace/rl_for_curobo/projects_root/ros/workspaces/isaac_moveit_ws/install/moveit_config/share/moveit_config/local_setup.sh
[0.028s] -- Up-to-date: /workspace/rl_for_curobo/projects_root/ros/workspaces/isaac_moveit_ws/install/moveit_config/share/moveit_config/local_setup.zsh
[0.028s] -- Up-to-date: /workspace/rl_for_curobo/projects_root/ros/workspaces/isaac_moveit_ws/install/moveit_config/share/moveit_config/local_setup.dsv
[0.028s] -- Installing: /workspace/rl_for_curobo/projects_root/ros/workspaces/isaac_moveit_ws/install/moveit_config/share/moveit_config/package.dsv
[0.028s] -- Up-to-date: /workspace/rl_for_curobo/projects_root/ros/workspaces/isaac_moveit_ws/install/moveit_config/share/ament_index/resource_index/packages/moveit_config
[0.028s] -- Up-to-date: /workspace/rl_for_curobo/projects_root/ros/workspaces/isaac_moveit_ws/install/moveit_config/share/moveit_config/cmake/moveit_configConfig.cmake
[0.028s] -- Up-to-date: /workspace/rl_for_curobo/projects_root/ros/workspaces/isaac_moveit_ws/install/moveit_config/share/moveit_config/cmake/moveit_configConfig-version.cmake
[0.028s] -- Up-to-date: /workspace/rl_for_curobo/projects_root/ros/workspaces/isaac_moveit_ws/install/moveit_config/share/moveit_config/package.xml
[0.028s] -- Up-to-date: /workspace/rl_for_curobo/projects_root/ros/workspaces/isaac_moveit_ws/install/moveit_config/share/moveit_config/launch
[0.028s] -- Up-to-date: /workspace/rl_for_curobo/projects_root/ros/workspaces/isaac_moveit_ws/install/moveit_config/share/moveit_config/launch/warehouse_db.launch.py
[0.028s] -- Up-to-date: /workspace/rl_for_curobo/projects_root/ros/workspaces/isaac_moveit_ws/install/moveit_config/share/moveit_config/launch/static_virtual_joint_tfs.launch.py
[0.029s] -- Up-to-date: /workspace/rl_for_curobo/projects_root/ros/workspaces/isaac_moveit_ws/install/moveit_config/share/moveit_config/launch/setup_assistant.launch.py
[0.029s] -- Up-to-date: /workspace/rl_for_curobo/projects_root/ros/workspaces/isaac_moveit_ws/install/moveit_config/share/moveit_config/launch/move_group.launch.py
[0.029s] -- Up-to-date: /workspace/rl_for_curobo/projects_root/ros/workspaces/isaac_moveit_ws/install/moveit_config/share/moveit_config/launch/spawn_controllers.launch.py
[0.029s] -- Up-to-date: /workspace/rl_for_curobo/projects_root/ros/workspaces/isaac_moveit_ws/install/moveit_config/share/moveit_config/launch/demo.launch.py
[0.029s] -- Up-to-date: /workspace/rl_for_curobo/projects_root/ros/workspaces/isaac_moveit_ws/install/moveit_config/share/moveit_config/launch/moveit_rviz.launch.py
[0.029s] -- Up-to-date: /workspace/rl_for_curobo/projects_root/ros/workspaces/isaac_moveit_ws/install/moveit_config/share/moveit_config/launch/rsp.launch.py
[0.029s] -- Up-to-date: /workspace/rl_for_curobo/projects_root/ros/workspaces/isaac_moveit_ws/install/moveit_config/share/moveit_config/config
[0.029s] -- Up-to-date: /workspace/rl_for_curobo/projects_root/ros/workspaces/isaac_moveit_ws/install/moveit_config/share/moveit_config/config/sensors_3d.yaml
[0.029s] -- Up-to-date: /workspace/rl_for_curobo/projects_root/ros/workspaces/isaac_moveit_ws/install/moveit_config/share/moveit_config/config/ur5
[0.029s] -- Up-to-date: /workspace/rl_for_curobo/projects_root/ros/workspaces/isaac_moveit_ws/install/moveit_config/share/moveit_config/config/ur5/ur5.usd
[0.029s] -- Up-to-date: /workspace/rl_for_curobo/projects_root/ros/workspaces/isaac_moveit_ws/install/moveit_config/share/moveit_config/config/kinematics.yaml
[0.029s] -- Up-to-date: /workspace/rl_for_curobo/projects_root/ros/workspaces/isaac_moveit_ws/install/moveit_config/share/moveit_config/config/moveit_controllers.yaml
[0.029s] -- Up-to-date: /workspace/rl_for_curobo/projects_root/ros/workspaces/isaac_moveit_ws/install/moveit_config/share/moveit_config/config/ur5.srdf
[0.029s] -- Up-to-date: /workspace/rl_for_curobo/projects_root/ros/workspaces/isaac_moveit_ws/install/moveit_config/share/moveit_config/config/initial_positions.yaml
[0.029s] -- Up-to-date: /workspace/rl_for_curobo/projects_root/ros/workspaces/isaac_moveit_ws/install/moveit_config/share/moveit_config/config/ur5.urdf
[0.030s] -- Up-to-date: /workspace/rl_for_curobo/projects_root/ros/workspaces/isaac_moveit_ws/install/moveit_config/share/moveit_config/config/moveit.rviz
[0.030s] -- Up-to-date: /workspace/rl_for_curobo/projects_root/ros/workspaces/isaac_moveit_ws/install/moveit_config/share/moveit_config/config/pilz_cartesian_limits.yaml
[0.030s] -- Up-to-date: /workspace/rl_for_curobo/projects_root/ros/workspaces/isaac_moveit_ws/install/moveit_config/share/moveit_config/config/ur5.urdf.xacro
[0.030s] -- Up-to-date: /workspace/rl_for_curobo/projects_root/ros/workspaces/isaac_moveit_ws/install/moveit_config/share/moveit_config/config/joint_limits.yaml
[0.030s] -- Up-to-date: /workspace/rl_for_curobo/projects_root/ros/workspaces/isaac_moveit_ws/install/moveit_config/share/moveit_config/config/ros2_controllers.yaml
[0.030s] -- Up-to-date: /workspace/rl_for_curobo/projects_root/ros/workspaces/isaac_moveit_ws/install/moveit_config/share/moveit_config/config/ur5.ros2_control.xacro
[0.031s] -- Up-to-date: /workspace/rl_for_curobo/projects_root/ros/workspaces/isaac_moveit_ws/install/moveit_config/share/moveit_config/.setup_assistant
[0.031s] Invoked command in '/workspace/rl_for_curobo/projects_root/ros/workspaces/isaac_moveit_ws/build/moveit_config' returned '0': CMAKE_PREFIX_PATH=/workspace/rl_for_curobo/projects_root/ros/workspaces/isaac_moveit_ws/install/robot_description:/workspace/rl_for_curobo/projects_root/ros/workspaces/isaac_moveit_ws/install/ur5_moveit_config:/workspace/rl_for_curobo/projects_root/ros/workspaces/isaac_moveit_ws/install/moveit_config:/workspaces/isaac_ros_ws/install/isaac_ros_test_cmake:/workspaces/isaac_ros_ws/install/isaac_ros_nitros_bridge_interfaces:/workspaces/isaac_ros_ws/install/isaac_ros_tensor_list_interfaces:/workspaces/isaac_ros_ws/install/isaac_ros_r2b_galileo:/workspaces/isaac_ros_ws/install/isaac_ros_pointcloud_interfaces:/workspaces/isaac_ros_ws/install/isaac_ros_nova_interfaces:/workspaces/isaac_ros_ws/install/isaac_ros_common:/workspaces/isaac_ros_ws/install/isaac_ros_bi3d_interfaces:/workspaces/isaac_ros_ws/install/isaac_ros_apriltag_interfaces:/workspaces/isaac_ros_ws/install/isaac_common:/workspace/rl_for_curobo/projects_root/ros/workspaces/isaac_moveit_ws/install/isaac_moveit_main:/workspaces/isaac_ros_ws/install/isaac_ros_test:/workspaces/isaac_ros_ws/install/isaac_ros_rosbag_utils:/workspaces/isaac_ros_ws/install/isaac_ros_launch_utils:/workspaces/isaac_ros_ws/install/isaac_common_py:/opt/ros/humble /usr/local/bin/cmake --install /workspace/rl_for_curobo/projects_root/ros/workspaces/isaac_moveit_ws/build/moveit_config
