-- Install configuration: ""
-- Up-to-date: /workspace/rl_for_curobo/projects_root/ros/workspaces/isaac_moveit_ws/install/moveit_config/share/ament_index/resource_index/package_run_dependencies/moveit_config
-- Up-to-date: /workspace/rl_for_curobo/projects_root/ros/workspaces/isaac_moveit_ws/install/moveit_config/share/ament_index/resource_index/parent_prefix_path/moveit_config
-- Up-to-date: /workspace/rl_for_curobo/projects_root/ros/workspaces/isaac_moveit_ws/install/moveit_config/share/moveit_config/environment/ament_prefix_path.sh
-- Up-to-date: /workspace/rl_for_curobo/projects_root/ros/workspaces/isaac_moveit_ws/install/moveit_config/share/moveit_config/environment/ament_prefix_path.dsv
-- Up-to-date: /workspace/rl_for_curobo/projects_root/ros/workspaces/isaac_moveit_ws/install/moveit_config/share/moveit_config/environment/path.sh
-- Up-to-date: /workspace/rl_for_curobo/projects_root/ros/workspaces/isaac_moveit_ws/install/moveit_config/share/moveit_config/environment/path.dsv
-- Up-to-date: /workspace/rl_for_curobo/projects_root/ros/workspaces/isaac_moveit_ws/install/moveit_config/share/moveit_config/local_setup.bash
-- Up-to-date: /workspace/rl_for_curobo/projects_root/ros/workspaces/isaac_moveit_ws/install/moveit_config/share/moveit_config/local_setup.sh
-- Up-to-date: /workspace/rl_for_curobo/projects_root/ros/workspaces/isaac_moveit_ws/install/moveit_config/share/moveit_config/local_setup.zsh
-- Up-to-date: /workspace/rl_for_curobo/projects_root/ros/workspaces/isaac_moveit_ws/install/moveit_config/share/moveit_config/local_setup.dsv
-- Installing: /workspace/rl_for_curobo/projects_root/ros/workspaces/isaac_moveit_ws/install/moveit_config/share/moveit_config/package.dsv
-- Up-to-date: /workspace/rl_for_curobo/projects_root/ros/workspaces/isaac_moveit_ws/install/moveit_config/share/ament_index/resource_index/packages/moveit_config
-- Up-to-date: /workspace/rl_for_curobo/projects_root/ros/workspaces/isaac_moveit_ws/install/moveit_config/share/moveit_config/cmake/moveit_configConfig.cmake
-- Up-to-date: /workspace/rl_for_curobo/projects_root/ros/workspaces/isaac_moveit_ws/install/moveit_config/share/moveit_config/cmake/moveit_configConfig-version.cmake
-- Up-to-date: /workspace/rl_for_curobo/projects_root/ros/workspaces/isaac_moveit_ws/install/moveit_config/share/moveit_config/package.xml
-- Up-to-date: /workspace/rl_for_curobo/projects_root/ros/workspaces/isaac_moveit_ws/install/moveit_config/share/moveit_config/launch
-- Up-to-date: /workspace/rl_for_curobo/projects_root/ros/workspaces/isaac_moveit_ws/install/moveit_config/share/moveit_config/launch/warehouse_db.launch.py
-- Up-to-date: /workspace/rl_for_curobo/projects_root/ros/workspaces/isaac_moveit_ws/install/moveit_config/share/moveit_config/launch/static_virtual_joint_tfs.launch.py
-- Up-to-date: /workspace/rl_for_curobo/projects_root/ros/workspaces/isaac_moveit_ws/install/moveit_config/share/moveit_config/launch/setup_assistant.launch.py
-- Installing: /workspace/rl_for_curobo/projects_root/ros/workspaces/isaac_moveit_ws/install/moveit_config/share/moveit_config/launch/move_group.launch.py
-- Up-to-date: /workspace/rl_for_curobo/projects_root/ros/workspaces/isaac_moveit_ws/install/moveit_config/share/moveit_config/launch/spawn_controllers.launch.py
-- Installing: /workspace/rl_for_curobo/projects_root/ros/workspaces/isaac_moveit_ws/install/moveit_config/share/moveit_config/launch/demo.launch.py
-- Up-to-date: /workspace/rl_for_curobo/projects_root/ros/workspaces/isaac_moveit_ws/install/moveit_config/share/moveit_config/launch/moveit_rviz.launch.py
-- Up-to-date: /workspace/rl_for_curobo/projects_root/ros/workspaces/isaac_moveit_ws/install/moveit_config/share/moveit_config/launch/rsp.launch.py
-- Up-to-date: /workspace/rl_for_curobo/projects_root/ros/workspaces/isaac_moveit_ws/install/moveit_config/share/moveit_config/config
-- Up-to-date: /workspace/rl_for_curobo/projects_root/ros/workspaces/isaac_moveit_ws/install/moveit_config/share/moveit_config/config/sensors_3d.yaml
-- Up-to-date: /workspace/rl_for_curobo/projects_root/ros/workspaces/isaac_moveit_ws/install/moveit_config/share/moveit_config/config/ur5
-- Up-to-date: /workspace/rl_for_curobo/projects_root/ros/workspaces/isaac_moveit_ws/install/moveit_config/share/moveit_config/config/ur5/ur5.usd
-- Up-to-date: /workspace/rl_for_curobo/projects_root/ros/workspaces/isaac_moveit_ws/install/moveit_config/share/moveit_config/config/kinematics.yaml
-- Up-to-date: /workspace/rl_for_curobo/projects_root/ros/workspaces/isaac_moveit_ws/install/moveit_config/share/moveit_config/config/moveit_controllers.yaml
-- Up-to-date: /workspace/rl_for_curobo/projects_root/ros/workspaces/isaac_moveit_ws/install/moveit_config/share/moveit_config/config/ur5.srdf
-- Up-to-date: /workspace/rl_for_curobo/projects_root/ros/workspaces/isaac_moveit_ws/install/moveit_config/share/moveit_config/config/initial_positions.yaml
-- Up-to-date: /workspace/rl_for_curobo/projects_root/ros/workspaces/isaac_moveit_ws/install/moveit_config/share/moveit_config/config/ur5.urdf
-- Up-to-date: /workspace/rl_for_curobo/projects_root/ros/workspaces/isaac_moveit_ws/install/moveit_config/share/moveit_config/config/moveit.rviz
-- Up-to-date: /workspace/rl_for_curobo/projects_root/ros/workspaces/isaac_moveit_ws/install/moveit_config/share/moveit_config/config/pilz_cartesian_limits.yaml
-- Up-to-date: /workspace/rl_for_curobo/projects_root/ros/workspaces/isaac_moveit_ws/install/moveit_config/share/moveit_config/config/ur5.urdf.xacro
-- Up-to-date: /workspace/rl_for_curobo/projects_root/ros/workspaces/isaac_moveit_ws/install/moveit_config/share/moveit_config/config/joint_limits.yaml
-- Up-to-date: /workspace/rl_for_curobo/projects_root/ros/workspaces/isaac_moveit_ws/install/moveit_config/share/moveit_config/config/ros2_controllers.yaml
-- Up-to-date: /workspace/rl_for_curobo/projects_root/ros/workspaces/isaac_moveit_ws/install/moveit_config/share/moveit_config/config/ur5.ros2_control.xacro
-- Up-to-date: /workspace/rl_for_curobo/projects_root/ros/workspaces/isaac_moveit_ws/install/moveit_config/share/moveit_config/.setup_assistant
