[0.013s] Invoking command in '/workspace/rl_for_curobo/projects_root/ros/workspaces/moveit_cfgs_ws/build/franka_dual_arm': CMAKE_PREFIX_PATH=${CMAKE_PREFIX_PATH}:/workspace/ws_moveit2/install/moveit_configs_utils:/workspace/ws_moveit2/install/launch_param_builder:/opt/ros/humble /usr/local/bin/cmake /workspace/rl_for_curobo/projects_root/ros/workspaces/moveit_cfgs_ws/src/franka_dual_arm -DCMAKE_INSTALL_PREFIX=/workspace/rl_for_curobo/projects_root/ros/workspaces/moveit_cfgs_ws/install/franka_dual_arm
[0.057s] -- The C compiler identification is GNU 11.4.0
[0.100s] -- The CXX compiler identification is GNU 11.4.0
[0.116s] -- Detecting C compiler ABI info
[0.209s] -- Detecting C compiler ABI info - done
[0.221s] -- Check for working C compiler: /usr/bin/cc - skipped
[0.222s] -- Detecting C compile features
[0.222s] -- Detecting C compile features - done
[0.231s] -- Detecting CXX compiler ABI info
[0.344s] -- Detecting CXX compiler ABI info - done
[0.351s] -- Check for working CXX compiler: /usr/bin/c++ - skipped
[0.351s] -- Detecting CXX compile features
[0.351s] -- Detecting CXX compile features - done
[0.356s] -- Found ament_cmake: 1.3.11 (/opt/ros/humble/share/ament_cmake/cmake)
[0.468s] -- Found Python3: /usr/bin/python3 (found version "3.10.12") found components: Interpreter 
[0.609s] -- Configuring done (0.6s)
[0.611s] -- Generating done (0.0s)
[0.612s] -- Build files have been written to: /workspace/rl_for_curobo/projects_root/ros/workspaces/moveit_cfgs_ws/build/franka_dual_arm
[0.615s] Invoked command in '/workspace/rl_for_curobo/projects_root/ros/workspaces/moveit_cfgs_ws/build/franka_dual_arm' returned '0': CMAKE_PREFIX_PATH=${CMAKE_PREFIX_PATH}:/workspace/ws_moveit2/install/moveit_configs_utils:/workspace/ws_moveit2/install/launch_param_builder:/opt/ros/humble /usr/local/bin/cmake /workspace/rl_for_curobo/projects_root/ros/workspaces/moveit_cfgs_ws/src/franka_dual_arm -DCMAKE_INSTALL_PREFIX=/workspace/rl_for_curobo/projects_root/ros/workspaces/moveit_cfgs_ws/install/franka_dual_arm
[0.616s] Invoking command in '/workspace/rl_for_curobo/projects_root/ros/workspaces/moveit_cfgs_ws/build/franka_dual_arm': CMAKE_PREFIX_PATH=${CMAKE_PREFIX_PATH}:/workspace/ws_moveit2/install/moveit_configs_utils:/workspace/ws_moveit2/install/launch_param_builder:/opt/ros/humble /usr/local/bin/cmake --build /workspace/rl_for_curobo/projects_root/ros/workspaces/moveit_cfgs_ws/build/franka_dual_arm -- -j16 -l16
[0.639s] Invoked command in '/workspace/rl_for_curobo/projects_root/ros/workspaces/moveit_cfgs_ws/build/franka_dual_arm' returned '0': CMAKE_PREFIX_PATH=${CMAKE_PREFIX_PATH}:/workspace/ws_moveit2/install/moveit_configs_utils:/workspace/ws_moveit2/install/launch_param_builder:/opt/ros/humble /usr/local/bin/cmake --build /workspace/rl_for_curobo/projects_root/ros/workspaces/moveit_cfgs_ws/build/franka_dual_arm -- -j16 -l16
[0.642s] Invoking command in '/workspace/rl_for_curobo/projects_root/ros/workspaces/moveit_cfgs_ws/build/franka_dual_arm': CMAKE_PREFIX_PATH=${CMAKE_PREFIX_PATH}:/workspace/ws_moveit2/install/moveit_configs_utils:/workspace/ws_moveit2/install/launch_param_builder:/opt/ros/humble /usr/local/bin/cmake --install /workspace/rl_for_curobo/projects_root/ros/workspaces/moveit_cfgs_ws/build/franka_dual_arm
[0.649s] -- Install configuration: ""
[0.650s] -- Installing: /workspace/rl_for_curobo/projects_root/ros/workspaces/moveit_cfgs_ws/install/franka_dual_arm/share/ament_index/resource_index/package_run_dependencies/franka_dual_arm
[0.650s] -- Installing: /workspace/rl_for_curobo/projects_root/ros/workspaces/moveit_cfgs_ws/install/franka_dual_arm/share/ament_index/resource_index/parent_prefix_path/franka_dual_arm
[0.650s] -- Installing: /workspace/rl_for_curobo/projects_root/ros/workspaces/moveit_cfgs_ws/install/franka_dual_arm/share/franka_dual_arm/environment/ament_prefix_path.sh
[0.650s] -- Installing: /workspace/rl_for_curobo/projects_root/ros/workspaces/moveit_cfgs_ws/install/franka_dual_arm/share/franka_dual_arm/environment/ament_prefix_path.dsv
[0.651s] -- Installing: /workspace/rl_for_curobo/projects_root/ros/workspaces/moveit_cfgs_ws/install/franka_dual_arm/share/franka_dual_arm/environment/path.sh
[0.651s] -- Installing: /workspace/rl_for_curobo/projects_root/ros/workspaces/moveit_cfgs_ws/install/franka_dual_arm/share/franka_dual_arm/environment/path.dsv
[0.651s] -- Installing: /workspace/rl_for_curobo/projects_root/ros/workspaces/moveit_cfgs_ws/install/franka_dual_arm/share/franka_dual_arm/local_setup.bash
[0.651s] -- Installing: /workspace/rl_for_curobo/projects_root/ros/workspaces/moveit_cfgs_ws/install/franka_dual_arm/share/franka_dual_arm/local_setup.sh
[0.651s] -- Installing: /workspace/rl_for_curobo/projects_root/ros/workspaces/moveit_cfgs_ws/install/franka_dual_arm/share/franka_dual_arm/local_setup.zsh
[0.652s] -- Installing: /workspace/rl_for_curobo/projects_root/ros/workspaces/moveit_cfgs_ws/install/franka_dual_arm/share/franka_dual_arm/local_setup.dsv
[0.652s] -- Installing: /workspace/rl_for_curobo/projects_root/ros/workspaces/moveit_cfgs_ws/install/franka_dual_arm/share/franka_dual_arm/package.dsv
[0.652s] -- Installing: /workspace/rl_for_curobo/projects_root/ros/workspaces/moveit_cfgs_ws/install/franka_dual_arm/share/ament_index/resource_index/packages/franka_dual_arm
[0.652s] -- Installing: /workspace/rl_for_curobo/projects_root/ros/workspaces/moveit_cfgs_ws/install/franka_dual_arm/share/franka_dual_arm/cmake/franka_dual_armConfig.cmake
[0.652s] -- Installing: /workspace/rl_for_curobo/projects_root/ros/workspaces/moveit_cfgs_ws/install/franka_dual_arm/share/franka_dual_arm/cmake/franka_dual_armConfig-version.cmake
[0.652s] -- Installing: /workspace/rl_for_curobo/projects_root/ros/workspaces/moveit_cfgs_ws/install/franka_dual_arm/share/franka_dual_arm/package.xml
[0.652s] -- Installing: /workspace/rl_for_curobo/projects_root/ros/workspaces/moveit_cfgs_ws/install/franka_dual_arm/share/franka_dual_arm/launch
[0.652s] -- Installing: /workspace/rl_for_curobo/projects_root/ros/workspaces/moveit_cfgs_ws/install/franka_dual_arm/share/franka_dual_arm/launch/warehouse_db.launch.py
[0.653s] -- Installing: /workspace/rl_for_curobo/projects_root/ros/workspaces/moveit_cfgs_ws/install/franka_dual_arm/share/franka_dual_arm/launch/static_virtual_joint_tfs.launch.py
[0.653s] -- Installing: /workspace/rl_for_curobo/projects_root/ros/workspaces/moveit_cfgs_ws/install/franka_dual_arm/share/franka_dual_arm/launch/setup_assistant.launch.py
[0.653s] -- Installing: /workspace/rl_for_curobo/projects_root/ros/workspaces/moveit_cfgs_ws/install/franka_dual_arm/share/franka_dual_arm/launch/move_group.launch.py
[0.653s] -- Installing: /workspace/rl_for_curobo/projects_root/ros/workspaces/moveit_cfgs_ws/install/franka_dual_arm/share/franka_dual_arm/launch/spawn_controllers.launch.py
[0.653s] -- Installing: /workspace/rl_for_curobo/projects_root/ros/workspaces/moveit_cfgs_ws/install/franka_dual_arm/share/franka_dual_arm/launch/demo.launch.py
[0.653s] -- Installing: /workspace/rl_for_curobo/projects_root/ros/workspaces/moveit_cfgs_ws/install/franka_dual_arm/share/franka_dual_arm/launch/moveit_rviz.launch.py
[0.653s] -- Installing: /workspace/rl_for_curobo/projects_root/ros/workspaces/moveit_cfgs_ws/install/franka_dual_arm/share/franka_dual_arm/launch/rsp.launch.py
[0.653s] -- Installing: /workspace/rl_for_curobo/projects_root/ros/workspaces/moveit_cfgs_ws/install/franka_dual_arm/share/franka_dual_arm/config
[0.653s] -- Installing: /workspace/rl_for_curobo/projects_root/ros/workspaces/moveit_cfgs_ws/install/franka_dual_arm/share/franka_dual_arm/config/kinematics.yaml
[0.653s] -- Installing: /workspace/rl_for_curobo/projects_root/ros/workspaces/moveit_cfgs_ws/install/franka_dual_arm/share/franka_dual_arm/config/moveit_controllers.yaml
[0.653s] -- Installing: /workspace/rl_for_curobo/projects_root/ros/workspaces/moveit_cfgs_ws/install/franka_dual_arm/share/franka_dual_arm/config/initial_positions.yaml
[0.653s] -- Installing: /workspace/rl_for_curobo/projects_root/ros/workspaces/moveit_cfgs_ws/install/franka_dual_arm/share/franka_dual_arm/config/franka_dual_arm.srdf
[0.653s] -- Installing: /workspace/rl_for_curobo/projects_root/ros/workspaces/moveit_cfgs_ws/install/franka_dual_arm/share/franka_dual_arm/config/franka_dual_arm.ros2_control.xacro
[0.653s] -- Installing: /workspace/rl_for_curobo/projects_root/ros/workspaces/moveit_cfgs_ws/install/franka_dual_arm/share/franka_dual_arm/config/moveit.rviz
[0.654s] -- Installing: /workspace/rl_for_curobo/projects_root/ros/workspaces/moveit_cfgs_ws/install/franka_dual_arm/share/franka_dual_arm/config/pilz_cartesian_limits.yaml
[0.654s] -- Installing: /workspace/rl_for_curobo/projects_root/ros/workspaces/moveit_cfgs_ws/install/franka_dual_arm/share/franka_dual_arm/config/joint_limits.yaml
[0.654s] -- Installing: /workspace/rl_for_curobo/projects_root/ros/workspaces/moveit_cfgs_ws/install/franka_dual_arm/share/franka_dual_arm/config/ros2_controllers.yaml
[0.654s] -- Installing: /workspace/rl_for_curobo/projects_root/ros/workspaces/moveit_cfgs_ws/install/franka_dual_arm/share/franka_dual_arm/config/franka_dual_arm.urdf.xacro
[0.654s] -- Installing: /workspace/rl_for_curobo/projects_root/ros/workspaces/moveit_cfgs_ws/install/franka_dual_arm/share/franka_dual_arm/.setup_assistant
[0.655s] Invoked command in '/workspace/rl_for_curobo/projects_root/ros/workspaces/moveit_cfgs_ws/build/franka_dual_arm' returned '0': CMAKE_PREFIX_PATH=${CMAKE_PREFIX_PATH}:/workspace/ws_moveit2/install/moveit_configs_utils:/workspace/ws_moveit2/install/launch_param_builder:/opt/ros/humble /usr/local/bin/cmake --install /workspace/rl_for_curobo/projects_root/ros/workspaces/moveit_cfgs_ws/build/franka_dual_arm
