-- Install configuration: ""
-- Installing: /workspace/moveit2_UR5/src/install/robot_description/share/robot_description/meshes
-- Installing: /workspace/moveit2_UR5/src/install/robot_description/share/robot_description/meshes/ur5
-- Installing: /workspace/moveit2_UR5/src/install/robot_description/share/robot_description/meshes/ur5/collision
-- Installing: /workspace/moveit2_UR5/src/install/robot_description/share/robot_description/meshes/ur5/collision/robotiq_85_finger_tip_link.stl
-- Installing: /workspace/moveit2_UR5/src/install/robot_description/share/robot_description/meshes/ur5/collision/forearm.stl
-- Installing: /workspace/moveit2_UR5/src/install/robot_description/share/robot_description/meshes/ur5/collision/base.stl
-- Installing: /workspace/moveit2_UR5/src/install/robot_description/share/robot_description/meshes/ur5/collision/robotiq_85_finger_link.stl
-- Installing: /workspace/moveit2_UR5/src/install/robot_description/share/robot_description/meshes/ur5/collision/upperarm.stl
-- Installing: /workspace/moveit2_UR5/src/install/robot_description/share/robot_description/meshes/ur5/collision/robotiq_85_knuckle_link.stl
-- Installing: /workspace/moveit2_UR5/src/install/robot_description/share/robot_description/meshes/ur5/collision/shoulder.stl
-- Installing: /workspace/moveit2_UR5/src/install/robot_description/share/robot_description/meshes/ur5/collision/wrist3.stl
-- Installing: /workspace/moveit2_UR5/src/install/robot_description/share/robot_description/meshes/ur5/collision/robotiq_85_base_link.stl
-- Installing: /workspace/moveit2_UR5/src/install/robot_description/share/robot_description/meshes/ur5/collision/wrist2.stl
-- Installing: /workspace/moveit2_UR5/src/install/robot_description/share/robot_description/meshes/ur5/collision/robotiq_85_inner_knuckle_link.stl
-- Installing: /workspace/moveit2_UR5/src/install/robot_description/share/robot_description/meshes/ur5/collision/wrist1.stl
-- Installing: /workspace/moveit2_UR5/src/install/robot_description/share/robot_description/meshes/ur5/visual
-- Installing: /workspace/moveit2_UR5/src/install/robot_description/share/robot_description/meshes/ur5/visual/robotiq_85_finger_tip_link.dae
-- Installing: /workspace/moveit2_UR5/src/install/robot_description/share/robot_description/meshes/ur5/visual/robotiq_85_inner_knuckle_link.dae
-- Installing: /workspace/moveit2_UR5/src/install/robot_description/share/robot_description/meshes/ur5/visual/wrist1.dae
-- Installing: /workspace/moveit2_UR5/src/install/robot_description/share/robot_description/meshes/ur5/visual/upperarm.dae
-- Installing: /workspace/moveit2_UR5/src/install/robot_description/share/robot_description/meshes/ur5/visual/robotiq_85_finger_link.dae
-- Installing: /workspace/moveit2_UR5/src/install/robot_description/share/robot_description/meshes/ur5/visual/shoulder.dae
-- Installing: /workspace/moveit2_UR5/src/install/robot_description/share/robot_description/meshes/ur5/visual/base.dae
-- Installing: /workspace/moveit2_UR5/src/install/robot_description/share/robot_description/meshes/ur5/visual/robotiq_85_base_link.dae
-- Installing: /workspace/moveit2_UR5/src/install/robot_description/share/robot_description/meshes/ur5/visual/forearm.dae
-- Installing: /workspace/moveit2_UR5/src/install/robot_description/share/robot_description/meshes/ur5/visual/wrist3.dae
-- Installing: /workspace/moveit2_UR5/src/install/robot_description/share/robot_description/meshes/ur5/visual/robotiq_85_knuckle_link.dae
-- Installing: /workspace/moveit2_UR5/src/install/robot_description/share/robot_description/meshes/ur5/visual/wrist2.dae
-- Installing: /workspace/moveit2_UR5/src/install/robot_description/share/robot_description/meshes/coupler.stl
-- Installing: /workspace/moveit2_UR5/src/install/robot_description/share/robot_description/urdf
-- Installing: /workspace/moveit2_UR5/src/install/robot_description/share/robot_description/urdf/ur5_robotiq85_gripper.xacro
-- Installing: /workspace/moveit2_UR5/src/install/robot_description/share/robot_description/urdf/common.gazebo.xacro
-- Installing: /workspace/moveit2_UR5/src/install/robot_description/share/robot_description/urdf/ur.transmission.xacro
-- Installing: /workspace/moveit2_UR5/src/install/robot_description/share/robot_description/urdf/ur5_joint_limited_robot.urdf
-- Installing: /workspace/moveit2_UR5/src/install/robot_description/share/robot_description/urdf/ur.gazebo.xacro
-- Installing: /workspace/moveit2_UR5/src/install/robot_description/share/robot_description/urdf/ur5_robot.xacro
-- Installing: /workspace/moveit2_UR5/src/install/robot_description/share/robot_description/urdf/camera
-- Installing: /workspace/moveit2_UR5/src/install/robot_description/share/robot_description/urdf/camera/camera.gazebo
-- Installing: /workspace/moveit2_UR5/src/install/robot_description/share/robot_description/urdf/camera/camera.xacro
-- Installing: /workspace/moveit2_UR5/src/install/robot_description/share/robot_description/urdf/robotiq
-- Installing: /workspace/moveit2_UR5/src/install/robot_description/share/robot_description/urdf/robotiq/robotiq_85_gripper_sim_base.urdf.xacro
-- Installing: /workspace/moveit2_UR5/src/install/robot_description/share/robot_description/urdf/robotiq/robotiq_85_gripper.transmission.xacro
-- Installing: /workspace/moveit2_UR5/src/install/robot_description/share/robot_description/urdf/robotiq/robotiq_85_gripper.xacro
-- Installing: /workspace/moveit2_UR5/src/install/robot_description/share/robot_description/urdf/robotiq/robotiq_85_gripper.urdf.xacro
-- Installing: /workspace/moveit2_UR5/src/install/robot_description/share/robot_description/urdf/ur5.urdf.xacro
-- Installing: /workspace/moveit2_UR5/src/install/robot_description/share/robot_description/urdf/ur5_joint_limited_robot.urdf.xacro
-- Installing: /workspace/moveit2_UR5/src/install/robot_description/share/ament_index/resource_index/package_run_dependencies/robot_description
-- Installing: /workspace/moveit2_UR5/src/install/robot_description/share/ament_index/resource_index/parent_prefix_path/robot_description
-- Installing: /workspace/moveit2_UR5/src/install/robot_description/share/robot_description/environment/ament_prefix_path.sh
-- Installing: /workspace/moveit2_UR5/src/install/robot_description/share/robot_description/environment/ament_prefix_path.dsv
-- Installing: /workspace/moveit2_UR5/src/install/robot_description/share/robot_description/environment/path.sh
-- Installing: /workspace/moveit2_UR5/src/install/robot_description/share/robot_description/environment/path.dsv
-- Installing: /workspace/moveit2_UR5/src/install/robot_description/share/robot_description/local_setup.bash
-- Installing: /workspace/moveit2_UR5/src/install/robot_description/share/robot_description/local_setup.sh
-- Installing: /workspace/moveit2_UR5/src/install/robot_description/share/robot_description/local_setup.zsh
-- Installing: /workspace/moveit2_UR5/src/install/robot_description/share/robot_description/local_setup.dsv
-- Installing: /workspace/moveit2_UR5/src/install/robot_description/share/robot_description/package.dsv
-- Installing: /workspace/moveit2_UR5/src/install/robot_description/share/ament_index/resource_index/packages/robot_description
-- Installing: /workspace/moveit2_UR5/src/install/robot_description/share/robot_description/cmake/robot_descriptionConfig.cmake
-- Installing: /workspace/moveit2_UR5/src/install/robot_description/share/robot_description/cmake/robot_descriptionConfig-version.cmake
-- Installing: /workspace/moveit2_UR5/src/install/robot_description/share/robot_description/package.xml
