[0.015s] Invoking command in '/workspace/rl_for_curobo/projects_root/ros/workspaces/moveit_cfgs_ws/build/movit_robot_arm_sim': CMAKE_PREFIX_PATH=${CMAKE_PREFIX_PATH}:/workspace/ws_moveit2/install/moveit_configs_utils:/workspace/ws_moveit2/install/launch_param_builder:/opt/ros/humble /usr/local/bin/cmake /workspace/rl_for_curobo/projects_root/ros/workspaces/moveit_cfgs_ws/src/custom_robot_3/import_your_custom_urdf_package_to_ROS-main-main/movit_robot_arm_sim -DCMAKE_INSTALL_PREFIX=/workspace/rl_for_curobo/projects_root/ros/workspaces/moveit_cfgs_ws/install/movit_robot_arm_sim
[0.087s] -- The C compiler identification is GNU 11.4.0
[0.151s] -- The CXX compiler identification is GNU 11.4.0
[0.178s] -- Detecting C compiler ABI info
[0.308s] -- Detecting C compiler ABI info - done
[0.320s] -- Check for working C compiler: /usr/bin/cc - skipped
[0.320s] -- Detecting C compile features
[0.320s] -- Detecting C compile features - done
[0.331s] -- Detecting CXX compiler ABI info
[0.504s] -- Detecting CXX compiler ABI info - done
[0.512s] -- Check for working CXX compiler: /usr/bin/c++ - skipped
[0.512s] -- Detecting CXX compile features
[0.512s] -- Detecting CXX compile features - done
[0.517s] -- Found ament_cmake: 1.3.11 (/opt/ros/humble/share/ament_cmake/cmake)
[0.627s] -- Found Python3: /usr/bin/python3 (found version "3.10.12") found components: Interpreter 
[0.767s] -- Configuring done (0.7s)
[0.769s] -- Generating done (0.0s)
[0.770s] -- Build files have been written to: /workspace/rl_for_curobo/projects_root/ros/workspaces/moveit_cfgs_ws/build/movit_robot_arm_sim
[0.772s] Invoked command in '/workspace/rl_for_curobo/projects_root/ros/workspaces/moveit_cfgs_ws/build/movit_robot_arm_sim' returned '0': CMAKE_PREFIX_PATH=${CMAKE_PREFIX_PATH}:/workspace/ws_moveit2/install/moveit_configs_utils:/workspace/ws_moveit2/install/launch_param_builder:/opt/ros/humble /usr/local/bin/cmake /workspace/rl_for_curobo/projects_root/ros/workspaces/moveit_cfgs_ws/src/custom_robot_3/import_your_custom_urdf_package_to_ROS-main-main/movit_robot_arm_sim -DCMAKE_INSTALL_PREFIX=/workspace/rl_for_curobo/projects_root/ros/workspaces/moveit_cfgs_ws/install/movit_robot_arm_sim
[0.773s] Invoking command in '/workspace/rl_for_curobo/projects_root/ros/workspaces/moveit_cfgs_ws/build/movit_robot_arm_sim': CMAKE_PREFIX_PATH=${CMAKE_PREFIX_PATH}:/workspace/ws_moveit2/install/moveit_configs_utils:/workspace/ws_moveit2/install/launch_param_builder:/opt/ros/humble /usr/local/bin/cmake --build /workspace/rl_for_curobo/projects_root/ros/workspaces/moveit_cfgs_ws/build/movit_robot_arm_sim -- -j16 -l16
[0.797s] Invoked command in '/workspace/rl_for_curobo/projects_root/ros/workspaces/moveit_cfgs_ws/build/movit_robot_arm_sim' returned '0': CMAKE_PREFIX_PATH=${CMAKE_PREFIX_PATH}:/workspace/ws_moveit2/install/moveit_configs_utils:/workspace/ws_moveit2/install/launch_param_builder:/opt/ros/humble /usr/local/bin/cmake --build /workspace/rl_for_curobo/projects_root/ros/workspaces/moveit_cfgs_ws/build/movit_robot_arm_sim -- -j16 -l16
[0.799s] Invoking command in '/workspace/rl_for_curobo/projects_root/ros/workspaces/moveit_cfgs_ws/build/movit_robot_arm_sim': CMAKE_PREFIX_PATH=${CMAKE_PREFIX_PATH}:/workspace/ws_moveit2/install/moveit_configs_utils:/workspace/ws_moveit2/install/launch_param_builder:/opt/ros/humble /usr/local/bin/cmake --install /workspace/rl_for_curobo/projects_root/ros/workspaces/moveit_cfgs_ws/build/movit_robot_arm_sim
[0.808s] -- Install configuration: ""
[0.808s] -- Installing: /workspace/rl_for_curobo/projects_root/ros/workspaces/moveit_cfgs_ws/install/movit_robot_arm_sim/share/movit_robot_arm_sim/launch
[0.808s] -- Installing: /workspace/rl_for_curobo/projects_root/ros/workspaces/moveit_cfgs_ws/install/movit_robot_arm_sim/share/movit_robot_arm_sim/launch/warehouse_settings.launch.xml
[0.808s] -- Installing: /workspace/rl_for_curobo/projects_root/ros/workspaces/moveit_cfgs_ws/install/movit_robot_arm_sim/share/movit_robot_arm_sim/launch/fake_moveit_controller_manager.launch.xml
[0.808s] -- Installing: /workspace/rl_for_curobo/projects_root/ros/workspaces/moveit_cfgs_ws/install/movit_robot_arm_sim/share/movit_robot_arm_sim/launch/run_benchmark_ompl.launch
[0.808s] -- Installing: /workspace/rl_for_curobo/projects_root/ros/workspaces/moveit_cfgs_ws/install/movit_robot_arm_sim/share/movit_robot_arm_sim/launch/chomp_planning_pipeline.launch.xml
[0.808s] -- Installing: /workspace/rl_for_curobo/projects_root/ros/workspaces/moveit_cfgs_ws/install/movit_robot_arm_sim/share/movit_robot_arm_sim/launch/move_group.launch
[0.809s] -- Installing: /workspace/rl_for_curobo/projects_root/ros/workspaces/moveit_cfgs_ws/install/movit_robot_arm_sim/share/movit_robot_arm_sim/launch/planning_context.launch
[0.809s] -- Installing: /workspace/rl_for_curobo/projects_root/ros/workspaces/moveit_cfgs_ws/install/movit_robot_arm_sim/share/movit_robot_arm_sim/launch/warehouse.launch
[0.809s] -- Installing: /workspace/rl_for_curobo/projects_root/ros/workspaces/moveit_cfgs_ws/install/movit_robot_arm_sim/share/movit_robot_arm_sim/launch/demo.launch
[0.809s] -- Installing: /workspace/rl_for_curobo/projects_root/ros/workspaces/moveit_cfgs_ws/install/movit_robot_arm_sim/share/movit_robot_arm_sim/launch/ompl_planning_pipeline.launch.xml
[0.809s] -- Installing: /workspace/rl_for_curobo/projects_root/ros/workspaces/moveit_cfgs_ws/install/movit_robot_arm_sim/share/movit_robot_arm_sim/launch/pilz_industrial_motion_planner_planning_pipeline.launch.xml
[0.809s] -- Installing: /workspace/rl_for_curobo/projects_root/ros/workspaces/moveit_cfgs_ws/install/movit_robot_arm_sim/share/movit_robot_arm_sim/launch/default_warehouse_db.launch
[0.809s] -- Installing: /workspace/rl_for_curobo/projects_root/ros/workspaces/moveit_cfgs_ws/install/movit_robot_arm_sim/share/movit_robot_arm_sim/launch/moveit.rviz
[0.810s] -- Installing: /workspace/rl_for_curobo/projects_root/ros/workspaces/moveit_cfgs_ws/install/movit_robot_arm_sim/share/movit_robot_arm_sim/launch/robot_arm_urdf_moveit_controller_manager.launch.xml
[0.810s] -- Installing: /workspace/rl_for_curobo/projects_root/ros/workspaces/moveit_cfgs_ws/install/movit_robot_arm_sim/share/movit_robot_arm_sim/launch/moveit_rviz.launch
[0.810s] -- Installing: /workspace/rl_for_curobo/projects_root/ros/workspaces/moveit_cfgs_ws/install/movit_robot_arm_sim/share/movit_robot_arm_sim/launch/trajectory_execution.launch.xml
[0.810s] -- Installing: /workspace/rl_for_curobo/projects_root/ros/workspaces/moveit_cfgs_ws/install/movit_robot_arm_sim/share/movit_robot_arm_sim/launch/sensor_manager.launch.xml
[0.810s] -- Installing: /workspace/rl_for_curobo/projects_root/ros/workspaces/moveit_cfgs_ws/install/movit_robot_arm_sim/share/movit_robot_arm_sim/launch/planning_pipeline.launch.xml
[0.810s] -- Installing: /workspace/rl_for_curobo/projects_root/ros/workspaces/moveit_cfgs_ws/install/movit_robot_arm_sim/share/movit_robot_arm_sim/launch/joystick_control.launch
[0.810s] -- Installing: /workspace/rl_for_curobo/projects_root/ros/workspaces/moveit_cfgs_ws/install/movit_robot_arm_sim/share/movit_robot_arm_sim/launch/robot_arm_urdf_moveit_sensor_manager.launch.xml
[0.810s] -- Installing: /workspace/rl_for_curobo/projects_root/ros/workspaces/moveit_cfgs_ws/install/movit_robot_arm_sim/share/movit_robot_arm_sim/launch/gazebo.launch
[0.811s] -- Installing: /workspace/rl_for_curobo/projects_root/ros/workspaces/moveit_cfgs_ws/install/movit_robot_arm_sim/share/movit_robot_arm_sim/launch/full_robot_arm_sim.launch
[0.811s] -- Installing: /workspace/rl_for_curobo/projects_root/ros/workspaces/moveit_cfgs_ws/install/movit_robot_arm_sim/share/movit_robot_arm_sim/launch/demo_gazebo.launch
[0.811s] -- Installing: /workspace/rl_for_curobo/projects_root/ros/workspaces/moveit_cfgs_ws/install/movit_robot_arm_sim/share/movit_robot_arm_sim/launch/ros_controllers.launch
[0.811s] -- Installing: /workspace/rl_for_curobo/projects_root/ros/workspaces/moveit_cfgs_ws/install/movit_robot_arm_sim/share/movit_robot_arm_sim/config
[0.811s] -- Installing: /workspace/rl_for_curobo/projects_root/ros/workspaces/moveit_cfgs_ws/install/movit_robot_arm_sim/share/movit_robot_arm_sim/config/ros_controllers.yaml
[0.812s] -- Installing: /workspace/rl_for_curobo/projects_root/ros/workspaces/moveit_cfgs_ws/install/movit_robot_arm_sim/share/movit_robot_arm_sim/config/sensors_3d.yaml
[0.812s] -- Installing: /workspace/rl_for_curobo/projects_root/ros/workspaces/moveit_cfgs_ws/install/movit_robot_arm_sim/share/movit_robot_arm_sim/config/robot_arm_urdf.srdf
[0.812s] -- Installing: /workspace/rl_for_curobo/projects_root/ros/workspaces/moveit_cfgs_ws/install/movit_robot_arm_sim/share/movit_robot_arm_sim/config/chomp_planning.yaml
[0.812s] -- Installing: /workspace/rl_for_curobo/projects_root/ros/workspaces/moveit_cfgs_ws/install/movit_robot_arm_sim/share/movit_robot_arm_sim/config/kinematics.yaml
[0.812s] -- Installing: /workspace/rl_for_curobo/projects_root/ros/workspaces/moveit_cfgs_ws/install/movit_robot_arm_sim/share/movit_robot_arm_sim/config/new_ros_controllers.yaml
[0.812s] -- Installing: /workspace/rl_for_curobo/projects_root/ros/workspaces/moveit_cfgs_ws/install/movit_robot_arm_sim/share/movit_robot_arm_sim/config/cartesian_limits.yaml
[0.813s] -- Installing: /workspace/rl_for_curobo/projects_root/ros/workspaces/moveit_cfgs_ws/install/movit_robot_arm_sim/share/movit_robot_arm_sim/config/ompl_planning.yaml
[0.814s] -- Installing: /workspace/rl_for_curobo/projects_root/ros/workspaces/moveit_cfgs_ws/install/movit_robot_arm_sim/share/movit_robot_arm_sim/config/fake_controllers.yaml
[0.814s] -- Installing: /workspace/rl_for_curobo/projects_root/ros/workspaces/moveit_cfgs_ws/install/movit_robot_arm_sim/share/movit_robot_arm_sim/config/joint_limits.yaml
[0.815s] -- Installing: /workspace/rl_for_curobo/projects_root/ros/workspaces/moveit_cfgs_ws/install/movit_robot_arm_sim/share/ament_index/resource_index/package_run_dependencies/movit_robot_arm_sim
[0.816s] -- Installing: /workspace/rl_for_curobo/projects_root/ros/workspaces/moveit_cfgs_ws/install/movit_robot_arm_sim/share/ament_index/resource_index/parent_prefix_path/movit_robot_arm_sim
[0.816s] -- Installing: /workspace/rl_for_curobo/projects_root/ros/workspaces/moveit_cfgs_ws/install/movit_robot_arm_sim/share/movit_robot_arm_sim/environment/ament_prefix_path.sh
[0.817s] -- Installing: /workspace/rl_for_curobo/projects_root/ros/workspaces/moveit_cfgs_ws/install/movit_robot_arm_sim/share/movit_robot_arm_sim/environment/ament_prefix_path.dsv
[0.817s] -- Installing: /workspace/rl_for_curobo/projects_root/ros/workspaces/moveit_cfgs_ws/install/movit_robot_arm_sim/share/movit_robot_arm_sim/environment/path.sh
[0.817s] -- Installing: /workspace/rl_for_curobo/projects_root/ros/workspaces/moveit_cfgs_ws/install/movit_robot_arm_sim/share/movit_robot_arm_sim/environment/path.dsv
[0.818s] -- Installing: /workspace/rl_for_curobo/projects_root/ros/workspaces/moveit_cfgs_ws/install/movit_robot_arm_sim/share/movit_robot_arm_sim/local_setup.bash
[0.818s] -- Installing: /workspace/rl_for_curobo/projects_root/ros/workspaces/moveit_cfgs_ws/install/movit_robot_arm_sim/share/movit_robot_arm_sim/local_setup.sh
[0.818s] -- Installing: /workspace/rl_for_curobo/projects_root/ros/workspaces/moveit_cfgs_ws/install/movit_robot_arm_sim/share/movit_robot_arm_sim/local_setup.zsh
[0.818s] -- Installing: /workspace/rl_for_curobo/projects_root/ros/workspaces/moveit_cfgs_ws/install/movit_robot_arm_sim/share/movit_robot_arm_sim/local_setup.dsv
[0.819s] -- Installing: /workspace/rl_for_curobo/projects_root/ros/workspaces/moveit_cfgs_ws/install/movit_robot_arm_sim/share/movit_robot_arm_sim/package.dsv
[0.819s] -- Installing: /workspace/rl_for_curobo/projects_root/ros/workspaces/moveit_cfgs_ws/install/movit_robot_arm_sim/share/ament_index/resource_index/packages/movit_robot_arm_sim
[0.819s] -- Installing: /workspace/rl_for_curobo/projects_root/ros/workspaces/moveit_cfgs_ws/install/movit_robot_arm_sim/share/movit_robot_arm_sim/cmake/movit_robot_arm_simConfig.cmake
[0.819s] -- Installing: /workspace/rl_for_curobo/projects_root/ros/workspaces/moveit_cfgs_ws/install/movit_robot_arm_sim/share/movit_robot_arm_sim/cmake/movit_robot_arm_simConfig-version.cmake
[0.820s] -- Installing: /workspace/rl_for_curobo/projects_root/ros/workspaces/moveit_cfgs_ws/install/movit_robot_arm_sim/share/movit_robot_arm_sim/package.xml
[0.822s] Invoked command in '/workspace/rl_for_curobo/projects_root/ros/workspaces/moveit_cfgs_ws/build/movit_robot_arm_sim' returned '0': CMAKE_PREFIX_PATH=${CMAKE_PREFIX_PATH}:/workspace/ws_moveit2/install/moveit_configs_utils:/workspace/ws_moveit2/install/launch_param_builder:/opt/ros/humble /usr/local/bin/cmake --install /workspace/rl_for_curobo/projects_root/ros/workspaces/moveit_cfgs_ws/build/movit_robot_arm_sim
