-- Install configuration: ""
-- Up-to-date: /workspace/rl_for_curobo/projects_root/ros/workspaces/moveit_cfgs_ws/install/movit_robot_arm_sim/share/movit_robot_arm_sim/launch
-- Installing: /workspace/rl_for_curobo/projects_root/ros/workspaces/moveit_cfgs_ws/install/movit_robot_arm_sim/share/movit_robot_arm_sim/launch/warehouse_settings.launch.xml
-- Installing: /workspace/rl_for_curobo/projects_root/ros/workspaces/moveit_cfgs_ws/install/movit_robot_arm_sim/share/movit_robot_arm_sim/launch/fake_moveit_controller_manager.launch.xml
-- Installing: /workspace/rl_for_curobo/projects_root/ros/workspaces/moveit_cfgs_ws/install/movit_robot_arm_sim/share/movit_robot_arm_sim/launch/run_benchmark_ompl.launch
-- Installing: /workspace/rl_for_curobo/projects_root/ros/workspaces/moveit_cfgs_ws/install/movit_robot_arm_sim/share/movit_robot_arm_sim/launch/chomp_planning_pipeline.launch.xml
-- Installing: /workspace/rl_for_curobo/projects_root/ros/workspaces/moveit_cfgs_ws/install/movit_robot_arm_sim/share/movit_robot_arm_sim/launch/move_group.launch
-- Installing: /workspace/rl_for_curobo/projects_root/ros/workspaces/moveit_cfgs_ws/install/movit_robot_arm_sim/share/movit_robot_arm_sim/launch/planning_context.launch
-- Installing: /workspace/rl_for_curobo/projects_root/ros/workspaces/moveit_cfgs_ws/install/movit_robot_arm_sim/share/movit_robot_arm_sim/launch/warehouse.launch
-- Installing: /workspace/rl_for_curobo/projects_root/ros/workspaces/moveit_cfgs_ws/install/movit_robot_arm_sim/share/movit_robot_arm_sim/launch/demo.launch
-- Installing: /workspace/rl_for_curobo/projects_root/ros/workspaces/moveit_cfgs_ws/install/movit_robot_arm_sim/share/movit_robot_arm_sim/launch/ompl_planning_pipeline.launch.xml
-- Installing: /workspace/rl_for_curobo/projects_root/ros/workspaces/moveit_cfgs_ws/install/movit_robot_arm_sim/share/movit_robot_arm_sim/launch/pilz_industrial_motion_planner_planning_pipeline.launch.xml
-- Installing: /workspace/rl_for_curobo/projects_root/ros/workspaces/moveit_cfgs_ws/install/movit_robot_arm_sim/share/movit_robot_arm_sim/launch/default_warehouse_db.launch
-- Up-to-date: /workspace/rl_for_curobo/projects_root/ros/workspaces/moveit_cfgs_ws/install/movit_robot_arm_sim/share/movit_robot_arm_sim/launch/moveit.rviz
-- Installing: /workspace/rl_for_curobo/projects_root/ros/workspaces/moveit_cfgs_ws/install/movit_robot_arm_sim/share/movit_robot_arm_sim/launch/robot_arm_urdf_moveit_controller_manager.launch.xml
-- Installing: /workspace/rl_for_curobo/projects_root/ros/workspaces/moveit_cfgs_ws/install/movit_robot_arm_sim/share/movit_robot_arm_sim/launch/moveit_rviz.launch
-- Installing: /workspace/rl_for_curobo/projects_root/ros/workspaces/moveit_cfgs_ws/install/movit_robot_arm_sim/share/movit_robot_arm_sim/launch/trajectory_execution.launch.xml
-- Installing: /workspace/rl_for_curobo/projects_root/ros/workspaces/moveit_cfgs_ws/install/movit_robot_arm_sim/share/movit_robot_arm_sim/launch/sensor_manager.launch.xml
-- Installing: /workspace/rl_for_curobo/projects_root/ros/workspaces/moveit_cfgs_ws/install/movit_robot_arm_sim/share/movit_robot_arm_sim/launch/planning_pipeline.launch.xml
-- Installing: /workspace/rl_for_curobo/projects_root/ros/workspaces/moveit_cfgs_ws/install/movit_robot_arm_sim/share/movit_robot_arm_sim/launch/joystick_control.launch
-- Installing: /workspace/rl_for_curobo/projects_root/ros/workspaces/moveit_cfgs_ws/install/movit_robot_arm_sim/share/movit_robot_arm_sim/launch/robot_arm_urdf_moveit_sensor_manager.launch.xml
-- Installing: /workspace/rl_for_curobo/projects_root/ros/workspaces/moveit_cfgs_ws/install/movit_robot_arm_sim/share/movit_robot_arm_sim/launch/gazebo.launch
-- Installing: /workspace/rl_for_curobo/projects_root/ros/workspaces/moveit_cfgs_ws/install/movit_robot_arm_sim/share/movit_robot_arm_sim/launch/full_robot_arm_sim.launch
-- Installing: /workspace/rl_for_curobo/projects_root/ros/workspaces/moveit_cfgs_ws/install/movit_robot_arm_sim/share/movit_robot_arm_sim/launch/demo_gazebo.launch
-- Installing: /workspace/rl_for_curobo/projects_root/ros/workspaces/moveit_cfgs_ws/install/movit_robot_arm_sim/share/movit_robot_arm_sim/launch/ros_controllers.launch
-- Up-to-date: /workspace/rl_for_curobo/projects_root/ros/workspaces/moveit_cfgs_ws/install/movit_robot_arm_sim/share/movit_robot_arm_sim/config
-- Up-to-date: /workspace/rl_for_curobo/projects_root/ros/workspaces/moveit_cfgs_ws/install/movit_robot_arm_sim/share/movit_robot_arm_sim/config/ros_controllers.yaml
-- Up-to-date: /workspace/rl_for_curobo/projects_root/ros/workspaces/moveit_cfgs_ws/install/movit_robot_arm_sim/share/movit_robot_arm_sim/config/sensors_3d.yaml
-- Up-to-date: /workspace/rl_for_curobo/projects_root/ros/workspaces/moveit_cfgs_ws/install/movit_robot_arm_sim/share/movit_robot_arm_sim/config/robot_arm_urdf.srdf
-- Up-to-date: /workspace/rl_for_curobo/projects_root/ros/workspaces/moveit_cfgs_ws/install/movit_robot_arm_sim/share/movit_robot_arm_sim/config/chomp_planning.yaml
-- Up-to-date: /workspace/rl_for_curobo/projects_root/ros/workspaces/moveit_cfgs_ws/install/movit_robot_arm_sim/share/movit_robot_arm_sim/config/kinematics.yaml
-- Up-to-date: /workspace/rl_for_curobo/projects_root/ros/workspaces/moveit_cfgs_ws/install/movit_robot_arm_sim/share/movit_robot_arm_sim/config/new_ros_controllers.yaml
-- Up-to-date: /workspace/rl_for_curobo/projects_root/ros/workspaces/moveit_cfgs_ws/install/movit_robot_arm_sim/share/movit_robot_arm_sim/config/cartesian_limits.yaml
-- Up-to-date: /workspace/rl_for_curobo/projects_root/ros/workspaces/moveit_cfgs_ws/install/movit_robot_arm_sim/share/movit_robot_arm_sim/config/ompl_planning.yaml
-- Up-to-date: /workspace/rl_for_curobo/projects_root/ros/workspaces/moveit_cfgs_ws/install/movit_robot_arm_sim/share/movit_robot_arm_sim/config/fake_controllers.yaml
-- Up-to-date: /workspace/rl_for_curobo/projects_root/ros/workspaces/moveit_cfgs_ws/install/movit_robot_arm_sim/share/movit_robot_arm_sim/config/joint_limits.yaml
-- Up-to-date: /workspace/rl_for_curobo/projects_root/ros/workspaces/moveit_cfgs_ws/install/movit_robot_arm_sim/share/ament_index/resource_index/package_run_dependencies/movit_robot_arm_sim
-- Up-to-date: /workspace/rl_for_curobo/projects_root/ros/workspaces/moveit_cfgs_ws/install/movit_robot_arm_sim/share/ament_index/resource_index/parent_prefix_path/movit_robot_arm_sim
-- Up-to-date: /workspace/rl_for_curobo/projects_root/ros/workspaces/moveit_cfgs_ws/install/movit_robot_arm_sim/share/movit_robot_arm_sim/environment/ament_prefix_path.sh
-- Up-to-date: /workspace/rl_for_curobo/projects_root/ros/workspaces/moveit_cfgs_ws/install/movit_robot_arm_sim/share/movit_robot_arm_sim/environment/ament_prefix_path.dsv
-- Up-to-date: /workspace/rl_for_curobo/projects_root/ros/workspaces/moveit_cfgs_ws/install/movit_robot_arm_sim/share/movit_robot_arm_sim/environment/path.sh
-- Up-to-date: /workspace/rl_for_curobo/projects_root/ros/workspaces/moveit_cfgs_ws/install/movit_robot_arm_sim/share/movit_robot_arm_sim/environment/path.dsv
-- Up-to-date: /workspace/rl_for_curobo/projects_root/ros/workspaces/moveit_cfgs_ws/install/movit_robot_arm_sim/share/movit_robot_arm_sim/local_setup.bash
-- Up-to-date: /workspace/rl_for_curobo/projects_root/ros/workspaces/moveit_cfgs_ws/install/movit_robot_arm_sim/share/movit_robot_arm_sim/local_setup.sh
-- Up-to-date: /workspace/rl_for_curobo/projects_root/ros/workspaces/moveit_cfgs_ws/install/movit_robot_arm_sim/share/movit_robot_arm_sim/local_setup.zsh
-- Up-to-date: /workspace/rl_for_curobo/projects_root/ros/workspaces/moveit_cfgs_ws/install/movit_robot_arm_sim/share/movit_robot_arm_sim/local_setup.dsv
-- Up-to-date: /workspace/rl_for_curobo/projects_root/ros/workspaces/moveit_cfgs_ws/install/movit_robot_arm_sim/share/movit_robot_arm_sim/package.dsv
-- Up-to-date: /workspace/rl_for_curobo/projects_root/ros/workspaces/moveit_cfgs_ws/install/movit_robot_arm_sim/share/ament_index/resource_index/packages/movit_robot_arm_sim
-- Up-to-date: /workspace/rl_for_curobo/projects_root/ros/workspaces/moveit_cfgs_ws/install/movit_robot_arm_sim/share/movit_robot_arm_sim/cmake/movit_robot_arm_simConfig.cmake
-- Up-to-date: /workspace/rl_for_curobo/projects_root/ros/workspaces/moveit_cfgs_ws/install/movit_robot_arm_sim/share/movit_robot_arm_sim/cmake/movit_robot_arm_simConfig-version.cmake
-- Up-to-date: /workspace/rl_for_curobo/projects_root/ros/workspaces/moveit_cfgs_ws/install/movit_robot_arm_sim/share/movit_robot_arm_sim/package.xml
