[0.013s] Invoking command in '/workspace/rl_for_curobo/projects_root/ros/workspaces/moveit_cfgs_ws/build/custom_franka_description': CMAKE_PREFIX_PATH=${CMAKE_PREFIX_PATH}:/workspace/ws_moveit2/install/moveit_configs_utils:/workspace/ws_moveit2/install/launch_param_builder:/opt/ros/humble /usr/local/bin/cmake /workspace/rl_for_curobo/projects_root/ros/workspaces/moveit_cfgs_ws/src/custom_franka_description -DCMAKE_INSTALL_PREFIX=/workspace/rl_for_curobo/projects_root/ros/workspaces/moveit_cfgs_ws/install/custom_franka_description
[0.054s] -- The C compiler identification is GNU 11.4.0
[0.098s] -- The CXX compiler identification is GNU 11.4.0
[0.114s] -- Detecting C compiler ABI info
[0.178s] -- Detecting C compiler ABI info - done
[0.186s] -- Check for working C compiler: /usr/bin/cc - skipped
[0.187s] -- Detecting C compile features
[0.187s] -- Detecting C compile features - done
[0.202s] -- Detecting CXX compiler ABI info
[0.334s] -- Detecting CXX compiler ABI info - done
[0.341s] -- Check for working CXX compiler: /usr/bin/c++ - skipped
[0.341s] -- Detecting CXX compile features
[0.341s] -- Detecting CXX compile features - done
[0.347s] -- Found ament_cmake: 1.3.11 (/opt/ros/humble/share/ament_cmake/cmake)
[0.442s] -- Found Python3: /usr/bin/python3 (found version "3.10.12") found components: Interpreter 
[0.540s] -- Found urdf: 2.6.1 (/opt/ros/humble/share/urdf/cmake)
[0.645s] -- Configuring done (0.6s)
[0.649s] -- Generating done (0.0s)
[0.650s] -- Build files have been written to: /workspace/rl_for_curobo/projects_root/ros/workspaces/moveit_cfgs_ws/build/custom_franka_description
[0.654s] Invoked command in '/workspace/rl_for_curobo/projects_root/ros/workspaces/moveit_cfgs_ws/build/custom_franka_description' returned '0': CMAKE_PREFIX_PATH=${CMAKE_PREFIX_PATH}:/workspace/ws_moveit2/install/moveit_configs_utils:/workspace/ws_moveit2/install/launch_param_builder:/opt/ros/humble /usr/local/bin/cmake /workspace/rl_for_curobo/projects_root/ros/workspaces/moveit_cfgs_ws/src/custom_franka_description -DCMAKE_INSTALL_PREFIX=/workspace/rl_for_curobo/projects_root/ros/workspaces/moveit_cfgs_ws/install/custom_franka_description
[0.655s] Invoking command in '/workspace/rl_for_curobo/projects_root/ros/workspaces/moveit_cfgs_ws/build/custom_franka_description': CMAKE_PREFIX_PATH=${CMAKE_PREFIX_PATH}:/workspace/ws_moveit2/install/moveit_configs_utils:/workspace/ws_moveit2/install/launch_param_builder:/opt/ros/humble /usr/local/bin/cmake --build /workspace/rl_for_curobo/projects_root/ros/workspaces/moveit_cfgs_ws/build/custom_franka_description -- -j16 -l16
[0.698s] Invoked command in '/workspace/rl_for_curobo/projects_root/ros/workspaces/moveit_cfgs_ws/build/custom_franka_description' returned '0': CMAKE_PREFIX_PATH=${CMAKE_PREFIX_PATH}:/workspace/ws_moveit2/install/moveit_configs_utils:/workspace/ws_moveit2/install/launch_param_builder:/opt/ros/humble /usr/local/bin/cmake --build /workspace/rl_for_curobo/projects_root/ros/workspaces/moveit_cfgs_ws/build/custom_franka_description -- -j16 -l16
[0.703s] Invoking command in '/workspace/rl_for_curobo/projects_root/ros/workspaces/moveit_cfgs_ws/build/custom_franka_description': CMAKE_PREFIX_PATH=${CMAKE_PREFIX_PATH}:/workspace/ws_moveit2/install/moveit_configs_utils:/workspace/ws_moveit2/install/launch_param_builder:/opt/ros/humble /usr/local/bin/cmake --install /workspace/rl_for_curobo/projects_root/ros/workspaces/moveit_cfgs_ws/build/custom_franka_description
[0.710s] -- Install configuration: ""
[0.710s] -- Installing: /workspace/rl_for_curobo/projects_root/ros/workspaces/moveit_cfgs_ws/install/custom_franka_description/share/custom_franka_description/meshes
[0.710s] -- Installing: /workspace/rl_for_curobo/projects_root/ros/workspaces/moveit_cfgs_ws/install/custom_franka_description/share/custom_franka_description/meshes/collision
[0.710s] -- Installing: /workspace/rl_for_curobo/projects_root/ros/workspaces/moveit_cfgs_ws/install/custom_franka_description/share/custom_franka_description/meshes/collision/finger.stl
[0.710s] -- Installing: /workspace/rl_for_curobo/projects_root/ros/workspaces/moveit_cfgs_ws/install/custom_franka_description/share/custom_franka_description/meshes/collision/link3.stl
[0.710s] -- Installing: /workspace/rl_for_curobo/projects_root/ros/workspaces/moveit_cfgs_ws/install/custom_franka_description/share/custom_franka_description/meshes/collision/link6.obj
[0.710s] -- Installing: /workspace/rl_for_curobo/projects_root/ros/workspaces/moveit_cfgs_ws/install/custom_franka_description/share/custom_franka_description/meshes/collision/hand.obj
[0.710s] -- Installing: /workspace/rl_for_curobo/projects_root/ros/workspaces/moveit_cfgs_ws/install/custom_franka_description/share/custom_franka_description/meshes/collision/link4.stl
[0.710s] -- Installing: /workspace/rl_for_curobo/projects_root/ros/workspaces/moveit_cfgs_ws/install/custom_franka_description/share/custom_franka_description/meshes/collision/hand.stl
[0.710s] -- Installing: /workspace/rl_for_curobo/projects_root/ros/workspaces/moveit_cfgs_ws/install/custom_franka_description/share/custom_franka_description/meshes/collision/hand_gripper.obj
[0.711s] -- Installing: /workspace/rl_for_curobo/projects_root/ros/workspaces/moveit_cfgs_ws/install/custom_franka_description/share/custom_franka_description/meshes/collision/hand_flipped.obj
[0.711s] -- Installing: /workspace/rl_for_curobo/projects_root/ros/workspaces/moveit_cfgs_ws/install/custom_franka_description/share/custom_franka_description/meshes/collision/link5.stl
[0.711s] -- Installing: /workspace/rl_for_curobo/projects_root/ros/workspaces/moveit_cfgs_ws/install/custom_franka_description/share/custom_franka_description/meshes/collision/link7.stl
[0.711s] -- Installing: /workspace/rl_for_curobo/projects_root/ros/workspaces/moveit_cfgs_ws/install/custom_franka_description/share/custom_franka_description/meshes/collision/hand_gripper.stl
[0.711s] -- Installing: /workspace/rl_for_curobo/projects_root/ros/workspaces/moveit_cfgs_ws/install/custom_franka_description/share/custom_franka_description/meshes/collision/link6.stl
[0.711s] -- Installing: /workspace/rl_for_curobo/projects_root/ros/workspaces/moveit_cfgs_ws/install/custom_franka_description/share/custom_franka_description/meshes/collision/link5.obj
[0.711s] -- Installing: /workspace/rl_for_curobo/projects_root/ros/workspaces/moveit_cfgs_ws/install/custom_franka_description/share/custom_franka_description/meshes/collision/link4.obj
[0.711s] -- Installing: /workspace/rl_for_curobo/projects_root/ros/workspaces/moveit_cfgs_ws/install/custom_franka_description/share/custom_franka_description/meshes/collision/link7.obj
[0.711s] -- Installing: /workspace/rl_for_curobo/projects_root/ros/workspaces/moveit_cfgs_ws/install/custom_franka_description/share/custom_franka_description/meshes/collision/hand_gripper_flipped.obj
[0.711s] -- Installing: /workspace/rl_for_curobo/projects_root/ros/workspaces/moveit_cfgs_ws/install/custom_franka_description/share/custom_franka_description/meshes/collision/finger.obj
[0.711s] -- Installing: /workspace/rl_for_curobo/projects_root/ros/workspaces/moveit_cfgs_ws/install/custom_franka_description/share/custom_franka_description/meshes/collision/link0.stl
[0.712s] -- Installing: /workspace/rl_for_curobo/projects_root/ros/workspaces/moveit_cfgs_ws/install/custom_franka_description/share/custom_franka_description/meshes/collision/link2.obj
[0.712s] -- Installing: /workspace/rl_for_curobo/projects_root/ros/workspaces/moveit_cfgs_ws/install/custom_franka_description/share/custom_franka_description/meshes/collision/link1.stl
[0.712s] -- Installing: /workspace/rl_for_curobo/projects_root/ros/workspaces/moveit_cfgs_ws/install/custom_franka_description/share/custom_franka_description/meshes/collision/link3.obj
[0.712s] -- Installing: /workspace/rl_for_curobo/projects_root/ros/workspaces/moveit_cfgs_ws/install/custom_franka_description/share/custom_franka_description/meshes/collision/link1.obj
[0.712s] -- Installing: /workspace/rl_for_curobo/projects_root/ros/workspaces/moveit_cfgs_ws/install/custom_franka_description/share/custom_franka_description/meshes/collision/link0.obj
[0.712s] -- Installing: /workspace/rl_for_curobo/projects_root/ros/workspaces/moveit_cfgs_ws/install/custom_franka_description/share/custom_franka_description/meshes/collision/link2.stl
[0.712s] -- Installing: /workspace/rl_for_curobo/projects_root/ros/workspaces/moveit_cfgs_ws/install/custom_franka_description/share/custom_franka_description/meshes/visual
[0.712s] -- Installing: /workspace/rl_for_curobo/projects_root/ros/workspaces/moveit_cfgs_ws/install/custom_franka_description/share/custom_franka_description/meshes/visual/link5.obj.mtl
[0.712s] -- Installing: /workspace/rl_for_curobo/projects_root/ros/workspaces/moveit_cfgs_ws/install/custom_franka_description/share/custom_franka_description/meshes/visual/graspnet_panda_mesh.obj
[0.712s] -- Installing: /workspace/rl_for_curobo/projects_root/ros/workspaces/moveit_cfgs_ws/install/custom_franka_description/share/custom_franka_description/meshes/visual/link6.obj
[0.713s] -- Installing: /workspace/rl_for_curobo/projects_root/ros/workspaces/moveit_cfgs_ws/install/custom_franka_description/share/custom_franka_description/meshes/visual/link0.mtl
[0.713s] -- Installing: /workspace/rl_for_curobo/projects_root/ros/workspaces/moveit_cfgs_ws/install/custom_franka_description/share/custom_franka_description/meshes/visual/hand.obj
[0.714s] -- Installing: /workspace/rl_for_curobo/projects_root/ros/workspaces/moveit_cfgs_ws/install/custom_franka_description/share/custom_franka_description/meshes/visual/link6.dae
[0.715s] -- Installing: /workspace/rl_for_curobo/projects_root/ros/workspaces/moveit_cfgs_ws/install/custom_franka_description/share/custom_franka_description/meshes/visual/hand_gripper.obj
[0.715s] -- Installing: /workspace/rl_for_curobo/projects_root/ros/workspaces/moveit_cfgs_ws/install/custom_franka_description/share/custom_franka_description/meshes/visual/link4.dae
[0.715s] -- Installing: /workspace/rl_for_curobo/projects_root/ros/workspaces/moveit_cfgs_ws/install/custom_franka_description/share/custom_franka_description/meshes/visual/link7.dae
[0.716s] -- Installing: /workspace/rl_for_curobo/projects_root/ros/workspaces/moveit_cfgs_ws/install/custom_franka_description/share/custom_franka_description/meshes/visual/link2.mtl
[0.716s] -- Installing: /workspace/rl_for_curobo/projects_root/ros/workspaces/moveit_cfgs_ws/install/custom_franka_description/share/custom_franka_description/meshes/visual/link1.dae
[0.716s] -- Installing: /workspace/rl_for_curobo/projects_root/ros/workspaces/moveit_cfgs_ws/install/custom_franka_description/share/custom_franka_description/meshes/visual/link0.obj.mtl
[0.717s] -- Installing: /workspace/rl_for_curobo/projects_root/ros/workspaces/moveit_cfgs_ws/install/custom_franka_description/share/custom_franka_description/meshes/visual/hand.dae
[0.717s] -- Installing: /workspace/rl_for_curobo/projects_root/ros/workspaces/moveit_cfgs_ws/install/custom_franka_description/share/custom_franka_description/meshes/visual/link5.mtl
[0.717s] -- Installing: /workspace/rl_for_curobo/projects_root/ros/workspaces/moveit_cfgs_ws/install/custom_franka_description/share/custom_franka_description/meshes/visual/link7.obj.mtl
[0.717s] -- Installing: /workspace/rl_for_curobo/projects_root/ros/workspaces/moveit_cfgs_ws/install/custom_franka_description/share/custom_franka_description/meshes/visual/link2.dae
[0.717s] -- Installing: /workspace/rl_for_curobo/projects_root/ros/workspaces/moveit_cfgs_ws/install/custom_franka_description/share/custom_franka_description/meshes/visual/link6.mtl
[0.717s] -- Installing: /workspace/rl_for_curobo/projects_root/ros/workspaces/moveit_cfgs_ws/install/custom_franka_description/share/custom_franka_description/meshes/visual/hand_gripper.stl
[0.718s] -- Installing: /workspace/rl_for_curobo/projects_root/ros/workspaces/moveit_cfgs_ws/install/custom_franka_description/share/custom_franka_description/meshes/visual/link7.mtl
[0.718s] -- Installing: /workspace/rl_for_curobo/projects_root/ros/workspaces/moveit_cfgs_ws/install/custom_franka_description/share/custom_franka_description/meshes/visual/link0.dae
[0.718s] -- Installing: /workspace/rl_for_curobo/projects_root/ros/workspaces/moveit_cfgs_ws/install/custom_franka_description/share/custom_franka_description/meshes/visual/link6.obj.mtl
[0.718s] -- Installing: /workspace/rl_for_curobo/projects_root/ros/workspaces/moveit_cfgs_ws/install/custom_franka_description/share/custom_franka_description/meshes/visual/link1.obj.mtl
[0.718s] -- Installing: /workspace/rl_for_curobo/projects_root/ros/workspaces/moveit_cfgs_ws/install/custom_franka_description/share/custom_franka_description/meshes/visual/finger.mtl
[0.718s] -- Installing: /workspace/rl_for_curobo/projects_root/ros/workspaces/moveit_cfgs_ws/install/custom_franka_description/share/custom_franka_description/meshes/visual/link4.obj.mtl
[0.718s] -- Installing: /workspace/rl_for_curobo/projects_root/ros/workspaces/moveit_cfgs_ws/install/custom_franka_description/share/custom_franka_description/meshes/visual/link5.obj
[0.719s] -- Installing: /workspace/rl_for_curobo/projects_root/ros/workspaces/moveit_cfgs_ws/install/custom_franka_description/share/custom_franka_description/meshes/visual/link4.obj
[0.720s] -- Installing: /workspace/rl_for_curobo/projects_root/ros/workspaces/moveit_cfgs_ws/install/custom_franka_description/share/custom_franka_description/meshes/visual/link4.mtl
[0.720s] -- Installing: /workspace/rl_for_curobo/projects_root/ros/workspaces/moveit_cfgs_ws/install/custom_franka_description/share/custom_franka_description/meshes/visual/hand.mtl
[0.720s] -- Installing: /workspace/rl_for_curobo/projects_root/ros/workspaces/moveit_cfgs_ws/install/custom_franka_description/share/custom_franka_description/meshes/visual/link7.obj
[0.720s] -- Installing: /workspace/rl_for_curobo/projects_root/ros/workspaces/moveit_cfgs_ws/install/custom_franka_description/share/custom_franka_description/meshes/visual/finger.obj
[0.720s] -- Installing: /workspace/rl_for_curobo/projects_root/ros/workspaces/moveit_cfgs_ws/install/custom_franka_description/share/custom_franka_description/meshes/visual/link2.obj.mtl
[0.720s] -- Installing: /workspace/rl_for_curobo/projects_root/ros/workspaces/moveit_cfgs_ws/install/custom_franka_description/share/custom_franka_description/meshes/visual/hand_ee_link.dae
[0.721s] -- Installing: /workspace/rl_for_curobo/projects_root/ros/workspaces/moveit_cfgs_ws/install/custom_franka_description/share/custom_franka_description/meshes/visual/link3.mtl
[0.721s] -- Installing: /workspace/rl_for_curobo/projects_root/ros/workspaces/moveit_cfgs_ws/install/custom_franka_description/share/custom_franka_description/meshes/visual/link3.dae
[0.721s] -- Installing: /workspace/rl_for_curobo/projects_root/ros/workspaces/moveit_cfgs_ws/install/custom_franka_description/share/custom_franka_description/meshes/visual/link2.obj
[0.722s] -- Installing: /workspace/rl_for_curobo/projects_root/ros/workspaces/moveit_cfgs_ws/install/custom_franka_description/share/custom_franka_description/meshes/visual/finger.dae
[0.722s] -- Installing: /workspace/rl_for_curobo/projects_root/ros/workspaces/moveit_cfgs_ws/install/custom_franka_description/share/custom_franka_description/meshes/visual/link3.obj.mtl
[0.722s] -- Installing: /workspace/rl_for_curobo/projects_root/ros/workspaces/moveit_cfgs_ws/install/custom_franka_description/share/custom_franka_description/meshes/visual/train_gripper.obj
[0.722s] -- Installing: /workspace/rl_for_curobo/projects_root/ros/workspaces/moveit_cfgs_ws/install/custom_franka_description/share/custom_franka_description/meshes/visual/link3.obj
[0.723s] -- Installing: /workspace/rl_for_curobo/projects_root/ros/workspaces/moveit_cfgs_ws/install/custom_franka_description/share/custom_franka_description/meshes/visual/link1.mtl
[0.723s] -- Installing: /workspace/rl_for_curobo/projects_root/ros/workspaces/moveit_cfgs_ws/install/custom_franka_description/share/custom_franka_description/meshes/visual/link1.obj
[0.723s] -- Installing: /workspace/rl_for_curobo/projects_root/ros/workspaces/moveit_cfgs_ws/install/custom_franka_description/share/custom_franka_description/meshes/visual/link5.dae
[0.724s] -- Installing: /workspace/rl_for_curobo/projects_root/ros/workspaces/moveit_cfgs_ws/install/custom_franka_description/share/custom_franka_description/meshes/visual/link0.obj
[0.724s] -- Installing: /workspace/rl_for_curobo/projects_root/ros/workspaces/moveit_cfgs_ws/install/custom_franka_description/share/custom_franka_description/urdf
[0.724s] -- Installing: /workspace/rl_for_curobo/projects_root/ros/workspaces/moveit_cfgs_ws/install/custom_franka_description/share/custom_franka_description/urdf/franka_test.urdf
[0.725s] -- Installing: /workspace/rl_for_curobo/projects_root/ros/workspaces/moveit_cfgs_ws/install/custom_franka_description/share/custom_franka_description/urdf/franka_panda_mobile.urdf
[0.725s] -- Installing: /workspace/rl_for_curobo/projects_root/ros/workspaces/moveit_cfgs_ws/install/custom_franka_description/share/custom_franka_description/urdf/franka_panda_mobile_base.urdf
[0.725s] -- Installing: /workspace/rl_for_curobo/projects_root/ros/workspaces/moveit_cfgs_ws/install/custom_franka_description/share/custom_franka_description/urdf/franka_panda_mobile_xy_tz.urdf
[0.725s] -- Installing: /workspace/rl_for_curobo/projects_root/ros/workspaces/moveit_cfgs_ws/install/custom_franka_description/share/custom_franka_description/urdf/panda_grasp_gripper.urdf
[0.725s] -- Installing: /workspace/rl_for_curobo/projects_root/ros/workspaces/moveit_cfgs_ws/install/custom_franka_description/share/custom_franka_description/urdf/franka_panda_no_gripper.urdf
[0.725s] -- Installing: /workspace/rl_for_curobo/projects_root/ros/workspaces/moveit_cfgs_ws/install/custom_franka_description/share/custom_franka_description/urdf/franka_panda_mobile_x.urdf
[0.725s] -- Installing: /workspace/rl_for_curobo/projects_root/ros/workspaces/moveit_cfgs_ws/install/custom_franka_description/share/custom_franka_description/urdf/franka_panda.urdf
[0.725s] -- Installing: /workspace/rl_for_curobo/projects_root/ros/workspaces/moveit_cfgs_ws/install/custom_franka_description/share/custom_franka_description/urdf/franka_panda_mobile_xy.urdf
[0.725s] -- Installing: /workspace/rl_for_curobo/projects_root/ros/workspaces/moveit_cfgs_ws/install/custom_franka_description/share/custom_franka_description/urdf/franka_panda_temp.usd
[0.725s] -- Installing: /workspace/rl_for_curobo/projects_root/ros/workspaces/moveit_cfgs_ws/install/custom_franka_description/share/custom_franka_description/urdf/panda.urdf
[0.725s] -- Installing: /workspace/rl_for_curobo/projects_root/ros/workspaces/moveit_cfgs_ws/install/custom_franka_description/share/custom_franka_description/urdf/panda_gripper.urdf
[0.725s] -- Installing: /workspace/rl_for_curobo/projects_root/ros/workspaces/moveit_cfgs_ws/install/custom_franka_description/share/custom_franka_description/urdf/moving_gripper.urdf
[0.725s] -- Installing: /workspace/rl_for_curobo/projects_root/ros/workspaces/moveit_cfgs_ws/install/custom_franka_description/share/ament_index/resource_index/package_run_dependencies/custom_franka_description
[0.725s] -- Installing: /workspace/rl_for_curobo/projects_root/ros/workspaces/moveit_cfgs_ws/install/custom_franka_description/share/ament_index/resource_index/parent_prefix_path/custom_franka_description
[0.725s] -- Installing: /workspace/rl_for_curobo/projects_root/ros/workspaces/moveit_cfgs_ws/install/custom_franka_description/share/custom_franka_description/environment/ament_prefix_path.sh
[0.725s] -- Installing: /workspace/rl_for_curobo/projects_root/ros/workspaces/moveit_cfgs_ws/install/custom_franka_description/share/custom_franka_description/environment/ament_prefix_path.dsv
[0.725s] -- Installing: /workspace/rl_for_curobo/projects_root/ros/workspaces/moveit_cfgs_ws/install/custom_franka_description/share/custom_franka_description/environment/path.sh
[0.725s] -- Installing: /workspace/rl_for_curobo/projects_root/ros/workspaces/moveit_cfgs_ws/install/custom_franka_description/share/custom_franka_description/environment/path.dsv
[0.725s] -- Installing: /workspace/rl_for_curobo/projects_root/ros/workspaces/moveit_cfgs_ws/install/custom_franka_description/share/custom_franka_description/local_setup.bash
[0.725s] -- Installing: /workspace/rl_for_curobo/projects_root/ros/workspaces/moveit_cfgs_ws/install/custom_franka_description/share/custom_franka_description/local_setup.sh
[0.726s] -- Installing: /workspace/rl_for_curobo/projects_root/ros/workspaces/moveit_cfgs_ws/install/custom_franka_description/share/custom_franka_description/local_setup.zsh
[0.726s] -- Installing: /workspace/rl_for_curobo/projects_root/ros/workspaces/moveit_cfgs_ws/install/custom_franka_description/share/custom_franka_description/local_setup.dsv
[0.726s] -- Installing: /workspace/rl_for_curobo/projects_root/ros/workspaces/moveit_cfgs_ws/install/custom_franka_description/share/custom_franka_description/package.dsv
[0.726s] -- Installing: /workspace/rl_for_curobo/projects_root/ros/workspaces/moveit_cfgs_ws/install/custom_franka_description/share/ament_index/resource_index/packages/custom_franka_description
[0.726s] -- Installing: /workspace/rl_for_curobo/projects_root/ros/workspaces/moveit_cfgs_ws/install/custom_franka_description/share/custom_franka_description/cmake/custom_franka_descriptionConfig.cmake
[0.726s] -- Installing: /workspace/rl_for_curobo/projects_root/ros/workspaces/moveit_cfgs_ws/install/custom_franka_description/share/custom_franka_description/cmake/custom_franka_descriptionConfig-version.cmake
[0.726s] -- Installing: /workspace/rl_for_curobo/projects_root/ros/workspaces/moveit_cfgs_ws/install/custom_franka_description/share/custom_franka_description/package.xml
[0.727s] Invoked command in '/workspace/rl_for_curobo/projects_root/ros/workspaces/moveit_cfgs_ws/build/custom_franka_description' returned '0': CMAKE_PREFIX_PATH=${CMAKE_PREFIX_PATH}:/workspace/ws_moveit2/install/moveit_configs_utils:/workspace/ws_moveit2/install/launch_param_builder:/opt/ros/humble /usr/local/bin/cmake --install /workspace/rl_for_curobo/projects_root/ros/workspaces/moveit_cfgs_ws/build/custom_franka_description
