[0.020s] Invoking command in '/workspace/rl_for_curobo/projects_root/ros/workspaces/moveit_cfgs_ws/build/robot_arm_urdf': /usr/local/bin/cmake /workspace/rl_for_curobo/projects_root/ros/workspaces/moveit_cfgs_ws/src/custom_robot_3/import_your_custom_urdf_package_to_ROS-main-main/robot_arm_urdf -DCATKIN_INSTALL_INTO_PREFIX_ROOT=0 -DCMAKE_INSTALL_PREFIX=/workspace/rl_for_curobo/projects_root/ros/workspaces/moveit_cfgs_ws/install/robot_arm_urdf
[0.024s] [0mCMake Deprecation Warning at CMakeLists.txt:1 (cmake_minimum_required):
[0.024s]   Compatibility with CMake < 3.5 will be removed from a future version of
[0.024s]   CMake.
[0.025s] 
[0.025s]   Update the VERSION argument <min> value or use a ...<max> suffix to tell
[0.025s]   CMake that the project does not need compatibility with older versions.
[0.025s] 
[0.026s] [0m
[0.072s] -- The C compiler identification is GNU 11.4.0
[0.117s] -- The CXX compiler identification is GNU 11.4.0
[0.134s] -- Detecting C compiler ABI info
[0.267s] -- Detecting C compiler ABI info - done
[0.284s] -- Check for working C compiler: /usr/bin/cc - skipped
[0.285s] -- Detecting C compile features
[0.285s] -- Detecting C compile features - done
[0.296s] -- Detecting CXX compiler ABI info
[0.447s] -- Detecting CXX compiler ABI info - done
[0.454s] -- Check for working CXX compiler: /usr/bin/c++ - skipped
[0.455s] -- Detecting CXX compile features
[0.455s] -- Detecting CXX compile features - done
[0.468s] [31mCMake Error at CMakeLists.txt:5 (find_package):
[0.468s]   By not providing "Findcatkin.cmake" in CMAKE_MODULE_PATH this project has
[0.469s]   asked CMake to find a package configuration file provided by "catkin", but
[0.469s]   CMake did not find one.
[0.469s] 
[0.469s]   Could not find a package configuration file provided by "catkin" with any
[0.469s]   of the following names:
[0.469s] 
[0.469s]     catkinConfig.cmake
[0.469s]     catkin-config.cmake
[0.469s] 
[0.469s]   Add the installation prefix of "catkin" to CMAKE_PREFIX_PATH or set
[0.469s]   "catkin_DIR" to a directory containing one of the above files.  If "catkin"
[0.469s]   provides a separate development package or SDK, be sure it has been
[0.469s]   installed.
[0.469s] 
[0.469s] [0m
[0.469s] -- Configuring incomplete, errors occurred!
[0.470s] Invoked command in '/workspace/rl_for_curobo/projects_root/ros/workspaces/moveit_cfgs_ws/build/robot_arm_urdf' returned '1': /usr/local/bin/cmake /workspace/rl_for_curobo/projects_root/ros/workspaces/moveit_cfgs_ws/src/custom_robot_3/import_your_custom_urdf_package_to_ROS-main-main/robot_arm_urdf -DCATKIN_INSTALL_INTO_PREFIX_ROOT=0 -DCMAKE_INSTALL_PREFIX=/workspace/rl_for_curobo/projects_root/ros/workspaces/moveit_cfgs_ws/install/robot_arm_urdf
