[0.013s] Invoking command in '/workspaces/moveit2_UR5/build/robot_description': CMAKE_PREFIX_PATH=${CMAKE_PREFIX_PATH}:/workspaces/isaac_ros_ws/install/isaac_ros_test:/workspaces/isaac_ros_ws/install/isaac_ros_rosbag_utils:/workspaces/isaac_ros_ws/install/isaac_ros_launch_utils:/workspaces/isaac_ros_ws/install/isaac_common_py:/opt/ros/humble /usr/local/bin/cmake /workspaces/moveit2_UR5/src/robot_description -DCMAKE_INSTALL_PREFIX=/workspaces/moveit2_UR5/install/robot_description
[0.110s] -- The C compiler identification is GNU 11.4.0
[0.191s] -- The CXX compiler identification is GNU 11.4.0
[0.211s] -- Detecting C compiler ABI info
[0.268s] -- Detecting C compiler ABI info - done
[0.277s] -- Check for working C compiler: /usr/bin/cc - skipped
[0.278s] -- Detecting C compile features
[0.278s] -- Detecting C compile features - done
[0.286s] -- Detecting CXX compiler ABI info
[0.355s] -- Detecting CXX compiler ABI info - done
[0.364s] -- Check for working CXX compiler: /usr/bin/c++ - skipped
[0.364s] -- Detecting CXX compile features
[0.364s] -- Detecting CXX compile features - done
[0.369s] -- Found ament_cmake: 1.3.11 (/opt/ros/humble/share/ament_cmake/cmake)
[0.503s] -- Found Python3: /usr/bin/python3 (found version "3.10.12") found components: Interpreter 
[0.633s] -- Found urdf: 2.6.1 (/opt/ros/humble/share/urdf/cmake)
[0.772s] -- Configuring done (0.7s)
[0.774s] -- Generating done (0.0s)
[0.776s] -- Build files have been written to: /workspaces/moveit2_UR5/build/robot_description
[0.781s] Invoked command in '/workspaces/moveit2_UR5/build/robot_description' returned '0': CMAKE_PREFIX_PATH=${CMAKE_PREFIX_PATH}:/workspaces/isaac_ros_ws/install/isaac_ros_test:/workspaces/isaac_ros_ws/install/isaac_ros_rosbag_utils:/workspaces/isaac_ros_ws/install/isaac_ros_launch_utils:/workspaces/isaac_ros_ws/install/isaac_common_py:/opt/ros/humble /usr/local/bin/cmake /workspaces/moveit2_UR5/src/robot_description -DCMAKE_INSTALL_PREFIX=/workspaces/moveit2_UR5/install/robot_description
[0.783s] Invoking command in '/workspaces/moveit2_UR5/build/robot_description': CMAKE_PREFIX_PATH=${CMAKE_PREFIX_PATH}:/workspaces/isaac_ros_ws/install/isaac_ros_test:/workspaces/isaac_ros_ws/install/isaac_ros_rosbag_utils:/workspaces/isaac_ros_ws/install/isaac_ros_launch_utils:/workspaces/isaac_ros_ws/install/isaac_common_py:/opt/ros/humble /usr/local/bin/cmake --build /workspaces/moveit2_UR5/build/robot_description -- -j16 -l16
[0.799s] Invoked command in '/workspaces/moveit2_UR5/build/robot_description' returned '0': CMAKE_PREFIX_PATH=${CMAKE_PREFIX_PATH}:/workspaces/isaac_ros_ws/install/isaac_ros_test:/workspaces/isaac_ros_ws/install/isaac_ros_rosbag_utils:/workspaces/isaac_ros_ws/install/isaac_ros_launch_utils:/workspaces/isaac_ros_ws/install/isaac_common_py:/opt/ros/humble /usr/local/bin/cmake --build /workspaces/moveit2_UR5/build/robot_description -- -j16 -l16
[0.803s] Invoking command in '/workspaces/moveit2_UR5/build/robot_description': CMAKE_PREFIX_PATH=${CMAKE_PREFIX_PATH}:/workspaces/isaac_ros_ws/install/isaac_ros_test:/workspaces/isaac_ros_ws/install/isaac_ros_rosbag_utils:/workspaces/isaac_ros_ws/install/isaac_ros_launch_utils:/workspaces/isaac_ros_ws/install/isaac_common_py:/opt/ros/humble /usr/local/bin/cmake --install /workspaces/moveit2_UR5/build/robot_description
[0.806s] -- Install configuration: ""
[0.806s] -- Installing: /workspaces/moveit2_UR5/install/robot_description/share/robot_description/meshes
[0.806s] -- Installing: /workspaces/moveit2_UR5/install/robot_description/share/robot_description/meshes/ur5
[0.806s] -- Installing: /workspaces/moveit2_UR5/install/robot_description/share/robot_description/meshes/ur5/collision
[0.806s] -- Installing: /workspaces/moveit2_UR5/install/robot_description/share/robot_description/meshes/ur5/collision/robotiq_85_finger_tip_link.stl
[0.806s] -- Installing: /workspaces/moveit2_UR5/install/robot_description/share/robot_description/meshes/ur5/collision/forearm.stl
[0.807s] -- Installing: /workspaces/moveit2_UR5/install/robot_description/share/robot_description/meshes/ur5/collision/base.stl
[0.807s] -- Installing: /workspaces/moveit2_UR5/install/robot_description/share/robot_description/meshes/ur5/collision/robotiq_85_finger_link.stl
[0.808s] -- Installing: /workspaces/moveit2_UR5/install/robot_description/share/robot_description/meshes/ur5/collision/upperarm.stl
[0.808s] -- Installing: /workspaces/moveit2_UR5/install/robot_description/share/robot_description/meshes/ur5/collision/robotiq_85_knuckle_link.stl
[0.808s] -- Installing: /workspaces/moveit2_UR5/install/robot_description/share/robot_description/meshes/ur5/collision/shoulder.stl
[0.809s] -- Installing: /workspaces/moveit2_UR5/install/robot_description/share/robot_description/meshes/ur5/collision/wrist3.stl
[0.809s] -- Installing: /workspaces/moveit2_UR5/install/robot_description/share/robot_description/meshes/ur5/collision/robotiq_85_base_link.stl
[0.812s] -- Installing: /workspaces/moveit2_UR5/install/robot_description/share/robot_description/meshes/ur5/collision/wrist2.stl
[0.812s] -- Installing: /workspaces/moveit2_UR5/install/robot_description/share/robot_description/meshes/ur5/collision/robotiq_85_inner_knuckle_link.stl
[0.812s] -- Installing: /workspaces/moveit2_UR5/install/robot_description/share/robot_description/meshes/ur5/collision/wrist1.stl
[0.813s] -- Installing: /workspaces/moveit2_UR5/install/robot_description/share/robot_description/meshes/ur5/visual
[0.813s] -- Installing: /workspaces/moveit2_UR5/install/robot_description/share/robot_description/meshes/ur5/visual/robotiq_85_finger_tip_link.dae
[0.814s] -- Installing: /workspaces/moveit2_UR5/install/robot_description/share/robot_description/meshes/ur5/visual/robotiq_85_inner_knuckle_link.dae
[0.814s] -- Installing: /workspaces/moveit2_UR5/install/robot_description/share/robot_description/meshes/ur5/visual/wrist1.dae
[0.816s] -- Installing: /workspaces/moveit2_UR5/install/robot_description/share/robot_description/meshes/ur5/visual/upperarm.dae
[0.819s] -- Installing: /workspaces/moveit2_UR5/install/robot_description/share/robot_description/meshes/ur5/visual/robotiq_85_finger_link.dae
[0.820s] -- Installing: /workspaces/moveit2_UR5/install/robot_description/share/robot_description/meshes/ur5/visual/shoulder.dae
[0.821s] -- Installing: /workspaces/moveit2_UR5/install/robot_description/share/robot_description/meshes/ur5/visual/base.dae
[0.822s] -- Installing: /workspaces/moveit2_UR5/install/robot_description/share/robot_description/meshes/ur5/visual/robotiq_85_base_link.dae
[0.826s] -- Installing: /workspaces/moveit2_UR5/install/robot_description/share/robot_description/meshes/ur5/visual/forearm.dae
[0.828s] -- Installing: /workspaces/moveit2_UR5/install/robot_description/share/robot_description/meshes/ur5/visual/wrist3.dae
[0.828s] -- Installing: /workspaces/moveit2_UR5/install/robot_description/share/robot_description/meshes/ur5/visual/robotiq_85_knuckle_link.dae
[0.829s] -- Installing: /workspaces/moveit2_UR5/install/robot_description/share/robot_description/meshes/ur5/visual/wrist2.dae
[0.830s] -- Installing: /workspaces/moveit2_UR5/install/robot_description/share/robot_description/meshes/coupler.stl
[0.831s] -- Installing: /workspaces/moveit2_UR5/install/robot_description/share/robot_description/urdf
[0.831s] -- Installing: /workspaces/moveit2_UR5/install/robot_description/share/robot_description/urdf/ur5_robotiq85_gripper.xacro
[0.831s] -- Installing: /workspaces/moveit2_UR5/install/robot_description/share/robot_description/urdf/common.gazebo.xacro
[0.831s] -- Installing: /workspaces/moveit2_UR5/install/robot_description/share/robot_description/urdf/ur.transmission.xacro
[0.831s] -- Installing: /workspaces/moveit2_UR5/install/robot_description/share/robot_description/urdf/ur5_joint_limited_robot.urdf
[0.831s] -- Installing: /workspaces/moveit2_UR5/install/robot_description/share/robot_description/urdf/ur.gazebo.xacro
[0.832s] -- Installing: /workspaces/moveit2_UR5/install/robot_description/share/robot_description/urdf/ur5_robot.xacro
[0.832s] -- Installing: /workspaces/moveit2_UR5/install/robot_description/share/robot_description/urdf/camera
[0.832s] -- Installing: /workspaces/moveit2_UR5/install/robot_description/share/robot_description/urdf/camera/camera.gazebo
[0.832s] -- Installing: /workspaces/moveit2_UR5/install/robot_description/share/robot_description/urdf/camera/camera.xacro
[0.832s] -- Installing: /workspaces/moveit2_UR5/install/robot_description/share/robot_description/urdf/robotiq
[0.832s] -- Installing: /workspaces/moveit2_UR5/install/robot_description/share/robot_description/urdf/robotiq/robotiq_85_gripper_sim_base.urdf.xacro
[0.834s] -- Installing: /workspaces/moveit2_UR5/install/robot_description/share/robot_description/urdf/robotiq/robotiq_85_gripper.transmission.xacro
[0.834s] -- Installing: /workspaces/moveit2_UR5/install/robot_description/share/robot_description/urdf/robotiq/robotiq_85_gripper.xacro
[0.834s] -- Installing: /workspaces/moveit2_UR5/install/robot_description/share/robot_description/urdf/robotiq/robotiq_85_gripper.urdf.xacro
[0.834s] -- Installing: /workspaces/moveit2_UR5/install/robot_description/share/robot_description/urdf/ur5.urdf.xacro
[0.835s] -- Installing: /workspaces/moveit2_UR5/install/robot_description/share/robot_description/urdf/ur5_joint_limited_robot
[0.835s] -- Installing: /workspaces/moveit2_UR5/install/robot_description/share/robot_description/urdf/ur5_joint_limited_robot/configuration
[0.835s] -- Installing: /workspaces/moveit2_UR5/install/robot_description/share/robot_description/urdf/ur5_joint_limited_robot/configuration/ur5_joint_limited_robot_physics.usd
[0.835s] -- Installing: /workspaces/moveit2_UR5/install/robot_description/share/robot_description/urdf/ur5_joint_limited_robot/configuration/ur5_joint_limited_robot_base.usd
[0.845s] -- Installing: /workspaces/moveit2_UR5/install/robot_description/share/robot_description/urdf/ur5_joint_limited_robot/configuration/ur5_joint_limited_robot_sensor.usd
[0.845s] -- Installing: /workspaces/moveit2_UR5/install/robot_description/share/robot_description/urdf/ur5_joint_limited_robot/ur5_joint_limited_robot.usd
[0.845s] -- Installing: /workspaces/moveit2_UR5/install/robot_description/share/robot_description/urdf/ur5_joint_limited_robot.urdf.xacro
[0.845s] -- Installing: /workspaces/moveit2_UR5/install/robot_description/share/ament_index/resource_index/package_run_dependencies/robot_description
[0.846s] -- Installing: /workspaces/moveit2_UR5/install/robot_description/share/ament_index/resource_index/parent_prefix_path/robot_description
[0.846s] -- Installing: /workspaces/moveit2_UR5/install/robot_description/share/robot_description/environment/ament_prefix_path.sh
[0.846s] -- Installing: /workspaces/moveit2_UR5/install/robot_description/share/robot_description/environment/ament_prefix_path.dsv
[0.846s] -- Installing: /workspaces/moveit2_UR5/install/robot_description/share/robot_description/environment/path.sh
[0.847s] -- Installing: /workspaces/moveit2_UR5/install/robot_description/share/robot_description/environment/path.dsv
[0.847s] -- Installing: /workspaces/moveit2_UR5/install/robot_description/share/robot_description/local_setup.bash
[0.847s] -- Installing: /workspaces/moveit2_UR5/install/robot_description/share/robot_description/local_setup.sh
[0.847s] -- Installing: /workspaces/moveit2_UR5/install/robot_description/share/robot_description/local_setup.zsh
[0.847s] -- Installing: /workspaces/moveit2_UR5/install/robot_description/share/robot_description/local_setup.dsv
[0.848s] -- Installing: /workspaces/moveit2_UR5/install/robot_description/share/robot_description/package.dsv
[0.848s] -- Installing: /workspaces/moveit2_UR5/install/robot_description/share/ament_index/resource_index/packages/robot_description
[0.848s] -- Installing: /workspaces/moveit2_UR5/install/robot_description/share/robot_description/cmake/robot_descriptionConfig.cmake
[0.848s] -- Installing: /workspaces/moveit2_UR5/install/robot_description/share/robot_description/cmake/robot_descriptionConfig-version.cmake
[0.849s] -- Installing: /workspaces/moveit2_UR5/install/robot_description/share/robot_description/package.xml
[0.850s] Invoked command in '/workspaces/moveit2_UR5/build/robot_description' returned '0': CMAKE_PREFIX_PATH=${CMAKE_PREFIX_PATH}:/workspaces/isaac_ros_ws/install/isaac_ros_test:/workspaces/isaac_ros_ws/install/isaac_ros_rosbag_utils:/workspaces/isaac_ros_ws/install/isaac_ros_launch_utils:/workspaces/isaac_ros_ws/install/isaac_common_py:/opt/ros/humble /usr/local/bin/cmake --install /workspaces/moveit2_UR5/build/robot_description
