[0.015s] Invoking command in '/workspaces/moveit2_UR5/build/ur5_moveit_config_tutorial': AMENT_PREFIX_PATH=/workspaces/moveit2_UR5/install/robot_description:${AMENT_PREFIX_PATH} CMAKE_PREFIX_PATH=/workspaces/moveit2_UR5/install/robot_description:/workspaces/isaac_ros_ws/install/isaac_ros_test_cmake:/workspaces/isaac_ros_ws/install/isaac_ros_nitros_bridge_interfaces:/workspaces/isaac_ros_ws/install/isaac_ros_tensor_list_interfaces:/workspaces/isaac_ros_ws/install/isaac_ros_r2b_galileo:/workspaces/isaac_ros_ws/install/isaac_ros_pointcloud_interfaces:/workspaces/isaac_ros_ws/install/isaac_ros_nova_interfaces:/workspaces/isaac_ros_ws/install/isaac_ros_common:/workspaces/isaac_ros_ws/install/isaac_ros_bi3d_interfaces:/workspaces/isaac_ros_ws/install/isaac_ros_apriltag_interfaces:/workspaces/isaac_ros_ws/install/isaac_common:/workspaces/isaac_ros_ws/install/isaac_ros_test:/workspaces/isaac_ros_ws/install/isaac_ros_rosbag_utils:/workspaces/isaac_ros_ws/install/isaac_ros_launch_utils:/workspaces/isaac_ros_ws/install/isaac_common_py:/opt/ros/humble /usr/local/bin/cmake /workspaces/moveit2_UR5/src/ur5_moveit_config_tutorial -DCMAKE_INSTALL_PREFIX=/workspaces/moveit2_UR5/install/ur5_moveit_config_tutorial
[0.059s] -- The C compiler identification is GNU 11.4.0
[0.111s] -- The CXX compiler identification is GNU 11.4.0
[0.124s] -- Detecting C compiler ABI info
[0.190s] -- Detecting C compiler ABI info - done
[0.199s] -- Check for working C compiler: /usr/bin/cc - skipped
[0.199s] -- Detecting C compile features
[0.200s] -- Detecting C compile features - done
[0.207s] -- Detecting CXX compiler ABI info
[0.274s] -- Detecting CXX compiler ABI info - done
[0.283s] -- Check for working CXX compiler: /usr/bin/c++ - skipped
[0.283s] -- Detecting CXX compile features
[0.284s] -- Detecting CXX compile features - done
[0.288s] -- Found ament_cmake: 1.3.11 (/opt/ros/humble/share/ament_cmake/cmake)
[0.425s] -- Found Python3: /usr/bin/python3 (found version "3.10.12") found components: Interpreter 
[0.599s] -- Configuring done (0.6s)
[0.599s] -- Generating done (0.0s)
[0.601s] -- Build files have been written to: /workspaces/moveit2_UR5/build/ur5_moveit_config_tutorial
[0.605s] Invoked command in '/workspaces/moveit2_UR5/build/ur5_moveit_config_tutorial' returned '0': AMENT_PREFIX_PATH=/workspaces/moveit2_UR5/install/robot_description:${AMENT_PREFIX_PATH} CMAKE_PREFIX_PATH=/workspaces/moveit2_UR5/install/robot_description:/workspaces/isaac_ros_ws/install/isaac_ros_test_cmake:/workspaces/isaac_ros_ws/install/isaac_ros_nitros_bridge_interfaces:/workspaces/isaac_ros_ws/install/isaac_ros_tensor_list_interfaces:/workspaces/isaac_ros_ws/install/isaac_ros_r2b_galileo:/workspaces/isaac_ros_ws/install/isaac_ros_pointcloud_interfaces:/workspaces/isaac_ros_ws/install/isaac_ros_nova_interfaces:/workspaces/isaac_ros_ws/install/isaac_ros_common:/workspaces/isaac_ros_ws/install/isaac_ros_bi3d_interfaces:/workspaces/isaac_ros_ws/install/isaac_ros_apriltag_interfaces:/workspaces/isaac_ros_ws/install/isaac_common:/workspaces/isaac_ros_ws/install/isaac_ros_test:/workspaces/isaac_ros_ws/install/isaac_ros_rosbag_utils:/workspaces/isaac_ros_ws/install/isaac_ros_launch_utils:/workspaces/isaac_ros_ws/install/isaac_common_py:/opt/ros/humble /usr/local/bin/cmake /workspaces/moveit2_UR5/src/ur5_moveit_config_tutorial -DCMAKE_INSTALL_PREFIX=/workspaces/moveit2_UR5/install/ur5_moveit_config_tutorial
[0.605s] Invoking command in '/workspaces/moveit2_UR5/build/ur5_moveit_config_tutorial': AMENT_PREFIX_PATH=/workspaces/moveit2_UR5/install/robot_description:${AMENT_PREFIX_PATH} CMAKE_PREFIX_PATH=/workspaces/moveit2_UR5/install/robot_description:/workspaces/isaac_ros_ws/install/isaac_ros_test_cmake:/workspaces/isaac_ros_ws/install/isaac_ros_nitros_bridge_interfaces:/workspaces/isaac_ros_ws/install/isaac_ros_tensor_list_interfaces:/workspaces/isaac_ros_ws/install/isaac_ros_r2b_galileo:/workspaces/isaac_ros_ws/install/isaac_ros_pointcloud_interfaces:/workspaces/isaac_ros_ws/install/isaac_ros_nova_interfaces:/workspaces/isaac_ros_ws/install/isaac_ros_common:/workspaces/isaac_ros_ws/install/isaac_ros_bi3d_interfaces:/workspaces/isaac_ros_ws/install/isaac_ros_apriltag_interfaces:/workspaces/isaac_ros_ws/install/isaac_common:/workspaces/isaac_ros_ws/install/isaac_ros_test:/workspaces/isaac_ros_ws/install/isaac_ros_rosbag_utils:/workspaces/isaac_ros_ws/install/isaac_ros_launch_utils:/workspaces/isaac_ros_ws/install/isaac_common_py:/opt/ros/humble /usr/local/bin/cmake --build /workspaces/moveit2_UR5/build/ur5_moveit_config_tutorial -- -j16 -l16
[0.623s] Invoked command in '/workspaces/moveit2_UR5/build/ur5_moveit_config_tutorial' returned '0': AMENT_PREFIX_PATH=/workspaces/moveit2_UR5/install/robot_description:${AMENT_PREFIX_PATH} CMAKE_PREFIX_PATH=/workspaces/moveit2_UR5/install/robot_description:/workspaces/isaac_ros_ws/install/isaac_ros_test_cmake:/workspaces/isaac_ros_ws/install/isaac_ros_nitros_bridge_interfaces:/workspaces/isaac_ros_ws/install/isaac_ros_tensor_list_interfaces:/workspaces/isaac_ros_ws/install/isaac_ros_r2b_galileo:/workspaces/isaac_ros_ws/install/isaac_ros_pointcloud_interfaces:/workspaces/isaac_ros_ws/install/isaac_ros_nova_interfaces:/workspaces/isaac_ros_ws/install/isaac_ros_common:/workspaces/isaac_ros_ws/install/isaac_ros_bi3d_interfaces:/workspaces/isaac_ros_ws/install/isaac_ros_apriltag_interfaces:/workspaces/isaac_ros_ws/install/isaac_common:/workspaces/isaac_ros_ws/install/isaac_ros_test:/workspaces/isaac_ros_ws/install/isaac_ros_rosbag_utils:/workspaces/isaac_ros_ws/install/isaac_ros_launch_utils:/workspaces/isaac_ros_ws/install/isaac_common_py:/opt/ros/humble /usr/local/bin/cmake --build /workspaces/moveit2_UR5/build/ur5_moveit_config_tutorial -- -j16 -l16
[0.624s] Invoking command in '/workspaces/moveit2_UR5/build/ur5_moveit_config_tutorial': AMENT_PREFIX_PATH=/workspaces/moveit2_UR5/install/robot_description:${AMENT_PREFIX_PATH} CMAKE_PREFIX_PATH=/workspaces/moveit2_UR5/install/robot_description:/workspaces/isaac_ros_ws/install/isaac_ros_test_cmake:/workspaces/isaac_ros_ws/install/isaac_ros_nitros_bridge_interfaces:/workspaces/isaac_ros_ws/install/isaac_ros_tensor_list_interfaces:/workspaces/isaac_ros_ws/install/isaac_ros_r2b_galileo:/workspaces/isaac_ros_ws/install/isaac_ros_pointcloud_interfaces:/workspaces/isaac_ros_ws/install/isaac_ros_nova_interfaces:/workspaces/isaac_ros_ws/install/isaac_ros_common:/workspaces/isaac_ros_ws/install/isaac_ros_bi3d_interfaces:/workspaces/isaac_ros_ws/install/isaac_ros_apriltag_interfaces:/workspaces/isaac_ros_ws/install/isaac_common:/workspaces/isaac_ros_ws/install/isaac_ros_test:/workspaces/isaac_ros_ws/install/isaac_ros_rosbag_utils:/workspaces/isaac_ros_ws/install/isaac_ros_launch_utils:/workspaces/isaac_ros_ws/install/isaac_common_py:/opt/ros/humble /usr/local/bin/cmake --install /workspaces/moveit2_UR5/build/ur5_moveit_config_tutorial
[0.626s] -- Install configuration: ""
[0.626s] -- Installing: /workspaces/moveit2_UR5/install/ur5_moveit_config_tutorial/share/ament_index/resource_index/package_run_dependencies/ur5_moveit_config_tutorial
[0.626s] -- Installing: /workspaces/moveit2_UR5/install/ur5_moveit_config_tutorial/share/ament_index/resource_index/parent_prefix_path/ur5_moveit_config_tutorial
[0.627s] -- Installing: /workspaces/moveit2_UR5/install/ur5_moveit_config_tutorial/share/ur5_moveit_config_tutorial/environment/ament_prefix_path.sh
[0.627s] -- Installing: /workspaces/moveit2_UR5/install/ur5_moveit_config_tutorial/share/ur5_moveit_config_tutorial/environment/ament_prefix_path.dsv
[0.627s] -- Installing: /workspaces/moveit2_UR5/install/ur5_moveit_config_tutorial/share/ur5_moveit_config_tutorial/environment/path.sh
[0.627s] -- Installing: /workspaces/moveit2_UR5/install/ur5_moveit_config_tutorial/share/ur5_moveit_config_tutorial/environment/path.dsv
[0.627s] -- Installing: /workspaces/moveit2_UR5/install/ur5_moveit_config_tutorial/share/ur5_moveit_config_tutorial/local_setup.bash
[0.627s] -- Installing: /workspaces/moveit2_UR5/install/ur5_moveit_config_tutorial/share/ur5_moveit_config_tutorial/local_setup.sh
[0.627s] -- Installing: /workspaces/moveit2_UR5/install/ur5_moveit_config_tutorial/share/ur5_moveit_config_tutorial/local_setup.zsh
[0.627s] -- Installing: /workspaces/moveit2_UR5/install/ur5_moveit_config_tutorial/share/ur5_moveit_config_tutorial/local_setup.dsv
[0.628s] -- Installing: /workspaces/moveit2_UR5/install/ur5_moveit_config_tutorial/share/ur5_moveit_config_tutorial/package.dsv
[0.628s] -- Installing: /workspaces/moveit2_UR5/install/ur5_moveit_config_tutorial/share/ament_index/resource_index/packages/ur5_moveit_config_tutorial
[0.628s] -- Installing: /workspaces/moveit2_UR5/install/ur5_moveit_config_tutorial/share/ur5_moveit_config_tutorial/cmake/ur5_moveit_config_tutorialConfig.cmake
[0.628s] -- Installing: /workspaces/moveit2_UR5/install/ur5_moveit_config_tutorial/share/ur5_moveit_config_tutorial/cmake/ur5_moveit_config_tutorialConfig-version.cmake
[0.628s] -- Installing: /workspaces/moveit2_UR5/install/ur5_moveit_config_tutorial/share/ur5_moveit_config_tutorial/package.xml
[0.628s] -- Installing: /workspaces/moveit2_UR5/install/ur5_moveit_config_tutorial/share/ur5_moveit_config_tutorial/launch
[0.629s] -- Installing: /workspaces/moveit2_UR5/install/ur5_moveit_config_tutorial/share/ur5_moveit_config_tutorial/launch/warehouse_db.launch.py
[0.629s] -- Installing: /workspaces/moveit2_UR5/install/ur5_moveit_config_tutorial/share/ur5_moveit_config_tutorial/launch/static_virtual_joint_tfs.launch.py
[0.629s] -- Installing: /workspaces/moveit2_UR5/install/ur5_moveit_config_tutorial/share/ur5_moveit_config_tutorial/launch/setup_assistant.launch.py
[0.629s] -- Installing: /workspaces/moveit2_UR5/install/ur5_moveit_config_tutorial/share/ur5_moveit_config_tutorial/launch/move_group.launch.py
[0.629s] -- Installing: /workspaces/moveit2_UR5/install/ur5_moveit_config_tutorial/share/ur5_moveit_config_tutorial/launch/spawn_controllers.launch.py
[0.630s] -- Installing: /workspaces/moveit2_UR5/install/ur5_moveit_config_tutorial/share/ur5_moveit_config_tutorial/launch/demo.launch.py
[0.630s] -- Installing: /workspaces/moveit2_UR5/install/ur5_moveit_config_tutorial/share/ur5_moveit_config_tutorial/launch/moveit_rviz.launch.py
[0.631s] -- Installing: /workspaces/moveit2_UR5/install/ur5_moveit_config_tutorial/share/ur5_moveit_config_tutorial/launch/rsp.launch.py
[0.632s] -- Installing: /workspaces/moveit2_UR5/install/ur5_moveit_config_tutorial/share/ur5_moveit_config_tutorial/config
[0.632s] -- Installing: /workspaces/moveit2_UR5/install/ur5_moveit_config_tutorial/share/ur5_moveit_config_tutorial/config/kinematics.yaml
[0.632s] -- Installing: /workspaces/moveit2_UR5/install/ur5_moveit_config_tutorial/share/ur5_moveit_config_tutorial/config/moveit_controllers.yaml
[0.632s] -- Installing: /workspaces/moveit2_UR5/install/ur5_moveit_config_tutorial/share/ur5_moveit_config_tutorial/config/ur5.srdf
[0.633s] -- Installing: /workspaces/moveit2_UR5/install/ur5_moveit_config_tutorial/share/ur5_moveit_config_tutorial/config/initial_positions.yaml
[0.633s] -- Installing: /workspaces/moveit2_UR5/install/ur5_moveit_config_tutorial/share/ur5_moveit_config_tutorial/config/moveit.rviz
[0.633s] -- Installing: /workspaces/moveit2_UR5/install/ur5_moveit_config_tutorial/share/ur5_moveit_config_tutorial/config/pilz_cartesian_limits.yaml
[0.633s] -- Installing: /workspaces/moveit2_UR5/install/ur5_moveit_config_tutorial/share/ur5_moveit_config_tutorial/config/ur5.urdf.xacro
[0.634s] -- Installing: /workspaces/moveit2_UR5/install/ur5_moveit_config_tutorial/share/ur5_moveit_config_tutorial/config/joint_limits.yaml
[0.634s] -- Installing: /workspaces/moveit2_UR5/install/ur5_moveit_config_tutorial/share/ur5_moveit_config_tutorial/config/ros2_controllers.yaml
[0.634s] -- Installing: /workspaces/moveit2_UR5/install/ur5_moveit_config_tutorial/share/ur5_moveit_config_tutorial/config/ur5.ros2_control.xacro
[0.634s] -- Installing: /workspaces/moveit2_UR5/install/ur5_moveit_config_tutorial/share/ur5_moveit_config_tutorial/.setup_assistant
[0.636s] Invoked command in '/workspaces/moveit2_UR5/build/ur5_moveit_config_tutorial' returned '0': AMENT_PREFIX_PATH=/workspaces/moveit2_UR5/install/robot_description:${AMENT_PREFIX_PATH} CMAKE_PREFIX_PATH=/workspaces/moveit2_UR5/install/robot_description:/workspaces/isaac_ros_ws/install/isaac_ros_test_cmake:/workspaces/isaac_ros_ws/install/isaac_ros_nitros_bridge_interfaces:/workspaces/isaac_ros_ws/install/isaac_ros_tensor_list_interfaces:/workspaces/isaac_ros_ws/install/isaac_ros_r2b_galileo:/workspaces/isaac_ros_ws/install/isaac_ros_pointcloud_interfaces:/workspaces/isaac_ros_ws/install/isaac_ros_nova_interfaces:/workspaces/isaac_ros_ws/install/isaac_ros_common:/workspaces/isaac_ros_ws/install/isaac_ros_bi3d_interfaces:/workspaces/isaac_ros_ws/install/isaac_ros_apriltag_interfaces:/workspaces/isaac_ros_ws/install/isaac_common:/workspaces/isaac_ros_ws/install/isaac_ros_test:/workspaces/isaac_ros_ws/install/isaac_ros_rosbag_utils:/workspaces/isaac_ros_ws/install/isaac_ros_launch_utils:/workspaces/isaac_ros_ws/install/isaac_common_py:/opt/ros/humble /usr/local/bin/cmake --install /workspaces/moveit2_UR5/build/ur5_moveit_config_tutorial
