[0.013s] Invoking command in '/workspace/rl_for_curobo/projects_root/ros/workspaces/moveit_cfgs_ws/build/franka_panda_moveit_cfg_2': CMAKE_PREFIX_PATH=${CMAKE_PREFIX_PATH}:/workspace/rl_for_curobo/projects_root/ros/workspaces/isaac_moveit_ws/install/isaac_moveit_main:/workspaces/isaac_ros_ws/install/isaac_ros_test:/workspaces/isaac_ros_ws/install/isaac_ros_rosbag_utils:/workspaces/isaac_ros_ws/install/isaac_ros_launch_utils:/workspaces/isaac_ros_ws/install/isaac_common_py:/opt/ros/humble /usr/local/bin/cmake /workspace/rl_for_curobo/projects_root/ros/workspaces/moveit_cfgs_ws/src/franka_panda_moveit_cfg_2 -DCMAKE_INSTALL_PREFIX=/workspace/rl_for_curobo/projects_root/ros/workspaces/moveit_cfgs_ws/install/franka_panda_moveit_cfg_2
[0.051s] -- The C compiler identification is GNU 11.4.0
[0.124s] -- The CXX compiler identification is GNU 11.4.0
[0.136s] -- Detecting C compiler ABI info
[0.256s] -- Detecting C compiler ABI info - done
[0.266s] -- Check for working C compiler: /usr/bin/cc - skipped
[0.266s] -- Detecting C compile features
[0.267s] -- Detecting C compile features - done
[0.278s] -- Detecting CXX compiler ABI info
[0.401s] -- Detecting CXX compiler ABI info - done
[0.408s] -- Check for working CXX compiler: /usr/bin/c++ - skipped
[0.408s] -- Detecting CXX compile features
[0.408s] -- Detecting CXX compile features - done
[0.412s] -- Found ament_cmake: 1.3.11 (/opt/ros/humble/share/ament_cmake/cmake)
[0.520s] -- Found Python3: /usr/bin/python3 (found version "3.10.12") found components: Interpreter 
[0.658s] -- Configuring done (0.6s)
[0.660s] -- Generating done (0.0s)
[0.661s] -- Build files have been written to: /workspace/rl_for_curobo/projects_root/ros/workspaces/moveit_cfgs_ws/build/franka_panda_moveit_cfg_2
[0.663s] Invoked command in '/workspace/rl_for_curobo/projects_root/ros/workspaces/moveit_cfgs_ws/build/franka_panda_moveit_cfg_2' returned '0': CMAKE_PREFIX_PATH=${CMAKE_PREFIX_PATH}:/workspace/rl_for_curobo/projects_root/ros/workspaces/isaac_moveit_ws/install/isaac_moveit_main:/workspaces/isaac_ros_ws/install/isaac_ros_test:/workspaces/isaac_ros_ws/install/isaac_ros_rosbag_utils:/workspaces/isaac_ros_ws/install/isaac_ros_launch_utils:/workspaces/isaac_ros_ws/install/isaac_common_py:/opt/ros/humble /usr/local/bin/cmake /workspace/rl_for_curobo/projects_root/ros/workspaces/moveit_cfgs_ws/src/franka_panda_moveit_cfg_2 -DCMAKE_INSTALL_PREFIX=/workspace/rl_for_curobo/projects_root/ros/workspaces/moveit_cfgs_ws/install/franka_panda_moveit_cfg_2
[0.665s] Invoking command in '/workspace/rl_for_curobo/projects_root/ros/workspaces/moveit_cfgs_ws/build/franka_panda_moveit_cfg_2': CMAKE_PREFIX_PATH=${CMAKE_PREFIX_PATH}:/workspace/rl_for_curobo/projects_root/ros/workspaces/isaac_moveit_ws/install/isaac_moveit_main:/workspaces/isaac_ros_ws/install/isaac_ros_test:/workspaces/isaac_ros_ws/install/isaac_ros_rosbag_utils:/workspaces/isaac_ros_ws/install/isaac_ros_launch_utils:/workspaces/isaac_ros_ws/install/isaac_common_py:/opt/ros/humble /usr/local/bin/cmake --build /workspace/rl_for_curobo/projects_root/ros/workspaces/moveit_cfgs_ws/build/franka_panda_moveit_cfg_2 -- -j16 -l16
[0.681s] Invoked command in '/workspace/rl_for_curobo/projects_root/ros/workspaces/moveit_cfgs_ws/build/franka_panda_moveit_cfg_2' returned '0': CMAKE_PREFIX_PATH=${CMAKE_PREFIX_PATH}:/workspace/rl_for_curobo/projects_root/ros/workspaces/isaac_moveit_ws/install/isaac_moveit_main:/workspaces/isaac_ros_ws/install/isaac_ros_test:/workspaces/isaac_ros_ws/install/isaac_ros_rosbag_utils:/workspaces/isaac_ros_ws/install/isaac_ros_launch_utils:/workspaces/isaac_ros_ws/install/isaac_common_py:/opt/ros/humble /usr/local/bin/cmake --build /workspace/rl_for_curobo/projects_root/ros/workspaces/moveit_cfgs_ws/build/franka_panda_moveit_cfg_2 -- -j16 -l16
[0.682s] Invoking command in '/workspace/rl_for_curobo/projects_root/ros/workspaces/moveit_cfgs_ws/build/franka_panda_moveit_cfg_2': CMAKE_PREFIX_PATH=${CMAKE_PREFIX_PATH}:/workspace/rl_for_curobo/projects_root/ros/workspaces/isaac_moveit_ws/install/isaac_moveit_main:/workspaces/isaac_ros_ws/install/isaac_ros_test:/workspaces/isaac_ros_ws/install/isaac_ros_rosbag_utils:/workspaces/isaac_ros_ws/install/isaac_ros_launch_utils:/workspaces/isaac_ros_ws/install/isaac_common_py:/opt/ros/humble /usr/local/bin/cmake --install /workspace/rl_for_curobo/projects_root/ros/workspaces/moveit_cfgs_ws/build/franka_panda_moveit_cfg_2
[0.684s] -- Install configuration: ""
[0.685s] -- Installing: /workspace/rl_for_curobo/projects_root/ros/workspaces/moveit_cfgs_ws/install/franka_panda_moveit_cfg_2/share/ament_index/resource_index/package_run_dependencies/franka_panda_moveit_cfg_2
[0.685s] -- Installing: /workspace/rl_for_curobo/projects_root/ros/workspaces/moveit_cfgs_ws/install/franka_panda_moveit_cfg_2/share/ament_index/resource_index/parent_prefix_path/franka_panda_moveit_cfg_2
[0.685s] -- Installing: /workspace/rl_for_curobo/projects_root/ros/workspaces/moveit_cfgs_ws/install/franka_panda_moveit_cfg_2/share/franka_panda_moveit_cfg_2/environment/ament_prefix_path.sh
[0.685s] -- Installing: /workspace/rl_for_curobo/projects_root/ros/workspaces/moveit_cfgs_ws/install/franka_panda_moveit_cfg_2/share/franka_panda_moveit_cfg_2/environment/ament_prefix_path.dsv
[0.685s] -- Installing: /workspace/rl_for_curobo/projects_root/ros/workspaces/moveit_cfgs_ws/install/franka_panda_moveit_cfg_2/share/franka_panda_moveit_cfg_2/environment/path.sh
[0.685s] -- Installing: /workspace/rl_for_curobo/projects_root/ros/workspaces/moveit_cfgs_ws/install/franka_panda_moveit_cfg_2/share/franka_panda_moveit_cfg_2/environment/path.dsv
[0.685s] -- Installing: /workspace/rl_for_curobo/projects_root/ros/workspaces/moveit_cfgs_ws/install/franka_panda_moveit_cfg_2/share/franka_panda_moveit_cfg_2/local_setup.bash
[0.685s] -- Installing: /workspace/rl_for_curobo/projects_root/ros/workspaces/moveit_cfgs_ws/install/franka_panda_moveit_cfg_2/share/franka_panda_moveit_cfg_2/local_setup.sh
[0.686s] -- Installing: /workspace/rl_for_curobo/projects_root/ros/workspaces/moveit_cfgs_ws/install/franka_panda_moveit_cfg_2/share/franka_panda_moveit_cfg_2/local_setup.zsh
[0.686s] -- Installing: /workspace/rl_for_curobo/projects_root/ros/workspaces/moveit_cfgs_ws/install/franka_panda_moveit_cfg_2/share/franka_panda_moveit_cfg_2/local_setup.dsv
[0.686s] -- Installing: /workspace/rl_for_curobo/projects_root/ros/workspaces/moveit_cfgs_ws/install/franka_panda_moveit_cfg_2/share/franka_panda_moveit_cfg_2/package.dsv
[0.686s] -- Installing: /workspace/rl_for_curobo/projects_root/ros/workspaces/moveit_cfgs_ws/install/franka_panda_moveit_cfg_2/share/ament_index/resource_index/packages/franka_panda_moveit_cfg_2
[0.686s] -- Installing: /workspace/rl_for_curobo/projects_root/ros/workspaces/moveit_cfgs_ws/install/franka_panda_moveit_cfg_2/share/franka_panda_moveit_cfg_2/cmake/franka_panda_moveit_cfg_2Config.cmake
[0.686s] -- Installing: /workspace/rl_for_curobo/projects_root/ros/workspaces/moveit_cfgs_ws/install/franka_panda_moveit_cfg_2/share/franka_panda_moveit_cfg_2/cmake/franka_panda_moveit_cfg_2Config-version.cmake
[0.686s] -- Installing: /workspace/rl_for_curobo/projects_root/ros/workspaces/moveit_cfgs_ws/install/franka_panda_moveit_cfg_2/share/franka_panda_moveit_cfg_2/package.xml
[0.686s] -- Installing: /workspace/rl_for_curobo/projects_root/ros/workspaces/moveit_cfgs_ws/install/franka_panda_moveit_cfg_2/share/franka_panda_moveit_cfg_2/config
[0.687s] -- Installing: /workspace/rl_for_curobo/projects_root/ros/workspaces/moveit_cfgs_ws/install/franka_panda_moveit_cfg_2/share/franka_panda_moveit_cfg_2/config/panda.ros2_control.xacro
[0.687s] -- Installing: /workspace/rl_for_curobo/projects_root/ros/workspaces/moveit_cfgs_ws/install/franka_panda_moveit_cfg_2/share/franka_panda_moveit_cfg_2/config/panda.urdf.xacro
[0.687s] -- Installing: /workspace/rl_for_curobo/projects_root/ros/workspaces/moveit_cfgs_ws/install/franka_panda_moveit_cfg_2/share/franka_panda_moveit_cfg_2/config/kinematics.yaml
[0.687s] -- Installing: /workspace/rl_for_curobo/projects_root/ros/workspaces/moveit_cfgs_ws/install/franka_panda_moveit_cfg_2/share/franka_panda_moveit_cfg_2/config/initial_positions.yaml
[0.687s] -- Installing: /workspace/rl_for_curobo/projects_root/ros/workspaces/moveit_cfgs_ws/install/franka_panda_moveit_cfg_2/share/franka_panda_moveit_cfg_2/config/pilz_cartesian_limits.yaml
[0.687s] -- Installing: /workspace/rl_for_curobo/projects_root/ros/workspaces/moveit_cfgs_ws/install/franka_panda_moveit_cfg_2/share/franka_panda_moveit_cfg_2/config/panda.srdf
[0.687s] -- Installing: /workspace/rl_for_curobo/projects_root/ros/workspaces/moveit_cfgs_ws/install/franka_panda_moveit_cfg_2/share/franka_panda_moveit_cfg_2/config/joint_limits.yaml
[0.687s] -- Installing: /workspace/rl_for_curobo/projects_root/ros/workspaces/moveit_cfgs_ws/install/franka_panda_moveit_cfg_2/share/franka_panda_moveit_cfg_2/.setup_assistant
[0.688s] Invoked command in '/workspace/rl_for_curobo/projects_root/ros/workspaces/moveit_cfgs_ws/build/franka_panda_moveit_cfg_2' returned '0': CMAKE_PREFIX_PATH=${CMAKE_PREFIX_PATH}:/workspace/rl_for_curobo/projects_root/ros/workspaces/isaac_moveit_ws/install/isaac_moveit_main:/workspaces/isaac_ros_ws/install/isaac_ros_test:/workspaces/isaac_ros_ws/install/isaac_ros_rosbag_utils:/workspaces/isaac_ros_ws/install/isaac_ros_launch_utils:/workspaces/isaac_ros_ws/install/isaac_common_py:/opt/ros/humble /usr/local/bin/cmake --install /workspace/rl_for_curobo/projects_root/ros/workspaces/moveit_cfgs_ws/build/franka_panda_moveit_cfg_2
