running egg_info
writing ../../../build/isaac_moveit_main/isaac_moveit_main.egg-info/PKG-INFO
writing dependency_links to ../../../build/isaac_moveit_main/isaac_moveit_main.egg-info/dependency_links.txt
writing entry points to ../../../build/isaac_moveit_main/isaac_moveit_main.egg-info/entry_points.txt
writing requirements to ../../../build/isaac_moveit_main/isaac_moveit_main.egg-info/requires.txt
writing top-level names to ../../../build/isaac_moveit_main/isaac_moveit_main.egg-info/top_level.txt
reading manifest file '../../../build/isaac_moveit_main/isaac_moveit_main.egg-info/SOURCES.txt'
writing manifest file '../../../build/isaac_moveit_main/isaac_moveit_main.egg-info/SOURCES.txt'
running build
running build_py
running install
running install_lib
running install_data
copying isaac_moveit_main/launch/minimal_test.launch.py -> /workspace/rl_for_curobo/projects_root/ros/workspaces/isaac_moveit_ws/install/isaac_moveit_main/share/isaac_moveit_main/launch
running install_egg_info
removing '/workspace/rl_for_curobo/projects_root/ros/workspaces/isaac_moveit_ws/install/isaac_moveit_main/lib/python3.10/site-packages/isaac_moveit_main-0.0.0-py3.10.egg-info' (and everything under it)
Copying ../../../build/isaac_moveit_main/isaac_moveit_main.egg-info to /workspace/rl_for_curobo/projects_root/ros/workspaces/isaac_moveit_ws/install/isaac_moveit_main/lib/python3.10/site-packages/isaac_moveit_main-0.0.0-py3.10.egg-info
running install_scripts
Installing goal_sender script to /workspace/rl_for_curobo/projects_root/ros/workspaces/isaac_moveit_ws/install/isaac_moveit_main/lib/isaac_moveit_main
Installing launch_isaac script to /workspace/rl_for_curobo/projects_root/ros/workspaces/isaac_moveit_ws/install/isaac_moveit_main/lib/isaac_moveit_main
Installing launch_rviz_moveit script to /workspace/rl_for_curobo/projects_root/ros/workspaces/isaac_moveit_ws/install/isaac_moveit_main/lib/isaac_moveit_main
Installing moveit_monitor script to /workspace/rl_for_curobo/projects_root/ros/workspaces/isaac_moveit_ws/install/isaac_moveit_main/lib/isaac_moveit_main
writing list of installed files to '/workspace/rl_for_curobo/projects_root/ros/workspaces/isaac_moveit_ws/build/isaac_moveit_main/install.log'
