[0.007s] Invoking command in '/workspace/rl_for_curobo/projects_root/ros/workspaces/isaac_moveit_ws/build/franka_panda': /usr/local/bin/cmake /workspace/rl_for_curobo/projects_root/ros/workspaces/isaac_moveit_ws/config/moveit/franka_panda -DCMAKE_INSTALL_PREFIX=/workspace/rl_for_curobo/projects_root/ros/workspaces/isaac_moveit_ws/install/franka_panda
[0.127s] -- The C compiler identification is GNU 11.4.0
[0.127s] -- The CXX compiler identification is GNU 11.4.0
[0.127s] -- Detecting C compiler ABI info
[0.140s] -- Detecting C compiler ABI info - done
[0.147s] -- Check for working C compiler: /usr/bin/cc - skipped
[0.147s] -- Detecting C compile features
[0.147s] -- Detecting C compile features - done
[0.157s] -- Detecting CXX compiler ABI info
[0.214s] -- Detecting CXX compiler ABI info - done
[0.221s] -- Check for working CXX compiler: /usr/bin/c++ - skipped
[0.221s] -- Detecting CXX compile features
[0.221s] -- Detecting CXX compile features - done
[0.233s] [31mCMake Error at CMakeLists.txt:4 (find_package):
[0.233s]   By not providing "Findament_cmake.cmake" in CMAKE_MODULE_PATH this project
[0.233s]   has asked CMake to find a package configuration file provided by
[0.233s]   "ament_cmake", but CMake did not find one.
[0.233s] 
[0.233s]   Could not find a package configuration file provided by "ament_cmake" with
[0.233s]   any of the following names:
[0.233s] 
[0.233s]     ament_cmakeConfig.cmake
[0.233s]     ament_cmake-config.cmake
[0.233s] 
[0.233s]   Add the installation prefix of "ament_cmake" to CMAKE_PREFIX_PATH or set
[0.234s]   "ament_cmake_DIR" to a directory containing one of the above files.  If
[0.234s]   "ament_cmake" provides a separate development package or SDK, be sure it
[0.234s]   has been installed.
[0.234s] 
[0.234s] -- Configuring incomplete, errors occurred!
[0.234s] [0m
[0.235s] Invoked command in '/workspace/rl_for_curobo/projects_root/ros/workspaces/isaac_moveit_ws/build/franka_panda' returned '1': /usr/local/bin/cmake /workspace/rl_for_curobo/projects_root/ros/workspaces/isaac_moveit_ws/config/moveit/franka_panda -DCMAKE_INSTALL_PREFIX=/workspace/rl_for_curobo/projects_root/ros/workspaces/isaac_moveit_ws/install/franka_panda
