[0.011s] Invoking command in '/workspace/moveit2_UR5/src/build/ur5_moveit_config': AMENT_PREFIX_PATH=/workspace/moveit2_UR5/src/install/robot_description:${AMENT_PREFIX_PATH} CMAKE_PREFIX_PATH=/workspace/moveit2_UR5/src/install/robot_description:/workspaces/isaac_ros_ws/install/isaac_ros_test_cmake:/workspaces/isaac_ros_ws/install/isaac_ros_nitros_bridge_interfaces:/workspaces/isaac_ros_ws/install/isaac_ros_tensor_list_interfaces:/workspaces/isaac_ros_ws/install/isaac_ros_r2b_galileo:/workspaces/isaac_ros_ws/install/isaac_ros_pointcloud_interfaces:/workspaces/isaac_ros_ws/install/isaac_ros_nova_interfaces:/workspaces/isaac_ros_ws/install/isaac_ros_common:/workspaces/isaac_ros_ws/install/isaac_ros_bi3d_interfaces:/workspaces/isaac_ros_ws/install/isaac_ros_apriltag_interfaces:/workspaces/isaac_ros_ws/install/isaac_common:/workspaces/isaac_ros_ws/install/isaac_ros_test:/workspaces/isaac_ros_ws/install/isaac_ros_rosbag_utils:/workspaces/isaac_ros_ws/install/isaac_ros_launch_utils:/workspaces/isaac_ros_ws/install/isaac_common_py:/opt/ros/humble /usr/local/bin/cmake /workspace/moveit2_UR5/src/ur5_moveit_config -DCMAKE_INSTALL_PREFIX=/workspace/moveit2_UR5/src/install/ur5_moveit_config
[0.060s] -- The C compiler identification is GNU 11.4.0
[0.108s] -- The CXX compiler identification is GNU 11.4.0
[0.124s] -- Detecting C compiler ABI info
[0.185s] -- Detecting C compiler ABI info - done
[0.194s] -- Check for working C compiler: /usr/bin/cc - skipped
[0.194s] -- Detecting C compile features
[0.194s] -- Detecting C compile features - done
[0.202s] -- Detecting CXX compiler ABI info
[0.278s] -- Detecting CXX compiler ABI info - done
[0.282s] -- Check for working CXX compiler: /usr/bin/c++ - skipped
[0.282s] -- Detecting CXX compile features
[0.283s] -- Detecting CXX compile features - done
[0.288s] -- Found ament_cmake: 1.3.11 (/opt/ros/humble/share/ament_cmake/cmake)
[0.426s] -- Found Python3: /usr/bin/python3 (found version "3.10.12") found components: Interpreter 
[0.566s] -- Configuring done (0.6s)
[0.568s] -- Generating done (0.0s)
[0.569s] -- Build files have been written to: /workspace/moveit2_UR5/src/build/ur5_moveit_config
[0.571s] Invoked command in '/workspace/moveit2_UR5/src/build/ur5_moveit_config' returned '0': AMENT_PREFIX_PATH=/workspace/moveit2_UR5/src/install/robot_description:${AMENT_PREFIX_PATH} CMAKE_PREFIX_PATH=/workspace/moveit2_UR5/src/install/robot_description:/workspaces/isaac_ros_ws/install/isaac_ros_test_cmake:/workspaces/isaac_ros_ws/install/isaac_ros_nitros_bridge_interfaces:/workspaces/isaac_ros_ws/install/isaac_ros_tensor_list_interfaces:/workspaces/isaac_ros_ws/install/isaac_ros_r2b_galileo:/workspaces/isaac_ros_ws/install/isaac_ros_pointcloud_interfaces:/workspaces/isaac_ros_ws/install/isaac_ros_nova_interfaces:/workspaces/isaac_ros_ws/install/isaac_ros_common:/workspaces/isaac_ros_ws/install/isaac_ros_bi3d_interfaces:/workspaces/isaac_ros_ws/install/isaac_ros_apriltag_interfaces:/workspaces/isaac_ros_ws/install/isaac_common:/workspaces/isaac_ros_ws/install/isaac_ros_test:/workspaces/isaac_ros_ws/install/isaac_ros_rosbag_utils:/workspaces/isaac_ros_ws/install/isaac_ros_launch_utils:/workspaces/isaac_ros_ws/install/isaac_common_py:/opt/ros/humble /usr/local/bin/cmake /workspace/moveit2_UR5/src/ur5_moveit_config -DCMAKE_INSTALL_PREFIX=/workspace/moveit2_UR5/src/install/ur5_moveit_config
[0.572s] Invoking command in '/workspace/moveit2_UR5/src/build/ur5_moveit_config': AMENT_PREFIX_PATH=/workspace/moveit2_UR5/src/install/robot_description:${AMENT_PREFIX_PATH} CMAKE_PREFIX_PATH=/workspace/moveit2_UR5/src/install/robot_description:/workspaces/isaac_ros_ws/install/isaac_ros_test_cmake:/workspaces/isaac_ros_ws/install/isaac_ros_nitros_bridge_interfaces:/workspaces/isaac_ros_ws/install/isaac_ros_tensor_list_interfaces:/workspaces/isaac_ros_ws/install/isaac_ros_r2b_galileo:/workspaces/isaac_ros_ws/install/isaac_ros_pointcloud_interfaces:/workspaces/isaac_ros_ws/install/isaac_ros_nova_interfaces:/workspaces/isaac_ros_ws/install/isaac_ros_common:/workspaces/isaac_ros_ws/install/isaac_ros_bi3d_interfaces:/workspaces/isaac_ros_ws/install/isaac_ros_apriltag_interfaces:/workspaces/isaac_ros_ws/install/isaac_common:/workspaces/isaac_ros_ws/install/isaac_ros_test:/workspaces/isaac_ros_ws/install/isaac_ros_rosbag_utils:/workspaces/isaac_ros_ws/install/isaac_ros_launch_utils:/workspaces/isaac_ros_ws/install/isaac_common_py:/opt/ros/humble /usr/local/bin/cmake --build /workspace/moveit2_UR5/src/build/ur5_moveit_config -- -j16 -l16
[0.590s] Invoked command in '/workspace/moveit2_UR5/src/build/ur5_moveit_config' returned '0': AMENT_PREFIX_PATH=/workspace/moveit2_UR5/src/install/robot_description:${AMENT_PREFIX_PATH} CMAKE_PREFIX_PATH=/workspace/moveit2_UR5/src/install/robot_description:/workspaces/isaac_ros_ws/install/isaac_ros_test_cmake:/workspaces/isaac_ros_ws/install/isaac_ros_nitros_bridge_interfaces:/workspaces/isaac_ros_ws/install/isaac_ros_tensor_list_interfaces:/workspaces/isaac_ros_ws/install/isaac_ros_r2b_galileo:/workspaces/isaac_ros_ws/install/isaac_ros_pointcloud_interfaces:/workspaces/isaac_ros_ws/install/isaac_ros_nova_interfaces:/workspaces/isaac_ros_ws/install/isaac_ros_common:/workspaces/isaac_ros_ws/install/isaac_ros_bi3d_interfaces:/workspaces/isaac_ros_ws/install/isaac_ros_apriltag_interfaces:/workspaces/isaac_ros_ws/install/isaac_common:/workspaces/isaac_ros_ws/install/isaac_ros_test:/workspaces/isaac_ros_ws/install/isaac_ros_rosbag_utils:/workspaces/isaac_ros_ws/install/isaac_ros_launch_utils:/workspaces/isaac_ros_ws/install/isaac_common_py:/opt/ros/humble /usr/local/bin/cmake --build /workspace/moveit2_UR5/src/build/ur5_moveit_config -- -j16 -l16
[0.591s] Invoking command in '/workspace/moveit2_UR5/src/build/ur5_moveit_config': AMENT_PREFIX_PATH=/workspace/moveit2_UR5/src/install/robot_description:${AMENT_PREFIX_PATH} CMAKE_PREFIX_PATH=/workspace/moveit2_UR5/src/install/robot_description:/workspaces/isaac_ros_ws/install/isaac_ros_test_cmake:/workspaces/isaac_ros_ws/install/isaac_ros_nitros_bridge_interfaces:/workspaces/isaac_ros_ws/install/isaac_ros_tensor_list_interfaces:/workspaces/isaac_ros_ws/install/isaac_ros_r2b_galileo:/workspaces/isaac_ros_ws/install/isaac_ros_pointcloud_interfaces:/workspaces/isaac_ros_ws/install/isaac_ros_nova_interfaces:/workspaces/isaac_ros_ws/install/isaac_ros_common:/workspaces/isaac_ros_ws/install/isaac_ros_bi3d_interfaces:/workspaces/isaac_ros_ws/install/isaac_ros_apriltag_interfaces:/workspaces/isaac_ros_ws/install/isaac_common:/workspaces/isaac_ros_ws/install/isaac_ros_test:/workspaces/isaac_ros_ws/install/isaac_ros_rosbag_utils:/workspaces/isaac_ros_ws/install/isaac_ros_launch_utils:/workspaces/isaac_ros_ws/install/isaac_common_py:/opt/ros/humble /usr/local/bin/cmake --install /workspace/moveit2_UR5/src/build/ur5_moveit_config
[0.594s] -- Install configuration: ""
[0.594s] -- Installing: /workspace/moveit2_UR5/src/install/ur5_moveit_config/share/ament_index/resource_index/package_run_dependencies/ur5_moveit_config
[0.594s] -- Installing: /workspace/moveit2_UR5/src/install/ur5_moveit_config/share/ament_index/resource_index/parent_prefix_path/ur5_moveit_config
[0.594s] -- Installing: /workspace/moveit2_UR5/src/install/ur5_moveit_config/share/ur5_moveit_config/environment/ament_prefix_path.sh
[0.595s] -- Installing: /workspace/moveit2_UR5/src/install/ur5_moveit_config/share/ur5_moveit_config/environment/ament_prefix_path.dsv
[0.595s] -- Installing: /workspace/moveit2_UR5/src/install/ur5_moveit_config/share/ur5_moveit_config/environment/path.sh
[0.595s] -- Installing: /workspace/moveit2_UR5/src/install/ur5_moveit_config/share/ur5_moveit_config/environment/path.dsv
[0.595s] -- Installing: /workspace/moveit2_UR5/src/install/ur5_moveit_config/share/ur5_moveit_config/local_setup.bash
[0.595s] -- Installing: /workspace/moveit2_UR5/src/install/ur5_moveit_config/share/ur5_moveit_config/local_setup.sh
[0.595s] -- Installing: /workspace/moveit2_UR5/src/install/ur5_moveit_config/share/ur5_moveit_config/local_setup.zsh
[0.595s] -- Installing: /workspace/moveit2_UR5/src/install/ur5_moveit_config/share/ur5_moveit_config/local_setup.dsv
[0.596s] -- Installing: /workspace/moveit2_UR5/src/install/ur5_moveit_config/share/ur5_moveit_config/package.dsv
[0.596s] -- Installing: /workspace/moveit2_UR5/src/install/ur5_moveit_config/share/ament_index/resource_index/packages/ur5_moveit_config
[0.596s] -- Installing: /workspace/moveit2_UR5/src/install/ur5_moveit_config/share/ur5_moveit_config/cmake/ur5_moveit_configConfig.cmake
[0.596s] -- Installing: /workspace/moveit2_UR5/src/install/ur5_moveit_config/share/ur5_moveit_config/cmake/ur5_moveit_configConfig-version.cmake
[0.596s] -- Installing: /workspace/moveit2_UR5/src/install/ur5_moveit_config/share/ur5_moveit_config/package.xml
[0.596s] -- Installing: /workspace/moveit2_UR5/src/install/ur5_moveit_config/share/ur5_moveit_config/launch
[0.596s] -- Installing: /workspace/moveit2_UR5/src/install/ur5_moveit_config/share/ur5_moveit_config/launch/warehouse_db.launch.py
[0.597s] -- Installing: /workspace/moveit2_UR5/src/install/ur5_moveit_config/share/ur5_moveit_config/launch/static_virtual_joint_tfs.launch.py
[0.597s] -- Installing: /workspace/moveit2_UR5/src/install/ur5_moveit_config/share/ur5_moveit_config/launch/setup_assistant.launch.py
[0.597s] -- Installing: /workspace/moveit2_UR5/src/install/ur5_moveit_config/share/ur5_moveit_config/launch/move_group.launch.py
[0.597s] -- Installing: /workspace/moveit2_UR5/src/install/ur5_moveit_config/share/ur5_moveit_config/launch/spawn_controllers.launch.py
[0.597s] -- Installing: /workspace/moveit2_UR5/src/install/ur5_moveit_config/share/ur5_moveit_config/launch/demo.launch.py
[0.597s] -- Installing: /workspace/moveit2_UR5/src/install/ur5_moveit_config/share/ur5_moveit_config/launch/moveit_rviz.launch.py
[0.597s] -- Installing: /workspace/moveit2_UR5/src/install/ur5_moveit_config/share/ur5_moveit_config/launch/rsp.launch.py
[0.597s] -- Installing: /workspace/moveit2_UR5/src/install/ur5_moveit_config/share/ur5_moveit_config/config
[0.597s] -- Installing: /workspace/moveit2_UR5/src/install/ur5_moveit_config/share/ur5_moveit_config/config/sensors_3d.yaml
[0.597s] -- Installing: /workspace/moveit2_UR5/src/install/ur5_moveit_config/share/ur5_moveit_config/config/ur5
[0.597s] -- Installing: /workspace/moveit2_UR5/src/install/ur5_moveit_config/share/ur5_moveit_config/config/ur5/ur5.usd
[0.603s] -- Installing: /workspace/moveit2_UR5/src/install/ur5_moveit_config/share/ur5_moveit_config/config/kinematics.yaml
[0.603s] -- Installing: /workspace/moveit2_UR5/src/install/ur5_moveit_config/share/ur5_moveit_config/config/moveit_controllers.yaml
[0.603s] -- Installing: /workspace/moveit2_UR5/src/install/ur5_moveit_config/share/ur5_moveit_config/config/ur5.srdf
[0.603s] -- Installing: /workspace/moveit2_UR5/src/install/ur5_moveit_config/share/ur5_moveit_config/config/initial_positions.yaml
[0.603s] -- Installing: /workspace/moveit2_UR5/src/install/ur5_moveit_config/share/ur5_moveit_config/config/ur5.urdf
[0.603s] -- Installing: /workspace/moveit2_UR5/src/install/ur5_moveit_config/share/ur5_moveit_config/config/moveit.rviz
[0.603s] -- Installing: /workspace/moveit2_UR5/src/install/ur5_moveit_config/share/ur5_moveit_config/config/pilz_cartesian_limits.yaml
[0.603s] -- Installing: /workspace/moveit2_UR5/src/install/ur5_moveit_config/share/ur5_moveit_config/config/ur5.urdf.xacro
[0.603s] -- Installing: /workspace/moveit2_UR5/src/install/ur5_moveit_config/share/ur5_moveit_config/config/joint_limits.yaml
[0.603s] -- Installing: /workspace/moveit2_UR5/src/install/ur5_moveit_config/share/ur5_moveit_config/config/ros2_controllers.yaml
[0.603s] -- Installing: /workspace/moveit2_UR5/src/install/ur5_moveit_config/share/ur5_moveit_config/config/ur5.ros2_control.xacro
[0.604s] -- Installing: /workspace/moveit2_UR5/src/install/ur5_moveit_config/share/ur5_moveit_config/.setup_assistant
[0.605s] Invoked command in '/workspace/moveit2_UR5/src/build/ur5_moveit_config' returned '0': AMENT_PREFIX_PATH=/workspace/moveit2_UR5/src/install/robot_description:${AMENT_PREFIX_PATH} CMAKE_PREFIX_PATH=/workspace/moveit2_UR5/src/install/robot_description:/workspaces/isaac_ros_ws/install/isaac_ros_test_cmake:/workspaces/isaac_ros_ws/install/isaac_ros_nitros_bridge_interfaces:/workspaces/isaac_ros_ws/install/isaac_ros_tensor_list_interfaces:/workspaces/isaac_ros_ws/install/isaac_ros_r2b_galileo:/workspaces/isaac_ros_ws/install/isaac_ros_pointcloud_interfaces:/workspaces/isaac_ros_ws/install/isaac_ros_nova_interfaces:/workspaces/isaac_ros_ws/install/isaac_ros_common:/workspaces/isaac_ros_ws/install/isaac_ros_bi3d_interfaces:/workspaces/isaac_ros_ws/install/isaac_ros_apriltag_interfaces:/workspaces/isaac_ros_ws/install/isaac_common:/workspaces/isaac_ros_ws/install/isaac_ros_test:/workspaces/isaac_ros_ws/install/isaac_ros_rosbag_utils:/workspaces/isaac_ros_ws/install/isaac_ros_launch_utils:/workspaces/isaac_ros_ws/install/isaac_common_py:/opt/ros/humble /usr/local/bin/cmake --install /workspace/moveit2_UR5/src/build/ur5_moveit_config
