[0.135s] DEBUG:colcon:Command line arguments: ['/usr/bin/colcon', 'build']
[0.135s] DEBUG:colcon:Parsed command line arguments: Namespace(log_base=None, log_level=None, verb_name='build', build_base='build', install_base='install', merge_install=False, symlink_install=False, test_result_base=None, continue_on_error=False, executor='parallel', parallel_workers=16, event_handlers=None, ignore_user_meta=False, metas=['./colcon.meta'], base_paths=['.'], packages_ignore=None, packages_ignore_regex=None, paths=None, packages_up_to=None, packages_up_to_regex=None, packages_above=None, packages_above_and_dependencies=None, packages_above_depth=None, packages_select_by_dep=None, packages_skip_by_dep=None, packages_skip_up_to=None, packages_select_build_failed=False, packages_skip_build_finished=False, packages_select_test_failures=False, packages_skip_test_passed=False, packages_select=None, packages_skip=None, packages_select_regex=None, packages_skip_regex=None, packages_start=None, packages_end=None, cmake_args=None, cmake_target=None, cmake_target_skip_unavailable=False, cmake_clean_cache=False, cmake_clean_first=False, cmake_force_configure=False, ament_cmake_args=None, catkin_cmake_args=None, catkin_skip_building_tests=False, verb_parser=<colcon_defaults.argument_parser.defaults.DefaultArgumentsDecorator object at 0x7a94f1b46440>, verb_extension=<colcon_core.verb.build.BuildVerb object at 0x7a94f1b45ff0>, main=<bound method BuildVerb.main of <colcon_core.verb.build.BuildVerb object at 0x7a94f1b45ff0>>)
[0.308s] Level 1:colcon.colcon_core.package_discovery:discover_packages(colcon_meta) check parameters
[0.308s] Level 1:colcon.colcon_core.package_discovery:discover_packages(recursive) check parameters
[0.308s] Level 1:colcon.colcon_core.package_discovery:discover_packages(ignore) check parameters
[0.308s] Level 1:colcon.colcon_core.package_discovery:discover_packages(path) check parameters
[0.308s] Level 1:colcon.colcon_core.package_discovery:discover_packages(colcon_meta) discover
[0.308s] Level 1:colcon.colcon_core.package_discovery:discover_packages(recursive) discover
[0.308s] INFO:colcon.colcon_core.package_discovery:Crawling recursively for packages in '/workspaces/moveit2_UR5'
[0.308s] Level 1:colcon.colcon_core.package_identification:_identify(.) by extensions ['ignore', 'ignore_ament_install']
[0.308s] Level 1:colcon.colcon_core.package_identification:_identify(.) by extension 'ignore'
[0.308s] Level 1:colcon.colcon_core.package_identification:_identify(.) by extension 'ignore_ament_install'
[0.308s] Level 1:colcon.colcon_core.package_identification:_identify(.) by extensions ['colcon_pkg']
[0.308s] Level 1:colcon.colcon_core.package_identification:_identify(.) by extension 'colcon_pkg'
[0.308s] Level 1:colcon.colcon_core.package_identification:_identify(.) by extensions ['colcon_meta']
[0.308s] Level 1:colcon.colcon_core.package_identification:_identify(.) by extension 'colcon_meta'
[0.309s] Level 1:colcon.colcon_core.package_identification:_identify(.) by extensions ['ros']
[0.309s] Level 1:colcon.colcon_core.package_identification:_identify(.) by extension 'ros'
[0.320s] Level 1:colcon.colcon_core.package_identification:_identify(.) by extensions ['cmake', 'python']
[0.320s] Level 1:colcon.colcon_core.package_identification:_identify(.) by extension 'cmake'
[0.320s] Level 1:colcon.colcon_core.package_identification:_identify(.) by extension 'python'
[0.320s] Level 1:colcon.colcon_core.package_identification:_identify(.) by extensions ['python_setup_py']
[0.320s] Level 1:colcon.colcon_core.package_identification:_identify(.) by extension 'python_setup_py'
[0.320s] Level 1:colcon.colcon_core.package_identification:_identify(build) by extensions ['ignore', 'ignore_ament_install']
[0.320s] Level 1:colcon.colcon_core.package_identification:_identify(build) by extension 'ignore'
[0.320s] Level 1:colcon.colcon_core.package_identification:_identify(build) ignored
[0.320s] Level 1:colcon.colcon_core.package_identification:_identify(install) by extensions ['ignore', 'ignore_ament_install']
[0.320s] Level 1:colcon.colcon_core.package_identification:_identify(install) by extension 'ignore'
[0.320s] Level 1:colcon.colcon_core.package_identification:_identify(install) ignored
[0.320s] Level 1:colcon.colcon_core.package_identification:_identify(log) by extensions ['ignore', 'ignore_ament_install']
[0.320s] Level 1:colcon.colcon_core.package_identification:_identify(log) by extension 'ignore'
[0.320s] Level 1:colcon.colcon_core.package_identification:_identify(log) ignored
[0.320s] Level 1:colcon.colcon_core.package_identification:_identify(src) by extensions ['ignore', 'ignore_ament_install']
[0.321s] Level 1:colcon.colcon_core.package_identification:_identify(src) by extension 'ignore'
[0.321s] Level 1:colcon.colcon_core.package_identification:_identify(src) by extension 'ignore_ament_install'
[0.321s] Level 1:colcon.colcon_core.package_identification:_identify(src) by extensions ['colcon_pkg']
[0.321s] Level 1:colcon.colcon_core.package_identification:_identify(src) by extension 'colcon_pkg'
[0.321s] Level 1:colcon.colcon_core.package_identification:_identify(src) by extensions ['colcon_meta']
[0.321s] Level 1:colcon.colcon_core.package_identification:_identify(src) by extension 'colcon_meta'
[0.321s] Level 1:colcon.colcon_core.package_identification:_identify(src) by extensions ['ros']
[0.321s] Level 1:colcon.colcon_core.package_identification:_identify(src) by extension 'ros'
[0.321s] Level 1:colcon.colcon_core.package_identification:_identify(src) by extensions ['cmake', 'python']
[0.321s] Level 1:colcon.colcon_core.package_identification:_identify(src) by extension 'cmake'
[0.321s] Level 1:colcon.colcon_core.package_identification:_identify(src) by extension 'python'
[0.321s] Level 1:colcon.colcon_core.package_identification:_identify(src) by extensions ['python_setup_py']
[0.321s] Level 1:colcon.colcon_core.package_identification:_identify(src) by extension 'python_setup_py'
[0.321s] Level 1:colcon.colcon_core.package_identification:_identify(src/build) by extensions ['ignore', 'ignore_ament_install']
[0.321s] Level 1:colcon.colcon_core.package_identification:_identify(src/build) by extension 'ignore'
[0.321s] Level 1:colcon.colcon_core.package_identification:_identify(src/build) ignored
[0.321s] Level 1:colcon.colcon_core.package_identification:_identify(src/install) by extensions ['ignore', 'ignore_ament_install']
[0.321s] Level 1:colcon.colcon_core.package_identification:_identify(src/install) by extension 'ignore'
[0.321s] Level 1:colcon.colcon_core.package_identification:_identify(src/install) ignored
[0.321s] Level 1:colcon.colcon_core.package_identification:_identify(src/log) by extensions ['ignore', 'ignore_ament_install']
[0.321s] Level 1:colcon.colcon_core.package_identification:_identify(src/log) by extension 'ignore'
[0.321s] Level 1:colcon.colcon_core.package_identification:_identify(src/log) ignored
[0.321s] Level 1:colcon.colcon_core.package_identification:_identify(src/robot_description) by extensions ['ignore', 'ignore_ament_install']
[0.321s] Level 1:colcon.colcon_core.package_identification:_identify(src/robot_description) by extension 'ignore'
[0.322s] Level 1:colcon.colcon_core.package_identification:_identify(src/robot_description) by extension 'ignore_ament_install'
[0.322s] Level 1:colcon.colcon_core.package_identification:_identify(src/robot_description) by extensions ['colcon_pkg']
[0.322s] Level 1:colcon.colcon_core.package_identification:_identify(src/robot_description) by extension 'colcon_pkg'
[0.322s] Level 1:colcon.colcon_core.package_identification:_identify(src/robot_description) by extensions ['colcon_meta']
[0.322s] Level 1:colcon.colcon_core.package_identification:_identify(src/robot_description) by extension 'colcon_meta'
[0.322s] Level 1:colcon.colcon_core.package_identification:_identify(src/robot_description) by extensions ['ros']
[0.322s] Level 1:colcon.colcon_core.package_identification:_identify(src/robot_description) by extension 'ros'
[0.324s] DEBUG:colcon.colcon_core.package_identification:Package 'src/robot_description' with type 'ros.ament_cmake' and name 'robot_description'
[0.324s] Level 1:colcon.colcon_core.package_identification:_identify(src/ur5_moveit_config) by extensions ['ignore', 'ignore_ament_install']
[0.324s] Level 1:colcon.colcon_core.package_identification:_identify(src/ur5_moveit_config) by extension 'ignore'
[0.324s] Level 1:colcon.colcon_core.package_identification:_identify(src/ur5_moveit_config) by extension 'ignore_ament_install'
[0.324s] Level 1:colcon.colcon_core.package_identification:_identify(src/ur5_moveit_config) by extensions ['colcon_pkg']
[0.324s] Level 1:colcon.colcon_core.package_identification:_identify(src/ur5_moveit_config) by extension 'colcon_pkg'
[0.324s] Level 1:colcon.colcon_core.package_identification:_identify(src/ur5_moveit_config) by extensions ['colcon_meta']
[0.324s] Level 1:colcon.colcon_core.package_identification:_identify(src/ur5_moveit_config) by extension 'colcon_meta'
[0.324s] Level 1:colcon.colcon_core.package_identification:_identify(src/ur5_moveit_config) by extensions ['ros']
[0.324s] Level 1:colcon.colcon_core.package_identification:_identify(src/ur5_moveit_config) by extension 'ros'
[0.325s] DEBUG:colcon.colcon_core.package_identification:Package 'src/ur5_moveit_config' with type 'ros.ament_cmake' and name 'ur5_moveit_config'
[0.325s] Level 1:colcon.colcon_core.package_identification:_identify(src/ur5_moveit_config_tutorial) by extensions ['ignore', 'ignore_ament_install']
[0.325s] Level 1:colcon.colcon_core.package_identification:_identify(src/ur5_moveit_config_tutorial) by extension 'ignore'
[0.325s] Level 1:colcon.colcon_core.package_identification:_identify(src/ur5_moveit_config_tutorial) by extension 'ignore_ament_install'
[0.326s] Level 1:colcon.colcon_core.package_identification:_identify(src/ur5_moveit_config_tutorial) by extensions ['colcon_pkg']
[0.326s] Level 1:colcon.colcon_core.package_identification:_identify(src/ur5_moveit_config_tutorial) by extension 'colcon_pkg'
[0.326s] Level 1:colcon.colcon_core.package_identification:_identify(src/ur5_moveit_config_tutorial) by extensions ['colcon_meta']
[0.326s] Level 1:colcon.colcon_core.package_identification:_identify(src/ur5_moveit_config_tutorial) by extension 'colcon_meta'
[0.326s] Level 1:colcon.colcon_core.package_identification:_identify(src/ur5_moveit_config_tutorial) by extensions ['ros']
[0.326s] Level 1:colcon.colcon_core.package_identification:_identify(src/ur5_moveit_config_tutorial) by extension 'ros'
[0.326s] DEBUG:colcon.colcon_core.package_identification:Package 'src/ur5_moveit_config_tutorial' with type 'ros.ament_cmake' and name 'ur5_moveit_config_tutorial'
[0.326s] Level 1:colcon.colcon_core.package_discovery:discover_packages(recursive) using defaults
[0.327s] Level 1:colcon.colcon_core.package_discovery:discover_packages(ignore) discover
[0.327s] Level 1:colcon.colcon_core.package_discovery:discover_packages(ignore) using defaults
[0.327s] Level 1:colcon.colcon_core.package_discovery:discover_packages(path) discover
[0.327s] Level 1:colcon.colcon_core.package_discovery:discover_packages(path) using defaults
[0.356s] Level 5:colcon.colcon_core.verb:set package 'robot_description' build argument 'cmake_args' from command line to 'None'
[0.356s] Level 5:colcon.colcon_core.verb:set package 'robot_description' build argument 'cmake_target' from command line to 'None'
[0.356s] Level 5:colcon.colcon_core.verb:set package 'robot_description' build argument 'cmake_target_skip_unavailable' from command line to 'False'
[0.356s] Level 5:colcon.colcon_core.verb:set package 'robot_description' build argument 'cmake_clean_cache' from command line to 'False'
[0.356s] Level 5:colcon.colcon_core.verb:set package 'robot_description' build argument 'cmake_clean_first' from command line to 'False'
[0.356s] Level 5:colcon.colcon_core.verb:set package 'robot_description' build argument 'cmake_force_configure' from command line to 'False'
[0.356s] Level 5:colcon.colcon_core.verb:set package 'robot_description' build argument 'ament_cmake_args' from command line to 'None'
[0.356s] Level 5:colcon.colcon_core.verb:set package 'robot_description' build argument 'catkin_cmake_args' from command line to 'None'
[0.356s] Level 5:colcon.colcon_core.verb:set package 'robot_description' build argument 'catkin_skip_building_tests' from command line to 'False'
[0.356s] DEBUG:colcon.colcon_core.verb:Building package 'robot_description' with the following arguments: {'ament_cmake_args': None, 'build_base': '/workspaces/moveit2_UR5/build/robot_description', 'catkin_cmake_args': None, 'catkin_skip_building_tests': False, 'cmake_args': None, 'cmake_clean_cache': False, 'cmake_clean_first': False, 'cmake_force_configure': False, 'cmake_target': None, 'cmake_target_skip_unavailable': False, 'install_base': '/workspaces/moveit2_UR5/install/robot_description', 'merge_install': False, 'path': '/workspaces/moveit2_UR5/src/robot_description', 'symlink_install': False, 'test_result_base': None}
[0.356s] Level 5:colcon.colcon_core.verb:set package 'ur5_moveit_config' build argument 'cmake_args' from command line to 'None'
[0.356s] Level 5:colcon.colcon_core.verb:set package 'ur5_moveit_config' build argument 'cmake_target' from command line to 'None'
[0.356s] Level 5:colcon.colcon_core.verb:set package 'ur5_moveit_config' build argument 'cmake_target_skip_unavailable' from command line to 'False'
[0.356s] Level 5:colcon.colcon_core.verb:set package 'ur5_moveit_config' build argument 'cmake_clean_cache' from command line to 'False'
[0.356s] Level 5:colcon.colcon_core.verb:set package 'ur5_moveit_config' build argument 'cmake_clean_first' from command line to 'False'
[0.356s] Level 5:colcon.colcon_core.verb:set package 'ur5_moveit_config' build argument 'cmake_force_configure' from command line to 'False'
[0.356s] Level 5:colcon.colcon_core.verb:set package 'ur5_moveit_config' build argument 'ament_cmake_args' from command line to 'None'
[0.356s] Level 5:colcon.colcon_core.verb:set package 'ur5_moveit_config' build argument 'catkin_cmake_args' from command line to 'None'
[0.356s] Level 5:colcon.colcon_core.verb:set package 'ur5_moveit_config' build argument 'catkin_skip_building_tests' from command line to 'False'
[0.356s] DEBUG:colcon.colcon_core.verb:Building package 'ur5_moveit_config' with the following arguments: {'ament_cmake_args': None, 'build_base': '/workspaces/moveit2_UR5/build/ur5_moveit_config', 'catkin_cmake_args': None, 'catkin_skip_building_tests': False, 'cmake_args': None, 'cmake_clean_cache': False, 'cmake_clean_first': False, 'cmake_force_configure': False, 'cmake_target': None, 'cmake_target_skip_unavailable': False, 'install_base': '/workspaces/moveit2_UR5/install/ur5_moveit_config', 'merge_install': False, 'path': '/workspaces/moveit2_UR5/src/ur5_moveit_config', 'symlink_install': False, 'test_result_base': None}
[0.357s] Level 5:colcon.colcon_core.verb:set package 'ur5_moveit_config_tutorial' build argument 'cmake_args' from command line to 'None'
[0.357s] Level 5:colcon.colcon_core.verb:set package 'ur5_moveit_config_tutorial' build argument 'cmake_target' from command line to 'None'
[0.357s] Level 5:colcon.colcon_core.verb:set package 'ur5_moveit_config_tutorial' build argument 'cmake_target_skip_unavailable' from command line to 'False'
[0.357s] Level 5:colcon.colcon_core.verb:set package 'ur5_moveit_config_tutorial' build argument 'cmake_clean_cache' from command line to 'False'
[0.357s] Level 5:colcon.colcon_core.verb:set package 'ur5_moveit_config_tutorial' build argument 'cmake_clean_first' from command line to 'False'
[0.357s] Level 5:colcon.colcon_core.verb:set package 'ur5_moveit_config_tutorial' build argument 'cmake_force_configure' from command line to 'False'
[0.357s] Level 5:colcon.colcon_core.verb:set package 'ur5_moveit_config_tutorial' build argument 'ament_cmake_args' from command line to 'None'
[0.357s] Level 5:colcon.colcon_core.verb:set package 'ur5_moveit_config_tutorial' build argument 'catkin_cmake_args' from command line to 'None'
[0.357s] Level 5:colcon.colcon_core.verb:set package 'ur5_moveit_config_tutorial' build argument 'catkin_skip_building_tests' from command line to 'False'
[0.357s] DEBUG:colcon.colcon_core.verb:Building package 'ur5_moveit_config_tutorial' with the following arguments: {'ament_cmake_args': None, 'build_base': '/workspaces/moveit2_UR5/build/ur5_moveit_config_tutorial', 'catkin_cmake_args': None, 'catkin_skip_building_tests': False, 'cmake_args': None, 'cmake_clean_cache': False, 'cmake_clean_first': False, 'cmake_force_configure': False, 'cmake_target': None, 'cmake_target_skip_unavailable': False, 'install_base': '/workspaces/moveit2_UR5/install/ur5_moveit_config_tutorial', 'merge_install': False, 'path': '/workspaces/moveit2_UR5/src/ur5_moveit_config_tutorial', 'symlink_install': False, 'test_result_base': None}
[0.357s] INFO:colcon.colcon_core.executor:Executing jobs using 'parallel' executor
[0.358s] DEBUG:colcon.colcon_parallel_executor.executor.parallel:run_until_complete
[0.358s] INFO:colcon.colcon_ros.task.ament_cmake.build:Building ROS package in '/workspaces/moveit2_UR5/src/robot_description' with build type 'ament_cmake'
[0.358s] INFO:colcon.colcon_cmake.task.cmake.build:Building CMake package in '/workspaces/moveit2_UR5/src/robot_description'
[0.361s] INFO:colcon.colcon_core.plugin_system:Skipping extension 'colcon_core.shell.bat': Not used on non-Windows systems
[0.361s] INFO:colcon.colcon_core.shell:Skip shell extension 'powershell' for command environment: Not usable outside of PowerShell
[0.361s] DEBUG:colcon.colcon_core.shell:Skip shell extension 'dsv' for command environment
[0.371s] DEBUG:colcon.colcon_core.event_handler.log_command:Invoking command in '/workspaces/moveit2_UR5/build/robot_description': CMAKE_PREFIX_PATH=${CMAKE_PREFIX_PATH}:/workspaces/isaac_ros_ws/install/isaac_ros_test:/workspaces/isaac_ros_ws/install/isaac_ros_rosbag_utils:/workspaces/isaac_ros_ws/install/isaac_ros_launch_utils:/workspaces/isaac_ros_ws/install/isaac_common_py:/opt/ros/humble /usr/local/bin/cmake /workspaces/moveit2_UR5/src/robot_description -DCMAKE_INSTALL_PREFIX=/workspaces/moveit2_UR5/install/robot_description
[1.139s] DEBUG:colcon.colcon_core.event_handler.log_command:Invoked command in '/workspaces/moveit2_UR5/build/robot_description' returned '0': CMAKE_PREFIX_PATH=${CMAKE_PREFIX_PATH}:/workspaces/isaac_ros_ws/install/isaac_ros_test:/workspaces/isaac_ros_ws/install/isaac_ros_rosbag_utils:/workspaces/isaac_ros_ws/install/isaac_ros_launch_utils:/workspaces/isaac_ros_ws/install/isaac_common_py:/opt/ros/humble /usr/local/bin/cmake /workspaces/moveit2_UR5/src/robot_description -DCMAKE_INSTALL_PREFIX=/workspaces/moveit2_UR5/install/robot_description
[1.141s] DEBUG:colcon.colcon_core.event_handler.log_command:Invoking command in '/workspaces/moveit2_UR5/build/robot_description': CMAKE_PREFIX_PATH=${CMAKE_PREFIX_PATH}:/workspaces/isaac_ros_ws/install/isaac_ros_test:/workspaces/isaac_ros_ws/install/isaac_ros_rosbag_utils:/workspaces/isaac_ros_ws/install/isaac_ros_launch_utils:/workspaces/isaac_ros_ws/install/isaac_common_py:/opt/ros/humble /usr/local/bin/cmake --build /workspaces/moveit2_UR5/build/robot_description -- -j16 -l16
[1.157s] DEBUG:colcon.colcon_core.event_handler.log_command:Invoked command in '/workspaces/moveit2_UR5/build/robot_description' returned '0': CMAKE_PREFIX_PATH=${CMAKE_PREFIX_PATH}:/workspaces/isaac_ros_ws/install/isaac_ros_test:/workspaces/isaac_ros_ws/install/isaac_ros_rosbag_utils:/workspaces/isaac_ros_ws/install/isaac_ros_launch_utils:/workspaces/isaac_ros_ws/install/isaac_common_py:/opt/ros/humble /usr/local/bin/cmake --build /workspaces/moveit2_UR5/build/robot_description -- -j16 -l16
[1.161s] DEBUG:colcon.colcon_core.event_handler.log_command:Invoking command in '/workspaces/moveit2_UR5/build/robot_description': CMAKE_PREFIX_PATH=${CMAKE_PREFIX_PATH}:/workspaces/isaac_ros_ws/install/isaac_ros_test:/workspaces/isaac_ros_ws/install/isaac_ros_rosbag_utils:/workspaces/isaac_ros_ws/install/isaac_ros_launch_utils:/workspaces/isaac_ros_ws/install/isaac_common_py:/opt/ros/humble /usr/local/bin/cmake --install /workspaces/moveit2_UR5/build/robot_description
[1.208s] Level 1:colcon.colcon_core.environment:create_environment_scripts_only(robot_description)
[1.209s] DEBUG:colcon.colcon_core.event_handler.log_command:Invoked command in '/workspaces/moveit2_UR5/build/robot_description' returned '0': CMAKE_PREFIX_PATH=${CMAKE_PREFIX_PATH}:/workspaces/isaac_ros_ws/install/isaac_ros_test:/workspaces/isaac_ros_ws/install/isaac_ros_rosbag_utils:/workspaces/isaac_ros_ws/install/isaac_ros_launch_utils:/workspaces/isaac_ros_ws/install/isaac_common_py:/opt/ros/humble /usr/local/bin/cmake --install /workspaces/moveit2_UR5/build/robot_description
[1.212s] Level 1:colcon.colcon_core.environment:checking '/workspaces/moveit2_UR5/install/robot_description' for CMake module files
[1.212s] Level 1:colcon.colcon_core.environment:checking '/workspaces/moveit2_UR5/install/robot_description' for CMake config files
[1.212s] Level 1:colcon.colcon_core.shell:create_environment_hook('robot_description', 'cmake_prefix_path')
[1.213s] INFO:colcon.colcon_core.shell:Creating environment hook '/workspaces/moveit2_UR5/install/robot_description/share/robot_description/hook/cmake_prefix_path.ps1'
[1.213s] INFO:colcon.colcon_core.shell:Creating environment descriptor '/workspaces/moveit2_UR5/install/robot_description/share/robot_description/hook/cmake_prefix_path.dsv'
[1.214s] INFO:colcon.colcon_core.shell:Creating environment hook '/workspaces/moveit2_UR5/install/robot_description/share/robot_description/hook/cmake_prefix_path.sh'
[1.214s] Level 1:colcon.colcon_core.environment:checking '/workspaces/moveit2_UR5/install/robot_description/bin'
[1.214s] Level 1:colcon.colcon_core.environment:checking '/workspaces/moveit2_UR5/install/robot_description/lib/pkgconfig/robot_description.pc'
[1.216s] Level 1:colcon.colcon_core.environment:checking '/workspaces/moveit2_UR5/install/robot_description/lib/python3.10/site-packages'
[1.216s] Level 1:colcon.colcon_core.environment:checking '/workspaces/moveit2_UR5/install/robot_description/bin'
[1.216s] INFO:colcon.colcon_core.shell:Creating package script '/workspaces/moveit2_UR5/install/robot_description/share/robot_description/package.ps1'
[1.217s] INFO:colcon.colcon_core.shell:Creating package descriptor '/workspaces/moveit2_UR5/install/robot_description/share/robot_description/package.dsv'
[1.218s] INFO:colcon.colcon_core.shell:Creating package script '/workspaces/moveit2_UR5/install/robot_description/share/robot_description/package.sh'
[1.218s] INFO:colcon.colcon_core.shell:Creating package script '/workspaces/moveit2_UR5/install/robot_description/share/robot_description/package.bash'
[1.219s] INFO:colcon.colcon_core.shell:Creating package script '/workspaces/moveit2_UR5/install/robot_description/share/robot_description/package.zsh'
[1.220s] Level 1:colcon.colcon_core.environment:create_file_with_runtime_dependencies(/workspaces/moveit2_UR5/install/robot_description/share/colcon-core/packages/robot_description)
[1.220s] Level 1:colcon.colcon_core.environment:create_environment_scripts_only(robot_description)
[1.220s] Level 1:colcon.colcon_core.environment:checking '/workspaces/moveit2_UR5/install/robot_description' for CMake module files
[1.221s] Level 1:colcon.colcon_core.environment:checking '/workspaces/moveit2_UR5/install/robot_description' for CMake config files
[1.221s] Level 1:colcon.colcon_core.shell:create_environment_hook('robot_description', 'cmake_prefix_path')
[1.221s] INFO:colcon.colcon_core.shell:Creating environment hook '/workspaces/moveit2_UR5/install/robot_description/share/robot_description/hook/cmake_prefix_path.ps1'
[1.221s] INFO:colcon.colcon_core.shell:Creating environment descriptor '/workspaces/moveit2_UR5/install/robot_description/share/robot_description/hook/cmake_prefix_path.dsv'
[1.222s] INFO:colcon.colcon_core.shell:Creating environment hook '/workspaces/moveit2_UR5/install/robot_description/share/robot_description/hook/cmake_prefix_path.sh'
[1.222s] Level 1:colcon.colcon_core.environment:checking '/workspaces/moveit2_UR5/install/robot_description/bin'
[1.222s] Level 1:colcon.colcon_core.environment:checking '/workspaces/moveit2_UR5/install/robot_description/lib/pkgconfig/robot_description.pc'
[1.222s] Level 1:colcon.colcon_core.environment:checking '/workspaces/moveit2_UR5/install/robot_description/lib/python3.10/site-packages'
[1.222s] Level 1:colcon.colcon_core.environment:checking '/workspaces/moveit2_UR5/install/robot_description/bin'
[1.222s] INFO:colcon.colcon_core.shell:Creating package script '/workspaces/moveit2_UR5/install/robot_description/share/robot_description/package.ps1'
[1.223s] INFO:colcon.colcon_core.shell:Creating package descriptor '/workspaces/moveit2_UR5/install/robot_description/share/robot_description/package.dsv'
[1.224s] INFO:colcon.colcon_core.shell:Creating package script '/workspaces/moveit2_UR5/install/robot_description/share/robot_description/package.sh'
[1.224s] INFO:colcon.colcon_core.shell:Creating package script '/workspaces/moveit2_UR5/install/robot_description/share/robot_description/package.bash'
[1.224s] INFO:colcon.colcon_core.shell:Creating package script '/workspaces/moveit2_UR5/install/robot_description/share/robot_description/package.zsh'
[1.225s] Level 1:colcon.colcon_core.environment:create_file_with_runtime_dependencies(/workspaces/moveit2_UR5/install/robot_description/share/colcon-core/packages/robot_description)
[1.225s] INFO:colcon.colcon_ros.task.ament_cmake.build:Building ROS package in '/workspaces/moveit2_UR5/src/ur5_moveit_config' with build type 'ament_cmake'
[1.225s] INFO:colcon.colcon_cmake.task.cmake.build:Building CMake package in '/workspaces/moveit2_UR5/src/ur5_moveit_config'
[1.225s] INFO:colcon.colcon_core.shell:Skip shell extension 'powershell' for command environment: Not usable outside of PowerShell
[1.225s] DEBUG:colcon.colcon_core.shell:Skip shell extension 'dsv' for command environment
[1.229s] INFO:colcon.colcon_ros.task.ament_cmake.build:Building ROS package in '/workspaces/moveit2_UR5/src/ur5_moveit_config_tutorial' with build type 'ament_cmake'
[1.229s] INFO:colcon.colcon_cmake.task.cmake.build:Building CMake package in '/workspaces/moveit2_UR5/src/ur5_moveit_config_tutorial'
[1.229s] INFO:colcon.colcon_core.shell:Skip shell extension 'powershell' for command environment: Not usable outside of PowerShell
[1.229s] DEBUG:colcon.colcon_core.shell:Skip shell extension 'dsv' for command environment
[1.237s] DEBUG:colcon.colcon_core.event_handler.log_command:Invoking command in '/workspaces/moveit2_UR5/build/ur5_moveit_config': AMENT_PREFIX_PATH=/workspaces/moveit2_UR5/install/robot_description:${AMENT_PREFIX_PATH} CMAKE_PREFIX_PATH=/workspaces/moveit2_UR5/install/robot_description:/workspaces/isaac_ros_ws/install/isaac_ros_test_cmake:/workspaces/isaac_ros_ws/install/isaac_ros_nitros_bridge_interfaces:/workspaces/isaac_ros_ws/install/isaac_ros_tensor_list_interfaces:/workspaces/isaac_ros_ws/install/isaac_ros_r2b_galileo:/workspaces/isaac_ros_ws/install/isaac_ros_pointcloud_interfaces:/workspaces/isaac_ros_ws/install/isaac_ros_nova_interfaces:/workspaces/isaac_ros_ws/install/isaac_ros_common:/workspaces/isaac_ros_ws/install/isaac_ros_bi3d_interfaces:/workspaces/isaac_ros_ws/install/isaac_ros_apriltag_interfaces:/workspaces/isaac_ros_ws/install/isaac_common:/workspaces/isaac_ros_ws/install/isaac_ros_test:/workspaces/isaac_ros_ws/install/isaac_ros_rosbag_utils:/workspaces/isaac_ros_ws/install/isaac_ros_launch_utils:/workspaces/isaac_ros_ws/install/isaac_common_py:/opt/ros/humble /usr/local/bin/cmake /workspaces/moveit2_UR5/src/ur5_moveit_config -DCMAKE_INSTALL_PREFIX=/workspaces/moveit2_UR5/install/ur5_moveit_config
[1.245s] DEBUG:colcon.colcon_core.event_handler.log_command:Invoking command in '/workspaces/moveit2_UR5/build/ur5_moveit_config_tutorial': AMENT_PREFIX_PATH=/workspaces/moveit2_UR5/install/robot_description:${AMENT_PREFIX_PATH} CMAKE_PREFIX_PATH=/workspaces/moveit2_UR5/install/robot_description:/workspaces/isaac_ros_ws/install/isaac_ros_test_cmake:/workspaces/isaac_ros_ws/install/isaac_ros_nitros_bridge_interfaces:/workspaces/isaac_ros_ws/install/isaac_ros_tensor_list_interfaces:/workspaces/isaac_ros_ws/install/isaac_ros_r2b_galileo:/workspaces/isaac_ros_ws/install/isaac_ros_pointcloud_interfaces:/workspaces/isaac_ros_ws/install/isaac_ros_nova_interfaces:/workspaces/isaac_ros_ws/install/isaac_ros_common:/workspaces/isaac_ros_ws/install/isaac_ros_bi3d_interfaces:/workspaces/isaac_ros_ws/install/isaac_ros_apriltag_interfaces:/workspaces/isaac_ros_ws/install/isaac_common:/workspaces/isaac_ros_ws/install/isaac_ros_test:/workspaces/isaac_ros_ws/install/isaac_ros_rosbag_utils:/workspaces/isaac_ros_ws/install/isaac_ros_launch_utils:/workspaces/isaac_ros_ws/install/isaac_common_py:/opt/ros/humble /usr/local/bin/cmake /workspaces/moveit2_UR5/src/ur5_moveit_config_tutorial -DCMAKE_INSTALL_PREFIX=/workspaces/moveit2_UR5/install/ur5_moveit_config_tutorial
[1.826s] DEBUG:colcon.colcon_core.event_handler.log_command:Invoked command in '/workspaces/moveit2_UR5/build/ur5_moveit_config' returned '0': AMENT_PREFIX_PATH=/workspaces/moveit2_UR5/install/robot_description:${AMENT_PREFIX_PATH} CMAKE_PREFIX_PATH=/workspaces/moveit2_UR5/install/robot_description:/workspaces/isaac_ros_ws/install/isaac_ros_test_cmake:/workspaces/isaac_ros_ws/install/isaac_ros_nitros_bridge_interfaces:/workspaces/isaac_ros_ws/install/isaac_ros_tensor_list_interfaces:/workspaces/isaac_ros_ws/install/isaac_ros_r2b_galileo:/workspaces/isaac_ros_ws/install/isaac_ros_pointcloud_interfaces:/workspaces/isaac_ros_ws/install/isaac_ros_nova_interfaces:/workspaces/isaac_ros_ws/install/isaac_ros_common:/workspaces/isaac_ros_ws/install/isaac_ros_bi3d_interfaces:/workspaces/isaac_ros_ws/install/isaac_ros_apriltag_interfaces:/workspaces/isaac_ros_ws/install/isaac_common:/workspaces/isaac_ros_ws/install/isaac_ros_test:/workspaces/isaac_ros_ws/install/isaac_ros_rosbag_utils:/workspaces/isaac_ros_ws/install/isaac_ros_launch_utils:/workspaces/isaac_ros_ws/install/isaac_common_py:/opt/ros/humble /usr/local/bin/cmake /workspaces/moveit2_UR5/src/ur5_moveit_config -DCMAKE_INSTALL_PREFIX=/workspaces/moveit2_UR5/install/ur5_moveit_config
[1.827s] DEBUG:colcon.colcon_core.event_handler.log_command:Invoking command in '/workspaces/moveit2_UR5/build/ur5_moveit_config': AMENT_PREFIX_PATH=/workspaces/moveit2_UR5/install/robot_description:${AMENT_PREFIX_PATH} CMAKE_PREFIX_PATH=/workspaces/moveit2_UR5/install/robot_description:/workspaces/isaac_ros_ws/install/isaac_ros_test_cmake:/workspaces/isaac_ros_ws/install/isaac_ros_nitros_bridge_interfaces:/workspaces/isaac_ros_ws/install/isaac_ros_tensor_list_interfaces:/workspaces/isaac_ros_ws/install/isaac_ros_r2b_galileo:/workspaces/isaac_ros_ws/install/isaac_ros_pointcloud_interfaces:/workspaces/isaac_ros_ws/install/isaac_ros_nova_interfaces:/workspaces/isaac_ros_ws/install/isaac_ros_common:/workspaces/isaac_ros_ws/install/isaac_ros_bi3d_interfaces:/workspaces/isaac_ros_ws/install/isaac_ros_apriltag_interfaces:/workspaces/isaac_ros_ws/install/isaac_common:/workspaces/isaac_ros_ws/install/isaac_ros_test:/workspaces/isaac_ros_ws/install/isaac_ros_rosbag_utils:/workspaces/isaac_ros_ws/install/isaac_ros_launch_utils:/workspaces/isaac_ros_ws/install/isaac_common_py:/opt/ros/humble /usr/local/bin/cmake --build /workspaces/moveit2_UR5/build/ur5_moveit_config -- -j16 -l16
[1.834s] DEBUG:colcon.colcon_core.event_handler.log_command:Invoked command in '/workspaces/moveit2_UR5/build/ur5_moveit_config_tutorial' returned '0': AMENT_PREFIX_PATH=/workspaces/moveit2_UR5/install/robot_description:${AMENT_PREFIX_PATH} CMAKE_PREFIX_PATH=/workspaces/moveit2_UR5/install/robot_description:/workspaces/isaac_ros_ws/install/isaac_ros_test_cmake:/workspaces/isaac_ros_ws/install/isaac_ros_nitros_bridge_interfaces:/workspaces/isaac_ros_ws/install/isaac_ros_tensor_list_interfaces:/workspaces/isaac_ros_ws/install/isaac_ros_r2b_galileo:/workspaces/isaac_ros_ws/install/isaac_ros_pointcloud_interfaces:/workspaces/isaac_ros_ws/install/isaac_ros_nova_interfaces:/workspaces/isaac_ros_ws/install/isaac_ros_common:/workspaces/isaac_ros_ws/install/isaac_ros_bi3d_interfaces:/workspaces/isaac_ros_ws/install/isaac_ros_apriltag_interfaces:/workspaces/isaac_ros_ws/install/isaac_common:/workspaces/isaac_ros_ws/install/isaac_ros_test:/workspaces/isaac_ros_ws/install/isaac_ros_rosbag_utils:/workspaces/isaac_ros_ws/install/isaac_ros_launch_utils:/workspaces/isaac_ros_ws/install/isaac_common_py:/opt/ros/humble /usr/local/bin/cmake /workspaces/moveit2_UR5/src/ur5_moveit_config_tutorial -DCMAKE_INSTALL_PREFIX=/workspaces/moveit2_UR5/install/ur5_moveit_config_tutorial
[1.835s] DEBUG:colcon.colcon_core.event_handler.log_command:Invoking command in '/workspaces/moveit2_UR5/build/ur5_moveit_config_tutorial': AMENT_PREFIX_PATH=/workspaces/moveit2_UR5/install/robot_description:${AMENT_PREFIX_PATH} CMAKE_PREFIX_PATH=/workspaces/moveit2_UR5/install/robot_description:/workspaces/isaac_ros_ws/install/isaac_ros_test_cmake:/workspaces/isaac_ros_ws/install/isaac_ros_nitros_bridge_interfaces:/workspaces/isaac_ros_ws/install/isaac_ros_tensor_list_interfaces:/workspaces/isaac_ros_ws/install/isaac_ros_r2b_galileo:/workspaces/isaac_ros_ws/install/isaac_ros_pointcloud_interfaces:/workspaces/isaac_ros_ws/install/isaac_ros_nova_interfaces:/workspaces/isaac_ros_ws/install/isaac_ros_common:/workspaces/isaac_ros_ws/install/isaac_ros_bi3d_interfaces:/workspaces/isaac_ros_ws/install/isaac_ros_apriltag_interfaces:/workspaces/isaac_ros_ws/install/isaac_common:/workspaces/isaac_ros_ws/install/isaac_ros_test:/workspaces/isaac_ros_ws/install/isaac_ros_rosbag_utils:/workspaces/isaac_ros_ws/install/isaac_ros_launch_utils:/workspaces/isaac_ros_ws/install/isaac_common_py:/opt/ros/humble /usr/local/bin/cmake --build /workspaces/moveit2_UR5/build/ur5_moveit_config_tutorial -- -j16 -l16
[1.845s] DEBUG:colcon.colcon_core.event_handler.log_command:Invoked command in '/workspaces/moveit2_UR5/build/ur5_moveit_config' returned '0': AMENT_PREFIX_PATH=/workspaces/moveit2_UR5/install/robot_description:${AMENT_PREFIX_PATH} CMAKE_PREFIX_PATH=/workspaces/moveit2_UR5/install/robot_description:/workspaces/isaac_ros_ws/install/isaac_ros_test_cmake:/workspaces/isaac_ros_ws/install/isaac_ros_nitros_bridge_interfaces:/workspaces/isaac_ros_ws/install/isaac_ros_tensor_list_interfaces:/workspaces/isaac_ros_ws/install/isaac_ros_r2b_galileo:/workspaces/isaac_ros_ws/install/isaac_ros_pointcloud_interfaces:/workspaces/isaac_ros_ws/install/isaac_ros_nova_interfaces:/workspaces/isaac_ros_ws/install/isaac_ros_common:/workspaces/isaac_ros_ws/install/isaac_ros_bi3d_interfaces:/workspaces/isaac_ros_ws/install/isaac_ros_apriltag_interfaces:/workspaces/isaac_ros_ws/install/isaac_common:/workspaces/isaac_ros_ws/install/isaac_ros_test:/workspaces/isaac_ros_ws/install/isaac_ros_rosbag_utils:/workspaces/isaac_ros_ws/install/isaac_ros_launch_utils:/workspaces/isaac_ros_ws/install/isaac_common_py:/opt/ros/humble /usr/local/bin/cmake --build /workspaces/moveit2_UR5/build/ur5_moveit_config -- -j16 -l16
[1.845s] DEBUG:colcon.colcon_core.event_handler.log_command:Invoking command in '/workspaces/moveit2_UR5/build/ur5_moveit_config': AMENT_PREFIX_PATH=/workspaces/moveit2_UR5/install/robot_description:${AMENT_PREFIX_PATH} CMAKE_PREFIX_PATH=/workspaces/moveit2_UR5/install/robot_description:/workspaces/isaac_ros_ws/install/isaac_ros_test_cmake:/workspaces/isaac_ros_ws/install/isaac_ros_nitros_bridge_interfaces:/workspaces/isaac_ros_ws/install/isaac_ros_tensor_list_interfaces:/workspaces/isaac_ros_ws/install/isaac_ros_r2b_galileo:/workspaces/isaac_ros_ws/install/isaac_ros_pointcloud_interfaces:/workspaces/isaac_ros_ws/install/isaac_ros_nova_interfaces:/workspaces/isaac_ros_ws/install/isaac_ros_common:/workspaces/isaac_ros_ws/install/isaac_ros_bi3d_interfaces:/workspaces/isaac_ros_ws/install/isaac_ros_apriltag_interfaces:/workspaces/isaac_ros_ws/install/isaac_common:/workspaces/isaac_ros_ws/install/isaac_ros_test:/workspaces/isaac_ros_ws/install/isaac_ros_rosbag_utils:/workspaces/isaac_ros_ws/install/isaac_ros_launch_utils:/workspaces/isaac_ros_ws/install/isaac_common_py:/opt/ros/humble /usr/local/bin/cmake --install /workspaces/moveit2_UR5/build/ur5_moveit_config
[1.852s] DEBUG:colcon.colcon_core.event_handler.log_command:Invoked command in '/workspaces/moveit2_UR5/build/ur5_moveit_config_tutorial' returned '0': AMENT_PREFIX_PATH=/workspaces/moveit2_UR5/install/robot_description:${AMENT_PREFIX_PATH} CMAKE_PREFIX_PATH=/workspaces/moveit2_UR5/install/robot_description:/workspaces/isaac_ros_ws/install/isaac_ros_test_cmake:/workspaces/isaac_ros_ws/install/isaac_ros_nitros_bridge_interfaces:/workspaces/isaac_ros_ws/install/isaac_ros_tensor_list_interfaces:/workspaces/isaac_ros_ws/install/isaac_ros_r2b_galileo:/workspaces/isaac_ros_ws/install/isaac_ros_pointcloud_interfaces:/workspaces/isaac_ros_ws/install/isaac_ros_nova_interfaces:/workspaces/isaac_ros_ws/install/isaac_ros_common:/workspaces/isaac_ros_ws/install/isaac_ros_bi3d_interfaces:/workspaces/isaac_ros_ws/install/isaac_ros_apriltag_interfaces:/workspaces/isaac_ros_ws/install/isaac_common:/workspaces/isaac_ros_ws/install/isaac_ros_test:/workspaces/isaac_ros_ws/install/isaac_ros_rosbag_utils:/workspaces/isaac_ros_ws/install/isaac_ros_launch_utils:/workspaces/isaac_ros_ws/install/isaac_common_py:/opt/ros/humble /usr/local/bin/cmake --build /workspaces/moveit2_UR5/build/ur5_moveit_config_tutorial -- -j16 -l16
[1.853s] DEBUG:colcon.colcon_core.event_handler.log_command:Invoking command in '/workspaces/moveit2_UR5/build/ur5_moveit_config_tutorial': AMENT_PREFIX_PATH=/workspaces/moveit2_UR5/install/robot_description:${AMENT_PREFIX_PATH} CMAKE_PREFIX_PATH=/workspaces/moveit2_UR5/install/robot_description:/workspaces/isaac_ros_ws/install/isaac_ros_test_cmake:/workspaces/isaac_ros_ws/install/isaac_ros_nitros_bridge_interfaces:/workspaces/isaac_ros_ws/install/isaac_ros_tensor_list_interfaces:/workspaces/isaac_ros_ws/install/isaac_ros_r2b_galileo:/workspaces/isaac_ros_ws/install/isaac_ros_pointcloud_interfaces:/workspaces/isaac_ros_ws/install/isaac_ros_nova_interfaces:/workspaces/isaac_ros_ws/install/isaac_ros_common:/workspaces/isaac_ros_ws/install/isaac_ros_bi3d_interfaces:/workspaces/isaac_ros_ws/install/isaac_ros_apriltag_interfaces:/workspaces/isaac_ros_ws/install/isaac_common:/workspaces/isaac_ros_ws/install/isaac_ros_test:/workspaces/isaac_ros_ws/install/isaac_ros_rosbag_utils:/workspaces/isaac_ros_ws/install/isaac_ros_launch_utils:/workspaces/isaac_ros_ws/install/isaac_common_py:/opt/ros/humble /usr/local/bin/cmake --install /workspaces/moveit2_UR5/build/ur5_moveit_config_tutorial
[1.865s] Level 1:colcon.colcon_core.environment:create_environment_scripts_only(ur5_moveit_config_tutorial)
[1.865s] Level 1:colcon.colcon_core.environment:checking '/workspaces/moveit2_UR5/install/ur5_moveit_config_tutorial' for CMake module files
[1.866s] DEBUG:colcon.colcon_core.event_handler.log_command:Invoked command in '/workspaces/moveit2_UR5/build/ur5_moveit_config_tutorial' returned '0': AMENT_PREFIX_PATH=/workspaces/moveit2_UR5/install/robot_description:${AMENT_PREFIX_PATH} CMAKE_PREFIX_PATH=/workspaces/moveit2_UR5/install/robot_description:/workspaces/isaac_ros_ws/install/isaac_ros_test_cmake:/workspaces/isaac_ros_ws/install/isaac_ros_nitros_bridge_interfaces:/workspaces/isaac_ros_ws/install/isaac_ros_tensor_list_interfaces:/workspaces/isaac_ros_ws/install/isaac_ros_r2b_galileo:/workspaces/isaac_ros_ws/install/isaac_ros_pointcloud_interfaces:/workspaces/isaac_ros_ws/install/isaac_ros_nova_interfaces:/workspaces/isaac_ros_ws/install/isaac_ros_common:/workspaces/isaac_ros_ws/install/isaac_ros_bi3d_interfaces:/workspaces/isaac_ros_ws/install/isaac_ros_apriltag_interfaces:/workspaces/isaac_ros_ws/install/isaac_common:/workspaces/isaac_ros_ws/install/isaac_ros_test:/workspaces/isaac_ros_ws/install/isaac_ros_rosbag_utils:/workspaces/isaac_ros_ws/install/isaac_ros_launch_utils:/workspaces/isaac_ros_ws/install/isaac_common_py:/opt/ros/humble /usr/local/bin/cmake --install /workspaces/moveit2_UR5/build/ur5_moveit_config_tutorial
[1.866s] Level 1:colcon.colcon_core.environment:checking '/workspaces/moveit2_UR5/install/ur5_moveit_config_tutorial' for CMake config files
[1.866s] Level 1:colcon.colcon_core.shell:create_environment_hook('ur5_moveit_config_tutorial', 'cmake_prefix_path')
[1.866s] INFO:colcon.colcon_core.shell:Creating environment hook '/workspaces/moveit2_UR5/install/ur5_moveit_config_tutorial/share/ur5_moveit_config_tutorial/hook/cmake_prefix_path.ps1'
[1.867s] INFO:colcon.colcon_core.shell:Creating environment descriptor '/workspaces/moveit2_UR5/install/ur5_moveit_config_tutorial/share/ur5_moveit_config_tutorial/hook/cmake_prefix_path.dsv'
[1.867s] INFO:colcon.colcon_core.shell:Creating environment hook '/workspaces/moveit2_UR5/install/ur5_moveit_config_tutorial/share/ur5_moveit_config_tutorial/hook/cmake_prefix_path.sh'
[1.868s] Level 1:colcon.colcon_core.environment:checking '/workspaces/moveit2_UR5/install/ur5_moveit_config_tutorial/bin'
[1.868s] Level 1:colcon.colcon_core.environment:checking '/workspaces/moveit2_UR5/install/ur5_moveit_config_tutorial/lib/pkgconfig/ur5_moveit_config_tutorial.pc'
[1.868s] Level 1:colcon.colcon_core.environment:checking '/workspaces/moveit2_UR5/install/ur5_moveit_config_tutorial/lib/python3.10/site-packages'
[1.868s] Level 1:colcon.colcon_core.environment:checking '/workspaces/moveit2_UR5/install/ur5_moveit_config_tutorial/bin'
[1.868s] INFO:colcon.colcon_core.shell:Creating package script '/workspaces/moveit2_UR5/install/ur5_moveit_config_tutorial/share/ur5_moveit_config_tutorial/package.ps1'
[1.869s] INFO:colcon.colcon_core.shell:Creating package descriptor '/workspaces/moveit2_UR5/install/ur5_moveit_config_tutorial/share/ur5_moveit_config_tutorial/package.dsv'
[1.869s] INFO:colcon.colcon_core.shell:Creating package script '/workspaces/moveit2_UR5/install/ur5_moveit_config_tutorial/share/ur5_moveit_config_tutorial/package.sh'
[1.870s] INFO:colcon.colcon_core.shell:Creating package script '/workspaces/moveit2_UR5/install/ur5_moveit_config_tutorial/share/ur5_moveit_config_tutorial/package.bash'
[1.870s] INFO:colcon.colcon_core.shell:Creating package script '/workspaces/moveit2_UR5/install/ur5_moveit_config_tutorial/share/ur5_moveit_config_tutorial/package.zsh'
[1.871s] Level 1:colcon.colcon_core.environment:create_file_with_runtime_dependencies(/workspaces/moveit2_UR5/install/ur5_moveit_config_tutorial/share/colcon-core/packages/ur5_moveit_config_tutorial)
[1.872s] Level 1:colcon.colcon_core.environment:create_environment_scripts_only(ur5_moveit_config_tutorial)
[1.872s] Level 1:colcon.colcon_core.environment:checking '/workspaces/moveit2_UR5/install/ur5_moveit_config_tutorial' for CMake module files
[1.873s] Level 1:colcon.colcon_core.environment:checking '/workspaces/moveit2_UR5/install/ur5_moveit_config_tutorial' for CMake config files
[1.873s] Level 1:colcon.colcon_core.shell:create_environment_hook('ur5_moveit_config_tutorial', 'cmake_prefix_path')
[1.873s] INFO:colcon.colcon_core.shell:Creating environment hook '/workspaces/moveit2_UR5/install/ur5_moveit_config_tutorial/share/ur5_moveit_config_tutorial/hook/cmake_prefix_path.ps1'
[1.873s] INFO:colcon.colcon_core.shell:Creating environment descriptor '/workspaces/moveit2_UR5/install/ur5_moveit_config_tutorial/share/ur5_moveit_config_tutorial/hook/cmake_prefix_path.dsv'
[1.873s] INFO:colcon.colcon_core.shell:Creating environment hook '/workspaces/moveit2_UR5/install/ur5_moveit_config_tutorial/share/ur5_moveit_config_tutorial/hook/cmake_prefix_path.sh'
[1.874s] Level 1:colcon.colcon_core.environment:checking '/workspaces/moveit2_UR5/install/ur5_moveit_config_tutorial/bin'
[1.874s] Level 1:colcon.colcon_core.environment:checking '/workspaces/moveit2_UR5/install/ur5_moveit_config_tutorial/lib/pkgconfig/ur5_moveit_config_tutorial.pc'
[1.874s] Level 1:colcon.colcon_core.environment:checking '/workspaces/moveit2_UR5/install/ur5_moveit_config_tutorial/lib/python3.10/site-packages'
[1.874s] Level 1:colcon.colcon_core.environment:checking '/workspaces/moveit2_UR5/install/ur5_moveit_config_tutorial/bin'
[1.874s] INFO:colcon.colcon_core.shell:Creating package script '/workspaces/moveit2_UR5/install/ur5_moveit_config_tutorial/share/ur5_moveit_config_tutorial/package.ps1'
[1.875s] INFO:colcon.colcon_core.shell:Creating package descriptor '/workspaces/moveit2_UR5/install/ur5_moveit_config_tutorial/share/ur5_moveit_config_tutorial/package.dsv'
[1.875s] INFO:colcon.colcon_core.shell:Creating package script '/workspaces/moveit2_UR5/install/ur5_moveit_config_tutorial/share/ur5_moveit_config_tutorial/package.sh'
[1.875s] INFO:colcon.colcon_core.shell:Creating package script '/workspaces/moveit2_UR5/install/ur5_moveit_config_tutorial/share/ur5_moveit_config_tutorial/package.bash'
[1.876s] INFO:colcon.colcon_core.shell:Creating package script '/workspaces/moveit2_UR5/install/ur5_moveit_config_tutorial/share/ur5_moveit_config_tutorial/package.zsh'
[1.876s] Level 1:colcon.colcon_core.environment:create_file_with_runtime_dependencies(/workspaces/moveit2_UR5/install/ur5_moveit_config_tutorial/share/colcon-core/packages/ur5_moveit_config_tutorial)
[1.877s] Level 1:colcon.colcon_core.environment:create_environment_scripts_only(ur5_moveit_config)
[1.877s] Level 1:colcon.colcon_core.environment:checking '/workspaces/moveit2_UR5/install/ur5_moveit_config' for CMake module files
[1.877s] Level 1:colcon.colcon_core.environment:checking '/workspaces/moveit2_UR5/install/ur5_moveit_config' for CMake config files
[1.877s] Level 1:colcon.colcon_core.shell:create_environment_hook('ur5_moveit_config', 'cmake_prefix_path')
[1.878s] INFO:colcon.colcon_core.shell:Creating environment hook '/workspaces/moveit2_UR5/install/ur5_moveit_config/share/ur5_moveit_config/hook/cmake_prefix_path.ps1'
[1.878s] INFO:colcon.colcon_core.shell:Creating environment descriptor '/workspaces/moveit2_UR5/install/ur5_moveit_config/share/ur5_moveit_config/hook/cmake_prefix_path.dsv'
[1.878s] INFO:colcon.colcon_core.shell:Creating environment hook '/workspaces/moveit2_UR5/install/ur5_moveit_config/share/ur5_moveit_config/hook/cmake_prefix_path.sh'
[1.879s] Level 1:colcon.colcon_core.environment:checking '/workspaces/moveit2_UR5/install/ur5_moveit_config/bin'
[1.879s] DEBUG:colcon.colcon_core.event_handler.log_command:Invoked command in '/workspaces/moveit2_UR5/build/ur5_moveit_config' returned '0': AMENT_PREFIX_PATH=/workspaces/moveit2_UR5/install/robot_description:${AMENT_PREFIX_PATH} CMAKE_PREFIX_PATH=/workspaces/moveit2_UR5/install/robot_description:/workspaces/isaac_ros_ws/install/isaac_ros_test_cmake:/workspaces/isaac_ros_ws/install/isaac_ros_nitros_bridge_interfaces:/workspaces/isaac_ros_ws/install/isaac_ros_tensor_list_interfaces:/workspaces/isaac_ros_ws/install/isaac_ros_r2b_galileo:/workspaces/isaac_ros_ws/install/isaac_ros_pointcloud_interfaces:/workspaces/isaac_ros_ws/install/isaac_ros_nova_interfaces:/workspaces/isaac_ros_ws/install/isaac_ros_common:/workspaces/isaac_ros_ws/install/isaac_ros_bi3d_interfaces:/workspaces/isaac_ros_ws/install/isaac_ros_apriltag_interfaces:/workspaces/isaac_ros_ws/install/isaac_common:/workspaces/isaac_ros_ws/install/isaac_ros_test:/workspaces/isaac_ros_ws/install/isaac_ros_rosbag_utils:/workspaces/isaac_ros_ws/install/isaac_ros_launch_utils:/workspaces/isaac_ros_ws/install/isaac_common_py:/opt/ros/humble /usr/local/bin/cmake --install /workspaces/moveit2_UR5/build/ur5_moveit_config
[1.879s] Level 1:colcon.colcon_core.environment:checking '/workspaces/moveit2_UR5/install/ur5_moveit_config/lib/pkgconfig/ur5_moveit_config.pc'
[1.879s] Level 1:colcon.colcon_core.environment:checking '/workspaces/moveit2_UR5/install/ur5_moveit_config/lib/python3.10/site-packages'
[1.879s] Level 1:colcon.colcon_core.environment:checking '/workspaces/moveit2_UR5/install/ur5_moveit_config/bin'
[1.880s] INFO:colcon.colcon_core.shell:Creating package script '/workspaces/moveit2_UR5/install/ur5_moveit_config/share/ur5_moveit_config/package.ps1'
[1.880s] INFO:colcon.colcon_core.shell:Creating package descriptor '/workspaces/moveit2_UR5/install/ur5_moveit_config/share/ur5_moveit_config/package.dsv'
[1.880s] INFO:colcon.colcon_core.shell:Creating package script '/workspaces/moveit2_UR5/install/ur5_moveit_config/share/ur5_moveit_config/package.sh'
[1.880s] INFO:colcon.colcon_core.shell:Creating package script '/workspaces/moveit2_UR5/install/ur5_moveit_config/share/ur5_moveit_config/package.bash'
[1.881s] INFO:colcon.colcon_core.shell:Creating package script '/workspaces/moveit2_UR5/install/ur5_moveit_config/share/ur5_moveit_config/package.zsh'
[1.881s] Level 1:colcon.colcon_core.environment:create_file_with_runtime_dependencies(/workspaces/moveit2_UR5/install/ur5_moveit_config/share/colcon-core/packages/ur5_moveit_config)
[1.881s] Level 1:colcon.colcon_core.environment:create_environment_scripts_only(ur5_moveit_config)
[1.882s] Level 1:colcon.colcon_core.environment:checking '/workspaces/moveit2_UR5/install/ur5_moveit_config' for CMake module files
[1.882s] Level 1:colcon.colcon_core.environment:checking '/workspaces/moveit2_UR5/install/ur5_moveit_config' for CMake config files
[1.882s] Level 1:colcon.colcon_core.shell:create_environment_hook('ur5_moveit_config', 'cmake_prefix_path')
[1.882s] INFO:colcon.colcon_core.shell:Creating environment hook '/workspaces/moveit2_UR5/install/ur5_moveit_config/share/ur5_moveit_config/hook/cmake_prefix_path.ps1'
[1.883s] INFO:colcon.colcon_core.shell:Creating environment descriptor '/workspaces/moveit2_UR5/install/ur5_moveit_config/share/ur5_moveit_config/hook/cmake_prefix_path.dsv'
[1.883s] INFO:colcon.colcon_core.shell:Creating environment hook '/workspaces/moveit2_UR5/install/ur5_moveit_config/share/ur5_moveit_config/hook/cmake_prefix_path.sh'
[1.883s] Level 1:colcon.colcon_core.environment:checking '/workspaces/moveit2_UR5/install/ur5_moveit_config/bin'
[1.883s] Level 1:colcon.colcon_core.environment:checking '/workspaces/moveit2_UR5/install/ur5_moveit_config/lib/pkgconfig/ur5_moveit_config.pc'
[1.883s] Level 1:colcon.colcon_core.environment:checking '/workspaces/moveit2_UR5/install/ur5_moveit_config/lib/python3.10/site-packages'
[1.884s] Level 1:colcon.colcon_core.environment:checking '/workspaces/moveit2_UR5/install/ur5_moveit_config/bin'
[1.884s] INFO:colcon.colcon_core.shell:Creating package script '/workspaces/moveit2_UR5/install/ur5_moveit_config/share/ur5_moveit_config/package.ps1'
[1.884s] INFO:colcon.colcon_core.shell:Creating package descriptor '/workspaces/moveit2_UR5/install/ur5_moveit_config/share/ur5_moveit_config/package.dsv'
[1.884s] INFO:colcon.colcon_core.shell:Creating package script '/workspaces/moveit2_UR5/install/ur5_moveit_config/share/ur5_moveit_config/package.sh'
[1.885s] INFO:colcon.colcon_core.shell:Creating package script '/workspaces/moveit2_UR5/install/ur5_moveit_config/share/ur5_moveit_config/package.bash'
[1.885s] INFO:colcon.colcon_core.shell:Creating package script '/workspaces/moveit2_UR5/install/ur5_moveit_config/share/ur5_moveit_config/package.zsh'
[1.885s] Level 1:colcon.colcon_core.environment:create_file_with_runtime_dependencies(/workspaces/moveit2_UR5/install/ur5_moveit_config/share/colcon-core/packages/ur5_moveit_config)
[1.885s] DEBUG:colcon.colcon_parallel_executor.executor.parallel:closing loop
[1.886s] DEBUG:colcon.colcon_parallel_executor.executor.parallel:loop closed
[1.886s] DEBUG:colcon.colcon_parallel_executor.executor.parallel:run_until_complete finished with '0'
[1.886s] DEBUG:colcon.colcon_core.event_reactor:joining thread
[1.894s] INFO:colcon.colcon_core.plugin_system:Skipping extension 'colcon_notification.desktop_notification.notify_send': Could not find 'notify-send'
[1.894s] INFO:colcon.colcon_core.plugin_system:Skipping extension 'colcon_notification.desktop_notification.terminal_notifier': Not used on non-Darwin systems
[1.894s] INFO:colcon.colcon_core.plugin_system:Skipping extension 'colcon_notification.desktop_notification.win32': Not used on non-Windows systems
[1.895s] INFO:colcon.colcon_notification.desktop_notification:Sending desktop notification using 'notify2'
[1.898s] DEBUG:colcon.colcon_notification.desktop_notification.notify2:Failed to initialize notify2: org.freedesktop.DBus.Error.Spawn.ExecFailed: /usr/bin/dbus-launch terminated abnormally without any error message
[1.898s] DEBUG:colcon.colcon_core.event_reactor:joined thread
[1.899s] INFO:colcon.colcon_core.shell:Creating prefix script '/workspaces/moveit2_UR5/install/local_setup.ps1'
[1.900s] INFO:colcon.colcon_core.shell:Creating prefix util module '/workspaces/moveit2_UR5/install/_local_setup_util_ps1.py'
[1.901s] INFO:colcon.colcon_core.shell:Creating prefix chain script '/workspaces/moveit2_UR5/install/setup.ps1'
[1.902s] INFO:colcon.colcon_core.shell:Creating prefix script '/workspaces/moveit2_UR5/install/local_setup.sh'
[1.903s] INFO:colcon.colcon_core.shell:Creating prefix util module '/workspaces/moveit2_UR5/install/_local_setup_util_sh.py'
[1.903s] INFO:colcon.colcon_core.shell:Creating prefix chain script '/workspaces/moveit2_UR5/install/setup.sh'
[1.905s] INFO:colcon.colcon_core.shell:Creating prefix script '/workspaces/moveit2_UR5/install/local_setup.bash'
[1.905s] INFO:colcon.colcon_core.shell:Creating prefix chain script '/workspaces/moveit2_UR5/install/setup.bash'
[1.906s] INFO:colcon.colcon_core.shell:Creating prefix script '/workspaces/moveit2_UR5/install/local_setup.zsh'
[1.907s] INFO:colcon.colcon_core.shell:Creating prefix chain script '/workspaces/moveit2_UR5/install/setup.zsh'
