-- The C compiler identification is GNU 11.4.0
-- The CXX compiler identification is GNU 11.4.0
-- Detecting C compiler ABI info
-- Detecting C compiler ABI info - done
-- Check for working C compiler: /usr/bin/cc - skipped
-- Detecting C compile features
-- Detecting C compile features - done
-- Detecting CXX compiler ABI info
-- Detecting CXX compiler ABI info - done
-- Check for working CXX compiler: /usr/bin/c++ - skipped
-- Detecting CXX compile features
-- Detecting CXX compile features - done
-- Found ament_cmake: 1.3.11 (/opt/ros/humble/share/ament_cmake/cmake)
-- Found Python3: /usr/bin/python3 (found version "3.10.12") found components: Interpreter 
-- Found rclpy: 3.3.16 (/opt/ros/humble/share/rclpy/cmake)
-- Found geometry_msgs: 4.9.0 (/opt/ros/humble/share/geometry_msgs/cmake)
-- Found rosidl_generator_c: 3.1.6 (/opt/ros/humble/share/rosidl_generator_c/cmake)
-- Found rosidl_adapter: 3.1.6 (/opt/ros/humble/share/rosidl_adapter/cmake)
-- Found rosidl_generator_cpp: 3.1.6 (/opt/ros/humble/share/rosidl_generator_cpp/cmake)
-- Using all available rosidl_typesupport_c: rosidl_typesupport_fastrtps_c;rosidl_typesupport_introspection_c
-- Using all available rosidl_typesupport_cpp: rosidl_typesupport_fastrtps_cpp;rosidl_typesupport_introspection_cpp
-- Found sensor_msgs: 4.9.0 (/opt/ros/humble/share/sensor_msgs/cmake)
-- Found trajectory_msgs: 4.9.0 (/opt/ros/humble/share/trajectory_msgs/cmake)
-- Found moveit_msgs: 2.2.1 (/opt/ros/humble/share/moveit_msgs/cmake)
-- Found moveit_core: 2.5.9 (/opt/ros/humble/share/moveit_core/cmake)
-- Found Boost: /usr/lib/x86_64-linux-gnu/cmake/Boost-1.74.0/BoostConfig.cmake (found version "1.74.0") found components: chrono date_time filesystem iostreams program_options regex serialization system thread 
-- Found parameter_traits: 0.5.0 (/opt/ros/humble/share/parameter_traits/cmake)
-- Found rmw_implementation_cmake: 6.1.2 (/opt/ros/humble/share/rmw_implementation_cmake/cmake)
-- Found rmw_fastrtps_cpp: 6.2.7 (/opt/ros/humble/share/rmw_fastrtps_cpp/cmake)
-- Found OpenSSL: /usr/lib/x86_64-linux-gnu/libcrypto.so (found version "3.0.2")  
-- Found FastRTPS: /opt/ros/humble/include  
-- Using RMW implementation 'rmw_fastrtps_cpp' as default
-- Found Threads: TRUE  
-- Found rclcpp_lifecycle: 16.0.12 (/opt/ros/humble/share/rclcpp_lifecycle/cmake)
-- Found Boost: /usr/lib/x86_64-linux-gnu/cmake/Boost-1.74.0/BoostConfig.cmake (found version "1.74.0") found components: filesystem 
-- library: /usr/lib/x86_64-linux-gnu/libcurl.so
-- Found Eigen3: TRUE (found version "3.4.0") 
-- Ensuring Eigen3 include directory is part of orocos-kdl CMake target
-- Found moveit_ros_planning: 2.5.9 (/opt/ros/humble/share/moveit_ros_planning/cmake)
-- Found Boost: /usr/lib/x86_64-linux-gnu/cmake/Boost-1.74.0/BoostConfig.cmake (found version "1.74.0") found components: system filesystem date_time program_options thread chrono 
-- Found moveit_ros_planning_interface: 2.5.9 (/opt/ros/humble/share/moveit_ros_planning_interface/cmake)
-- Found Boost: /usr/lib/x86_64-linux-gnu/cmake/Boost-1.74.0/BoostConfig.cmake (found version "1.74.0") found components: date_time filesystem program_options system thread 
-- Found Boost: /usr/lib/x86_64-linux-gnu/cmake/Boost-1.74.0/BoostConfig.cmake (found version "1.74.0") found components: thread system filesystem regex date_time program_options 
-- Found Boost: /usr/lib/x86_64-linux-gnu/cmake/Boost-1.74.0/BoostConfig.cmake (found version "1.74.0") found components: system filesystem date_time program_options thread 
-- Found ament_lint_auto: 0.12.12 (/opt/ros/humble/share/ament_lint_auto/cmake)
-- Added test 'flake8' to check Python code syntax and style conventions
-- Added test 'lint_cmake' to check CMake code style
-- Added test 'pep257' to check Python code against some of the docstring style conventions in PEP 257
-- Added test 'xmllint' to check XML markup files
-- Configuring done (1.7s)
-- Generating done (0.0s)
-- Build files have been written to: /workspace/rl_for_curobo/projects_root/ros/workspaces/isaac_moveit/build/moveit2_isaac_sim_integration
-- Install configuration: ""
-- Installing: /workspace/rl_for_curobo/projects_root/ros/workspaces/isaac_moveit/install/moveit2_isaac_sim_integration/lib/moveit2_isaac_sim_integration/start_sim.py
-- Installing: /workspace/rl_for_curobo/projects_root/ros/workspaces/isaac_moveit/install/moveit2_isaac_sim_integration/lib/moveit2_isaac_sim_integration/moveit2_utils.py
-- Installing: /workspace/rl_for_curobo/projects_root/ros/workspaces/isaac_moveit/install/moveit2_isaac_sim_integration/lib/moveit2_isaac_sim_integration/simulation_runner.py
-- Installing: /workspace/rl_for_curobo/projects_root/ros/workspaces/isaac_moveit/install/moveit2_isaac_sim_integration/share/moveit2_isaac_sim_integration/launch
-- Installing: /workspace/rl_for_curobo/projects_root/ros/workspaces/isaac_moveit/install/moveit2_isaac_sim_integration/share/moveit2_isaac_sim_integration/launch/simulation_launch.py
-- Installing: /workspace/rl_for_curobo/projects_root/ros/workspaces/isaac_moveit/install/moveit2_isaac_sim_integration/share/moveit2_isaac_sim_integration/config
-- Installing: /workspace/rl_for_curobo/projects_root/ros/workspaces/isaac_moveit/install/moveit2_isaac_sim_integration/share/moveit2_isaac_sim_integration/config/robot_config.yaml
-- Installing: /workspace/rl_for_curobo/projects_root/ros/workspaces/isaac_moveit/install/moveit2_isaac_sim_integration/share/ament_index/resource_index/package_run_dependencies/moveit2_isaac_sim_integration
-- Installing: /workspace/rl_for_curobo/projects_root/ros/workspaces/isaac_moveit/install/moveit2_isaac_sim_integration/share/ament_index/resource_index/parent_prefix_path/moveit2_isaac_sim_integration
-- Installing: /workspace/rl_for_curobo/projects_root/ros/workspaces/isaac_moveit/install/moveit2_isaac_sim_integration/share/moveit2_isaac_sim_integration/environment/ament_prefix_path.sh
-- Installing: /workspace/rl_for_curobo/projects_root/ros/workspaces/isaac_moveit/install/moveit2_isaac_sim_integration/share/moveit2_isaac_sim_integration/environment/ament_prefix_path.dsv
-- Installing: /workspace/rl_for_curobo/projects_root/ros/workspaces/isaac_moveit/install/moveit2_isaac_sim_integration/share/moveit2_isaac_sim_integration/environment/path.sh
-- Installing: /workspace/rl_for_curobo/projects_root/ros/workspaces/isaac_moveit/install/moveit2_isaac_sim_integration/share/moveit2_isaac_sim_integration/environment/path.dsv
-- Installing: /workspace/rl_for_curobo/projects_root/ros/workspaces/isaac_moveit/install/moveit2_isaac_sim_integration/share/moveit2_isaac_sim_integration/local_setup.bash
-- Installing: /workspace/rl_for_curobo/projects_root/ros/workspaces/isaac_moveit/install/moveit2_isaac_sim_integration/share/moveit2_isaac_sim_integration/local_setup.sh
-- Installing: /workspace/rl_for_curobo/projects_root/ros/workspaces/isaac_moveit/install/moveit2_isaac_sim_integration/share/moveit2_isaac_sim_integration/local_setup.zsh
-- Installing: /workspace/rl_for_curobo/projects_root/ros/workspaces/isaac_moveit/install/moveit2_isaac_sim_integration/share/moveit2_isaac_sim_integration/local_setup.dsv
-- Installing: /workspace/rl_for_curobo/projects_root/ros/workspaces/isaac_moveit/install/moveit2_isaac_sim_integration/share/moveit2_isaac_sim_integration/package.dsv
-- Installing: /workspace/rl_for_curobo/projects_root/ros/workspaces/isaac_moveit/install/moveit2_isaac_sim_integration/share/ament_index/resource_index/packages/moveit2_isaac_sim_integration
-- Installing: /workspace/rl_for_curobo/projects_root/ros/workspaces/isaac_moveit/install/moveit2_isaac_sim_integration/share/moveit2_isaac_sim_integration/cmake/moveit2_isaac_sim_integrationConfig.cmake
-- Installing: /workspace/rl_for_curobo/projects_root/ros/workspaces/isaac_moveit/install/moveit2_isaac_sim_integration/share/moveit2_isaac_sim_integration/cmake/moveit2_isaac_sim_integrationConfig-version.cmake
-- Installing: /workspace/rl_for_curobo/projects_root/ros/workspaces/isaac_moveit/install/moveit2_isaac_sim_integration/share/moveit2_isaac_sim_integration/package.xml
