[0.006s] Invoking command in '/workspace/rl_for_curobo/projects_root/ros/workspaces/isaac_moveit/build/moveit2_isaac_sim_integration': CMAKE_PREFIX_PATH=/opt/ros/humble /usr/local/bin/cmake /workspace/rl_for_curobo/projects_root/ros/workspaces/isaac_moveit/src/moveit2_isaac_sim_integration -DCMAKE_INSTALL_PREFIX=/workspace/rl_for_curobo/projects_root/ros/workspaces/isaac_moveit/install/moveit2_isaac_sim_integration
[0.097s] -- The C compiler identification is GNU 11.4.0
[0.190s] -- The CXX compiler identification is GNU 11.4.0
[0.215s] -- Detecting C compiler ABI info
[0.354s] -- Detecting C compiler ABI info - done
[0.360s] -- Check for working C compiler: /usr/bin/cc - skipped
[0.361s] -- Detecting C compile features
[0.361s] -- Detecting C compile features - done
[0.369s] -- Detecting CXX compiler ABI info
[0.470s] -- Detecting CXX compiler ABI info - done
[0.477s] -- Check for working CXX compiler: /usr/bin/c++ - skipped
[0.477s] -- Detecting CXX compile features
[0.477s] -- Detecting CXX compile features - done
[0.480s] -- Found ament_cmake: 1.3.11 (/opt/ros/humble/share/ament_cmake/cmake)
[0.583s] -- Found Python3: /usr/bin/python3 (found version "3.10.12") found components: Interpreter 
[0.650s] -- Found rclpy: 3.3.16 (/opt/ros/humble/share/rclpy/cmake)
[0.651s] -- Found geometry_msgs: 4.9.0 (/opt/ros/humble/share/geometry_msgs/cmake)
[0.680s] -- Found rosidl_generator_c: 3.1.6 (/opt/ros/humble/share/rosidl_generator_c/cmake)
[0.684s] -- Found rosidl_adapter: 3.1.6 (/opt/ros/humble/share/rosidl_adapter/cmake)
[0.690s] -- Found rosidl_generator_cpp: 3.1.6 (/opt/ros/humble/share/rosidl_generator_cpp/cmake)
[0.699s] -- Using all available rosidl_typesupport_c: rosidl_typesupport_fastrtps_c;rosidl_typesupport_introspection_c
[0.712s] -- Using all available rosidl_typesupport_cpp: rosidl_typesupport_fastrtps_cpp;rosidl_typesupport_introspection_cpp
[0.745s] -- Found sensor_msgs: 4.9.0 (/opt/ros/humble/share/sensor_msgs/cmake)
[0.761s] -- Found trajectory_msgs: 4.9.0 (/opt/ros/humble/share/trajectory_msgs/cmake)
[0.777s] -- Found moveit_msgs: 2.2.1 (/opt/ros/humble/share/moveit_msgs/cmake)
[0.875s] -- Found moveit_core: 2.5.9 (/opt/ros/humble/share/moveit_core/cmake)
[0.980s] -- Found Boost: /usr/lib/x86_64-linux-gnu/cmake/Boost-1.74.0/BoostConfig.cmake (found version "1.74.0") found components: chrono date_time filesystem iostreams program_options regex serialization system thread 
[1.028s] -- Found parameter_traits: 0.5.0 (/opt/ros/humble/share/parameter_traits/cmake)
[1.061s] -- Found rmw_implementation_cmake: 6.1.2 (/opt/ros/humble/share/rmw_implementation_cmake/cmake)
[1.063s] -- Found rmw_fastrtps_cpp: 6.2.7 (/opt/ros/humble/share/rmw_fastrtps_cpp/cmake)
[1.142s] -- Found OpenSSL: /usr/lib/x86_64-linux-gnu/libcrypto.so (found version "3.0.2")  
[1.162s] -- Found FastRTPS: /opt/ros/humble/include  
[1.199s] -- Using RMW implementation 'rmw_fastrtps_cpp' as default
[1.207s] -- Found Threads: TRUE  
[1.247s] -- Found rclcpp_lifecycle: 16.0.12 (/opt/ros/humble/share/rclcpp_lifecycle/cmake)
[1.266s] -- Found Boost: /usr/lib/x86_64-linux-gnu/cmake/Boost-1.74.0/BoostConfig.cmake (found version "1.74.0") found components: filesystem 
[1.369s] -- library: /usr/lib/x86_64-linux-gnu/libcurl.so
[1.408s] -- Found Eigen3: TRUE (found version "3.4.0") 
[1.409s] -- Ensuring Eigen3 include directory is part of orocos-kdl CMake target
[1.516s] -- Found moveit_ros_planning: 2.5.9 (/opt/ros/humble/share/moveit_ros_planning/cmake)
[1.520s] -- Found Boost: /usr/lib/x86_64-linux-gnu/cmake/Boost-1.74.0/BoostConfig.cmake (found version "1.74.0") found components: system filesystem date_time program_options thread chrono 
[1.546s] -- Found moveit_ros_planning_interface: 2.5.9 (/opt/ros/humble/share/moveit_ros_planning_interface/cmake)
[1.550s] -- Found Boost: /usr/lib/x86_64-linux-gnu/cmake/Boost-1.74.0/BoostConfig.cmake (found version "1.74.0") found components: date_time filesystem program_options system thread 
[1.563s] -- Found Boost: /usr/lib/x86_64-linux-gnu/cmake/Boost-1.74.0/BoostConfig.cmake (found version "1.74.0") found components: thread system filesystem regex date_time program_options 
[1.584s] -- Found Boost: /usr/lib/x86_64-linux-gnu/cmake/Boost-1.74.0/BoostConfig.cmake (found version "1.74.0") found components: system filesystem date_time program_options thread 
[1.612s] -- Found ament_lint_auto: 0.12.12 (/opt/ros/humble/share/ament_lint_auto/cmake)
[1.666s] -- Added test 'flake8' to check Python code syntax and style conventions
[1.666s] -- Added test 'lint_cmake' to check CMake code style
[1.666s] -- Added test 'pep257' to check Python code against some of the docstring style conventions in PEP 257
[1.667s] -- Added test 'xmllint' to check XML markup files
[1.668s] -- Configuring done (1.7s)
[1.672s] -- Generating done (0.0s)
[1.675s] -- Build files have been written to: /workspace/rl_for_curobo/projects_root/ros/workspaces/isaac_moveit/build/moveit2_isaac_sim_integration
[1.683s] Invoked command in '/workspace/rl_for_curobo/projects_root/ros/workspaces/isaac_moveit/build/moveit2_isaac_sim_integration' returned '0': CMAKE_PREFIX_PATH=/opt/ros/humble /usr/local/bin/cmake /workspace/rl_for_curobo/projects_root/ros/workspaces/isaac_moveit/src/moveit2_isaac_sim_integration -DCMAKE_INSTALL_PREFIX=/workspace/rl_for_curobo/projects_root/ros/workspaces/isaac_moveit/install/moveit2_isaac_sim_integration
[1.685s] Invoking command in '/workspace/rl_for_curobo/projects_root/ros/workspaces/isaac_moveit/build/moveit2_isaac_sim_integration': CMAKE_PREFIX_PATH=/opt/ros/humble /usr/local/bin/cmake --build /workspace/rl_for_curobo/projects_root/ros/workspaces/isaac_moveit/build/moveit2_isaac_sim_integration -- -j16 -l16
[1.705s] Invoked command in '/workspace/rl_for_curobo/projects_root/ros/workspaces/isaac_moveit/build/moveit2_isaac_sim_integration' returned '0': CMAKE_PREFIX_PATH=/opt/ros/humble /usr/local/bin/cmake --build /workspace/rl_for_curobo/projects_root/ros/workspaces/isaac_moveit/build/moveit2_isaac_sim_integration -- -j16 -l16
[1.712s] Invoking command in '/workspace/rl_for_curobo/projects_root/ros/workspaces/isaac_moveit/build/moveit2_isaac_sim_integration': CMAKE_PREFIX_PATH=/opt/ros/humble /usr/local/bin/cmake --install /workspace/rl_for_curobo/projects_root/ros/workspaces/isaac_moveit/build/moveit2_isaac_sim_integration
[1.717s] -- Install configuration: ""
[1.717s] -- Installing: /workspace/rl_for_curobo/projects_root/ros/workspaces/isaac_moveit/install/moveit2_isaac_sim_integration/lib/moveit2_isaac_sim_integration/start_sim.py
[1.717s] -- Installing: /workspace/rl_for_curobo/projects_root/ros/workspaces/isaac_moveit/install/moveit2_isaac_sim_integration/lib/moveit2_isaac_sim_integration/moveit2_utils.py
[1.717s] -- Installing: /workspace/rl_for_curobo/projects_root/ros/workspaces/isaac_moveit/install/moveit2_isaac_sim_integration/lib/moveit2_isaac_sim_integration/simulation_runner.py
[1.717s] -- Installing: /workspace/rl_for_curobo/projects_root/ros/workspaces/isaac_moveit/install/moveit2_isaac_sim_integration/share/moveit2_isaac_sim_integration/launch
[1.717s] -- Installing: /workspace/rl_for_curobo/projects_root/ros/workspaces/isaac_moveit/install/moveit2_isaac_sim_integration/share/moveit2_isaac_sim_integration/launch/simulation_launch.py
[1.717s] -- Installing: /workspace/rl_for_curobo/projects_root/ros/workspaces/isaac_moveit/install/moveit2_isaac_sim_integration/share/moveit2_isaac_sim_integration/config
[1.717s] -- Installing: /workspace/rl_for_curobo/projects_root/ros/workspaces/isaac_moveit/install/moveit2_isaac_sim_integration/share/moveit2_isaac_sim_integration/config/robot_config.yaml
[1.718s] -- Installing: /workspace/rl_for_curobo/projects_root/ros/workspaces/isaac_moveit/install/moveit2_isaac_sim_integration/share/ament_index/resource_index/package_run_dependencies/moveit2_isaac_sim_integration
[1.718s] -- Installing: /workspace/rl_for_curobo/projects_root/ros/workspaces/isaac_moveit/install/moveit2_isaac_sim_integration/share/ament_index/resource_index/parent_prefix_path/moveit2_isaac_sim_integration
[1.718s] -- Installing: /workspace/rl_for_curobo/projects_root/ros/workspaces/isaac_moveit/install/moveit2_isaac_sim_integration/share/moveit2_isaac_sim_integration/environment/ament_prefix_path.sh
[1.718s] -- Installing: /workspace/rl_for_curobo/projects_root/ros/workspaces/isaac_moveit/install/moveit2_isaac_sim_integration/share/moveit2_isaac_sim_integration/environment/ament_prefix_path.dsv
[1.718s] -- Installing: /workspace/rl_for_curobo/projects_root/ros/workspaces/isaac_moveit/install/moveit2_isaac_sim_integration/share/moveit2_isaac_sim_integration/environment/path.sh
[1.718s] -- Installing: /workspace/rl_for_curobo/projects_root/ros/workspaces/isaac_moveit/install/moveit2_isaac_sim_integration/share/moveit2_isaac_sim_integration/environment/path.dsv
[1.718s] -- Installing: /workspace/rl_for_curobo/projects_root/ros/workspaces/isaac_moveit/install/moveit2_isaac_sim_integration/share/moveit2_isaac_sim_integration/local_setup.bash
[1.718s] -- Installing: /workspace/rl_for_curobo/projects_root/ros/workspaces/isaac_moveit/install/moveit2_isaac_sim_integration/share/moveit2_isaac_sim_integration/local_setup.sh
[1.718s] -- Installing: /workspace/rl_for_curobo/projects_root/ros/workspaces/isaac_moveit/install/moveit2_isaac_sim_integration/share/moveit2_isaac_sim_integration/local_setup.zsh
[1.718s] -- Installing: /workspace/rl_for_curobo/projects_root/ros/workspaces/isaac_moveit/install/moveit2_isaac_sim_integration/share/moveit2_isaac_sim_integration/local_setup.dsv
[1.718s] -- Installing: /workspace/rl_for_curobo/projects_root/ros/workspaces/isaac_moveit/install/moveit2_isaac_sim_integration/share/moveit2_isaac_sim_integration/package.dsv
[1.719s] -- Installing: /workspace/rl_for_curobo/projects_root/ros/workspaces/isaac_moveit/install/moveit2_isaac_sim_integration/share/ament_index/resource_index/packages/moveit2_isaac_sim_integration
[1.719s] -- Installing: /workspace/rl_for_curobo/projects_root/ros/workspaces/isaac_moveit/install/moveit2_isaac_sim_integration/share/moveit2_isaac_sim_integration/cmake/moveit2_isaac_sim_integrationConfig.cmake
[1.719s] -- Installing: /workspace/rl_for_curobo/projects_root/ros/workspaces/isaac_moveit/install/moveit2_isaac_sim_integration/share/moveit2_isaac_sim_integration/cmake/moveit2_isaac_sim_integrationConfig-version.cmake
[1.719s] -- Installing: /workspace/rl_for_curobo/projects_root/ros/workspaces/isaac_moveit/install/moveit2_isaac_sim_integration/share/moveit2_isaac_sim_integration/package.xml
[1.720s] Invoked command in '/workspace/rl_for_curobo/projects_root/ros/workspaces/isaac_moveit/build/moveit2_isaac_sim_integration' returned '0': CMAKE_PREFIX_PATH=/opt/ros/humble /usr/local/bin/cmake --install /workspace/rl_for_curobo/projects_root/ros/workspaces/isaac_moveit/build/moveit2_isaac_sim_integration
