-- Install configuration: ""
-- Installing: /workspace/rl_for_curobo/projects_root/ros/workspaces/isaac_moveit/install/moveit2_isaac_sim_integration/lib/moveit2_isaac_sim_integration/start_sim.py
-- Installing: /workspace/rl_for_curobo/projects_root/ros/workspaces/isaac_moveit/install/moveit2_isaac_sim_integration/lib/moveit2_isaac_sim_integration/moveit2_utils.py
-- Installing: /workspace/rl_for_curobo/projects_root/ros/workspaces/isaac_moveit/install/moveit2_isaac_sim_integration/lib/moveit2_isaac_sim_integration/simulation_runner.py
-- Up-to-date: /workspace/rl_for_curobo/projects_root/ros/workspaces/isaac_moveit/install/moveit2_isaac_sim_integration/share/moveit2_isaac_sim_integration/launch
-- Installing: /workspace/rl_for_curobo/projects_root/ros/workspaces/isaac_moveit/install/moveit2_isaac_sim_integration/share/moveit2_isaac_sim_integration/launch/simulation_launch.py
-- Up-to-date: /workspace/rl_for_curobo/projects_root/ros/workspaces/isaac_moveit/install/moveit2_isaac_sim_integration/share/moveit2_isaac_sim_integration/config
-- Installing: /workspace/rl_for_curobo/projects_root/ros/workspaces/isaac_moveit/install/moveit2_isaac_sim_integration/share/moveit2_isaac_sim_integration/config/tested_urdf
-- Installing: /workspace/rl_for_curobo/projects_root/ros/workspaces/isaac_moveit/install/moveit2_isaac_sim_integration/share/moveit2_isaac_sim_integration/config/example_urdf_for_testing
-- Installing: /workspace/rl_for_curobo/projects_root/ros/workspaces/isaac_moveit/install/moveit2_isaac_sim_integration/share/moveit2_isaac_sim_integration/config/example_urdf_for_testing/franka_description
-- Installing: /workspace/rl_for_curobo/projects_root/ros/workspaces/isaac_moveit/install/moveit2_isaac_sim_integration/share/moveit2_isaac_sim_integration/config/example_urdf_for_testing/franka_description/franka_test.urdf
-- Installing: /workspace/rl_for_curobo/projects_root/ros/workspaces/isaac_moveit/install/moveit2_isaac_sim_integration/share/moveit2_isaac_sim_integration/config/example_urdf_for_testing/franka_description/franka_panda_mobile.urdf
-- Installing: /workspace/rl_for_curobo/projects_root/ros/workspaces/isaac_moveit/install/moveit2_isaac_sim_integration/share/moveit2_isaac_sim_integration/config/example_urdf_for_testing/franka_description/franka_panda_mobile_base.urdf
-- Installing: /workspace/rl_for_curobo/projects_root/ros/workspaces/isaac_moveit/install/moveit2_isaac_sim_integration/share/moveit2_isaac_sim_integration/config/example_urdf_for_testing/franka_description/franka_panda_mobile_xy_tz.urdf
-- Installing: /workspace/rl_for_curobo/projects_root/ros/workspaces/isaac_moveit/install/moveit2_isaac_sim_integration/share/moveit2_isaac_sim_integration/config/example_urdf_for_testing/franka_description/panda_grasp_gripper.urdf
-- Installing: /workspace/rl_for_curobo/projects_root/ros/workspaces/isaac_moveit/install/moveit2_isaac_sim_integration/share/moveit2_isaac_sim_integration/config/example_urdf_for_testing/franka_description/franka_panda_no_gripper.urdf
-- Installing: /workspace/rl_for_curobo/projects_root/ros/workspaces/isaac_moveit/install/moveit2_isaac_sim_integration/share/moveit2_isaac_sim_integration/config/example_urdf_for_testing/franka_description/franka_panda_mobile_x.urdf
-- Installing: /workspace/rl_for_curobo/projects_root/ros/workspaces/isaac_moveit/install/moveit2_isaac_sim_integration/share/moveit2_isaac_sim_integration/config/example_urdf_for_testing/franka_description/franka_panda.urdf
-- Installing: /workspace/rl_for_curobo/projects_root/ros/workspaces/isaac_moveit/install/moveit2_isaac_sim_integration/share/moveit2_isaac_sim_integration/config/example_urdf_for_testing/franka_description/franka_panda_mobile_xy.urdf
-- Installing: /workspace/rl_for_curobo/projects_root/ros/workspaces/isaac_moveit/install/moveit2_isaac_sim_integration/share/moveit2_isaac_sim_integration/config/example_urdf_for_testing/franka_description/meshes
-- Installing: /workspace/rl_for_curobo/projects_root/ros/workspaces/isaac_moveit/install/moveit2_isaac_sim_integration/share/moveit2_isaac_sim_integration/config/example_urdf_for_testing/franka_description/meshes/collision
-- Installing: /workspace/rl_for_curobo/projects_root/ros/workspaces/isaac_moveit/install/moveit2_isaac_sim_integration/share/moveit2_isaac_sim_integration/config/example_urdf_for_testing/franka_description/meshes/collision/finger.stl
-- Installing: /workspace/rl_for_curobo/projects_root/ros/workspaces/isaac_moveit/install/moveit2_isaac_sim_integration/share/moveit2_isaac_sim_integration/config/example_urdf_for_testing/franka_description/meshes/collision/link3.stl
-- Installing: /workspace/rl_for_curobo/projects_root/ros/workspaces/isaac_moveit/install/moveit2_isaac_sim_integration/share/moveit2_isaac_sim_integration/config/example_urdf_for_testing/franka_description/meshes/collision/link6.obj
-- Installing: /workspace/rl_for_curobo/projects_root/ros/workspaces/isaac_moveit/install/moveit2_isaac_sim_integration/share/moveit2_isaac_sim_integration/config/example_urdf_for_testing/franka_description/meshes/collision/hand.obj
-- Installing: /workspace/rl_for_curobo/projects_root/ros/workspaces/isaac_moveit/install/moveit2_isaac_sim_integration/share/moveit2_isaac_sim_integration/config/example_urdf_for_testing/franka_description/meshes/collision/link4.stl
-- Installing: /workspace/rl_for_curobo/projects_root/ros/workspaces/isaac_moveit/install/moveit2_isaac_sim_integration/share/moveit2_isaac_sim_integration/config/example_urdf_for_testing/franka_description/meshes/collision/hand.stl
-- Installing: /workspace/rl_for_curobo/projects_root/ros/workspaces/isaac_moveit/install/moveit2_isaac_sim_integration/share/moveit2_isaac_sim_integration/config/example_urdf_for_testing/franka_description/meshes/collision/hand_gripper.obj
-- Installing: /workspace/rl_for_curobo/projects_root/ros/workspaces/isaac_moveit/install/moveit2_isaac_sim_integration/share/moveit2_isaac_sim_integration/config/example_urdf_for_testing/franka_description/meshes/collision/hand_flipped.obj
-- Installing: /workspace/rl_for_curobo/projects_root/ros/workspaces/isaac_moveit/install/moveit2_isaac_sim_integration/share/moveit2_isaac_sim_integration/config/example_urdf_for_testing/franka_description/meshes/collision/link5.stl
-- Installing: /workspace/rl_for_curobo/projects_root/ros/workspaces/isaac_moveit/install/moveit2_isaac_sim_integration/share/moveit2_isaac_sim_integration/config/example_urdf_for_testing/franka_description/meshes/collision/link7.stl
-- Installing: /workspace/rl_for_curobo/projects_root/ros/workspaces/isaac_moveit/install/moveit2_isaac_sim_integration/share/moveit2_isaac_sim_integration/config/example_urdf_for_testing/franka_description/meshes/collision/hand_gripper.stl
-- Installing: /workspace/rl_for_curobo/projects_root/ros/workspaces/isaac_moveit/install/moveit2_isaac_sim_integration/share/moveit2_isaac_sim_integration/config/example_urdf_for_testing/franka_description/meshes/collision/link6.stl
-- Installing: /workspace/rl_for_curobo/projects_root/ros/workspaces/isaac_moveit/install/moveit2_isaac_sim_integration/share/moveit2_isaac_sim_integration/config/example_urdf_for_testing/franka_description/meshes/collision/link5.obj
-- Installing: /workspace/rl_for_curobo/projects_root/ros/workspaces/isaac_moveit/install/moveit2_isaac_sim_integration/share/moveit2_isaac_sim_integration/config/example_urdf_for_testing/franka_description/meshes/collision/link4.obj
-- Installing: /workspace/rl_for_curobo/projects_root/ros/workspaces/isaac_moveit/install/moveit2_isaac_sim_integration/share/moveit2_isaac_sim_integration/config/example_urdf_for_testing/franka_description/meshes/collision/link7.obj
-- Installing: /workspace/rl_for_curobo/projects_root/ros/workspaces/isaac_moveit/install/moveit2_isaac_sim_integration/share/moveit2_isaac_sim_integration/config/example_urdf_for_testing/franka_description/meshes/collision/hand_gripper_flipped.obj
-- Installing: /workspace/rl_for_curobo/projects_root/ros/workspaces/isaac_moveit/install/moveit2_isaac_sim_integration/share/moveit2_isaac_sim_integration/config/example_urdf_for_testing/franka_description/meshes/collision/finger.obj
-- Installing: /workspace/rl_for_curobo/projects_root/ros/workspaces/isaac_moveit/install/moveit2_isaac_sim_integration/share/moveit2_isaac_sim_integration/config/example_urdf_for_testing/franka_description/meshes/collision/link0.stl
-- Installing: /workspace/rl_for_curobo/projects_root/ros/workspaces/isaac_moveit/install/moveit2_isaac_sim_integration/share/moveit2_isaac_sim_integration/config/example_urdf_for_testing/franka_description/meshes/collision/link2.obj
-- Installing: /workspace/rl_for_curobo/projects_root/ros/workspaces/isaac_moveit/install/moveit2_isaac_sim_integration/share/moveit2_isaac_sim_integration/config/example_urdf_for_testing/franka_description/meshes/collision/link1.stl
-- Installing: /workspace/rl_for_curobo/projects_root/ros/workspaces/isaac_moveit/install/moveit2_isaac_sim_integration/share/moveit2_isaac_sim_integration/config/example_urdf_for_testing/franka_description/meshes/collision/link3.obj
-- Installing: /workspace/rl_for_curobo/projects_root/ros/workspaces/isaac_moveit/install/moveit2_isaac_sim_integration/share/moveit2_isaac_sim_integration/config/example_urdf_for_testing/franka_description/meshes/collision/link1.obj
-- Installing: /workspace/rl_for_curobo/projects_root/ros/workspaces/isaac_moveit/install/moveit2_isaac_sim_integration/share/moveit2_isaac_sim_integration/config/example_urdf_for_testing/franka_description/meshes/collision/link0.obj
-- Installing: /workspace/rl_for_curobo/projects_root/ros/workspaces/isaac_moveit/install/moveit2_isaac_sim_integration/share/moveit2_isaac_sim_integration/config/example_urdf_for_testing/franka_description/meshes/collision/link2.stl
-- Installing: /workspace/rl_for_curobo/projects_root/ros/workspaces/isaac_moveit/install/moveit2_isaac_sim_integration/share/moveit2_isaac_sim_integration/config/example_urdf_for_testing/franka_description/meshes/visual
-- Installing: /workspace/rl_for_curobo/projects_root/ros/workspaces/isaac_moveit/install/moveit2_isaac_sim_integration/share/moveit2_isaac_sim_integration/config/example_urdf_for_testing/franka_description/meshes/visual/link5.obj.mtl
-- Installing: /workspace/rl_for_curobo/projects_root/ros/workspaces/isaac_moveit/install/moveit2_isaac_sim_integration/share/moveit2_isaac_sim_integration/config/example_urdf_for_testing/franka_description/meshes/visual/graspnet_panda_mesh.obj
-- Installing: /workspace/rl_for_curobo/projects_root/ros/workspaces/isaac_moveit/install/moveit2_isaac_sim_integration/share/moveit2_isaac_sim_integration/config/example_urdf_for_testing/franka_description/meshes/visual/link6.obj
-- Installing: /workspace/rl_for_curobo/projects_root/ros/workspaces/isaac_moveit/install/moveit2_isaac_sim_integration/share/moveit2_isaac_sim_integration/config/example_urdf_for_testing/franka_description/meshes/visual/link0.mtl
-- Installing: /workspace/rl_for_curobo/projects_root/ros/workspaces/isaac_moveit/install/moveit2_isaac_sim_integration/share/moveit2_isaac_sim_integration/config/example_urdf_for_testing/franka_description/meshes/visual/hand.obj
-- Installing: /workspace/rl_for_curobo/projects_root/ros/workspaces/isaac_moveit/install/moveit2_isaac_sim_integration/share/moveit2_isaac_sim_integration/config/example_urdf_for_testing/franka_description/meshes/visual/link6.dae
-- Installing: /workspace/rl_for_curobo/projects_root/ros/workspaces/isaac_moveit/install/moveit2_isaac_sim_integration/share/moveit2_isaac_sim_integration/config/example_urdf_for_testing/franka_description/meshes/visual/hand_gripper.obj
-- Installing: /workspace/rl_for_curobo/projects_root/ros/workspaces/isaac_moveit/install/moveit2_isaac_sim_integration/share/moveit2_isaac_sim_integration/config/example_urdf_for_testing/franka_description/meshes/visual/link4.dae
-- Installing: /workspace/rl_for_curobo/projects_root/ros/workspaces/isaac_moveit/install/moveit2_isaac_sim_integration/share/moveit2_isaac_sim_integration/config/example_urdf_for_testing/franka_description/meshes/visual/link7.dae
-- Installing: /workspace/rl_for_curobo/projects_root/ros/workspaces/isaac_moveit/install/moveit2_isaac_sim_integration/share/moveit2_isaac_sim_integration/config/example_urdf_for_testing/franka_description/meshes/visual/link2.mtl
-- Installing: /workspace/rl_for_curobo/projects_root/ros/workspaces/isaac_moveit/install/moveit2_isaac_sim_integration/share/moveit2_isaac_sim_integration/config/example_urdf_for_testing/franka_description/meshes/visual/link1.dae
-- Installing: /workspace/rl_for_curobo/projects_root/ros/workspaces/isaac_moveit/install/moveit2_isaac_sim_integration/share/moveit2_isaac_sim_integration/config/example_urdf_for_testing/franka_description/meshes/visual/link0.obj.mtl
-- Installing: /workspace/rl_for_curobo/projects_root/ros/workspaces/isaac_moveit/install/moveit2_isaac_sim_integration/share/moveit2_isaac_sim_integration/config/example_urdf_for_testing/franka_description/meshes/visual/hand.dae
-- Installing: /workspace/rl_for_curobo/projects_root/ros/workspaces/isaac_moveit/install/moveit2_isaac_sim_integration/share/moveit2_isaac_sim_integration/config/example_urdf_for_testing/franka_description/meshes/visual/link5.mtl
-- Installing: /workspace/rl_for_curobo/projects_root/ros/workspaces/isaac_moveit/install/moveit2_isaac_sim_integration/share/moveit2_isaac_sim_integration/config/example_urdf_for_testing/franka_description/meshes/visual/link7.obj.mtl
-- Installing: /workspace/rl_for_curobo/projects_root/ros/workspaces/isaac_moveit/install/moveit2_isaac_sim_integration/share/moveit2_isaac_sim_integration/config/example_urdf_for_testing/franka_description/meshes/visual/link2.dae
-- Installing: /workspace/rl_for_curobo/projects_root/ros/workspaces/isaac_moveit/install/moveit2_isaac_sim_integration/share/moveit2_isaac_sim_integration/config/example_urdf_for_testing/franka_description/meshes/visual/link6.mtl
-- Installing: /workspace/rl_for_curobo/projects_root/ros/workspaces/isaac_moveit/install/moveit2_isaac_sim_integration/share/moveit2_isaac_sim_integration/config/example_urdf_for_testing/franka_description/meshes/visual/hand_gripper.stl
-- Installing: /workspace/rl_for_curobo/projects_root/ros/workspaces/isaac_moveit/install/moveit2_isaac_sim_integration/share/moveit2_isaac_sim_integration/config/example_urdf_for_testing/franka_description/meshes/visual/link7.mtl
-- Installing: /workspace/rl_for_curobo/projects_root/ros/workspaces/isaac_moveit/install/moveit2_isaac_sim_integration/share/moveit2_isaac_sim_integration/config/example_urdf_for_testing/franka_description/meshes/visual/link0.dae
-- Installing: /workspace/rl_for_curobo/projects_root/ros/workspaces/isaac_moveit/install/moveit2_isaac_sim_integration/share/moveit2_isaac_sim_integration/config/example_urdf_for_testing/franka_description/meshes/visual/link6.obj.mtl
-- Installing: /workspace/rl_for_curobo/projects_root/ros/workspaces/isaac_moveit/install/moveit2_isaac_sim_integration/share/moveit2_isaac_sim_integration/config/example_urdf_for_testing/franka_description/meshes/visual/link1.obj.mtl
-- Installing: /workspace/rl_for_curobo/projects_root/ros/workspaces/isaac_moveit/install/moveit2_isaac_sim_integration/share/moveit2_isaac_sim_integration/config/example_urdf_for_testing/franka_description/meshes/visual/finger.mtl
-- Installing: /workspace/rl_for_curobo/projects_root/ros/workspaces/isaac_moveit/install/moveit2_isaac_sim_integration/share/moveit2_isaac_sim_integration/config/example_urdf_for_testing/franka_description/meshes/visual/link4.obj.mtl
-- Installing: /workspace/rl_for_curobo/projects_root/ros/workspaces/isaac_moveit/install/moveit2_isaac_sim_integration/share/moveit2_isaac_sim_integration/config/example_urdf_for_testing/franka_description/meshes/visual/link5.obj
-- Installing: /workspace/rl_for_curobo/projects_root/ros/workspaces/isaac_moveit/install/moveit2_isaac_sim_integration/share/moveit2_isaac_sim_integration/config/example_urdf_for_testing/franka_description/meshes/visual/link4.obj
-- Installing: /workspace/rl_for_curobo/projects_root/ros/workspaces/isaac_moveit/install/moveit2_isaac_sim_integration/share/moveit2_isaac_sim_integration/config/example_urdf_for_testing/franka_description/meshes/visual/link4.mtl
-- Installing: /workspace/rl_for_curobo/projects_root/ros/workspaces/isaac_moveit/install/moveit2_isaac_sim_integration/share/moveit2_isaac_sim_integration/config/example_urdf_for_testing/franka_description/meshes/visual/hand.mtl
-- Installing: /workspace/rl_for_curobo/projects_root/ros/workspaces/isaac_moveit/install/moveit2_isaac_sim_integration/share/moveit2_isaac_sim_integration/config/example_urdf_for_testing/franka_description/meshes/visual/link7.obj
-- Installing: /workspace/rl_for_curobo/projects_root/ros/workspaces/isaac_moveit/install/moveit2_isaac_sim_integration/share/moveit2_isaac_sim_integration/config/example_urdf_for_testing/franka_description/meshes/visual/finger.obj
-- Installing: /workspace/rl_for_curobo/projects_root/ros/workspaces/isaac_moveit/install/moveit2_isaac_sim_integration/share/moveit2_isaac_sim_integration/config/example_urdf_for_testing/franka_description/meshes/visual/link2.obj.mtl
-- Installing: /workspace/rl_for_curobo/projects_root/ros/workspaces/isaac_moveit/install/moveit2_isaac_sim_integration/share/moveit2_isaac_sim_integration/config/example_urdf_for_testing/franka_description/meshes/visual/hand_ee_link.dae
-- Installing: /workspace/rl_for_curobo/projects_root/ros/workspaces/isaac_moveit/install/moveit2_isaac_sim_integration/share/moveit2_isaac_sim_integration/config/example_urdf_for_testing/franka_description/meshes/visual/link3.mtl
-- Installing: /workspace/rl_for_curobo/projects_root/ros/workspaces/isaac_moveit/install/moveit2_isaac_sim_integration/share/moveit2_isaac_sim_integration/config/example_urdf_for_testing/franka_description/meshes/visual/link3.dae
-- Installing: /workspace/rl_for_curobo/projects_root/ros/workspaces/isaac_moveit/install/moveit2_isaac_sim_integration/share/moveit2_isaac_sim_integration/config/example_urdf_for_testing/franka_description/meshes/visual/link2.obj
-- Installing: /workspace/rl_for_curobo/projects_root/ros/workspaces/isaac_moveit/install/moveit2_isaac_sim_integration/share/moveit2_isaac_sim_integration/config/example_urdf_for_testing/franka_description/meshes/visual/finger.dae
-- Installing: /workspace/rl_for_curobo/projects_root/ros/workspaces/isaac_moveit/install/moveit2_isaac_sim_integration/share/moveit2_isaac_sim_integration/config/example_urdf_for_testing/franka_description/meshes/visual/link3.obj.mtl
-- Installing: /workspace/rl_for_curobo/projects_root/ros/workspaces/isaac_moveit/install/moveit2_isaac_sim_integration/share/moveit2_isaac_sim_integration/config/example_urdf_for_testing/franka_description/meshes/visual/train_gripper.obj
-- Installing: /workspace/rl_for_curobo/projects_root/ros/workspaces/isaac_moveit/install/moveit2_isaac_sim_integration/share/moveit2_isaac_sim_integration/config/example_urdf_for_testing/franka_description/meshes/visual/link3.obj
-- Installing: /workspace/rl_for_curobo/projects_root/ros/workspaces/isaac_moveit/install/moveit2_isaac_sim_integration/share/moveit2_isaac_sim_integration/config/example_urdf_for_testing/franka_description/meshes/visual/link1.mtl
-- Installing: /workspace/rl_for_curobo/projects_root/ros/workspaces/isaac_moveit/install/moveit2_isaac_sim_integration/share/moveit2_isaac_sim_integration/config/example_urdf_for_testing/franka_description/meshes/visual/link1.obj
-- Installing: /workspace/rl_for_curobo/projects_root/ros/workspaces/isaac_moveit/install/moveit2_isaac_sim_integration/share/moveit2_isaac_sim_integration/config/example_urdf_for_testing/franka_description/meshes/visual/link5.dae
-- Installing: /workspace/rl_for_curobo/projects_root/ros/workspaces/isaac_moveit/install/moveit2_isaac_sim_integration/share/moveit2_isaac_sim_integration/config/example_urdf_for_testing/franka_description/meshes/visual/link0.obj
-- Installing: /workspace/rl_for_curobo/projects_root/ros/workspaces/isaac_moveit/install/moveit2_isaac_sim_integration/share/moveit2_isaac_sim_integration/config/example_urdf_for_testing/franka_description/franka_panda_temp.usd
-- Installing: /workspace/rl_for_curobo/projects_root/ros/workspaces/isaac_moveit/install/moveit2_isaac_sim_integration/share/moveit2_isaac_sim_integration/config/example_urdf_for_testing/franka_description/panda.urdf
-- Installing: /workspace/rl_for_curobo/projects_root/ros/workspaces/isaac_moveit/install/moveit2_isaac_sim_integration/share/moveit2_isaac_sim_integration/config/example_urdf_for_testing/franka_description/panda_gripper.urdf
-- Installing: /workspace/rl_for_curobo/projects_root/ros/workspaces/isaac_moveit/install/moveit2_isaac_sim_integration/share/moveit2_isaac_sim_integration/config/example_urdf_for_testing/franka_description/moving_gripper.urdf
-- Installing: /workspace/rl_for_curobo/projects_root/ros/workspaces/isaac_moveit/install/moveit2_isaac_sim_integration/share/moveit2_isaac_sim_integration/config/moveit_configs_for_testing
-- Installing: /workspace/rl_for_curobo/projects_root/ros/workspaces/isaac_moveit/install/moveit2_isaac_sim_integration/share/moveit2_isaac_sim_integration/config/moveit_configs_for_testing/auto_gen
-- Installing: /workspace/rl_for_curobo/projects_root/ros/workspaces/isaac_moveit/install/moveit2_isaac_sim_integration/share/moveit2_isaac_sim_integration/config/moveit_configs_for_testing/auto_gen/panda_moveit_config_1752162776.7167253
-- Installing: /workspace/rl_for_curobo/projects_root/ros/workspaces/isaac_moveit/install/moveit2_isaac_sim_integration/share/moveit2_isaac_sim_integration/config/moveit_configs_for_testing/auto_gen/panda_moveit_config_1752162776.7167253/move_group_params.yaml
-- Installing: /workspace/rl_for_curobo/projects_root/ros/workspaces/isaac_moveit/install/moveit2_isaac_sim_integration/share/moveit2_isaac_sim_integration/config/moveit_configs_for_testing/auto_gen/panda_moveit_config_1752162776.7167253/panda.srdf
-- Installing: /workspace/rl_for_curobo/projects_root/ros/workspaces/isaac_moveit/install/moveit2_isaac_sim_integration/share/moveit2_isaac_sim_integration/config/moveit_configs_for_testing/auto_gen/panda_moveit_config_1752162776.7167253/joint_limits.yaml
-- Installing: /workspace/rl_for_curobo/projects_root/ros/workspaces/isaac_moveit/install/moveit2_isaac_sim_integration/share/moveit2_isaac_sim_integration/config/moveit_configs_for_testing/auto_gen/panda_moveit_config_1752162776.7167253/panda.urdf
-- Installing: /workspace/rl_for_curobo/projects_root/ros/workspaces/isaac_moveit/install/moveit2_isaac_sim_integration/share/moveit2_isaac_sim_integration/config/moveit_configs_for_testing/auto_gen/panda_moveit_config_1752161310.6156757
-- Installing: /workspace/rl_for_curobo/projects_root/ros/workspaces/isaac_moveit/install/moveit2_isaac_sim_integration/share/moveit2_isaac_sim_integration/config/moveit_configs_for_testing/auto_gen/panda_moveit_config_1752161310.6156757/move_group_params.yaml
-- Installing: /workspace/rl_for_curobo/projects_root/ros/workspaces/isaac_moveit/install/moveit2_isaac_sim_integration/share/moveit2_isaac_sim_integration/config/moveit_configs_for_testing/auto_gen/panda_moveit_config_1752161310.6156757/panda.srdf
-- Installing: /workspace/rl_for_curobo/projects_root/ros/workspaces/isaac_moveit/install/moveit2_isaac_sim_integration/share/moveit2_isaac_sim_integration/config/moveit_configs_for_testing/auto_gen/panda_moveit_config_1752161310.6156757/joint_limits.yaml
-- Installing: /workspace/rl_for_curobo/projects_root/ros/workspaces/isaac_moveit/install/moveit2_isaac_sim_integration/share/moveit2_isaac_sim_integration/config/moveit_configs_for_testing/auto_gen/panda_moveit_config_1752161310.6156757/panda.urdf
-- Installing: /workspace/rl_for_curobo/projects_root/ros/workspaces/isaac_moveit/install/moveit2_isaac_sim_integration/share/moveit2_isaac_sim_integration/config/robot_config.yaml
-- Up-to-date: /workspace/rl_for_curobo/projects_root/ros/workspaces/isaac_moveit/install/moveit2_isaac_sim_integration/share/ament_index/resource_index/package_run_dependencies/moveit2_isaac_sim_integration
-- Up-to-date: /workspace/rl_for_curobo/projects_root/ros/workspaces/isaac_moveit/install/moveit2_isaac_sim_integration/share/ament_index/resource_index/parent_prefix_path/moveit2_isaac_sim_integration
-- Up-to-date: /workspace/rl_for_curobo/projects_root/ros/workspaces/isaac_moveit/install/moveit2_isaac_sim_integration/share/moveit2_isaac_sim_integration/environment/ament_prefix_path.sh
-- Up-to-date: /workspace/rl_for_curobo/projects_root/ros/workspaces/isaac_moveit/install/moveit2_isaac_sim_integration/share/moveit2_isaac_sim_integration/environment/ament_prefix_path.dsv
-- Up-to-date: /workspace/rl_for_curobo/projects_root/ros/workspaces/isaac_moveit/install/moveit2_isaac_sim_integration/share/moveit2_isaac_sim_integration/environment/path.sh
-- Up-to-date: /workspace/rl_for_curobo/projects_root/ros/workspaces/isaac_moveit/install/moveit2_isaac_sim_integration/share/moveit2_isaac_sim_integration/environment/path.dsv
-- Up-to-date: /workspace/rl_for_curobo/projects_root/ros/workspaces/isaac_moveit/install/moveit2_isaac_sim_integration/share/moveit2_isaac_sim_integration/local_setup.bash
-- Up-to-date: /workspace/rl_for_curobo/projects_root/ros/workspaces/isaac_moveit/install/moveit2_isaac_sim_integration/share/moveit2_isaac_sim_integration/local_setup.sh
-- Up-to-date: /workspace/rl_for_curobo/projects_root/ros/workspaces/isaac_moveit/install/moveit2_isaac_sim_integration/share/moveit2_isaac_sim_integration/local_setup.zsh
-- Up-to-date: /workspace/rl_for_curobo/projects_root/ros/workspaces/isaac_moveit/install/moveit2_isaac_sim_integration/share/moveit2_isaac_sim_integration/local_setup.dsv
-- Installing: /workspace/rl_for_curobo/projects_root/ros/workspaces/isaac_moveit/install/moveit2_isaac_sim_integration/share/moveit2_isaac_sim_integration/package.dsv
-- Up-to-date: /workspace/rl_for_curobo/projects_root/ros/workspaces/isaac_moveit/install/moveit2_isaac_sim_integration/share/ament_index/resource_index/packages/moveit2_isaac_sim_integration
-- Up-to-date: /workspace/rl_for_curobo/projects_root/ros/workspaces/isaac_moveit/install/moveit2_isaac_sim_integration/share/moveit2_isaac_sim_integration/cmake/moveit2_isaac_sim_integrationConfig.cmake
-- Up-to-date: /workspace/rl_for_curobo/projects_root/ros/workspaces/isaac_moveit/install/moveit2_isaac_sim_integration/share/moveit2_isaac_sim_integration/cmake/moveit2_isaac_sim_integrationConfig-version.cmake
-- Up-to-date: /workspace/rl_for_curobo/projects_root/ros/workspaces/isaac_moveit/install/moveit2_isaac_sim_integration/share/moveit2_isaac_sim_integration/package.xml
