[0.022s] Invoking command in '/workspace/rl_for_curobo/projects_root/ros/workspaces/isaac_moveit/build/moveit2_isaac_sim_integration': CMAKE_PREFIX_PATH=${CMAKE_PREFIX_PATH}:/workspaces/isaac_ros_ws/install/isaac_ros_test:/workspaces/isaac_ros_ws/install/isaac_ros_rosbag_utils:/workspaces/isaac_ros_ws/install/isaac_ros_launch_utils:/workspaces/isaac_ros_ws/install/isaac_common_py:/opt/ros/humble /usr/local/bin/cmake --build /workspace/rl_for_curobo/projects_root/ros/workspaces/isaac_moveit/build/moveit2_isaac_sim_integration -- -j16 -l16
[0.055s] Invoked command in '/workspace/rl_for_curobo/projects_root/ros/workspaces/isaac_moveit/build/moveit2_isaac_sim_integration' returned '0': CMAKE_PREFIX_PATH=${CMAKE_PREFIX_PATH}:/workspaces/isaac_ros_ws/install/isaac_ros_test:/workspaces/isaac_ros_ws/install/isaac_ros_rosbag_utils:/workspaces/isaac_ros_ws/install/isaac_ros_launch_utils:/workspaces/isaac_ros_ws/install/isaac_common_py:/opt/ros/humble /usr/local/bin/cmake --build /workspace/rl_for_curobo/projects_root/ros/workspaces/isaac_moveit/build/moveit2_isaac_sim_integration -- -j16 -l16
[0.062s] Invoking command in '/workspace/rl_for_curobo/projects_root/ros/workspaces/isaac_moveit/build/moveit2_isaac_sim_integration': CMAKE_PREFIX_PATH=${CMAKE_PREFIX_PATH}:/workspaces/isaac_ros_ws/install/isaac_ros_test:/workspaces/isaac_ros_ws/install/isaac_ros_rosbag_utils:/workspaces/isaac_ros_ws/install/isaac_ros_launch_utils:/workspaces/isaac_ros_ws/install/isaac_common_py:/opt/ros/humble /usr/local/bin/cmake --install /workspace/rl_for_curobo/projects_root/ros/workspaces/isaac_moveit/build/moveit2_isaac_sim_integration
[0.066s] -- Install configuration: ""
[0.066s] -- Installing: /workspace/rl_for_curobo/projects_root/ros/workspaces/isaac_moveit/install/moveit2_isaac_sim_integration/lib/moveit2_isaac_sim_integration/start_sim.py
[0.067s] -- Installing: /workspace/rl_for_curobo/projects_root/ros/workspaces/isaac_moveit/install/moveit2_isaac_sim_integration/lib/moveit2_isaac_sim_integration/moveit2_utils.py
[0.067s] -- Installing: /workspace/rl_for_curobo/projects_root/ros/workspaces/isaac_moveit/install/moveit2_isaac_sim_integration/lib/moveit2_isaac_sim_integration/simulation_runner.py
[0.067s] -- Up-to-date: /workspace/rl_for_curobo/projects_root/ros/workspaces/isaac_moveit/install/moveit2_isaac_sim_integration/share/moveit2_isaac_sim_integration/launch
[0.067s] -- Installing: /workspace/rl_for_curobo/projects_root/ros/workspaces/isaac_moveit/install/moveit2_isaac_sim_integration/share/moveit2_isaac_sim_integration/launch/simulation_launch.py
[0.068s] -- Up-to-date: /workspace/rl_for_curobo/projects_root/ros/workspaces/isaac_moveit/install/moveit2_isaac_sim_integration/share/moveit2_isaac_sim_integration/config
[0.068s] -- Installing: /workspace/rl_for_curobo/projects_root/ros/workspaces/isaac_moveit/install/moveit2_isaac_sim_integration/share/moveit2_isaac_sim_integration/config/tested_urdf
[0.068s] -- Installing: /workspace/rl_for_curobo/projects_root/ros/workspaces/isaac_moveit/install/moveit2_isaac_sim_integration/share/moveit2_isaac_sim_integration/config/example_urdf_for_testing
[0.069s] -- Installing: /workspace/rl_for_curobo/projects_root/ros/workspaces/isaac_moveit/install/moveit2_isaac_sim_integration/share/moveit2_isaac_sim_integration/config/example_urdf_for_testing/franka_description
[0.069s] -- Installing: /workspace/rl_for_curobo/projects_root/ros/workspaces/isaac_moveit/install/moveit2_isaac_sim_integration/share/moveit2_isaac_sim_integration/config/example_urdf_for_testing/franka_description/franka_test.urdf
[0.069s] -- Installing: /workspace/rl_for_curobo/projects_root/ros/workspaces/isaac_moveit/install/moveit2_isaac_sim_integration/share/moveit2_isaac_sim_integration/config/example_urdf_for_testing/franka_description/franka_panda_mobile.urdf
[0.069s] -- Installing: /workspace/rl_for_curobo/projects_root/ros/workspaces/isaac_moveit/install/moveit2_isaac_sim_integration/share/moveit2_isaac_sim_integration/config/example_urdf_for_testing/franka_description/franka_panda_mobile_base.urdf
[0.069s] -- Installing: /workspace/rl_for_curobo/projects_root/ros/workspaces/isaac_moveit/install/moveit2_isaac_sim_integration/share/moveit2_isaac_sim_integration/config/example_urdf_for_testing/franka_description/franka_panda_mobile_xy_tz.urdf
[0.069s] -- Installing: /workspace/rl_for_curobo/projects_root/ros/workspaces/isaac_moveit/install/moveit2_isaac_sim_integration/share/moveit2_isaac_sim_integration/config/example_urdf_for_testing/franka_description/panda_grasp_gripper.urdf
[0.069s] -- Installing: /workspace/rl_for_curobo/projects_root/ros/workspaces/isaac_moveit/install/moveit2_isaac_sim_integration/share/moveit2_isaac_sim_integration/config/example_urdf_for_testing/franka_description/franka_panda_no_gripper.urdf
[0.069s] -- Installing: /workspace/rl_for_curobo/projects_root/ros/workspaces/isaac_moveit/install/moveit2_isaac_sim_integration/share/moveit2_isaac_sim_integration/config/example_urdf_for_testing/franka_description/franka_panda_mobile_x.urdf
[0.069s] -- Installing: /workspace/rl_for_curobo/projects_root/ros/workspaces/isaac_moveit/install/moveit2_isaac_sim_integration/share/moveit2_isaac_sim_integration/config/example_urdf_for_testing/franka_description/franka_panda.urdf
[0.069s] -- Installing: /workspace/rl_for_curobo/projects_root/ros/workspaces/isaac_moveit/install/moveit2_isaac_sim_integration/share/moveit2_isaac_sim_integration/config/example_urdf_for_testing/franka_description/franka_panda_mobile_xy.urdf
[0.069s] -- Installing: /workspace/rl_for_curobo/projects_root/ros/workspaces/isaac_moveit/install/moveit2_isaac_sim_integration/share/moveit2_isaac_sim_integration/config/example_urdf_for_testing/franka_description/meshes
[0.069s] -- Installing: /workspace/rl_for_curobo/projects_root/ros/workspaces/isaac_moveit/install/moveit2_isaac_sim_integration/share/moveit2_isaac_sim_integration/config/example_urdf_for_testing/franka_description/meshes/collision
[0.069s] -- Installing: /workspace/rl_for_curobo/projects_root/ros/workspaces/isaac_moveit/install/moveit2_isaac_sim_integration/share/moveit2_isaac_sim_integration/config/example_urdf_for_testing/franka_description/meshes/collision/finger.stl
[0.069s] -- Installing: /workspace/rl_for_curobo/projects_root/ros/workspaces/isaac_moveit/install/moveit2_isaac_sim_integration/share/moveit2_isaac_sim_integration/config/example_urdf_for_testing/franka_description/meshes/collision/link3.stl
[0.069s] -- Installing: /workspace/rl_for_curobo/projects_root/ros/workspaces/isaac_moveit/install/moveit2_isaac_sim_integration/share/moveit2_isaac_sim_integration/config/example_urdf_for_testing/franka_description/meshes/collision/link6.obj
[0.069s] -- Installing: /workspace/rl_for_curobo/projects_root/ros/workspaces/isaac_moveit/install/moveit2_isaac_sim_integration/share/moveit2_isaac_sim_integration/config/example_urdf_for_testing/franka_description/meshes/collision/hand.obj
[0.069s] -- Installing: /workspace/rl_for_curobo/projects_root/ros/workspaces/isaac_moveit/install/moveit2_isaac_sim_integration/share/moveit2_isaac_sim_integration/config/example_urdf_for_testing/franka_description/meshes/collision/link4.stl
[0.069s] -- Installing: /workspace/rl_for_curobo/projects_root/ros/workspaces/isaac_moveit/install/moveit2_isaac_sim_integration/share/moveit2_isaac_sim_integration/config/example_urdf_for_testing/franka_description/meshes/collision/hand.stl
[0.069s] -- Installing: /workspace/rl_for_curobo/projects_root/ros/workspaces/isaac_moveit/install/moveit2_isaac_sim_integration/share/moveit2_isaac_sim_integration/config/example_urdf_for_testing/franka_description/meshes/collision/hand_gripper.obj
[0.070s] -- Installing: /workspace/rl_for_curobo/projects_root/ros/workspaces/isaac_moveit/install/moveit2_isaac_sim_integration/share/moveit2_isaac_sim_integration/config/example_urdf_for_testing/franka_description/meshes/collision/hand_flipped.obj
[0.070s] -- Installing: /workspace/rl_for_curobo/projects_root/ros/workspaces/isaac_moveit/install/moveit2_isaac_sim_integration/share/moveit2_isaac_sim_integration/config/example_urdf_for_testing/franka_description/meshes/collision/link5.stl
[0.070s] -- Installing: /workspace/rl_for_curobo/projects_root/ros/workspaces/isaac_moveit/install/moveit2_isaac_sim_integration/share/moveit2_isaac_sim_integration/config/example_urdf_for_testing/franka_description/meshes/collision/link7.stl
[0.070s] -- Installing: /workspace/rl_for_curobo/projects_root/ros/workspaces/isaac_moveit/install/moveit2_isaac_sim_integration/share/moveit2_isaac_sim_integration/config/example_urdf_for_testing/franka_description/meshes/collision/hand_gripper.stl
[0.070s] -- Installing: /workspace/rl_for_curobo/projects_root/ros/workspaces/isaac_moveit/install/moveit2_isaac_sim_integration/share/moveit2_isaac_sim_integration/config/example_urdf_for_testing/franka_description/meshes/collision/link6.stl
[0.070s] -- Installing: /workspace/rl_for_curobo/projects_root/ros/workspaces/isaac_moveit/install/moveit2_isaac_sim_integration/share/moveit2_isaac_sim_integration/config/example_urdf_for_testing/franka_description/meshes/collision/link5.obj
[0.070s] -- Installing: /workspace/rl_for_curobo/projects_root/ros/workspaces/isaac_moveit/install/moveit2_isaac_sim_integration/share/moveit2_isaac_sim_integration/config/example_urdf_for_testing/franka_description/meshes/collision/link4.obj
[0.070s] -- Installing: /workspace/rl_for_curobo/projects_root/ros/workspaces/isaac_moveit/install/moveit2_isaac_sim_integration/share/moveit2_isaac_sim_integration/config/example_urdf_for_testing/franka_description/meshes/collision/link7.obj
[0.070s] -- Installing: /workspace/rl_for_curobo/projects_root/ros/workspaces/isaac_moveit/install/moveit2_isaac_sim_integration/share/moveit2_isaac_sim_integration/config/example_urdf_for_testing/franka_description/meshes/collision/hand_gripper_flipped.obj
[0.070s] -- Installing: /workspace/rl_for_curobo/projects_root/ros/workspaces/isaac_moveit/install/moveit2_isaac_sim_integration/share/moveit2_isaac_sim_integration/config/example_urdf_for_testing/franka_description/meshes/collision/finger.obj
[0.070s] -- Installing: /workspace/rl_for_curobo/projects_root/ros/workspaces/isaac_moveit/install/moveit2_isaac_sim_integration/share/moveit2_isaac_sim_integration/config/example_urdf_for_testing/franka_description/meshes/collision/link0.stl
[0.070s] -- Installing: /workspace/rl_for_curobo/projects_root/ros/workspaces/isaac_moveit/install/moveit2_isaac_sim_integration/share/moveit2_isaac_sim_integration/config/example_urdf_for_testing/franka_description/meshes/collision/link2.obj
[0.070s] -- Installing: /workspace/rl_for_curobo/projects_root/ros/workspaces/isaac_moveit/install/moveit2_isaac_sim_integration/share/moveit2_isaac_sim_integration/config/example_urdf_for_testing/franka_description/meshes/collision/link1.stl
[0.070s] -- Installing: /workspace/rl_for_curobo/projects_root/ros/workspaces/isaac_moveit/install/moveit2_isaac_sim_integration/share/moveit2_isaac_sim_integration/config/example_urdf_for_testing/franka_description/meshes/collision/link3.obj
[0.071s] -- Installing: /workspace/rl_for_curobo/projects_root/ros/workspaces/isaac_moveit/install/moveit2_isaac_sim_integration/share/moveit2_isaac_sim_integration/config/example_urdf_for_testing/franka_description/meshes/collision/link1.obj
[0.071s] -- Installing: /workspace/rl_for_curobo/projects_root/ros/workspaces/isaac_moveit/install/moveit2_isaac_sim_integration/share/moveit2_isaac_sim_integration/config/example_urdf_for_testing/franka_description/meshes/collision/link0.obj
[0.071s] -- Installing: /workspace/rl_for_curobo/projects_root/ros/workspaces/isaac_moveit/install/moveit2_isaac_sim_integration/share/moveit2_isaac_sim_integration/config/example_urdf_for_testing/franka_description/meshes/collision/link2.stl
[0.071s] -- Installing: /workspace/rl_for_curobo/projects_root/ros/workspaces/isaac_moveit/install/moveit2_isaac_sim_integration/share/moveit2_isaac_sim_integration/config/example_urdf_for_testing/franka_description/meshes/visual
[0.071s] -- Installing: /workspace/rl_for_curobo/projects_root/ros/workspaces/isaac_moveit/install/moveit2_isaac_sim_integration/share/moveit2_isaac_sim_integration/config/example_urdf_for_testing/franka_description/meshes/visual/link5.obj.mtl
[0.072s] -- Installing: /workspace/rl_for_curobo/projects_root/ros/workspaces/isaac_moveit/install/moveit2_isaac_sim_integration/share/moveit2_isaac_sim_integration/config/example_urdf_for_testing/franka_description/meshes/visual/graspnet_panda_mesh.obj
[0.072s] -- Installing: /workspace/rl_for_curobo/projects_root/ros/workspaces/isaac_moveit/install/moveit2_isaac_sim_integration/share/moveit2_isaac_sim_integration/config/example_urdf_for_testing/franka_description/meshes/visual/link6.obj
[0.072s] -- Installing: /workspace/rl_for_curobo/projects_root/ros/workspaces/isaac_moveit/install/moveit2_isaac_sim_integration/share/moveit2_isaac_sim_integration/config/example_urdf_for_testing/franka_description/meshes/visual/link0.mtl
[0.072s] -- Installing: /workspace/rl_for_curobo/projects_root/ros/workspaces/isaac_moveit/install/moveit2_isaac_sim_integration/share/moveit2_isaac_sim_integration/config/example_urdf_for_testing/franka_description/meshes/visual/hand.obj
[0.073s] -- Installing: /workspace/rl_for_curobo/projects_root/ros/workspaces/isaac_moveit/install/moveit2_isaac_sim_integration/share/moveit2_isaac_sim_integration/config/example_urdf_for_testing/franka_description/meshes/visual/link6.dae
[0.074s] -- Installing: /workspace/rl_for_curobo/projects_root/ros/workspaces/isaac_moveit/install/moveit2_isaac_sim_integration/share/moveit2_isaac_sim_integration/config/example_urdf_for_testing/franka_description/meshes/visual/hand_gripper.obj
[0.074s] -- Installing: /workspace/rl_for_curobo/projects_root/ros/workspaces/isaac_moveit/install/moveit2_isaac_sim_integration/share/moveit2_isaac_sim_integration/config/example_urdf_for_testing/franka_description/meshes/visual/link4.dae
[0.075s] -- Installing: /workspace/rl_for_curobo/projects_root/ros/workspaces/isaac_moveit/install/moveit2_isaac_sim_integration/share/moveit2_isaac_sim_integration/config/example_urdf_for_testing/franka_description/meshes/visual/link7.dae
[0.076s] -- Installing: /workspace/rl_for_curobo/projects_root/ros/workspaces/isaac_moveit/install/moveit2_isaac_sim_integration/share/moveit2_isaac_sim_integration/config/example_urdf_for_testing/franka_description/meshes/visual/link2.mtl
[0.076s] -- Installing: /workspace/rl_for_curobo/projects_root/ros/workspaces/isaac_moveit/install/moveit2_isaac_sim_integration/share/moveit2_isaac_sim_integration/config/example_urdf_for_testing/franka_description/meshes/visual/link1.dae
[0.077s] -- Installing: /workspace/rl_for_curobo/projects_root/ros/workspaces/isaac_moveit/install/moveit2_isaac_sim_integration/share/moveit2_isaac_sim_integration/config/example_urdf_for_testing/franka_description/meshes/visual/link0.obj.mtl
[0.077s] -- Installing: /workspace/rl_for_curobo/projects_root/ros/workspaces/isaac_moveit/install/moveit2_isaac_sim_integration/share/moveit2_isaac_sim_integration/config/example_urdf_for_testing/franka_description/meshes/visual/hand.dae
[0.078s] -- Installing: /workspace/rl_for_curobo/projects_root/ros/workspaces/isaac_moveit/install/moveit2_isaac_sim_integration/share/moveit2_isaac_sim_integration/config/example_urdf_for_testing/franka_description/meshes/visual/link5.mtl
[0.078s] -- Installing: /workspace/rl_for_curobo/projects_root/ros/workspaces/isaac_moveit/install/moveit2_isaac_sim_integration/share/moveit2_isaac_sim_integration/config/example_urdf_for_testing/franka_description/meshes/visual/link7.obj.mtl
[0.078s] -- Installing: /workspace/rl_for_curobo/projects_root/ros/workspaces/isaac_moveit/install/moveit2_isaac_sim_integration/share/moveit2_isaac_sim_integration/config/example_urdf_for_testing/franka_description/meshes/visual/link2.dae
[0.079s] -- Installing: /workspace/rl_for_curobo/projects_root/ros/workspaces/isaac_moveit/install/moveit2_isaac_sim_integration/share/moveit2_isaac_sim_integration/config/example_urdf_for_testing/franka_description/meshes/visual/link6.mtl
[0.079s] -- Installing: /workspace/rl_for_curobo/projects_root/ros/workspaces/isaac_moveit/install/moveit2_isaac_sim_integration/share/moveit2_isaac_sim_integration/config/example_urdf_for_testing/franka_description/meshes/visual/hand_gripper.stl
[0.079s] -- Installing: /workspace/rl_for_curobo/projects_root/ros/workspaces/isaac_moveit/install/moveit2_isaac_sim_integration/share/moveit2_isaac_sim_integration/config/example_urdf_for_testing/franka_description/meshes/visual/link7.mtl
[0.079s] -- Installing: /workspace/rl_for_curobo/projects_root/ros/workspaces/isaac_moveit/install/moveit2_isaac_sim_integration/share/moveit2_isaac_sim_integration/config/example_urdf_for_testing/franka_description/meshes/visual/link0.dae
[0.080s] -- Installing: /workspace/rl_for_curobo/projects_root/ros/workspaces/isaac_moveit/install/moveit2_isaac_sim_integration/share/moveit2_isaac_sim_integration/config/example_urdf_for_testing/franka_description/meshes/visual/link6.obj.mtl
[0.081s] -- Installing: /workspace/rl_for_curobo/projects_root/ros/workspaces/isaac_moveit/install/moveit2_isaac_sim_integration/share/moveit2_isaac_sim_integration/config/example_urdf_for_testing/franka_description/meshes/visual/link1.obj.mtl
[0.081s] -- Installing: /workspace/rl_for_curobo/projects_root/ros/workspaces/isaac_moveit/install/moveit2_isaac_sim_integration/share/moveit2_isaac_sim_integration/config/example_urdf_for_testing/franka_description/meshes/visual/finger.mtl
[0.081s] -- Installing: /workspace/rl_for_curobo/projects_root/ros/workspaces/isaac_moveit/install/moveit2_isaac_sim_integration/share/moveit2_isaac_sim_integration/config/example_urdf_for_testing/franka_description/meshes/visual/link4.obj.mtl
[0.081s] -- Installing: /workspace/rl_for_curobo/projects_root/ros/workspaces/isaac_moveit/install/moveit2_isaac_sim_integration/share/moveit2_isaac_sim_integration/config/example_urdf_for_testing/franka_description/meshes/visual/link5.obj
[0.082s] -- Installing: /workspace/rl_for_curobo/projects_root/ros/workspaces/isaac_moveit/install/moveit2_isaac_sim_integration/share/moveit2_isaac_sim_integration/config/example_urdf_for_testing/franka_description/meshes/visual/link4.obj
[0.083s] -- Installing: /workspace/rl_for_curobo/projects_root/ros/workspaces/isaac_moveit/install/moveit2_isaac_sim_integration/share/moveit2_isaac_sim_integration/config/example_urdf_for_testing/franka_description/meshes/visual/link4.mtl
[0.083s] -- Installing: /workspace/rl_for_curobo/projects_root/ros/workspaces/isaac_moveit/install/moveit2_isaac_sim_integration/share/moveit2_isaac_sim_integration/config/example_urdf_for_testing/franka_description/meshes/visual/hand.mtl
[0.083s] -- Installing: /workspace/rl_for_curobo/projects_root/ros/workspaces/isaac_moveit/install/moveit2_isaac_sim_integration/share/moveit2_isaac_sim_integration/config/example_urdf_for_testing/franka_description/meshes/visual/link7.obj
[0.084s] -- Installing: /workspace/rl_for_curobo/projects_root/ros/workspaces/isaac_moveit/install/moveit2_isaac_sim_integration/share/moveit2_isaac_sim_integration/config/example_urdf_for_testing/franka_description/meshes/visual/finger.obj
[0.084s] -- Installing: /workspace/rl_for_curobo/projects_root/ros/workspaces/isaac_moveit/install/moveit2_isaac_sim_integration/share/moveit2_isaac_sim_integration/config/example_urdf_for_testing/franka_description/meshes/visual/link2.obj.mtl
[0.084s] -- Installing: /workspace/rl_for_curobo/projects_root/ros/workspaces/isaac_moveit/install/moveit2_isaac_sim_integration/share/moveit2_isaac_sim_integration/config/example_urdf_for_testing/franka_description/meshes/visual/hand_ee_link.dae
[0.084s] -- Installing: /workspace/rl_for_curobo/projects_root/ros/workspaces/isaac_moveit/install/moveit2_isaac_sim_integration/share/moveit2_isaac_sim_integration/config/example_urdf_for_testing/franka_description/meshes/visual/link3.mtl
[0.084s] -- Installing: /workspace/rl_for_curobo/projects_root/ros/workspaces/isaac_moveit/install/moveit2_isaac_sim_integration/share/moveit2_isaac_sim_integration/config/example_urdf_for_testing/franka_description/meshes/visual/link3.dae
[0.085s] -- Installing: /workspace/rl_for_curobo/projects_root/ros/workspaces/isaac_moveit/install/moveit2_isaac_sim_integration/share/moveit2_isaac_sim_integration/config/example_urdf_for_testing/franka_description/meshes/visual/link2.obj
[0.086s] -- Installing: /workspace/rl_for_curobo/projects_root/ros/workspaces/isaac_moveit/install/moveit2_isaac_sim_integration/share/moveit2_isaac_sim_integration/config/example_urdf_for_testing/franka_description/meshes/visual/finger.dae
[0.086s] -- Installing: /workspace/rl_for_curobo/projects_root/ros/workspaces/isaac_moveit/install/moveit2_isaac_sim_integration/share/moveit2_isaac_sim_integration/config/example_urdf_for_testing/franka_description/meshes/visual/link3.obj.mtl
[0.086s] -- Installing: /workspace/rl_for_curobo/projects_root/ros/workspaces/isaac_moveit/install/moveit2_isaac_sim_integration/share/moveit2_isaac_sim_integration/config/example_urdf_for_testing/franka_description/meshes/visual/train_gripper.obj
[0.086s] -- Installing: /workspace/rl_for_curobo/projects_root/ros/workspaces/isaac_moveit/install/moveit2_isaac_sim_integration/share/moveit2_isaac_sim_integration/config/example_urdf_for_testing/franka_description/meshes/visual/link3.obj
[0.087s] -- Installing: /workspace/rl_for_curobo/projects_root/ros/workspaces/isaac_moveit/install/moveit2_isaac_sim_integration/share/moveit2_isaac_sim_integration/config/example_urdf_for_testing/franka_description/meshes/visual/link1.mtl
[0.087s] -- Installing: /workspace/rl_for_curobo/projects_root/ros/workspaces/isaac_moveit/install/moveit2_isaac_sim_integration/share/moveit2_isaac_sim_integration/config/example_urdf_for_testing/franka_description/meshes/visual/link1.obj
[0.087s] -- Installing: /workspace/rl_for_curobo/projects_root/ros/workspaces/isaac_moveit/install/moveit2_isaac_sim_integration/share/moveit2_isaac_sim_integration/config/example_urdf_for_testing/franka_description/meshes/visual/link5.dae
[0.088s] -- Installing: /workspace/rl_for_curobo/projects_root/ros/workspaces/isaac_moveit/install/moveit2_isaac_sim_integration/share/moveit2_isaac_sim_integration/config/example_urdf_for_testing/franka_description/meshes/visual/link0.obj
[0.089s] -- Installing: /workspace/rl_for_curobo/projects_root/ros/workspaces/isaac_moveit/install/moveit2_isaac_sim_integration/share/moveit2_isaac_sim_integration/config/example_urdf_for_testing/franka_description/franka_panda_temp.usd
[0.090s] -- Installing: /workspace/rl_for_curobo/projects_root/ros/workspaces/isaac_moveit/install/moveit2_isaac_sim_integration/share/moveit2_isaac_sim_integration/config/example_urdf_for_testing/franka_description/panda.urdf
[0.090s] -- Installing: /workspace/rl_for_curobo/projects_root/ros/workspaces/isaac_moveit/install/moveit2_isaac_sim_integration/share/moveit2_isaac_sim_integration/config/example_urdf_for_testing/franka_description/panda_gripper.urdf
[0.090s] -- Installing: /workspace/rl_for_curobo/projects_root/ros/workspaces/isaac_moveit/install/moveit2_isaac_sim_integration/share/moveit2_isaac_sim_integration/config/example_urdf_for_testing/franka_description/moving_gripper.urdf
[0.090s] -- Installing: /workspace/rl_for_curobo/projects_root/ros/workspaces/isaac_moveit/install/moveit2_isaac_sim_integration/share/moveit2_isaac_sim_integration/config/moveit_configs_for_testing
[0.090s] -- Installing: /workspace/rl_for_curobo/projects_root/ros/workspaces/isaac_moveit/install/moveit2_isaac_sim_integration/share/moveit2_isaac_sim_integration/config/moveit_configs_for_testing/auto_gen
[0.090s] -- Installing: /workspace/rl_for_curobo/projects_root/ros/workspaces/isaac_moveit/install/moveit2_isaac_sim_integration/share/moveit2_isaac_sim_integration/config/moveit_configs_for_testing/auto_gen/panda_moveit_config_1752162776.7167253
[0.090s] -- Installing: /workspace/rl_for_curobo/projects_root/ros/workspaces/isaac_moveit/install/moveit2_isaac_sim_integration/share/moveit2_isaac_sim_integration/config/moveit_configs_for_testing/auto_gen/panda_moveit_config_1752162776.7167253/move_group_params.yaml
[0.090s] -- Installing: /workspace/rl_for_curobo/projects_root/ros/workspaces/isaac_moveit/install/moveit2_isaac_sim_integration/share/moveit2_isaac_sim_integration/config/moveit_configs_for_testing/auto_gen/panda_moveit_config_1752162776.7167253/panda.srdf
[0.090s] -- Installing: /workspace/rl_for_curobo/projects_root/ros/workspaces/isaac_moveit/install/moveit2_isaac_sim_integration/share/moveit2_isaac_sim_integration/config/moveit_configs_for_testing/auto_gen/panda_moveit_config_1752162776.7167253/joint_limits.yaml
[0.090s] -- Installing: /workspace/rl_for_curobo/projects_root/ros/workspaces/isaac_moveit/install/moveit2_isaac_sim_integration/share/moveit2_isaac_sim_integration/config/moveit_configs_for_testing/auto_gen/panda_moveit_config_1752162776.7167253/panda.urdf
[0.090s] -- Installing: /workspace/rl_for_curobo/projects_root/ros/workspaces/isaac_moveit/install/moveit2_isaac_sim_integration/share/moveit2_isaac_sim_integration/config/moveit_configs_for_testing/auto_gen/panda_moveit_config_1752161310.6156757
[0.090s] -- Installing: /workspace/rl_for_curobo/projects_root/ros/workspaces/isaac_moveit/install/moveit2_isaac_sim_integration/share/moveit2_isaac_sim_integration/config/moveit_configs_for_testing/auto_gen/panda_moveit_config_1752161310.6156757/move_group_params.yaml
[0.090s] -- Installing: /workspace/rl_for_curobo/projects_root/ros/workspaces/isaac_moveit/install/moveit2_isaac_sim_integration/share/moveit2_isaac_sim_integration/config/moveit_configs_for_testing/auto_gen/panda_moveit_config_1752161310.6156757/panda.srdf
[0.090s] -- Installing: /workspace/rl_for_curobo/projects_root/ros/workspaces/isaac_moveit/install/moveit2_isaac_sim_integration/share/moveit2_isaac_sim_integration/config/moveit_configs_for_testing/auto_gen/panda_moveit_config_1752161310.6156757/joint_limits.yaml
[0.090s] -- Installing: /workspace/rl_for_curobo/projects_root/ros/workspaces/isaac_moveit/install/moveit2_isaac_sim_integration/share/moveit2_isaac_sim_integration/config/moveit_configs_for_testing/auto_gen/panda_moveit_config_1752161310.6156757/panda.urdf
[0.090s] -- Installing: /workspace/rl_for_curobo/projects_root/ros/workspaces/isaac_moveit/install/moveit2_isaac_sim_integration/share/moveit2_isaac_sim_integration/config/robot_config.yaml
[0.090s] -- Up-to-date: /workspace/rl_for_curobo/projects_root/ros/workspaces/isaac_moveit/install/moveit2_isaac_sim_integration/share/ament_index/resource_index/package_run_dependencies/moveit2_isaac_sim_integration
[0.091s] -- Up-to-date: /workspace/rl_for_curobo/projects_root/ros/workspaces/isaac_moveit/install/moveit2_isaac_sim_integration/share/ament_index/resource_index/parent_prefix_path/moveit2_isaac_sim_integration
[0.091s] -- Up-to-date: /workspace/rl_for_curobo/projects_root/ros/workspaces/isaac_moveit/install/moveit2_isaac_sim_integration/share/moveit2_isaac_sim_integration/environment/ament_prefix_path.sh
[0.091s] -- Up-to-date: /workspace/rl_for_curobo/projects_root/ros/workspaces/isaac_moveit/install/moveit2_isaac_sim_integration/share/moveit2_isaac_sim_integration/environment/ament_prefix_path.dsv
[0.091s] -- Up-to-date: /workspace/rl_for_curobo/projects_root/ros/workspaces/isaac_moveit/install/moveit2_isaac_sim_integration/share/moveit2_isaac_sim_integration/environment/path.sh
[0.091s] -- Up-to-date: /workspace/rl_for_curobo/projects_root/ros/workspaces/isaac_moveit/install/moveit2_isaac_sim_integration/share/moveit2_isaac_sim_integration/environment/path.dsv
[0.091s] -- Up-to-date: /workspace/rl_for_curobo/projects_root/ros/workspaces/isaac_moveit/install/moveit2_isaac_sim_integration/share/moveit2_isaac_sim_integration/local_setup.bash
[0.091s] -- Up-to-date: /workspace/rl_for_curobo/projects_root/ros/workspaces/isaac_moveit/install/moveit2_isaac_sim_integration/share/moveit2_isaac_sim_integration/local_setup.sh
[0.091s] -- Up-to-date: /workspace/rl_for_curobo/projects_root/ros/workspaces/isaac_moveit/install/moveit2_isaac_sim_integration/share/moveit2_isaac_sim_integration/local_setup.zsh
[0.091s] -- Up-to-date: /workspace/rl_for_curobo/projects_root/ros/workspaces/isaac_moveit/install/moveit2_isaac_sim_integration/share/moveit2_isaac_sim_integration/local_setup.dsv
[0.091s] -- Installing: /workspace/rl_for_curobo/projects_root/ros/workspaces/isaac_moveit/install/moveit2_isaac_sim_integration/share/moveit2_isaac_sim_integration/package.dsv
[0.091s] -- Up-to-date: /workspace/rl_for_curobo/projects_root/ros/workspaces/isaac_moveit/install/moveit2_isaac_sim_integration/share/ament_index/resource_index/packages/moveit2_isaac_sim_integration
[0.091s] -- Up-to-date: /workspace/rl_for_curobo/projects_root/ros/workspaces/isaac_moveit/install/moveit2_isaac_sim_integration/share/moveit2_isaac_sim_integration/cmake/moveit2_isaac_sim_integrationConfig.cmake
[0.091s] -- Up-to-date: /workspace/rl_for_curobo/projects_root/ros/workspaces/isaac_moveit/install/moveit2_isaac_sim_integration/share/moveit2_isaac_sim_integration/cmake/moveit2_isaac_sim_integrationConfig-version.cmake
[0.091s] -- Up-to-date: /workspace/rl_for_curobo/projects_root/ros/workspaces/isaac_moveit/install/moveit2_isaac_sim_integration/share/moveit2_isaac_sim_integration/package.xml
[0.093s] Invoked command in '/workspace/rl_for_curobo/projects_root/ros/workspaces/isaac_moveit/build/moveit2_isaac_sim_integration' returned '0': CMAKE_PREFIX_PATH=${CMAKE_PREFIX_PATH}:/workspaces/isaac_ros_ws/install/isaac_ros_test:/workspaces/isaac_ros_ws/install/isaac_ros_rosbag_utils:/workspaces/isaac_ros_ws/install/isaac_ros_launch_utils:/workspaces/isaac_ros_ws/install/isaac_common_py:/opt/ros/humble /usr/local/bin/cmake --install /workspace/rl_for_curobo/projects_root/ros/workspaces/isaac_moveit/build/moveit2_isaac_sim_integration
