[0.064s] DEBUG:colcon:Command line arguments: ['/usr/bin/colcon', 'build']
[0.064s] DEBUG:colcon:Parsed command line arguments: Namespace(log_base=None, log_level=None, verb_name='build', build_base='build', install_base='install', merge_install=False, symlink_install=False, test_result_base=None, continue_on_error=False, executor='parallel', parallel_workers=16, event_handlers=None, ignore_user_meta=False, metas=['./colcon.meta'], base_paths=['.'], packages_ignore=None, packages_ignore_regex=None, paths=None, packages_up_to=None, packages_up_to_regex=None, packages_above=None, packages_above_and_dependencies=None, packages_above_depth=None, packages_select_by_dep=None, packages_skip_by_dep=None, packages_skip_up_to=None, packages_select_build_failed=False, packages_skip_build_finished=False, packages_select_test_failures=False, packages_skip_test_passed=False, packages_select=None, packages_skip=None, packages_select_regex=None, packages_skip_regex=None, packages_start=None, packages_end=None, cmake_args=None, cmake_target=None, cmake_target_skip_unavailable=False, cmake_clean_cache=False, cmake_clean_first=False, cmake_force_configure=False, ament_cmake_args=None, catkin_cmake_args=None, catkin_skip_building_tests=False, verb_parser=<colcon_defaults.argument_parser.defaults.DefaultArgumentsDecorator object at 0x791c51e46530>, verb_extension=<colcon_core.verb.build.BuildVerb object at 0x791c51e460e0>, main=<bound method BuildVerb.main of <colcon_core.verb.build.BuildVerb object at 0x791c51e460e0>>)
[0.154s] Level 1:colcon.colcon_core.package_discovery:discover_packages(colcon_meta) check parameters
[0.154s] Level 1:colcon.colcon_core.package_discovery:discover_packages(recursive) check parameters
[0.154s] Level 1:colcon.colcon_core.package_discovery:discover_packages(ignore) check parameters
[0.154s] Level 1:colcon.colcon_core.package_discovery:discover_packages(path) check parameters
[0.154s] Level 1:colcon.colcon_core.package_discovery:discover_packages(colcon_meta) discover
[0.154s] Level 1:colcon.colcon_core.package_discovery:discover_packages(recursive) discover
[0.154s] INFO:colcon.colcon_core.package_discovery:Crawling recursively for packages in '/workspace/rl_for_curobo/projects_root/ros/workspaces/moveit_cfgs_ws'
[0.154s] Level 1:colcon.colcon_core.package_identification:_identify(.) by extensions ['ignore', 'ignore_ament_install']
[0.154s] Level 1:colcon.colcon_core.package_identification:_identify(.) by extension 'ignore'
[0.154s] Level 1:colcon.colcon_core.package_identification:_identify(.) by extension 'ignore_ament_install'
[0.154s] Level 1:colcon.colcon_core.package_identification:_identify(.) by extensions ['colcon_pkg']
[0.154s] Level 1:colcon.colcon_core.package_identification:_identify(.) by extension 'colcon_pkg'
[0.154s] Level 1:colcon.colcon_core.package_identification:_identify(.) by extensions ['colcon_meta']
[0.154s] Level 1:colcon.colcon_core.package_identification:_identify(.) by extension 'colcon_meta'
[0.154s] Level 1:colcon.colcon_core.package_identification:_identify(.) by extensions ['ros']
[0.154s] Level 1:colcon.colcon_core.package_identification:_identify(.) by extension 'ros'
[0.161s] Level 1:colcon.colcon_core.package_identification:_identify(.) by extensions ['cmake', 'python']
[0.161s] Level 1:colcon.colcon_core.package_identification:_identify(.) by extension 'cmake'
[0.161s] Level 1:colcon.colcon_core.package_identification:_identify(.) by extension 'python'
[0.161s] Level 1:colcon.colcon_core.package_identification:_identify(.) by extensions ['python_setup_py']
[0.161s] Level 1:colcon.colcon_core.package_identification:_identify(.) by extension 'python_setup_py'
[0.161s] Level 1:colcon.colcon_core.package_identification:_identify(build) by extensions ['ignore', 'ignore_ament_install']
[0.161s] Level 1:colcon.colcon_core.package_identification:_identify(build) by extension 'ignore'
[0.161s] Level 1:colcon.colcon_core.package_identification:_identify(build) ignored
[0.161s] Level 1:colcon.colcon_core.package_identification:_identify(install) by extensions ['ignore', 'ignore_ament_install']
[0.161s] Level 1:colcon.colcon_core.package_identification:_identify(install) by extension 'ignore'
[0.161s] Level 1:colcon.colcon_core.package_identification:_identify(install) ignored
[0.162s] Level 1:colcon.colcon_core.package_identification:_identify(log) by extensions ['ignore', 'ignore_ament_install']
[0.162s] Level 1:colcon.colcon_core.package_identification:_identify(log) by extension 'ignore'
[0.162s] Level 1:colcon.colcon_core.package_identification:_identify(log) ignored
[0.162s] Level 1:colcon.colcon_core.package_identification:_identify(src) by extensions ['ignore', 'ignore_ament_install']
[0.162s] Level 1:colcon.colcon_core.package_identification:_identify(src) by extension 'ignore'
[0.162s] Level 1:colcon.colcon_core.package_identification:_identify(src) by extension 'ignore_ament_install'
[0.162s] Level 1:colcon.colcon_core.package_identification:_identify(src) by extensions ['colcon_pkg']
[0.162s] Level 1:colcon.colcon_core.package_identification:_identify(src) by extension 'colcon_pkg'
[0.162s] Level 1:colcon.colcon_core.package_identification:_identify(src) by extensions ['colcon_meta']
[0.162s] Level 1:colcon.colcon_core.package_identification:_identify(src) by extension 'colcon_meta'
[0.162s] Level 1:colcon.colcon_core.package_identification:_identify(src) by extensions ['ros']
[0.162s] Level 1:colcon.colcon_core.package_identification:_identify(src) by extension 'ros'
[0.162s] Level 1:colcon.colcon_core.package_identification:_identify(src) by extensions ['cmake', 'python']
[0.162s] Level 1:colcon.colcon_core.package_identification:_identify(src) by extension 'cmake'
[0.162s] Level 1:colcon.colcon_core.package_identification:_identify(src) by extension 'python'
[0.162s] Level 1:colcon.colcon_core.package_identification:_identify(src) by extensions ['python_setup_py']
[0.162s] Level 1:colcon.colcon_core.package_identification:_identify(src) by extension 'python_setup_py'
[0.162s] Level 1:colcon.colcon_core.package_identification:_identify(src/franka_panda_moveit_cfg) by extensions ['ignore', 'ignore_ament_install']
[0.162s] Level 1:colcon.colcon_core.package_identification:_identify(src/franka_panda_moveit_cfg) by extension 'ignore'
[0.162s] Level 1:colcon.colcon_core.package_identification:_identify(src/franka_panda_moveit_cfg) by extension 'ignore_ament_install'
[0.162s] Level 1:colcon.colcon_core.package_identification:_identify(src/franka_panda_moveit_cfg) by extensions ['colcon_pkg']
[0.163s] Level 1:colcon.colcon_core.package_identification:_identify(src/franka_panda_moveit_cfg) by extension 'colcon_pkg'
[0.163s] Level 1:colcon.colcon_core.package_identification:_identify(src/franka_panda_moveit_cfg) by extensions ['colcon_meta']
[0.163s] Level 1:colcon.colcon_core.package_identification:_identify(src/franka_panda_moveit_cfg) by extension 'colcon_meta'
[0.163s] Level 1:colcon.colcon_core.package_identification:_identify(src/franka_panda_moveit_cfg) by extensions ['ros']
[0.163s] Level 1:colcon.colcon_core.package_identification:_identify(src/franka_panda_moveit_cfg) by extension 'ros'
[0.164s] DEBUG:colcon.colcon_core.package_identification:Package 'src/franka_panda_moveit_cfg' with type 'ros.ament_cmake' and name 'franka_panda_moveit_cfg'
[0.164s] Level 1:colcon.colcon_core.package_identification:_identify(src/franka_panda_moveit_cfg_2) by extensions ['ignore', 'ignore_ament_install']
[0.164s] Level 1:colcon.colcon_core.package_identification:_identify(src/franka_panda_moveit_cfg_2) by extension 'ignore'
[0.164s] Level 1:colcon.colcon_core.package_identification:_identify(src/franka_panda_moveit_cfg_2) by extension 'ignore_ament_install'
[0.164s] Level 1:colcon.colcon_core.package_identification:_identify(src/franka_panda_moveit_cfg_2) by extensions ['colcon_pkg']
[0.164s] Level 1:colcon.colcon_core.package_identification:_identify(src/franka_panda_moveit_cfg_2) by extension 'colcon_pkg'
[0.165s] Level 1:colcon.colcon_core.package_identification:_identify(src/franka_panda_moveit_cfg_2) by extensions ['colcon_meta']
[0.165s] Level 1:colcon.colcon_core.package_identification:_identify(src/franka_panda_moveit_cfg_2) by extension 'colcon_meta'
[0.165s] Level 1:colcon.colcon_core.package_identification:_identify(src/franka_panda_moveit_cfg_2) by extensions ['ros']
[0.165s] Level 1:colcon.colcon_core.package_identification:_identify(src/franka_panda_moveit_cfg_2) by extension 'ros'
[0.165s] DEBUG:colcon.colcon_core.package_identification:Package 'src/franka_panda_moveit_cfg_2' with type 'ros.ament_cmake' and name 'franka_panda_moveit_cfg_2'
[0.165s] Level 1:colcon.colcon_core.package_discovery:discover_packages(recursive) using defaults
[0.165s] Level 1:colcon.colcon_core.package_discovery:discover_packages(ignore) discover
[0.165s] Level 1:colcon.colcon_core.package_discovery:discover_packages(ignore) using defaults
[0.165s] Level 1:colcon.colcon_core.package_discovery:discover_packages(path) discover
[0.165s] Level 1:colcon.colcon_core.package_discovery:discover_packages(path) using defaults
[0.179s] Level 5:colcon.colcon_core.verb:set package 'franka_panda_moveit_cfg' build argument 'cmake_args' from command line to 'None'
[0.179s] Level 5:colcon.colcon_core.verb:set package 'franka_panda_moveit_cfg' build argument 'cmake_target' from command line to 'None'
[0.179s] Level 5:colcon.colcon_core.verb:set package 'franka_panda_moveit_cfg' build argument 'cmake_target_skip_unavailable' from command line to 'False'
[0.179s] Level 5:colcon.colcon_core.verb:set package 'franka_panda_moveit_cfg' build argument 'cmake_clean_cache' from command line to 'False'
[0.179s] Level 5:colcon.colcon_core.verb:set package 'franka_panda_moveit_cfg' build argument 'cmake_clean_first' from command line to 'False'
[0.179s] Level 5:colcon.colcon_core.verb:set package 'franka_panda_moveit_cfg' build argument 'cmake_force_configure' from command line to 'False'
[0.179s] Level 5:colcon.colcon_core.verb:set package 'franka_panda_moveit_cfg' build argument 'ament_cmake_args' from command line to 'None'
[0.179s] Level 5:colcon.colcon_core.verb:set package 'franka_panda_moveit_cfg' build argument 'catkin_cmake_args' from command line to 'None'
[0.179s] Level 5:colcon.colcon_core.verb:set package 'franka_panda_moveit_cfg' build argument 'catkin_skip_building_tests' from command line to 'False'
[0.179s] DEBUG:colcon.colcon_core.verb:Building package 'franka_panda_moveit_cfg' with the following arguments: {'ament_cmake_args': None, 'build_base': '/workspace/rl_for_curobo/projects_root/ros/workspaces/moveit_cfgs_ws/build/franka_panda_moveit_cfg', 'catkin_cmake_args': None, 'catkin_skip_building_tests': False, 'cmake_args': None, 'cmake_clean_cache': False, 'cmake_clean_first': False, 'cmake_force_configure': False, 'cmake_target': None, 'cmake_target_skip_unavailable': False, 'install_base': '/workspace/rl_for_curobo/projects_root/ros/workspaces/moveit_cfgs_ws/install/franka_panda_moveit_cfg', 'merge_install': False, 'path': '/workspace/rl_for_curobo/projects_root/ros/workspaces/moveit_cfgs_ws/src/franka_panda_moveit_cfg', 'symlink_install': False, 'test_result_base': None}
[0.179s] Level 5:colcon.colcon_core.verb:set package 'franka_panda_moveit_cfg_2' build argument 'cmake_args' from command line to 'None'
[0.179s] Level 5:colcon.colcon_core.verb:set package 'franka_panda_moveit_cfg_2' build argument 'cmake_target' from command line to 'None'
[0.179s] Level 5:colcon.colcon_core.verb:set package 'franka_panda_moveit_cfg_2' build argument 'cmake_target_skip_unavailable' from command line to 'False'
[0.179s] Level 5:colcon.colcon_core.verb:set package 'franka_panda_moveit_cfg_2' build argument 'cmake_clean_cache' from command line to 'False'
[0.179s] Level 5:colcon.colcon_core.verb:set package 'franka_panda_moveit_cfg_2' build argument 'cmake_clean_first' from command line to 'False'
[0.179s] Level 5:colcon.colcon_core.verb:set package 'franka_panda_moveit_cfg_2' build argument 'cmake_force_configure' from command line to 'False'
[0.179s] Level 5:colcon.colcon_core.verb:set package 'franka_panda_moveit_cfg_2' build argument 'ament_cmake_args' from command line to 'None'
[0.179s] Level 5:colcon.colcon_core.verb:set package 'franka_panda_moveit_cfg_2' build argument 'catkin_cmake_args' from command line to 'None'
[0.179s] Level 5:colcon.colcon_core.verb:set package 'franka_panda_moveit_cfg_2' build argument 'catkin_skip_building_tests' from command line to 'False'
[0.179s] DEBUG:colcon.colcon_core.verb:Building package 'franka_panda_moveit_cfg_2' with the following arguments: {'ament_cmake_args': None, 'build_base': '/workspace/rl_for_curobo/projects_root/ros/workspaces/moveit_cfgs_ws/build/franka_panda_moveit_cfg_2', 'catkin_cmake_args': None, 'catkin_skip_building_tests': False, 'cmake_args': None, 'cmake_clean_cache': False, 'cmake_clean_first': False, 'cmake_force_configure': False, 'cmake_target': None, 'cmake_target_skip_unavailable': False, 'install_base': '/workspace/rl_for_curobo/projects_root/ros/workspaces/moveit_cfgs_ws/install/franka_panda_moveit_cfg_2', 'merge_install': False, 'path': '/workspace/rl_for_curobo/projects_root/ros/workspaces/moveit_cfgs_ws/src/franka_panda_moveit_cfg_2', 'symlink_install': False, 'test_result_base': None}
[0.179s] INFO:colcon.colcon_core.executor:Executing jobs using 'parallel' executor
[0.180s] DEBUG:colcon.colcon_parallel_executor.executor.parallel:run_until_complete
[0.186s] INFO:colcon.colcon_ros.task.ament_cmake.build:Building ROS package in '/workspace/rl_for_curobo/projects_root/ros/workspaces/moveit_cfgs_ws/src/franka_panda_moveit_cfg' with build type 'ament_cmake'
[0.186s] INFO:colcon.colcon_cmake.task.cmake.build:Building CMake package in '/workspace/rl_for_curobo/projects_root/ros/workspaces/moveit_cfgs_ws/src/franka_panda_moveit_cfg'
[0.187s] INFO:colcon.colcon_core.plugin_system:Skipping extension 'colcon_core.shell.bat': Not used on non-Windows systems
[0.187s] INFO:colcon.colcon_core.shell:Skip shell extension 'powershell' for command environment: Not usable outside of PowerShell
[0.187s] DEBUG:colcon.colcon_core.shell:Skip shell extension 'dsv' for command environment
[0.192s] INFO:colcon.colcon_ros.task.ament_cmake.build:Building ROS package in '/workspace/rl_for_curobo/projects_root/ros/workspaces/moveit_cfgs_ws/src/franka_panda_moveit_cfg_2' with build type 'ament_cmake'
[0.192s] INFO:colcon.colcon_cmake.task.cmake.build:Building CMake package in '/workspace/rl_for_curobo/projects_root/ros/workspaces/moveit_cfgs_ws/src/franka_panda_moveit_cfg_2'
[0.192s] INFO:colcon.colcon_core.shell:Skip shell extension 'powershell' for command environment: Not usable outside of PowerShell
[0.192s] DEBUG:colcon.colcon_core.shell:Skip shell extension 'dsv' for command environment
[0.202s] DEBUG:colcon.colcon_core.event_handler.log_command:Invoking command in '/workspace/rl_for_curobo/projects_root/ros/workspaces/moveit_cfgs_ws/build/franka_panda_moveit_cfg': CMAKE_PREFIX_PATH=${CMAKE_PREFIX_PATH}:/workspace/rl_for_curobo/projects_root/ros/workspaces/isaac_moveit_ws/install/isaac_moveit_main:/workspaces/isaac_ros_ws/install/isaac_ros_test:/workspaces/isaac_ros_ws/install/isaac_ros_rosbag_utils:/workspaces/isaac_ros_ws/install/isaac_ros_launch_utils:/workspaces/isaac_ros_ws/install/isaac_common_py:/opt/ros/humble /usr/local/bin/cmake --build /workspace/rl_for_curobo/projects_root/ros/workspaces/moveit_cfgs_ws/build/franka_panda_moveit_cfg -- -j16 -l16
[0.205s] DEBUG:colcon.colcon_core.event_handler.log_command:Invoking command in '/workspace/rl_for_curobo/projects_root/ros/workspaces/moveit_cfgs_ws/build/franka_panda_moveit_cfg_2': CMAKE_PREFIX_PATH=${CMAKE_PREFIX_PATH}:/workspace/rl_for_curobo/projects_root/ros/workspaces/isaac_moveit_ws/install/isaac_moveit_main:/workspaces/isaac_ros_ws/install/isaac_ros_test:/workspaces/isaac_ros_ws/install/isaac_ros_rosbag_utils:/workspaces/isaac_ros_ws/install/isaac_ros_launch_utils:/workspaces/isaac_ros_ws/install/isaac_common_py:/opt/ros/humble /usr/local/bin/cmake /workspace/rl_for_curobo/projects_root/ros/workspaces/moveit_cfgs_ws/src/franka_panda_moveit_cfg_2 -DCMAKE_INSTALL_PREFIX=/workspace/rl_for_curobo/projects_root/ros/workspaces/moveit_cfgs_ws/install/franka_panda_moveit_cfg_2
[0.219s] DEBUG:colcon.colcon_core.event_handler.log_command:Invoked command in '/workspace/rl_for_curobo/projects_root/ros/workspaces/moveit_cfgs_ws/build/franka_panda_moveit_cfg' returned '0': CMAKE_PREFIX_PATH=${CMAKE_PREFIX_PATH}:/workspace/rl_for_curobo/projects_root/ros/workspaces/isaac_moveit_ws/install/isaac_moveit_main:/workspaces/isaac_ros_ws/install/isaac_ros_test:/workspaces/isaac_ros_ws/install/isaac_ros_rosbag_utils:/workspaces/isaac_ros_ws/install/isaac_ros_launch_utils:/workspaces/isaac_ros_ws/install/isaac_common_py:/opt/ros/humble /usr/local/bin/cmake --build /workspace/rl_for_curobo/projects_root/ros/workspaces/moveit_cfgs_ws/build/franka_panda_moveit_cfg -- -j16 -l16
[0.223s] DEBUG:colcon.colcon_core.event_handler.log_command:Invoking command in '/workspace/rl_for_curobo/projects_root/ros/workspaces/moveit_cfgs_ws/build/franka_panda_moveit_cfg': CMAKE_PREFIX_PATH=${CMAKE_PREFIX_PATH}:/workspace/rl_for_curobo/projects_root/ros/workspaces/isaac_moveit_ws/install/isaac_moveit_main:/workspaces/isaac_ros_ws/install/isaac_ros_test:/workspaces/isaac_ros_ws/install/isaac_ros_rosbag_utils:/workspaces/isaac_ros_ws/install/isaac_ros_launch_utils:/workspaces/isaac_ros_ws/install/isaac_common_py:/opt/ros/humble /usr/local/bin/cmake --install /workspace/rl_for_curobo/projects_root/ros/workspaces/moveit_cfgs_ws/build/franka_panda_moveit_cfg
[0.227s] Level 1:colcon.colcon_core.environment:create_environment_scripts_only(franka_panda_moveit_cfg)
[0.228s] DEBUG:colcon.colcon_core.event_handler.log_command:Invoked command in '/workspace/rl_for_curobo/projects_root/ros/workspaces/moveit_cfgs_ws/build/franka_panda_moveit_cfg' returned '0': CMAKE_PREFIX_PATH=${CMAKE_PREFIX_PATH}:/workspace/rl_for_curobo/projects_root/ros/workspaces/isaac_moveit_ws/install/isaac_moveit_main:/workspaces/isaac_ros_ws/install/isaac_ros_test:/workspaces/isaac_ros_ws/install/isaac_ros_rosbag_utils:/workspaces/isaac_ros_ws/install/isaac_ros_launch_utils:/workspaces/isaac_ros_ws/install/isaac_common_py:/opt/ros/humble /usr/local/bin/cmake --install /workspace/rl_for_curobo/projects_root/ros/workspaces/moveit_cfgs_ws/build/franka_panda_moveit_cfg
[0.229s] Level 1:colcon.colcon_core.environment:checking '/workspace/rl_for_curobo/projects_root/ros/workspaces/moveit_cfgs_ws/install/franka_panda_moveit_cfg' for CMake module files
[0.229s] Level 1:colcon.colcon_core.environment:checking '/workspace/rl_for_curobo/projects_root/ros/workspaces/moveit_cfgs_ws/install/franka_panda_moveit_cfg' for CMake config files
[0.229s] Level 1:colcon.colcon_core.shell:create_environment_hook('franka_panda_moveit_cfg', 'cmake_prefix_path')
[0.229s] INFO:colcon.colcon_core.shell:Creating environment hook '/workspace/rl_for_curobo/projects_root/ros/workspaces/moveit_cfgs_ws/install/franka_panda_moveit_cfg/share/franka_panda_moveit_cfg/hook/cmake_prefix_path.ps1'
[0.230s] INFO:colcon.colcon_core.shell:Creating environment descriptor '/workspace/rl_for_curobo/projects_root/ros/workspaces/moveit_cfgs_ws/install/franka_panda_moveit_cfg/share/franka_panda_moveit_cfg/hook/cmake_prefix_path.dsv'
[0.230s] INFO:colcon.colcon_core.shell:Creating environment hook '/workspace/rl_for_curobo/projects_root/ros/workspaces/moveit_cfgs_ws/install/franka_panda_moveit_cfg/share/franka_panda_moveit_cfg/hook/cmake_prefix_path.sh'
[0.231s] Level 1:colcon.colcon_core.environment:checking '/workspace/rl_for_curobo/projects_root/ros/workspaces/moveit_cfgs_ws/install/franka_panda_moveit_cfg/bin'
[0.231s] Level 1:colcon.colcon_core.environment:checking '/workspace/rl_for_curobo/projects_root/ros/workspaces/moveit_cfgs_ws/install/franka_panda_moveit_cfg/lib/pkgconfig/franka_panda_moveit_cfg.pc'
[0.232s] Level 1:colcon.colcon_core.environment:checking '/workspace/rl_for_curobo/projects_root/ros/workspaces/moveit_cfgs_ws/install/franka_panda_moveit_cfg/lib/python3.10/site-packages'
[0.232s] Level 1:colcon.colcon_core.environment:checking '/workspace/rl_for_curobo/projects_root/ros/workspaces/moveit_cfgs_ws/install/franka_panda_moveit_cfg/bin'
[0.232s] INFO:colcon.colcon_core.shell:Creating package script '/workspace/rl_for_curobo/projects_root/ros/workspaces/moveit_cfgs_ws/install/franka_panda_moveit_cfg/share/franka_panda_moveit_cfg/package.ps1'
[0.233s] INFO:colcon.colcon_core.shell:Creating package descriptor '/workspace/rl_for_curobo/projects_root/ros/workspaces/moveit_cfgs_ws/install/franka_panda_moveit_cfg/share/franka_panda_moveit_cfg/package.dsv'
[0.233s] INFO:colcon.colcon_core.shell:Creating package script '/workspace/rl_for_curobo/projects_root/ros/workspaces/moveit_cfgs_ws/install/franka_panda_moveit_cfg/share/franka_panda_moveit_cfg/package.sh'
[0.234s] INFO:colcon.colcon_core.shell:Creating package script '/workspace/rl_for_curobo/projects_root/ros/workspaces/moveit_cfgs_ws/install/franka_panda_moveit_cfg/share/franka_panda_moveit_cfg/package.bash'
[0.234s] INFO:colcon.colcon_core.shell:Creating package script '/workspace/rl_for_curobo/projects_root/ros/workspaces/moveit_cfgs_ws/install/franka_panda_moveit_cfg/share/franka_panda_moveit_cfg/package.zsh'
[0.235s] Level 1:colcon.colcon_core.environment:create_file_with_runtime_dependencies(/workspace/rl_for_curobo/projects_root/ros/workspaces/moveit_cfgs_ws/install/franka_panda_moveit_cfg/share/colcon-core/packages/franka_panda_moveit_cfg)
[0.235s] Level 1:colcon.colcon_core.environment:create_environment_scripts_only(franka_panda_moveit_cfg)
[0.235s] Level 1:colcon.colcon_core.environment:checking '/workspace/rl_for_curobo/projects_root/ros/workspaces/moveit_cfgs_ws/install/franka_panda_moveit_cfg' for CMake module files
[0.235s] Level 1:colcon.colcon_core.environment:checking '/workspace/rl_for_curobo/projects_root/ros/workspaces/moveit_cfgs_ws/install/franka_panda_moveit_cfg' for CMake config files
[0.235s] Level 1:colcon.colcon_core.shell:create_environment_hook('franka_panda_moveit_cfg', 'cmake_prefix_path')
[0.235s] INFO:colcon.colcon_core.shell:Creating environment hook '/workspace/rl_for_curobo/projects_root/ros/workspaces/moveit_cfgs_ws/install/franka_panda_moveit_cfg/share/franka_panda_moveit_cfg/hook/cmake_prefix_path.ps1'
[0.236s] INFO:colcon.colcon_core.shell:Creating environment descriptor '/workspace/rl_for_curobo/projects_root/ros/workspaces/moveit_cfgs_ws/install/franka_panda_moveit_cfg/share/franka_panda_moveit_cfg/hook/cmake_prefix_path.dsv'
[0.236s] INFO:colcon.colcon_core.shell:Creating environment hook '/workspace/rl_for_curobo/projects_root/ros/workspaces/moveit_cfgs_ws/install/franka_panda_moveit_cfg/share/franka_panda_moveit_cfg/hook/cmake_prefix_path.sh'
[0.236s] Level 1:colcon.colcon_core.environment:checking '/workspace/rl_for_curobo/projects_root/ros/workspaces/moveit_cfgs_ws/install/franka_panda_moveit_cfg/bin'
[0.236s] Level 1:colcon.colcon_core.environment:checking '/workspace/rl_for_curobo/projects_root/ros/workspaces/moveit_cfgs_ws/install/franka_panda_moveit_cfg/lib/pkgconfig/franka_panda_moveit_cfg.pc'
[0.236s] Level 1:colcon.colcon_core.environment:checking '/workspace/rl_for_curobo/projects_root/ros/workspaces/moveit_cfgs_ws/install/franka_panda_moveit_cfg/lib/python3.10/site-packages'
[0.236s] Level 1:colcon.colcon_core.environment:checking '/workspace/rl_for_curobo/projects_root/ros/workspaces/moveit_cfgs_ws/install/franka_panda_moveit_cfg/bin'
[0.237s] INFO:colcon.colcon_core.shell:Creating package script '/workspace/rl_for_curobo/projects_root/ros/workspaces/moveit_cfgs_ws/install/franka_panda_moveit_cfg/share/franka_panda_moveit_cfg/package.ps1'
[0.237s] INFO:colcon.colcon_core.shell:Creating package descriptor '/workspace/rl_for_curobo/projects_root/ros/workspaces/moveit_cfgs_ws/install/franka_panda_moveit_cfg/share/franka_panda_moveit_cfg/package.dsv'
[0.237s] INFO:colcon.colcon_core.shell:Creating package script '/workspace/rl_for_curobo/projects_root/ros/workspaces/moveit_cfgs_ws/install/franka_panda_moveit_cfg/share/franka_panda_moveit_cfg/package.sh'
[0.237s] INFO:colcon.colcon_core.shell:Creating package script '/workspace/rl_for_curobo/projects_root/ros/workspaces/moveit_cfgs_ws/install/franka_panda_moveit_cfg/share/franka_panda_moveit_cfg/package.bash'
[0.237s] INFO:colcon.colcon_core.shell:Creating package script '/workspace/rl_for_curobo/projects_root/ros/workspaces/moveit_cfgs_ws/install/franka_panda_moveit_cfg/share/franka_panda_moveit_cfg/package.zsh'
[0.238s] Level 1:colcon.colcon_core.environment:create_file_with_runtime_dependencies(/workspace/rl_for_curobo/projects_root/ros/workspaces/moveit_cfgs_ws/install/franka_panda_moveit_cfg/share/colcon-core/packages/franka_panda_moveit_cfg)
[0.856s] DEBUG:colcon.colcon_core.event_handler.log_command:Invoked command in '/workspace/rl_for_curobo/projects_root/ros/workspaces/moveit_cfgs_ws/build/franka_panda_moveit_cfg_2' returned '0': CMAKE_PREFIX_PATH=${CMAKE_PREFIX_PATH}:/workspace/rl_for_curobo/projects_root/ros/workspaces/isaac_moveit_ws/install/isaac_moveit_main:/workspaces/isaac_ros_ws/install/isaac_ros_test:/workspaces/isaac_ros_ws/install/isaac_ros_rosbag_utils:/workspaces/isaac_ros_ws/install/isaac_ros_launch_utils:/workspaces/isaac_ros_ws/install/isaac_common_py:/opt/ros/humble /usr/local/bin/cmake /workspace/rl_for_curobo/projects_root/ros/workspaces/moveit_cfgs_ws/src/franka_panda_moveit_cfg_2 -DCMAKE_INSTALL_PREFIX=/workspace/rl_for_curobo/projects_root/ros/workspaces/moveit_cfgs_ws/install/franka_panda_moveit_cfg_2
[0.857s] DEBUG:colcon.colcon_core.event_handler.log_command:Invoking command in '/workspace/rl_for_curobo/projects_root/ros/workspaces/moveit_cfgs_ws/build/franka_panda_moveit_cfg_2': CMAKE_PREFIX_PATH=${CMAKE_PREFIX_PATH}:/workspace/rl_for_curobo/projects_root/ros/workspaces/isaac_moveit_ws/install/isaac_moveit_main:/workspaces/isaac_ros_ws/install/isaac_ros_test:/workspaces/isaac_ros_ws/install/isaac_ros_rosbag_utils:/workspaces/isaac_ros_ws/install/isaac_ros_launch_utils:/workspaces/isaac_ros_ws/install/isaac_common_py:/opt/ros/humble /usr/local/bin/cmake --build /workspace/rl_for_curobo/projects_root/ros/workspaces/moveit_cfgs_ws/build/franka_panda_moveit_cfg_2 -- -j16 -l16
[0.874s] DEBUG:colcon.colcon_core.event_handler.log_command:Invoked command in '/workspace/rl_for_curobo/projects_root/ros/workspaces/moveit_cfgs_ws/build/franka_panda_moveit_cfg_2' returned '0': CMAKE_PREFIX_PATH=${CMAKE_PREFIX_PATH}:/workspace/rl_for_curobo/projects_root/ros/workspaces/isaac_moveit_ws/install/isaac_moveit_main:/workspaces/isaac_ros_ws/install/isaac_ros_test:/workspaces/isaac_ros_ws/install/isaac_ros_rosbag_utils:/workspaces/isaac_ros_ws/install/isaac_ros_launch_utils:/workspaces/isaac_ros_ws/install/isaac_common_py:/opt/ros/humble /usr/local/bin/cmake --build /workspace/rl_for_curobo/projects_root/ros/workspaces/moveit_cfgs_ws/build/franka_panda_moveit_cfg_2 -- -j16 -l16
[0.875s] DEBUG:colcon.colcon_core.event_handler.log_command:Invoking command in '/workspace/rl_for_curobo/projects_root/ros/workspaces/moveit_cfgs_ws/build/franka_panda_moveit_cfg_2': CMAKE_PREFIX_PATH=${CMAKE_PREFIX_PATH}:/workspace/rl_for_curobo/projects_root/ros/workspaces/isaac_moveit_ws/install/isaac_moveit_main:/workspaces/isaac_ros_ws/install/isaac_ros_test:/workspaces/isaac_ros_ws/install/isaac_ros_rosbag_utils:/workspaces/isaac_ros_ws/install/isaac_ros_launch_utils:/workspaces/isaac_ros_ws/install/isaac_common_py:/opt/ros/humble /usr/local/bin/cmake --install /workspace/rl_for_curobo/projects_root/ros/workspaces/moveit_cfgs_ws/build/franka_panda_moveit_cfg_2
[0.880s] Level 1:colcon.colcon_core.environment:create_environment_scripts_only(franka_panda_moveit_cfg_2)
[0.881s] Level 1:colcon.colcon_core.environment:checking '/workspace/rl_for_curobo/projects_root/ros/workspaces/moveit_cfgs_ws/install/franka_panda_moveit_cfg_2' for CMake module files
[0.881s] DEBUG:colcon.colcon_core.event_handler.log_command:Invoked command in '/workspace/rl_for_curobo/projects_root/ros/workspaces/moveit_cfgs_ws/build/franka_panda_moveit_cfg_2' returned '0': CMAKE_PREFIX_PATH=${CMAKE_PREFIX_PATH}:/workspace/rl_for_curobo/projects_root/ros/workspaces/isaac_moveit_ws/install/isaac_moveit_main:/workspaces/isaac_ros_ws/install/isaac_ros_test:/workspaces/isaac_ros_ws/install/isaac_ros_rosbag_utils:/workspaces/isaac_ros_ws/install/isaac_ros_launch_utils:/workspaces/isaac_ros_ws/install/isaac_common_py:/opt/ros/humble /usr/local/bin/cmake --install /workspace/rl_for_curobo/projects_root/ros/workspaces/moveit_cfgs_ws/build/franka_panda_moveit_cfg_2
[0.881s] Level 1:colcon.colcon_core.environment:checking '/workspace/rl_for_curobo/projects_root/ros/workspaces/moveit_cfgs_ws/install/franka_panda_moveit_cfg_2' for CMake config files
[0.881s] Level 1:colcon.colcon_core.shell:create_environment_hook('franka_panda_moveit_cfg_2', 'cmake_prefix_path')
[0.881s] INFO:colcon.colcon_core.shell:Creating environment hook '/workspace/rl_for_curobo/projects_root/ros/workspaces/moveit_cfgs_ws/install/franka_panda_moveit_cfg_2/share/franka_panda_moveit_cfg_2/hook/cmake_prefix_path.ps1'
[0.881s] INFO:colcon.colcon_core.shell:Creating environment descriptor '/workspace/rl_for_curobo/projects_root/ros/workspaces/moveit_cfgs_ws/install/franka_panda_moveit_cfg_2/share/franka_panda_moveit_cfg_2/hook/cmake_prefix_path.dsv'
[0.882s] INFO:colcon.colcon_core.shell:Creating environment hook '/workspace/rl_for_curobo/projects_root/ros/workspaces/moveit_cfgs_ws/install/franka_panda_moveit_cfg_2/share/franka_panda_moveit_cfg_2/hook/cmake_prefix_path.sh'
[0.882s] Level 1:colcon.colcon_core.environment:checking '/workspace/rl_for_curobo/projects_root/ros/workspaces/moveit_cfgs_ws/install/franka_panda_moveit_cfg_2/bin'
[0.882s] Level 1:colcon.colcon_core.environment:checking '/workspace/rl_for_curobo/projects_root/ros/workspaces/moveit_cfgs_ws/install/franka_panda_moveit_cfg_2/lib/pkgconfig/franka_panda_moveit_cfg_2.pc'
[0.882s] Level 1:colcon.colcon_core.environment:checking '/workspace/rl_for_curobo/projects_root/ros/workspaces/moveit_cfgs_ws/install/franka_panda_moveit_cfg_2/lib/python3.10/site-packages'
[0.882s] Level 1:colcon.colcon_core.environment:checking '/workspace/rl_for_curobo/projects_root/ros/workspaces/moveit_cfgs_ws/install/franka_panda_moveit_cfg_2/bin'
[0.882s] INFO:colcon.colcon_core.shell:Creating package script '/workspace/rl_for_curobo/projects_root/ros/workspaces/moveit_cfgs_ws/install/franka_panda_moveit_cfg_2/share/franka_panda_moveit_cfg_2/package.ps1'
[0.883s] INFO:colcon.colcon_core.shell:Creating package descriptor '/workspace/rl_for_curobo/projects_root/ros/workspaces/moveit_cfgs_ws/install/franka_panda_moveit_cfg_2/share/franka_panda_moveit_cfg_2/package.dsv'
[0.883s] INFO:colcon.colcon_core.shell:Creating package script '/workspace/rl_for_curobo/projects_root/ros/workspaces/moveit_cfgs_ws/install/franka_panda_moveit_cfg_2/share/franka_panda_moveit_cfg_2/package.sh'
[0.883s] INFO:colcon.colcon_core.shell:Creating package script '/workspace/rl_for_curobo/projects_root/ros/workspaces/moveit_cfgs_ws/install/franka_panda_moveit_cfg_2/share/franka_panda_moveit_cfg_2/package.bash'
[0.883s] INFO:colcon.colcon_core.shell:Creating package script '/workspace/rl_for_curobo/projects_root/ros/workspaces/moveit_cfgs_ws/install/franka_panda_moveit_cfg_2/share/franka_panda_moveit_cfg_2/package.zsh'
[0.883s] Level 1:colcon.colcon_core.environment:create_file_with_runtime_dependencies(/workspace/rl_for_curobo/projects_root/ros/workspaces/moveit_cfgs_ws/install/franka_panda_moveit_cfg_2/share/colcon-core/packages/franka_panda_moveit_cfg_2)
[0.884s] Level 1:colcon.colcon_core.environment:create_environment_scripts_only(franka_panda_moveit_cfg_2)
[0.884s] Level 1:colcon.colcon_core.environment:checking '/workspace/rl_for_curobo/projects_root/ros/workspaces/moveit_cfgs_ws/install/franka_panda_moveit_cfg_2' for CMake module files
[0.884s] Level 1:colcon.colcon_core.environment:checking '/workspace/rl_for_curobo/projects_root/ros/workspaces/moveit_cfgs_ws/install/franka_panda_moveit_cfg_2' for CMake config files
[0.884s] Level 1:colcon.colcon_core.shell:create_environment_hook('franka_panda_moveit_cfg_2', 'cmake_prefix_path')
[0.884s] INFO:colcon.colcon_core.shell:Creating environment hook '/workspace/rl_for_curobo/projects_root/ros/workspaces/moveit_cfgs_ws/install/franka_panda_moveit_cfg_2/share/franka_panda_moveit_cfg_2/hook/cmake_prefix_path.ps1'
[0.885s] INFO:colcon.colcon_core.shell:Creating environment descriptor '/workspace/rl_for_curobo/projects_root/ros/workspaces/moveit_cfgs_ws/install/franka_panda_moveit_cfg_2/share/franka_panda_moveit_cfg_2/hook/cmake_prefix_path.dsv'
[0.885s] INFO:colcon.colcon_core.shell:Creating environment hook '/workspace/rl_for_curobo/projects_root/ros/workspaces/moveit_cfgs_ws/install/franka_panda_moveit_cfg_2/share/franka_panda_moveit_cfg_2/hook/cmake_prefix_path.sh'
[0.885s] Level 1:colcon.colcon_core.environment:checking '/workspace/rl_for_curobo/projects_root/ros/workspaces/moveit_cfgs_ws/install/franka_panda_moveit_cfg_2/bin'
[0.885s] Level 1:colcon.colcon_core.environment:checking '/workspace/rl_for_curobo/projects_root/ros/workspaces/moveit_cfgs_ws/install/franka_panda_moveit_cfg_2/lib/pkgconfig/franka_panda_moveit_cfg_2.pc'
[0.885s] Level 1:colcon.colcon_core.environment:checking '/workspace/rl_for_curobo/projects_root/ros/workspaces/moveit_cfgs_ws/install/franka_panda_moveit_cfg_2/lib/python3.10/site-packages'
[0.885s] Level 1:colcon.colcon_core.environment:checking '/workspace/rl_for_curobo/projects_root/ros/workspaces/moveit_cfgs_ws/install/franka_panda_moveit_cfg_2/bin'
[0.885s] INFO:colcon.colcon_core.shell:Creating package script '/workspace/rl_for_curobo/projects_root/ros/workspaces/moveit_cfgs_ws/install/franka_panda_moveit_cfg_2/share/franka_panda_moveit_cfg_2/package.ps1'
[0.886s] INFO:colcon.colcon_core.shell:Creating package descriptor '/workspace/rl_for_curobo/projects_root/ros/workspaces/moveit_cfgs_ws/install/franka_panda_moveit_cfg_2/share/franka_panda_moveit_cfg_2/package.dsv'
[0.886s] INFO:colcon.colcon_core.shell:Creating package script '/workspace/rl_for_curobo/projects_root/ros/workspaces/moveit_cfgs_ws/install/franka_panda_moveit_cfg_2/share/franka_panda_moveit_cfg_2/package.sh'
[0.886s] INFO:colcon.colcon_core.shell:Creating package script '/workspace/rl_for_curobo/projects_root/ros/workspaces/moveit_cfgs_ws/install/franka_panda_moveit_cfg_2/share/franka_panda_moveit_cfg_2/package.bash'
[0.886s] INFO:colcon.colcon_core.shell:Creating package script '/workspace/rl_for_curobo/projects_root/ros/workspaces/moveit_cfgs_ws/install/franka_panda_moveit_cfg_2/share/franka_panda_moveit_cfg_2/package.zsh'
[0.887s] Level 1:colcon.colcon_core.environment:create_file_with_runtime_dependencies(/workspace/rl_for_curobo/projects_root/ros/workspaces/moveit_cfgs_ws/install/franka_panda_moveit_cfg_2/share/colcon-core/packages/franka_panda_moveit_cfg_2)
[0.887s] DEBUG:colcon.colcon_parallel_executor.executor.parallel:closing loop
[0.887s] DEBUG:colcon.colcon_parallel_executor.executor.parallel:loop closed
[0.887s] DEBUG:colcon.colcon_parallel_executor.executor.parallel:run_until_complete finished with '0'
[0.887s] DEBUG:colcon.colcon_core.event_reactor:joining thread
[0.890s] INFO:colcon.colcon_core.plugin_system:Skipping extension 'colcon_notification.desktop_notification.notify_send': Could not find 'notify-send'
[0.890s] INFO:colcon.colcon_core.plugin_system:Skipping extension 'colcon_notification.desktop_notification.terminal_notifier': Not used on non-Darwin systems
[0.890s] INFO:colcon.colcon_core.plugin_system:Skipping extension 'colcon_notification.desktop_notification.win32': Not used on non-Windows systems
[0.890s] INFO:colcon.colcon_notification.desktop_notification:Sending desktop notification using 'notify2'
[0.893s] DEBUG:colcon.colcon_notification.desktop_notification.notify2:Failed to initialize notify2: org.freedesktop.DBus.Error.Spawn.ExecFailed: /usr/bin/dbus-launch terminated abnormally without any error message
[0.893s] DEBUG:colcon.colcon_core.event_reactor:joined thread
[0.893s] INFO:colcon.colcon_core.shell:Creating prefix script '/workspace/rl_for_curobo/projects_root/ros/workspaces/moveit_cfgs_ws/install/local_setup.ps1'
[0.894s] INFO:colcon.colcon_core.shell:Creating prefix util module '/workspace/rl_for_curobo/projects_root/ros/workspaces/moveit_cfgs_ws/install/_local_setup_util_ps1.py'
[0.895s] INFO:colcon.colcon_core.shell:Creating prefix chain script '/workspace/rl_for_curobo/projects_root/ros/workspaces/moveit_cfgs_ws/install/setup.ps1'
[0.896s] INFO:colcon.colcon_core.shell:Creating prefix script '/workspace/rl_for_curobo/projects_root/ros/workspaces/moveit_cfgs_ws/install/local_setup.sh'
[0.896s] INFO:colcon.colcon_core.shell:Creating prefix util module '/workspace/rl_for_curobo/projects_root/ros/workspaces/moveit_cfgs_ws/install/_local_setup_util_sh.py'
[0.897s] INFO:colcon.colcon_core.shell:Creating prefix chain script '/workspace/rl_for_curobo/projects_root/ros/workspaces/moveit_cfgs_ws/install/setup.sh'
[0.898s] INFO:colcon.colcon_core.shell:Creating prefix script '/workspace/rl_for_curobo/projects_root/ros/workspaces/moveit_cfgs_ws/install/local_setup.bash'
[0.898s] INFO:colcon.colcon_core.shell:Creating prefix chain script '/workspace/rl_for_curobo/projects_root/ros/workspaces/moveit_cfgs_ws/install/setup.bash'
[0.899s] INFO:colcon.colcon_core.shell:Creating prefix script '/workspace/rl_for_curobo/projects_root/ros/workspaces/moveit_cfgs_ws/install/local_setup.zsh'
[0.900s] INFO:colcon.colcon_core.shell:Creating prefix chain script '/workspace/rl_for_curobo/projects_root/ros/workspaces/moveit_cfgs_ws/install/setup.zsh'
