-- Install configuration: ""
-- Up-to-date: /workspace/rl_for_curobo/projects_root/ros/workspaces/moveit_cfgs_ws/install/franka_dual_arm_subgroups_no_ee/share/ament_index/resource_index/package_run_dependencies/franka_dual_arm_subgroups_no_ee
-- Up-to-date: /workspace/rl_for_curobo/projects_root/ros/workspaces/moveit_cfgs_ws/install/franka_dual_arm_subgroups_no_ee/share/ament_index/resource_index/parent_prefix_path/franka_dual_arm_subgroups_no_ee
-- Up-to-date: /workspace/rl_for_curobo/projects_root/ros/workspaces/moveit_cfgs_ws/install/franka_dual_arm_subgroups_no_ee/share/franka_dual_arm_subgroups_no_ee/environment/ament_prefix_path.sh
-- Up-to-date: /workspace/rl_for_curobo/projects_root/ros/workspaces/moveit_cfgs_ws/install/franka_dual_arm_subgroups_no_ee/share/franka_dual_arm_subgroups_no_ee/environment/ament_prefix_path.dsv
-- Up-to-date: /workspace/rl_for_curobo/projects_root/ros/workspaces/moveit_cfgs_ws/install/franka_dual_arm_subgroups_no_ee/share/franka_dual_arm_subgroups_no_ee/environment/path.sh
-- Up-to-date: /workspace/rl_for_curobo/projects_root/ros/workspaces/moveit_cfgs_ws/install/franka_dual_arm_subgroups_no_ee/share/franka_dual_arm_subgroups_no_ee/environment/path.dsv
-- Up-to-date: /workspace/rl_for_curobo/projects_root/ros/workspaces/moveit_cfgs_ws/install/franka_dual_arm_subgroups_no_ee/share/franka_dual_arm_subgroups_no_ee/local_setup.bash
-- Up-to-date: /workspace/rl_for_curobo/projects_root/ros/workspaces/moveit_cfgs_ws/install/franka_dual_arm_subgroups_no_ee/share/franka_dual_arm_subgroups_no_ee/local_setup.sh
-- Up-to-date: /workspace/rl_for_curobo/projects_root/ros/workspaces/moveit_cfgs_ws/install/franka_dual_arm_subgroups_no_ee/share/franka_dual_arm_subgroups_no_ee/local_setup.zsh
-- Up-to-date: /workspace/rl_for_curobo/projects_root/ros/workspaces/moveit_cfgs_ws/install/franka_dual_arm_subgroups_no_ee/share/franka_dual_arm_subgroups_no_ee/local_setup.dsv
-- Installing: /workspace/rl_for_curobo/projects_root/ros/workspaces/moveit_cfgs_ws/install/franka_dual_arm_subgroups_no_ee/share/franka_dual_arm_subgroups_no_ee/package.dsv
-- Up-to-date: /workspace/rl_for_curobo/projects_root/ros/workspaces/moveit_cfgs_ws/install/franka_dual_arm_subgroups_no_ee/share/ament_index/resource_index/packages/franka_dual_arm_subgroups_no_ee
-- Up-to-date: /workspace/rl_for_curobo/projects_root/ros/workspaces/moveit_cfgs_ws/install/franka_dual_arm_subgroups_no_ee/share/franka_dual_arm_subgroups_no_ee/cmake/franka_dual_arm_subgroups_no_eeConfig.cmake
-- Up-to-date: /workspace/rl_for_curobo/projects_root/ros/workspaces/moveit_cfgs_ws/install/franka_dual_arm_subgroups_no_ee/share/franka_dual_arm_subgroups_no_ee/cmake/franka_dual_arm_subgroups_no_eeConfig-version.cmake
-- Up-to-date: /workspace/rl_for_curobo/projects_root/ros/workspaces/moveit_cfgs_ws/install/franka_dual_arm_subgroups_no_ee/share/franka_dual_arm_subgroups_no_ee/package.xml
-- Up-to-date: /workspace/rl_for_curobo/projects_root/ros/workspaces/moveit_cfgs_ws/install/franka_dual_arm_subgroups_no_ee/share/franka_dual_arm_subgroups_no_ee/launch
-- Up-to-date: /workspace/rl_for_curobo/projects_root/ros/workspaces/moveit_cfgs_ws/install/franka_dual_arm_subgroups_no_ee/share/franka_dual_arm_subgroups_no_ee/launch/warehouse_db.launch.py
-- Up-to-date: /workspace/rl_for_curobo/projects_root/ros/workspaces/moveit_cfgs_ws/install/franka_dual_arm_subgroups_no_ee/share/franka_dual_arm_subgroups_no_ee/launch/static_virtual_joint_tfs.launch.py
-- Up-to-date: /workspace/rl_for_curobo/projects_root/ros/workspaces/moveit_cfgs_ws/install/franka_dual_arm_subgroups_no_ee/share/franka_dual_arm_subgroups_no_ee/launch/setup_assistant.launch.py
-- Up-to-date: /workspace/rl_for_curobo/projects_root/ros/workspaces/moveit_cfgs_ws/install/franka_dual_arm_subgroups_no_ee/share/franka_dual_arm_subgroups_no_ee/launch/move_group.launch.py
-- Up-to-date: /workspace/rl_for_curobo/projects_root/ros/workspaces/moveit_cfgs_ws/install/franka_dual_arm_subgroups_no_ee/share/franka_dual_arm_subgroups_no_ee/launch/spawn_controllers.launch.py
-- Up-to-date: /workspace/rl_for_curobo/projects_root/ros/workspaces/moveit_cfgs_ws/install/franka_dual_arm_subgroups_no_ee/share/franka_dual_arm_subgroups_no_ee/launch/demo.launch.py
-- Up-to-date: /workspace/rl_for_curobo/projects_root/ros/workspaces/moveit_cfgs_ws/install/franka_dual_arm_subgroups_no_ee/share/franka_dual_arm_subgroups_no_ee/launch/moveit_rviz.launch.py
-- Up-to-date: /workspace/rl_for_curobo/projects_root/ros/workspaces/moveit_cfgs_ws/install/franka_dual_arm_subgroups_no_ee/share/franka_dual_arm_subgroups_no_ee/launch/rsp.launch.py
-- Up-to-date: /workspace/rl_for_curobo/projects_root/ros/workspaces/moveit_cfgs_ws/install/franka_dual_arm_subgroups_no_ee/share/franka_dual_arm_subgroups_no_ee/config
-- Up-to-date: /workspace/rl_for_curobo/projects_root/ros/workspaces/moveit_cfgs_ws/install/franka_dual_arm_subgroups_no_ee/share/franka_dual_arm_subgroups_no_ee/config/sensors_3d.yaml
-- Up-to-date: /workspace/rl_for_curobo/projects_root/ros/workspaces/moveit_cfgs_ws/install/franka_dual_arm_subgroups_no_ee/share/franka_dual_arm_subgroups_no_ee/config/kinematics.yaml
-- Up-to-date: /workspace/rl_for_curobo/projects_root/ros/workspaces/moveit_cfgs_ws/install/franka_dual_arm_subgroups_no_ee/share/franka_dual_arm_subgroups_no_ee/config/moveit_controllers.yaml
-- Up-to-date: /workspace/rl_for_curobo/projects_root/ros/workspaces/moveit_cfgs_ws/install/franka_dual_arm_subgroups_no_ee/share/franka_dual_arm_subgroups_no_ee/config/initial_positions.yaml
-- Installing: /workspace/rl_for_curobo/projects_root/ros/workspaces/moveit_cfgs_ws/install/franka_dual_arm_subgroups_no_ee/share/franka_dual_arm_subgroups_no_ee/config/franka_dual_arm.srdf
-- Up-to-date: /workspace/rl_for_curobo/projects_root/ros/workspaces/moveit_cfgs_ws/install/franka_dual_arm_subgroups_no_ee/share/franka_dual_arm_subgroups_no_ee/config/franka_dual_arm.ros2_control.xacro
-- Up-to-date: /workspace/rl_for_curobo/projects_root/ros/workspaces/moveit_cfgs_ws/install/franka_dual_arm_subgroups_no_ee/share/franka_dual_arm_subgroups_no_ee/config/moveit.rviz
-- Up-to-date: /workspace/rl_for_curobo/projects_root/ros/workspaces/moveit_cfgs_ws/install/franka_dual_arm_subgroups_no_ee/share/franka_dual_arm_subgroups_no_ee/config/pilz_cartesian_limits.yaml
-- Up-to-date: /workspace/rl_for_curobo/projects_root/ros/workspaces/moveit_cfgs_ws/install/franka_dual_arm_subgroups_no_ee/share/franka_dual_arm_subgroups_no_ee/config/joint_limits.yaml
-- Up-to-date: /workspace/rl_for_curobo/projects_root/ros/workspaces/moveit_cfgs_ws/install/franka_dual_arm_subgroups_no_ee/share/franka_dual_arm_subgroups_no_ee/config/ros2_controllers.yaml
-- Up-to-date: /workspace/rl_for_curobo/projects_root/ros/workspaces/moveit_cfgs_ws/install/franka_dual_arm_subgroups_no_ee/share/franka_dual_arm_subgroups_no_ee/config/franka_dual_arm.urdf.xacro
-- Up-to-date: /workspace/rl_for_curobo/projects_root/ros/workspaces/moveit_cfgs_ws/install/franka_dual_arm_subgroups_no_ee/share/franka_dual_arm_subgroups_no_ee/.setup_assistant
