[0.006s] Invoking command in '/workspace/rl_for_curobo/projects_root/ros/workspaces/isaac_moveit_ws/build/moveit_config': AMENT_PREFIX_PATH=/workspace/rl_for_curobo/projects_root/ros/workspaces/isaac_moveit_ws/install/robot_description:${AMENT_PREFIX_PATH} CMAKE_PREFIX_PATH=/workspace/rl_for_curobo/projects_root/ros/workspaces/isaac_moveit_ws/install/robot_description:/opt/ros/humble /usr/local/bin/cmake --build /workspace/rl_for_curobo/projects_root/ros/workspaces/isaac_moveit_ws/build/moveit_config -- -j16 -l16
[0.020s] Invoked command in '/workspace/rl_for_curobo/projects_root/ros/workspaces/isaac_moveit_ws/build/moveit_config' returned '0': AMENT_PREFIX_PATH=/workspace/rl_for_curobo/projects_root/ros/workspaces/isaac_moveit_ws/install/robot_description:${AMENT_PREFIX_PATH} CMAKE_PREFIX_PATH=/workspace/rl_for_curobo/projects_root/ros/workspaces/isaac_moveit_ws/install/robot_description:/opt/ros/humble /usr/local/bin/cmake --build /workspace/rl_for_curobo/projects_root/ros/workspaces/isaac_moveit_ws/build/moveit_config -- -j16 -l16
[0.021s] Invoking command in '/workspace/rl_for_curobo/projects_root/ros/workspaces/isaac_moveit_ws/build/moveit_config': AMENT_PREFIX_PATH=/workspace/rl_for_curobo/projects_root/ros/workspaces/isaac_moveit_ws/install/robot_description:${AMENT_PREFIX_PATH} CMAKE_PREFIX_PATH=/workspace/rl_for_curobo/projects_root/ros/workspaces/isaac_moveit_ws/install/robot_description:/opt/ros/humble /usr/local/bin/cmake --install /workspace/rl_for_curobo/projects_root/ros/workspaces/isaac_moveit_ws/build/moveit_config
[0.024s] -- Install configuration: ""
[0.024s] -- Up-to-date: /workspace/rl_for_curobo/projects_root/ros/workspaces/isaac_moveit_ws/install/moveit_config/share/ament_index/resource_index/package_run_dependencies/moveit_config
[0.024s] -- Up-to-date: /workspace/rl_for_curobo/projects_root/ros/workspaces/isaac_moveit_ws/install/moveit_config/share/ament_index/resource_index/parent_prefix_path/moveit_config
[0.024s] -- Up-to-date: /workspace/rl_for_curobo/projects_root/ros/workspaces/isaac_moveit_ws/install/moveit_config/share/moveit_config/environment/ament_prefix_path.sh
[0.024s] -- Up-to-date: /workspace/rl_for_curobo/projects_root/ros/workspaces/isaac_moveit_ws/install/moveit_config/share/moveit_config/environment/ament_prefix_path.dsv
[0.024s] -- Up-to-date: /workspace/rl_for_curobo/projects_root/ros/workspaces/isaac_moveit_ws/install/moveit_config/share/moveit_config/environment/path.sh
[0.024s] -- Up-to-date: /workspace/rl_for_curobo/projects_root/ros/workspaces/isaac_moveit_ws/install/moveit_config/share/moveit_config/environment/path.dsv
[0.024s] -- Up-to-date: /workspace/rl_for_curobo/projects_root/ros/workspaces/isaac_moveit_ws/install/moveit_config/share/moveit_config/local_setup.bash
[0.024s] -- Up-to-date: /workspace/rl_for_curobo/projects_root/ros/workspaces/isaac_moveit_ws/install/moveit_config/share/moveit_config/local_setup.sh
[0.024s] -- Up-to-date: /workspace/rl_for_curobo/projects_root/ros/workspaces/isaac_moveit_ws/install/moveit_config/share/moveit_config/local_setup.zsh
[0.024s] -- Up-to-date: /workspace/rl_for_curobo/projects_root/ros/workspaces/isaac_moveit_ws/install/moveit_config/share/moveit_config/local_setup.dsv
[0.024s] -- Installing: /workspace/rl_for_curobo/projects_root/ros/workspaces/isaac_moveit_ws/install/moveit_config/share/moveit_config/package.dsv
[0.024s] -- Up-to-date: /workspace/rl_for_curobo/projects_root/ros/workspaces/isaac_moveit_ws/install/moveit_config/share/ament_index/resource_index/packages/moveit_config
[0.025s] -- Up-to-date: /workspace/rl_for_curobo/projects_root/ros/workspaces/isaac_moveit_ws/install/moveit_config/share/moveit_config/cmake/moveit_configConfig.cmake
[0.025s] -- Up-to-date: /workspace/rl_for_curobo/projects_root/ros/workspaces/isaac_moveit_ws/install/moveit_config/share/moveit_config/cmake/moveit_configConfig-version.cmake
[0.025s] -- Up-to-date: /workspace/rl_for_curobo/projects_root/ros/workspaces/isaac_moveit_ws/install/moveit_config/share/moveit_config/package.xml
[0.025s] -- Up-to-date: /workspace/rl_for_curobo/projects_root/ros/workspaces/isaac_moveit_ws/install/moveit_config/share/moveit_config/launch
[0.025s] -- Up-to-date: /workspace/rl_for_curobo/projects_root/ros/workspaces/isaac_moveit_ws/install/moveit_config/share/moveit_config/launch/warehouse_db.launch.py
[0.025s] -- Up-to-date: /workspace/rl_for_curobo/projects_root/ros/workspaces/isaac_moveit_ws/install/moveit_config/share/moveit_config/launch/static_virtual_joint_tfs.launch.py
[0.025s] -- Up-to-date: /workspace/rl_for_curobo/projects_root/ros/workspaces/isaac_moveit_ws/install/moveit_config/share/moveit_config/launch/setup_assistant.launch.py
[0.025s] -- Up-to-date: /workspace/rl_for_curobo/projects_root/ros/workspaces/isaac_moveit_ws/install/moveit_config/share/moveit_config/launch/move_group.launch.py
[0.025s] -- Up-to-date: /workspace/rl_for_curobo/projects_root/ros/workspaces/isaac_moveit_ws/install/moveit_config/share/moveit_config/launch/spawn_controllers.launch.py
[0.025s] -- Installing: /workspace/rl_for_curobo/projects_root/ros/workspaces/isaac_moveit_ws/install/moveit_config/share/moveit_config/launch/demo.launch.py
[0.025s] -- Up-to-date: /workspace/rl_for_curobo/projects_root/ros/workspaces/isaac_moveit_ws/install/moveit_config/share/moveit_config/launch/moveit_rviz.launch.py
[0.025s] -- Up-to-date: /workspace/rl_for_curobo/projects_root/ros/workspaces/isaac_moveit_ws/install/moveit_config/share/moveit_config/launch/rsp.launch.py
[0.025s] -- Up-to-date: /workspace/rl_for_curobo/projects_root/ros/workspaces/isaac_moveit_ws/install/moveit_config/share/moveit_config/config
[0.025s] -- Installing: /workspace/rl_for_curobo/projects_root/ros/workspaces/isaac_moveit_ws/install/moveit_config/share/moveit_config/config/sensors_3d.yaml
[0.025s] -- Up-to-date: /workspace/rl_for_curobo/projects_root/ros/workspaces/isaac_moveit_ws/install/moveit_config/share/moveit_config/config/ur5
[0.025s] -- Up-to-date: /workspace/rl_for_curobo/projects_root/ros/workspaces/isaac_moveit_ws/install/moveit_config/share/moveit_config/config/ur5/ur5.usd
[0.025s] -- Up-to-date: /workspace/rl_for_curobo/projects_root/ros/workspaces/isaac_moveit_ws/install/moveit_config/share/moveit_config/config/kinematics.yaml
[0.025s] -- Installing: /workspace/rl_for_curobo/projects_root/ros/workspaces/isaac_moveit_ws/install/moveit_config/share/moveit_config/config/moveit_controllers.yaml
[0.025s] -- Up-to-date: /workspace/rl_for_curobo/projects_root/ros/workspaces/isaac_moveit_ws/install/moveit_config/share/moveit_config/config/ur5.srdf
[0.025s] -- Up-to-date: /workspace/rl_for_curobo/projects_root/ros/workspaces/isaac_moveit_ws/install/moveit_config/share/moveit_config/config/initial_positions.yaml
[0.025s] -- Up-to-date: /workspace/rl_for_curobo/projects_root/ros/workspaces/isaac_moveit_ws/install/moveit_config/share/moveit_config/config/ur5.urdf
[0.025s] -- Up-to-date: /workspace/rl_for_curobo/projects_root/ros/workspaces/isaac_moveit_ws/install/moveit_config/share/moveit_config/config/moveit.rviz
[0.025s] -- Up-to-date: /workspace/rl_for_curobo/projects_root/ros/workspaces/isaac_moveit_ws/install/moveit_config/share/moveit_config/config/pilz_cartesian_limits.yaml
[0.025s] -- Up-to-date: /workspace/rl_for_curobo/projects_root/ros/workspaces/isaac_moveit_ws/install/moveit_config/share/moveit_config/config/ur5.urdf.xacro
[0.025s] -- Up-to-date: /workspace/rl_for_curobo/projects_root/ros/workspaces/isaac_moveit_ws/install/moveit_config/share/moveit_config/config/joint_limits.yaml
[0.025s] -- Installing: /workspace/rl_for_curobo/projects_root/ros/workspaces/isaac_moveit_ws/install/moveit_config/share/moveit_config/config/ros2_controllers.yaml
[0.025s] -- Up-to-date: /workspace/rl_for_curobo/projects_root/ros/workspaces/isaac_moveit_ws/install/moveit_config/share/moveit_config/config/ur5.ros2_control.xacro
[0.025s] -- Installing: /workspace/rl_for_curobo/projects_root/ros/workspaces/isaac_moveit_ws/install/moveit_config/share/moveit_config/.setup_assistant
[0.026s] Invoked command in '/workspace/rl_for_curobo/projects_root/ros/workspaces/isaac_moveit_ws/build/moveit_config' returned '0': AMENT_PREFIX_PATH=/workspace/rl_for_curobo/projects_root/ros/workspaces/isaac_moveit_ws/install/robot_description:${AMENT_PREFIX_PATH} CMAKE_PREFIX_PATH=/workspace/rl_for_curobo/projects_root/ros/workspaces/isaac_moveit_ws/install/robot_description:/opt/ros/humble /usr/local/bin/cmake --install /workspace/rl_for_curobo/projects_root/ros/workspaces/isaac_moveit_ws/build/moveit_config
