[0.114s] DEBUG:colcon:Command line arguments: ['/usr/bin/colcon', 'build', '--packages-select', 'robot_arm_urdf', 'movit_robot_arm_sim', '--cmake-args', '-DCMAKE_BUILD_TYPE=Release']
[0.114s] DEBUG:colcon:Parsed command line arguments: Namespace(log_base=None, log_level=None, verb_name='build', build_base='build', install_base='install', merge_install=False, symlink_install=False, test_result_base=None, continue_on_error=False, executor='parallel', parallel_workers=16, event_handlers=None, ignore_user_meta=False, metas=['./colcon.meta'], base_paths=['.'], packages_ignore=None, packages_ignore_regex=None, paths=None, packages_up_to=None, packages_up_to_regex=None, packages_above=None, packages_above_and_dependencies=None, packages_above_depth=None, packages_select_by_dep=None, packages_skip_by_dep=None, packages_skip_up_to=None, packages_select_build_failed=False, packages_skip_build_finished=False, packages_select_test_failures=False, packages_skip_test_passed=False, packages_select=['robot_arm_urdf', 'movit_robot_arm_sim'], packages_skip=None, packages_select_regex=None, packages_skip_regex=None, packages_start=None, packages_end=None, allow_overriding=[], cmake_args=['-DCMAKE_BUILD_TYPE=Release'], cmake_target=None, cmake_target_skip_unavailable=False, cmake_clean_cache=False, cmake_clean_first=False, cmake_force_configure=False, ament_cmake_args=None, catkin_cmake_args=None, catkin_skip_building_tests=False, mixin_files=None, mixin=None, verb_parser=<colcon_mixin.mixin.mixin_argument.MixinArgumentDecorator object at 0x742220054da0>, verb_extension=<colcon_core.verb.build.BuildVerb object at 0x742220054b00>, main=<bound method BuildVerb.main of <colcon_core.verb.build.BuildVerb object at 0x742220054b00>>, mixin_verb=('build',))
[0.159s] Level 1:colcon.colcon_core.package_discovery:discover_packages(colcon_meta) check parameters
[0.159s] Level 1:colcon.colcon_core.package_discovery:discover_packages(recursive) check parameters
[0.159s] Level 1:colcon.colcon_core.package_discovery:discover_packages(ignore) check parameters
[0.159s] Level 1:colcon.colcon_core.package_discovery:discover_packages(path) check parameters
[0.159s] Level 1:colcon.colcon_core.package_discovery:discover_packages(colcon_meta) discover
[0.159s] Level 1:colcon.colcon_core.package_discovery:discover_packages(recursive) discover
[0.159s] INFO:colcon.colcon_core.package_discovery:Crawling recursively for packages in '/home/dan/rl_for_curobo/projects_root/ros/workspaces/moveit_cfgs_ws'
[0.160s] Level 1:colcon.colcon_core.package_identification:_identify(.) by extensions ['ignore', 'ignore_ament_install']
[0.160s] Level 1:colcon.colcon_core.package_identification:_identify(.) by extension 'ignore'
[0.160s] Level 1:colcon.colcon_core.package_identification:_identify(.) by extension 'ignore_ament_install'
[0.160s] Level 1:colcon.colcon_core.package_identification:_identify(.) by extensions ['colcon_pkg']
[0.160s] Level 1:colcon.colcon_core.package_identification:_identify(.) by extension 'colcon_pkg'
[0.160s] Level 1:colcon.colcon_core.package_identification:_identify(.) by extensions ['colcon_meta']
[0.160s] Level 1:colcon.colcon_core.package_identification:_identify(.) by extension 'colcon_meta'
[0.160s] Level 1:colcon.colcon_core.package_identification:_identify(.) by extensions ['ros']
[0.160s] Level 1:colcon.colcon_core.package_identification:_identify(.) by extension 'ros'
[0.180s] Level 1:colcon.colcon_core.package_identification:_identify(.) by extensions ['cmake', 'python']
[0.180s] Level 1:colcon.colcon_core.package_identification:_identify(.) by extension 'cmake'
[0.180s] Level 1:colcon.colcon_core.package_identification:_identify(.) by extension 'python'
[0.181s] Level 1:colcon.colcon_core.package_identification:_identify(.) by extensions ['python_setup_py']
[0.181s] Level 1:colcon.colcon_core.package_identification:_identify(.) by extension 'python_setup_py'
[0.181s] Level 1:colcon.colcon_core.package_identification:_identify(build) by extensions ['ignore', 'ignore_ament_install']
[0.181s] Level 1:colcon.colcon_core.package_identification:_identify(build) by extension 'ignore'
[0.181s] Level 1:colcon.colcon_core.package_identification:_identify(build) ignored
[0.181s] Level 1:colcon.colcon_core.package_identification:_identify(install) by extensions ['ignore', 'ignore_ament_install']
[0.181s] Level 1:colcon.colcon_core.package_identification:_identify(install) by extension 'ignore'
[0.181s] Level 1:colcon.colcon_core.package_identification:_identify(install) ignored
[0.181s] Level 1:colcon.colcon_core.package_identification:_identify(log) by extensions ['ignore', 'ignore_ament_install']
[0.181s] Level 1:colcon.colcon_core.package_identification:_identify(log) by extension 'ignore'
[0.181s] Level 1:colcon.colcon_core.package_identification:_identify(log) ignored
[0.181s] Level 1:colcon.colcon_core.package_identification:_identify(src) by extensions ['ignore', 'ignore_ament_install']
[0.181s] Level 1:colcon.colcon_core.package_identification:_identify(src) by extension 'ignore'
[0.181s] Level 1:colcon.colcon_core.package_identification:_identify(src) by extension 'ignore_ament_install'
[0.181s] Level 1:colcon.colcon_core.package_identification:_identify(src) by extensions ['colcon_pkg']
[0.181s] Level 1:colcon.colcon_core.package_identification:_identify(src) by extension 'colcon_pkg'
[0.181s] Level 1:colcon.colcon_core.package_identification:_identify(src) by extensions ['colcon_meta']
[0.181s] Level 1:colcon.colcon_core.package_identification:_identify(src) by extension 'colcon_meta'
[0.181s] Level 1:colcon.colcon_core.package_identification:_identify(src) by extensions ['ros']
[0.181s] Level 1:colcon.colcon_core.package_identification:_identify(src) by extension 'ros'
[0.181s] Level 1:colcon.colcon_core.package_identification:_identify(src) by extensions ['cmake', 'python']
[0.181s] Level 1:colcon.colcon_core.package_identification:_identify(src) by extension 'cmake'
[0.181s] Level 1:colcon.colcon_core.package_identification:_identify(src) by extension 'python'
[0.181s] Level 1:colcon.colcon_core.package_identification:_identify(src) by extensions ['python_setup_py']
[0.181s] Level 1:colcon.colcon_core.package_identification:_identify(src) by extension 'python_setup_py'
[0.181s] Level 1:colcon.colcon_core.package_identification:_identify(src/custom_robot_1) by extensions ['ignore', 'ignore_ament_install']
[0.182s] Level 1:colcon.colcon_core.package_identification:_identify(src/custom_robot_1) by extension 'ignore'
[0.182s] Level 1:colcon.colcon_core.package_identification:_identify(src/custom_robot_1) by extension 'ignore_ament_install'
[0.182s] Level 1:colcon.colcon_core.package_identification:_identify(src/custom_robot_1) by extensions ['colcon_pkg']
[0.182s] Level 1:colcon.colcon_core.package_identification:_identify(src/custom_robot_1) by extension 'colcon_pkg'
[0.182s] Level 1:colcon.colcon_core.package_identification:_identify(src/custom_robot_1) by extensions ['colcon_meta']
[0.182s] Level 1:colcon.colcon_core.package_identification:_identify(src/custom_robot_1) by extension 'colcon_meta'
[0.182s] Level 1:colcon.colcon_core.package_identification:_identify(src/custom_robot_1) by extensions ['ros']
[0.182s] Level 1:colcon.colcon_core.package_identification:_identify(src/custom_robot_1) by extension 'ros'
[0.182s] Level 1:colcon.colcon_core.package_identification:_identify(src/custom_robot_1) by extensions ['cmake', 'python']
[0.182s] Level 1:colcon.colcon_core.package_identification:_identify(src/custom_robot_1) by extension 'cmake'
[0.182s] Level 1:colcon.colcon_core.package_identification:_identify(src/custom_robot_1) by extension 'python'
[0.182s] Level 1:colcon.colcon_core.package_identification:_identify(src/custom_robot_1) by extensions ['python_setup_py']
[0.182s] Level 1:colcon.colcon_core.package_identification:_identify(src/custom_robot_1) by extension 'python_setup_py'
[0.182s] Level 1:colcon.colcon_core.package_identification:_identify(src/custom_robot_1/robot_description) by extensions ['ignore', 'ignore_ament_install']
[0.182s] Level 1:colcon.colcon_core.package_identification:_identify(src/custom_robot_1/robot_description) by extension 'ignore'
[0.182s] Level 1:colcon.colcon_core.package_identification:_identify(src/custom_robot_1/robot_description) by extension 'ignore_ament_install'
[0.182s] Level 1:colcon.colcon_core.package_identification:_identify(src/custom_robot_1/robot_description) by extensions ['colcon_pkg']
[0.182s] Level 1:colcon.colcon_core.package_identification:_identify(src/custom_robot_1/robot_description) by extension 'colcon_pkg'
[0.182s] Level 1:colcon.colcon_core.package_identification:_identify(src/custom_robot_1/robot_description) by extensions ['colcon_meta']
[0.182s] Level 1:colcon.colcon_core.package_identification:_identify(src/custom_robot_1/robot_description) by extension 'colcon_meta'
[0.182s] Level 1:colcon.colcon_core.package_identification:_identify(src/custom_robot_1/robot_description) by extensions ['ros']
[0.182s] Level 1:colcon.colcon_core.package_identification:_identify(src/custom_robot_1/robot_description) by extension 'ros'
[0.184s] DEBUG:colcon.colcon_core.package_identification:Package 'src/custom_robot_1/robot_description' with type 'ros.ament_cmake' and name 'robot_description'
[0.184s] Level 1:colcon.colcon_core.package_identification:_identify(src/custom_robot_2) by extensions ['ignore', 'ignore_ament_install']
[0.184s] Level 1:colcon.colcon_core.package_identification:_identify(src/custom_robot_2) by extension 'ignore'
[0.184s] Level 1:colcon.colcon_core.package_identification:_identify(src/custom_robot_2) by extension 'ignore_ament_install'
[0.184s] Level 1:colcon.colcon_core.package_identification:_identify(src/custom_robot_2) by extensions ['colcon_pkg']
[0.184s] Level 1:colcon.colcon_core.package_identification:_identify(src/custom_robot_2) by extension 'colcon_pkg'
[0.184s] Level 1:colcon.colcon_core.package_identification:_identify(src/custom_robot_2) by extensions ['colcon_meta']
[0.184s] Level 1:colcon.colcon_core.package_identification:_identify(src/custom_robot_2) by extension 'colcon_meta'
[0.184s] Level 1:colcon.colcon_core.package_identification:_identify(src/custom_robot_2) by extensions ['ros']
[0.184s] Level 1:colcon.colcon_core.package_identification:_identify(src/custom_robot_2) by extension 'ros'
[0.184s] Level 1:colcon.colcon_core.package_identification:_identify(src/custom_robot_2) by extensions ['cmake', 'python']
[0.184s] Level 1:colcon.colcon_core.package_identification:_identify(src/custom_robot_2) by extension 'cmake'
[0.184s] Level 1:colcon.colcon_core.package_identification:_identify(src/custom_robot_2) by extension 'python'
[0.184s] Level 1:colcon.colcon_core.package_identification:_identify(src/custom_robot_2) by extensions ['python_setup_py']
[0.184s] Level 1:colcon.colcon_core.package_identification:_identify(src/custom_robot_2) by extension 'python_setup_py'
[0.184s] Level 1:colcon.colcon_core.package_identification:_identify(src/custom_robot_2/my_robot_description) by extensions ['ignore', 'ignore_ament_install']
[0.184s] Level 1:colcon.colcon_core.package_identification:_identify(src/custom_robot_2/my_robot_description) by extension 'ignore'
[0.184s] Level 1:colcon.colcon_core.package_identification:_identify(src/custom_robot_2/my_robot_description) by extension 'ignore_ament_install'
[0.185s] Level 1:colcon.colcon_core.package_identification:_identify(src/custom_robot_2/my_robot_description) by extensions ['colcon_pkg']
[0.185s] Level 1:colcon.colcon_core.package_identification:_identify(src/custom_robot_2/my_robot_description) by extension 'colcon_pkg'
[0.185s] Level 1:colcon.colcon_core.package_identification:_identify(src/custom_robot_2/my_robot_description) by extensions ['colcon_meta']
[0.185s] Level 1:colcon.colcon_core.package_identification:_identify(src/custom_robot_2/my_robot_description) by extension 'colcon_meta'
[0.185s] Level 1:colcon.colcon_core.package_identification:_identify(src/custom_robot_2/my_robot_description) by extensions ['ros']
[0.185s] Level 1:colcon.colcon_core.package_identification:_identify(src/custom_robot_2/my_robot_description) by extension 'ros'
[0.185s] DEBUG:colcon.colcon_core.package_identification:Package 'src/custom_robot_2/my_robot_description' with type 'ros.ament_cmake' and name 'my_robot_description'
[0.185s] Level 1:colcon.colcon_core.package_identification:_identify(src/custom_robot_3) by extensions ['ignore', 'ignore_ament_install']
[0.185s] Level 1:colcon.colcon_core.package_identification:_identify(src/custom_robot_3) by extension 'ignore'
[0.185s] Level 1:colcon.colcon_core.package_identification:_identify(src/custom_robot_3) by extension 'ignore_ament_install'
[0.185s] Level 1:colcon.colcon_core.package_identification:_identify(src/custom_robot_3) by extensions ['colcon_pkg']
[0.185s] Level 1:colcon.colcon_core.package_identification:_identify(src/custom_robot_3) by extension 'colcon_pkg'
[0.185s] Level 1:colcon.colcon_core.package_identification:_identify(src/custom_robot_3) by extensions ['colcon_meta']
[0.185s] Level 1:colcon.colcon_core.package_identification:_identify(src/custom_robot_3) by extension 'colcon_meta'
[0.185s] Level 1:colcon.colcon_core.package_identification:_identify(src/custom_robot_3) by extensions ['ros']
[0.185s] Level 1:colcon.colcon_core.package_identification:_identify(src/custom_robot_3) by extension 'ros'
[0.185s] Level 1:colcon.colcon_core.package_identification:_identify(src/custom_robot_3) by extensions ['cmake', 'python']
[0.185s] Level 1:colcon.colcon_core.package_identification:_identify(src/custom_robot_3) by extension 'cmake'
[0.185s] Level 1:colcon.colcon_core.package_identification:_identify(src/custom_robot_3) by extension 'python'
[0.185s] Level 1:colcon.colcon_core.package_identification:_identify(src/custom_robot_3) by extensions ['python_setup_py']
[0.185s] Level 1:colcon.colcon_core.package_identification:_identify(src/custom_robot_3) by extension 'python_setup_py'
[0.185s] Level 1:colcon.colcon_core.package_identification:_identify(src/custom_robot_3/import_your_custom_urdf_package_to_ROS-main-main) by extensions ['ignore', 'ignore_ament_install']
[0.185s] Level 1:colcon.colcon_core.package_identification:_identify(src/custom_robot_3/import_your_custom_urdf_package_to_ROS-main-main) by extension 'ignore'
[0.185s] Level 1:colcon.colcon_core.package_identification:_identify(src/custom_robot_3/import_your_custom_urdf_package_to_ROS-main-main) by extension 'ignore_ament_install'
[0.185s] Level 1:colcon.colcon_core.package_identification:_identify(src/custom_robot_3/import_your_custom_urdf_package_to_ROS-main-main) by extensions ['colcon_pkg']
[0.185s] Level 1:colcon.colcon_core.package_identification:_identify(src/custom_robot_3/import_your_custom_urdf_package_to_ROS-main-main) by extension 'colcon_pkg'
[0.185s] Level 1:colcon.colcon_core.package_identification:_identify(src/custom_robot_3/import_your_custom_urdf_package_to_ROS-main-main) by extensions ['colcon_meta']
[0.185s] Level 1:colcon.colcon_core.package_identification:_identify(src/custom_robot_3/import_your_custom_urdf_package_to_ROS-main-main) by extension 'colcon_meta'
[0.185s] Level 1:colcon.colcon_core.package_identification:_identify(src/custom_robot_3/import_your_custom_urdf_package_to_ROS-main-main) by extensions ['ros']
[0.185s] Level 1:colcon.colcon_core.package_identification:_identify(src/custom_robot_3/import_your_custom_urdf_package_to_ROS-main-main) by extension 'ros'
[0.186s] Level 1:colcon.colcon_core.package_identification:_identify(src/custom_robot_3/import_your_custom_urdf_package_to_ROS-main-main) by extensions ['cmake', 'python']
[0.186s] Level 1:colcon.colcon_core.package_identification:_identify(src/custom_robot_3/import_your_custom_urdf_package_to_ROS-main-main) by extension 'cmake'
[0.186s] Level 1:colcon.colcon_core.package_identification:_identify(src/custom_robot_3/import_your_custom_urdf_package_to_ROS-main-main) by extension 'python'
[0.186s] Level 1:colcon.colcon_core.package_identification:_identify(src/custom_robot_3/import_your_custom_urdf_package_to_ROS-main-main) by extensions ['python_setup_py']
[0.186s] Level 1:colcon.colcon_core.package_identification:_identify(src/custom_robot_3/import_your_custom_urdf_package_to_ROS-main-main) by extension 'python_setup_py'
[0.186s] Level 1:colcon.colcon_core.package_identification:_identify(src/custom_robot_3/import_your_custom_urdf_package_to_ROS-main-main/movit_robot_arm_sim) by extensions ['ignore', 'ignore_ament_install']
[0.186s] Level 1:colcon.colcon_core.package_identification:_identify(src/custom_robot_3/import_your_custom_urdf_package_to_ROS-main-main/movit_robot_arm_sim) by extension 'ignore'
[0.186s] Level 1:colcon.colcon_core.package_identification:_identify(src/custom_robot_3/import_your_custom_urdf_package_to_ROS-main-main/movit_robot_arm_sim) by extension 'ignore_ament_install'
[0.186s] Level 1:colcon.colcon_core.package_identification:_identify(src/custom_robot_3/import_your_custom_urdf_package_to_ROS-main-main/movit_robot_arm_sim) by extensions ['colcon_pkg']
[0.186s] Level 1:colcon.colcon_core.package_identification:_identify(src/custom_robot_3/import_your_custom_urdf_package_to_ROS-main-main/movit_robot_arm_sim) by extension 'colcon_pkg'
[0.186s] Level 1:colcon.colcon_core.package_identification:_identify(src/custom_robot_3/import_your_custom_urdf_package_to_ROS-main-main/movit_robot_arm_sim) by extensions ['colcon_meta']
[0.186s] Level 1:colcon.colcon_core.package_identification:_identify(src/custom_robot_3/import_your_custom_urdf_package_to_ROS-main-main/movit_robot_arm_sim) by extension 'colcon_meta'
[0.186s] Level 1:colcon.colcon_core.package_identification:_identify(src/custom_robot_3/import_your_custom_urdf_package_to_ROS-main-main/movit_robot_arm_sim) by extensions ['ros']
[0.186s] Level 1:colcon.colcon_core.package_identification:_identify(src/custom_robot_3/import_your_custom_urdf_package_to_ROS-main-main/movit_robot_arm_sim) by extension 'ros'
[0.187s] DEBUG:colcon.colcon_core.package_identification:Package 'src/custom_robot_3/import_your_custom_urdf_package_to_ROS-main-main/movit_robot_arm_sim' with type 'ros.ament_cmake' and name 'movit_robot_arm_sim'
[0.187s] Level 1:colcon.colcon_core.package_identification:_identify(src/custom_robot_3/import_your_custom_urdf_package_to_ROS-main-main/robot_arm_urdf) by extensions ['ignore', 'ignore_ament_install']
[0.187s] Level 1:colcon.colcon_core.package_identification:_identify(src/custom_robot_3/import_your_custom_urdf_package_to_ROS-main-main/robot_arm_urdf) by extension 'ignore'
[0.187s] Level 1:colcon.colcon_core.package_identification:_identify(src/custom_robot_3/import_your_custom_urdf_package_to_ROS-main-main/robot_arm_urdf) by extension 'ignore_ament_install'
[0.187s] Level 1:colcon.colcon_core.package_identification:_identify(src/custom_robot_3/import_your_custom_urdf_package_to_ROS-main-main/robot_arm_urdf) by extensions ['colcon_pkg']
[0.187s] Level 1:colcon.colcon_core.package_identification:_identify(src/custom_robot_3/import_your_custom_urdf_package_to_ROS-main-main/robot_arm_urdf) by extension 'colcon_pkg'
[0.187s] Level 1:colcon.colcon_core.package_identification:_identify(src/custom_robot_3/import_your_custom_urdf_package_to_ROS-main-main/robot_arm_urdf) by extensions ['colcon_meta']
[0.187s] Level 1:colcon.colcon_core.package_identification:_identify(src/custom_robot_3/import_your_custom_urdf_package_to_ROS-main-main/robot_arm_urdf) by extension 'colcon_meta'
[0.187s] Level 1:colcon.colcon_core.package_identification:_identify(src/custom_robot_3/import_your_custom_urdf_package_to_ROS-main-main/robot_arm_urdf) by extensions ['ros']
[0.187s] Level 1:colcon.colcon_core.package_identification:_identify(src/custom_robot_3/import_your_custom_urdf_package_to_ROS-main-main/robot_arm_urdf) by extension 'ros'
[0.188s] DEBUG:colcon.colcon_core.package_identification:Package 'src/custom_robot_3/import_your_custom_urdf_package_to_ROS-main-main/robot_arm_urdf' with type 'ros.ament_cmake' and name 'robot_arm_urdf'
[0.188s] Level 1:colcon.colcon_core.package_discovery:discover_packages(recursive) using defaults
[0.188s] Level 1:colcon.colcon_core.package_discovery:discover_packages(ignore) discover
[0.188s] Level 1:colcon.colcon_core.package_discovery:discover_packages(ignore) using defaults
[0.188s] Level 1:colcon.colcon_core.package_discovery:discover_packages(path) discover
[0.188s] Level 1:colcon.colcon_core.package_discovery:discover_packages(path) using defaults
[0.203s] INFO:colcon.colcon_core.package_selection:Skipping not selected package 'my_robot_description' in 'src/custom_robot_2/my_robot_description'
[0.203s] INFO:colcon.colcon_core.package_selection:Skipping not selected package 'robot_description' in 'src/custom_robot_1/robot_description'
[0.204s] Level 1:colcon.colcon_core.package_discovery:discover_packages(prefix_path) check parameters
[0.204s] Level 1:colcon.colcon_core.package_discovery:discover_packages(prefix_path) discover
[0.205s] Level 1:colcon.colcon_core.package_discovery:discover_packages(prefix_path) using defaults
[0.205s] Level 5:colcon.colcon_core.verb:set package 'robot_arm_urdf' build argument 'cmake_args' from command line to '['-DCMAKE_BUILD_TYPE=Release']'
[0.205s] Level 5:colcon.colcon_core.verb:set package 'robot_arm_urdf' build argument 'cmake_target' from command line to 'None'
[0.205s] Level 5:colcon.colcon_core.verb:set package 'robot_arm_urdf' build argument 'cmake_target_skip_unavailable' from command line to 'False'
[0.205s] Level 5:colcon.colcon_core.verb:set package 'robot_arm_urdf' build argument 'cmake_clean_cache' from command line to 'False'
[0.205s] Level 5:colcon.colcon_core.verb:set package 'robot_arm_urdf' build argument 'cmake_clean_first' from command line to 'False'
[0.205s] Level 5:colcon.colcon_core.verb:set package 'robot_arm_urdf' build argument 'cmake_force_configure' from command line to 'False'
[0.206s] Level 5:colcon.colcon_core.verb:set package 'robot_arm_urdf' build argument 'ament_cmake_args' from command line to 'None'
[0.206s] Level 5:colcon.colcon_core.verb:set package 'robot_arm_urdf' build argument 'catkin_cmake_args' from command line to 'None'
[0.206s] Level 5:colcon.colcon_core.verb:set package 'robot_arm_urdf' build argument 'catkin_skip_building_tests' from command line to 'False'
[0.206s] DEBUG:colcon.colcon_core.verb:Building package 'robot_arm_urdf' with the following arguments: {'ament_cmake_args': None, 'build_base': '/home/dan/rl_for_curobo/projects_root/ros/workspaces/moveit_cfgs_ws/build/robot_arm_urdf', 'catkin_cmake_args': None, 'catkin_skip_building_tests': False, 'cmake_args': ['-DCMAKE_BUILD_TYPE=Release'], 'cmake_clean_cache': False, 'cmake_clean_first': False, 'cmake_force_configure': False, 'cmake_target': None, 'cmake_target_skip_unavailable': False, 'install_base': '/home/dan/rl_for_curobo/projects_root/ros/workspaces/moveit_cfgs_ws/install/robot_arm_urdf', 'merge_install': False, 'path': '/home/dan/rl_for_curobo/projects_root/ros/workspaces/moveit_cfgs_ws/src/custom_robot_3/import_your_custom_urdf_package_to_ROS-main-main/robot_arm_urdf', 'symlink_install': False, 'test_result_base': None}
[0.206s] Level 5:colcon.colcon_core.verb:set package 'movit_robot_arm_sim' build argument 'cmake_args' from command line to '['-DCMAKE_BUILD_TYPE=Release']'
[0.206s] Level 5:colcon.colcon_core.verb:set package 'movit_robot_arm_sim' build argument 'cmake_target' from command line to 'None'
[0.206s] Level 5:colcon.colcon_core.verb:set package 'movit_robot_arm_sim' build argument 'cmake_target_skip_unavailable' from command line to 'False'
[0.206s] Level 5:colcon.colcon_core.verb:set package 'movit_robot_arm_sim' build argument 'cmake_clean_cache' from command line to 'False'
[0.206s] Level 5:colcon.colcon_core.verb:set package 'movit_robot_arm_sim' build argument 'cmake_clean_first' from command line to 'False'
[0.206s] Level 5:colcon.colcon_core.verb:set package 'movit_robot_arm_sim' build argument 'cmake_force_configure' from command line to 'False'
[0.206s] Level 5:colcon.colcon_core.verb:set package 'movit_robot_arm_sim' build argument 'ament_cmake_args' from command line to 'None'
[0.206s] Level 5:colcon.colcon_core.verb:set package 'movit_robot_arm_sim' build argument 'catkin_cmake_args' from command line to 'None'
[0.206s] Level 5:colcon.colcon_core.verb:set package 'movit_robot_arm_sim' build argument 'catkin_skip_building_tests' from command line to 'False'
[0.206s] DEBUG:colcon.colcon_core.verb:Building package 'movit_robot_arm_sim' with the following arguments: {'ament_cmake_args': None, 'build_base': '/home/dan/rl_for_curobo/projects_root/ros/workspaces/moveit_cfgs_ws/build/movit_robot_arm_sim', 'catkin_cmake_args': None, 'catkin_skip_building_tests': False, 'cmake_args': ['-DCMAKE_BUILD_TYPE=Release'], 'cmake_clean_cache': False, 'cmake_clean_first': False, 'cmake_force_configure': False, 'cmake_target': None, 'cmake_target_skip_unavailable': False, 'install_base': '/home/dan/rl_for_curobo/projects_root/ros/workspaces/moveit_cfgs_ws/install/movit_robot_arm_sim', 'merge_install': False, 'path': '/home/dan/rl_for_curobo/projects_root/ros/workspaces/moveit_cfgs_ws/src/custom_robot_3/import_your_custom_urdf_package_to_ROS-main-main/movit_robot_arm_sim', 'symlink_install': False, 'test_result_base': None}
[0.206s] INFO:colcon.colcon_core.executor:Executing jobs using 'parallel' executor
[0.207s] DEBUG:colcon.colcon_parallel_executor.executor.parallel:run_until_complete
[0.207s] INFO:colcon.colcon_ros.task.ament_cmake.build:Building ROS package in '/home/dan/rl_for_curobo/projects_root/ros/workspaces/moveit_cfgs_ws/src/custom_robot_3/import_your_custom_urdf_package_to_ROS-main-main/robot_arm_urdf' with build type 'ament_cmake'
[0.207s] INFO:colcon.colcon_cmake.task.cmake.build:Building CMake package in '/home/dan/rl_for_curobo/projects_root/ros/workspaces/moveit_cfgs_ws/src/custom_robot_3/import_your_custom_urdf_package_to_ROS-main-main/robot_arm_urdf'
[0.209s] INFO:colcon.colcon_core.plugin_system:Skipping extension 'colcon_core.shell.bat': Not used on non-Windows systems
[0.209s] INFO:colcon.colcon_core.shell:Skip shell extension 'powershell' for command environment: Not usable outside of PowerShell
[0.209s] DEBUG:colcon.colcon_core.shell:Skip shell extension 'dsv' for command environment
[0.214s] DEBUG:colcon.colcon_core.event_handler.log_command:Invoking command in '/home/dan/rl_for_curobo/projects_root/ros/workspaces/moveit_cfgs_ws/build/robot_arm_urdf': DEBUGINFOD_URLS=https://debuginfod.ubuntu.com /usr/local/bin/cmake /home/dan/rl_for_curobo/projects_root/ros/workspaces/moveit_cfgs_ws/src/custom_robot_3/import_your_custom_urdf_package_to_ROS-main-main/robot_arm_urdf -DCMAKE_BUILD_TYPE=Release -DCMAKE_INSTALL_PREFIX=/home/dan/rl_for_curobo/projects_root/ros/workspaces/moveit_cfgs_ws/install/robot_arm_urdf
[0.237s] DEBUG:colcon.colcon_core.event_handler.log_command:Invoked command in '/home/dan/rl_for_curobo/projects_root/ros/workspaces/moveit_cfgs_ws/build/robot_arm_urdf' returned '1': DEBUGINFOD_URLS=https://debuginfod.ubuntu.com /usr/local/bin/cmake /home/dan/rl_for_curobo/projects_root/ros/workspaces/moveit_cfgs_ws/src/custom_robot_3/import_your_custom_urdf_package_to_ROS-main-main/robot_arm_urdf -DCMAKE_BUILD_TYPE=Release -DCMAKE_INSTALL_PREFIX=/home/dan/rl_for_curobo/projects_root/ros/workspaces/moveit_cfgs_ws/install/robot_arm_urdf
[0.238s] Level 1:colcon.colcon_core.environment:create_environment_scripts_only(robot_arm_urdf)
[0.242s] Level 1:colcon.colcon_core.environment:checking '/home/dan/rl_for_curobo/projects_root/ros/workspaces/moveit_cfgs_ws/install/robot_arm_urdf' for CMake module files
[0.243s] Level 1:colcon.colcon_core.environment:checking '/home/dan/rl_for_curobo/projects_root/ros/workspaces/moveit_cfgs_ws/install/robot_arm_urdf' for CMake config files
[0.244s] Level 1:colcon.colcon_core.environment:checking '/home/dan/rl_for_curobo/projects_root/ros/workspaces/moveit_cfgs_ws/install/robot_arm_urdf/bin'
[0.244s] Level 1:colcon.colcon_core.environment:checking '/home/dan/rl_for_curobo/projects_root/ros/workspaces/moveit_cfgs_ws/install/robot_arm_urdf/lib/pkgconfig/robot_arm_urdf.pc'
[0.247s] Level 1:colcon.colcon_core.environment:checking '/home/dan/rl_for_curobo/projects_root/ros/workspaces/moveit_cfgs_ws/install/robot_arm_urdf/lib/python3.12/site-packages'
[0.247s] Level 1:colcon.colcon_core.environment:checking '/home/dan/rl_for_curobo/projects_root/ros/workspaces/moveit_cfgs_ws/install/robot_arm_urdf/bin'
[0.247s] INFO:colcon.colcon_core.shell:Creating package script '/home/dan/rl_for_curobo/projects_root/ros/workspaces/moveit_cfgs_ws/install/robot_arm_urdf/share/robot_arm_urdf/package.ps1'
[0.248s] INFO:colcon.colcon_core.shell:Creating package descriptor '/home/dan/rl_for_curobo/projects_root/ros/workspaces/moveit_cfgs_ws/install/robot_arm_urdf/share/robot_arm_urdf/package.dsv'
[0.249s] INFO:colcon.colcon_core.shell:Creating package script '/home/dan/rl_for_curobo/projects_root/ros/workspaces/moveit_cfgs_ws/install/robot_arm_urdf/share/robot_arm_urdf/package.sh'
[0.249s] INFO:colcon.colcon_core.shell:Creating package script '/home/dan/rl_for_curobo/projects_root/ros/workspaces/moveit_cfgs_ws/install/robot_arm_urdf/share/robot_arm_urdf/package.bash'
[0.250s] INFO:colcon.colcon_core.shell:Creating package script '/home/dan/rl_for_curobo/projects_root/ros/workspaces/moveit_cfgs_ws/install/robot_arm_urdf/share/robot_arm_urdf/package.zsh'
[0.251s] Level 1:colcon.colcon_core.environment:create_file_with_runtime_dependencies(/home/dan/rl_for_curobo/projects_root/ros/workspaces/moveit_cfgs_ws/install/robot_arm_urdf/share/colcon-core/packages/robot_arm_urdf)
[0.261s] DEBUG:colcon.colcon_parallel_executor.executor.parallel:closing loop
[0.261s] DEBUG:colcon.colcon_parallel_executor.executor.parallel:loop closed
[0.261s] DEBUG:colcon.colcon_parallel_executor.executor.parallel:run_until_complete finished with '1'
[0.261s] DEBUG:colcon.colcon_core.event_reactor:joining thread
[0.267s] INFO:colcon.colcon_core.plugin_system:Skipping extension 'colcon_notification.desktop_notification.terminal_notifier': Not used on non-Darwin systems
[0.267s] INFO:colcon.colcon_core.plugin_system:Skipping extension 'colcon_notification.desktop_notification.win32': Not used on non-Windows systems
[0.267s] INFO:colcon.colcon_notification.desktop_notification:Sending desktop notification using 'notify2'
[0.276s] DEBUG:colcon.colcon_core.event_reactor:joined thread
[0.276s] INFO:colcon.colcon_core.shell:Creating prefix script '/home/dan/rl_for_curobo/projects_root/ros/workspaces/moveit_cfgs_ws/install/local_setup.ps1'
[0.277s] INFO:colcon.colcon_core.shell:Creating prefix util module '/home/dan/rl_for_curobo/projects_root/ros/workspaces/moveit_cfgs_ws/install/_local_setup_util_ps1.py'
[0.278s] INFO:colcon.colcon_core.shell:Creating prefix chain script '/home/dan/rl_for_curobo/projects_root/ros/workspaces/moveit_cfgs_ws/install/setup.ps1'
[0.278s] INFO:colcon.colcon_core.shell:Creating prefix script '/home/dan/rl_for_curobo/projects_root/ros/workspaces/moveit_cfgs_ws/install/local_setup.sh'
[0.279s] INFO:colcon.colcon_core.shell:Creating prefix util module '/home/dan/rl_for_curobo/projects_root/ros/workspaces/moveit_cfgs_ws/install/_local_setup_util_sh.py'
[0.279s] INFO:colcon.colcon_core.shell:Creating prefix chain script '/home/dan/rl_for_curobo/projects_root/ros/workspaces/moveit_cfgs_ws/install/setup.sh'
[0.279s] INFO:colcon.colcon_core.shell:Creating prefix script '/home/dan/rl_for_curobo/projects_root/ros/workspaces/moveit_cfgs_ws/install/local_setup.bash'
[0.280s] INFO:colcon.colcon_core.shell:Creating prefix chain script '/home/dan/rl_for_curobo/projects_root/ros/workspaces/moveit_cfgs_ws/install/setup.bash'
[0.280s] INFO:colcon.colcon_core.shell:Creating prefix script '/home/dan/rl_for_curobo/projects_root/ros/workspaces/moveit_cfgs_ws/install/local_setup.zsh'
[0.281s] INFO:colcon.colcon_core.shell:Creating prefix chain script '/home/dan/rl_for_curobo/projects_root/ros/workspaces/moveit_cfgs_ws/install/setup.zsh'
