[0.065s] DEBUG:colcon:Command line arguments: ['/usr/bin/colcon', 'build']
[0.065s] DEBUG:colcon:Parsed command line arguments: Namespace(log_base=None, log_level=None, verb_name='build', build_base='build', install_base='install', merge_install=False, symlink_install=False, test_result_base=None, continue_on_error=False, executor='parallel', parallel_workers=16, event_handlers=None, ignore_user_meta=False, metas=['./colcon.meta'], base_paths=['.'], packages_ignore=None, packages_ignore_regex=None, paths=None, packages_up_to=None, packages_up_to_regex=None, packages_above=None, packages_above_and_dependencies=None, packages_above_depth=None, packages_select_by_dep=None, packages_skip_by_dep=None, packages_skip_up_to=None, packages_select_build_failed=False, packages_skip_build_finished=False, packages_select_test_failures=False, packages_skip_test_passed=False, packages_select=None, packages_skip=None, packages_select_regex=None, packages_skip_regex=None, packages_start=None, packages_end=None, cmake_args=None, cmake_target=None, cmake_target_skip_unavailable=False, cmake_clean_cache=False, cmake_clean_first=False, cmake_force_configure=False, ament_cmake_args=None, catkin_cmake_args=None, catkin_skip_building_tests=False, mixin_files=None, mixin=None, verb_parser=<colcon_mixin.mixin.mixin_argument.MixinArgumentDecorator object at 0x7e1ee1282050>, verb_extension=<colcon_core.verb.build.BuildVerb object at 0x7e1ee1281ba0>, main=<bound method BuildVerb.main of <colcon_core.verb.build.BuildVerb object at 0x7e1ee1281ba0>>, mixin_verb=('build',))
[0.147s] Level 1:colcon.colcon_core.package_discovery:discover_packages(colcon_meta) check parameters
[0.147s] Level 1:colcon.colcon_core.package_discovery:discover_packages(recursive) check parameters
[0.147s] Level 1:colcon.colcon_core.package_discovery:discover_packages(ignore) check parameters
[0.147s] Level 1:colcon.colcon_core.package_discovery:discover_packages(path) check parameters
[0.147s] Level 1:colcon.colcon_core.package_discovery:discover_packages(colcon_meta) discover
[0.147s] Level 1:colcon.colcon_core.package_discovery:discover_packages(recursive) discover
[0.147s] INFO:colcon.colcon_core.package_discovery:Crawling recursively for packages in '/workspace/rl_for_curobo/projects_root/ros/workspaces/moveit_cfgs_ws'
[0.148s] Level 1:colcon.colcon_core.package_identification:_identify(.) by extensions ['ignore', 'ignore_ament_install']
[0.148s] Level 1:colcon.colcon_core.package_identification:_identify(.) by extension 'ignore'
[0.148s] Level 1:colcon.colcon_core.package_identification:_identify(.) by extension 'ignore_ament_install'
[0.148s] Level 1:colcon.colcon_core.package_identification:_identify(.) by extensions ['colcon_pkg']
[0.148s] Level 1:colcon.colcon_core.package_identification:_identify(.) by extension 'colcon_pkg'
[0.148s] Level 1:colcon.colcon_core.package_identification:_identify(.) by extensions ['colcon_meta']
[0.148s] Level 1:colcon.colcon_core.package_identification:_identify(.) by extension 'colcon_meta'
[0.148s] Level 1:colcon.colcon_core.package_identification:_identify(.) by extensions ['ros']
[0.148s] Level 1:colcon.colcon_core.package_identification:_identify(.) by extension 'ros'
[0.154s] Level 1:colcon.colcon_core.package_identification:_identify(.) by extensions ['cmake', 'python']
[0.154s] Level 1:colcon.colcon_core.package_identification:_identify(.) by extension 'cmake'
[0.154s] Level 1:colcon.colcon_core.package_identification:_identify(.) by extension 'python'
[0.154s] Level 1:colcon.colcon_core.package_identification:_identify(.) by extensions ['python_setup_py']
[0.154s] Level 1:colcon.colcon_core.package_identification:_identify(.) by extension 'python_setup_py'
[0.154s] Level 1:colcon.colcon_core.package_identification:_identify(build) by extensions ['ignore', 'ignore_ament_install']
[0.154s] Level 1:colcon.colcon_core.package_identification:_identify(build) by extension 'ignore'
[0.154s] Level 1:colcon.colcon_core.package_identification:_identify(build) ignored
[0.154s] Level 1:colcon.colcon_core.package_identification:_identify(install) by extensions ['ignore', 'ignore_ament_install']
[0.154s] Level 1:colcon.colcon_core.package_identification:_identify(install) by extension 'ignore'
[0.154s] Level 1:colcon.colcon_core.package_identification:_identify(install) ignored
[0.154s] Level 1:colcon.colcon_core.package_identification:_identify(log) by extensions ['ignore', 'ignore_ament_install']
[0.154s] Level 1:colcon.colcon_core.package_identification:_identify(log) by extension 'ignore'
[0.154s] Level 1:colcon.colcon_core.package_identification:_identify(log) ignored
[0.154s] Level 1:colcon.colcon_core.package_identification:_identify(src) by extensions ['ignore', 'ignore_ament_install']
[0.154s] Level 1:colcon.colcon_core.package_identification:_identify(src) by extension 'ignore'
[0.154s] Level 1:colcon.colcon_core.package_identification:_identify(src) by extension 'ignore_ament_install'
[0.154s] Level 1:colcon.colcon_core.package_identification:_identify(src) by extensions ['colcon_pkg']
[0.154s] Level 1:colcon.colcon_core.package_identification:_identify(src) by extension 'colcon_pkg'
[0.154s] Level 1:colcon.colcon_core.package_identification:_identify(src) by extensions ['colcon_meta']
[0.154s] Level 1:colcon.colcon_core.package_identification:_identify(src) by extension 'colcon_meta'
[0.154s] Level 1:colcon.colcon_core.package_identification:_identify(src) by extensions ['ros']
[0.154s] Level 1:colcon.colcon_core.package_identification:_identify(src) by extension 'ros'
[0.155s] Level 1:colcon.colcon_core.package_identification:_identify(src) by extensions ['cmake', 'python']
[0.155s] Level 1:colcon.colcon_core.package_identification:_identify(src) by extension 'cmake'
[0.155s] Level 1:colcon.colcon_core.package_identification:_identify(src) by extension 'python'
[0.155s] Level 1:colcon.colcon_core.package_identification:_identify(src) by extensions ['python_setup_py']
[0.155s] Level 1:colcon.colcon_core.package_identification:_identify(src) by extension 'python_setup_py'
[0.155s] Level 1:colcon.colcon_core.package_identification:_identify(src/custom_robot_1) by extensions ['ignore', 'ignore_ament_install']
[0.155s] Level 1:colcon.colcon_core.package_identification:_identify(src/custom_robot_1) by extension 'ignore'
[0.155s] Level 1:colcon.colcon_core.package_identification:_identify(src/custom_robot_1) by extension 'ignore_ament_install'
[0.155s] Level 1:colcon.colcon_core.package_identification:_identify(src/custom_robot_1) by extensions ['colcon_pkg']
[0.155s] Level 1:colcon.colcon_core.package_identification:_identify(src/custom_robot_1) by extension 'colcon_pkg'
[0.155s] Level 1:colcon.colcon_core.package_identification:_identify(src/custom_robot_1) by extensions ['colcon_meta']
[0.155s] Level 1:colcon.colcon_core.package_identification:_identify(src/custom_robot_1) by extension 'colcon_meta'
[0.155s] Level 1:colcon.colcon_core.package_identification:_identify(src/custom_robot_1) by extensions ['ros']
[0.155s] Level 1:colcon.colcon_core.package_identification:_identify(src/custom_robot_1) by extension 'ros'
[0.155s] Level 1:colcon.colcon_core.package_identification:_identify(src/custom_robot_1) by extensions ['cmake', 'python']
[0.155s] Level 1:colcon.colcon_core.package_identification:_identify(src/custom_robot_1) by extension 'cmake'
[0.155s] Level 1:colcon.colcon_core.package_identification:_identify(src/custom_robot_1) by extension 'python'
[0.155s] Level 1:colcon.colcon_core.package_identification:_identify(src/custom_robot_1) by extensions ['python_setup_py']
[0.155s] Level 1:colcon.colcon_core.package_identification:_identify(src/custom_robot_1) by extension 'python_setup_py'
[0.155s] Level 1:colcon.colcon_core.package_identification:_identify(src/custom_robot_1/robot_description) by extensions ['ignore', 'ignore_ament_install']
[0.155s] Level 1:colcon.colcon_core.package_identification:_identify(src/custom_robot_1/robot_description) by extension 'ignore'
[0.155s] Level 1:colcon.colcon_core.package_identification:_identify(src/custom_robot_1/robot_description) by extension 'ignore_ament_install'
[0.155s] Level 1:colcon.colcon_core.package_identification:_identify(src/custom_robot_1/robot_description) by extensions ['colcon_pkg']
[0.155s] Level 1:colcon.colcon_core.package_identification:_identify(src/custom_robot_1/robot_description) by extension 'colcon_pkg'
[0.155s] Level 1:colcon.colcon_core.package_identification:_identify(src/custom_robot_1/robot_description) by extensions ['colcon_meta']
[0.155s] Level 1:colcon.colcon_core.package_identification:_identify(src/custom_robot_1/robot_description) by extension 'colcon_meta'
[0.155s] Level 1:colcon.colcon_core.package_identification:_identify(src/custom_robot_1/robot_description) by extensions ['ros']
[0.155s] Level 1:colcon.colcon_core.package_identification:_identify(src/custom_robot_1/robot_description) by extension 'ros'
[0.156s] DEBUG:colcon.colcon_core.package_identification:Package 'src/custom_robot_1/robot_description' with type 'ros.ament_cmake' and name 'robot_description'
[0.157s] Level 1:colcon.colcon_core.package_identification:_identify(src/franka_dual_arm) by extensions ['ignore', 'ignore_ament_install']
[0.157s] Level 1:colcon.colcon_core.package_identification:_identify(src/franka_dual_arm) by extension 'ignore'
[0.157s] Level 1:colcon.colcon_core.package_identification:_identify(src/franka_dual_arm) by extension 'ignore_ament_install'
[0.157s] Level 1:colcon.colcon_core.package_identification:_identify(src/franka_dual_arm) by extensions ['colcon_pkg']
[0.157s] Level 1:colcon.colcon_core.package_identification:_identify(src/franka_dual_arm) by extension 'colcon_pkg'
[0.157s] Level 1:colcon.colcon_core.package_identification:_identify(src/franka_dual_arm) by extensions ['colcon_meta']
[0.157s] Level 1:colcon.colcon_core.package_identification:_identify(src/franka_dual_arm) by extension 'colcon_meta'
[0.157s] Level 1:colcon.colcon_core.package_identification:_identify(src/franka_dual_arm) by extensions ['ros']
[0.157s] Level 1:colcon.colcon_core.package_identification:_identify(src/franka_dual_arm) by extension 'ros'
[0.157s] DEBUG:colcon.colcon_core.package_identification:Package 'src/franka_dual_arm' with type 'ros.ament_cmake' and name 'franka_dual_arm'
[0.157s] Level 1:colcon.colcon_core.package_identification:_identify(src/franka_dual_arm_subgroups_no_ee) by extensions ['ignore', 'ignore_ament_install']
[0.157s] Level 1:colcon.colcon_core.package_identification:_identify(src/franka_dual_arm_subgroups_no_ee) by extension 'ignore'
[0.157s] Level 1:colcon.colcon_core.package_identification:_identify(src/franka_dual_arm_subgroups_no_ee) by extension 'ignore_ament_install'
[0.157s] Level 1:colcon.colcon_core.package_identification:_identify(src/franka_dual_arm_subgroups_no_ee) by extensions ['colcon_pkg']
[0.157s] Level 1:colcon.colcon_core.package_identification:_identify(src/franka_dual_arm_subgroups_no_ee) by extension 'colcon_pkg'
[0.157s] Level 1:colcon.colcon_core.package_identification:_identify(src/franka_dual_arm_subgroups_no_ee) by extensions ['colcon_meta']
[0.157s] Level 1:colcon.colcon_core.package_identification:_identify(src/franka_dual_arm_subgroups_no_ee) by extension 'colcon_meta'
[0.157s] Level 1:colcon.colcon_core.package_identification:_identify(src/franka_dual_arm_subgroups_no_ee) by extensions ['ros']
[0.157s] Level 1:colcon.colcon_core.package_identification:_identify(src/franka_dual_arm_subgroups_no_ee) by extension 'ros'
[0.158s] DEBUG:colcon.colcon_core.package_identification:Package 'src/franka_dual_arm_subgroups_no_ee' with type 'ros.ament_cmake' and name 'franka_dual_arm_subgroups_no_ee'
[0.158s] Level 1:colcon.colcon_core.package_discovery:discover_packages(recursive) using defaults
[0.158s] Level 1:colcon.colcon_core.package_discovery:discover_packages(ignore) discover
[0.158s] Level 1:colcon.colcon_core.package_discovery:discover_packages(ignore) using defaults
[0.158s] Level 1:colcon.colcon_core.package_discovery:discover_packages(path) discover
[0.158s] Level 1:colcon.colcon_core.package_discovery:discover_packages(path) using defaults
[0.175s] Level 5:colcon.colcon_core.verb:set package 'franka_dual_arm' build argument 'cmake_args' from command line to 'None'
[0.175s] Level 5:colcon.colcon_core.verb:set package 'franka_dual_arm' build argument 'cmake_target' from command line to 'None'
[0.175s] Level 5:colcon.colcon_core.verb:set package 'franka_dual_arm' build argument 'cmake_target_skip_unavailable' from command line to 'False'
[0.175s] Level 5:colcon.colcon_core.verb:set package 'franka_dual_arm' build argument 'cmake_clean_cache' from command line to 'False'
[0.175s] Level 5:colcon.colcon_core.verb:set package 'franka_dual_arm' build argument 'cmake_clean_first' from command line to 'False'
[0.175s] Level 5:colcon.colcon_core.verb:set package 'franka_dual_arm' build argument 'cmake_force_configure' from command line to 'False'
[0.175s] Level 5:colcon.colcon_core.verb:set package 'franka_dual_arm' build argument 'ament_cmake_args' from command line to 'None'
[0.175s] Level 5:colcon.colcon_core.verb:set package 'franka_dual_arm' build argument 'catkin_cmake_args' from command line to 'None'
[0.175s] Level 5:colcon.colcon_core.verb:set package 'franka_dual_arm' build argument 'catkin_skip_building_tests' from command line to 'False'
[0.175s] DEBUG:colcon.colcon_core.verb:Building package 'franka_dual_arm' with the following arguments: {'ament_cmake_args': None, 'build_base': '/workspace/rl_for_curobo/projects_root/ros/workspaces/moveit_cfgs_ws/build/franka_dual_arm', 'catkin_cmake_args': None, 'catkin_skip_building_tests': False, 'cmake_args': None, 'cmake_clean_cache': False, 'cmake_clean_first': False, 'cmake_force_configure': False, 'cmake_target': None, 'cmake_target_skip_unavailable': False, 'install_base': '/workspace/rl_for_curobo/projects_root/ros/workspaces/moveit_cfgs_ws/install/franka_dual_arm', 'merge_install': False, 'path': '/workspace/rl_for_curobo/projects_root/ros/workspaces/moveit_cfgs_ws/src/franka_dual_arm', 'symlink_install': False, 'test_result_base': None}
[0.175s] Level 5:colcon.colcon_core.verb:set package 'franka_dual_arm_subgroups_no_ee' build argument 'cmake_args' from command line to 'None'
[0.175s] Level 5:colcon.colcon_core.verb:set package 'franka_dual_arm_subgroups_no_ee' build argument 'cmake_target' from command line to 'None'
[0.175s] Level 5:colcon.colcon_core.verb:set package 'franka_dual_arm_subgroups_no_ee' build argument 'cmake_target_skip_unavailable' from command line to 'False'
[0.175s] Level 5:colcon.colcon_core.verb:set package 'franka_dual_arm_subgroups_no_ee' build argument 'cmake_clean_cache' from command line to 'False'
[0.175s] Level 5:colcon.colcon_core.verb:set package 'franka_dual_arm_subgroups_no_ee' build argument 'cmake_clean_first' from command line to 'False'
[0.175s] Level 5:colcon.colcon_core.verb:set package 'franka_dual_arm_subgroups_no_ee' build argument 'cmake_force_configure' from command line to 'False'
[0.175s] Level 5:colcon.colcon_core.verb:set package 'franka_dual_arm_subgroups_no_ee' build argument 'ament_cmake_args' from command line to 'None'
[0.175s] Level 5:colcon.colcon_core.verb:set package 'franka_dual_arm_subgroups_no_ee' build argument 'catkin_cmake_args' from command line to 'None'
[0.175s] Level 5:colcon.colcon_core.verb:set package 'franka_dual_arm_subgroups_no_ee' build argument 'catkin_skip_building_tests' from command line to 'False'
[0.175s] DEBUG:colcon.colcon_core.verb:Building package 'franka_dual_arm_subgroups_no_ee' with the following arguments: {'ament_cmake_args': None, 'build_base': '/workspace/rl_for_curobo/projects_root/ros/workspaces/moveit_cfgs_ws/build/franka_dual_arm_subgroups_no_ee', 'catkin_cmake_args': None, 'catkin_skip_building_tests': False, 'cmake_args': None, 'cmake_clean_cache': False, 'cmake_clean_first': False, 'cmake_force_configure': False, 'cmake_target': None, 'cmake_target_skip_unavailable': False, 'install_base': '/workspace/rl_for_curobo/projects_root/ros/workspaces/moveit_cfgs_ws/install/franka_dual_arm_subgroups_no_ee', 'merge_install': False, 'path': '/workspace/rl_for_curobo/projects_root/ros/workspaces/moveit_cfgs_ws/src/franka_dual_arm_subgroups_no_ee', 'symlink_install': False, 'test_result_base': None}
[0.176s] Level 5:colcon.colcon_core.verb:set package 'robot_description' build argument 'cmake_args' from command line to 'None'
[0.176s] Level 5:colcon.colcon_core.verb:set package 'robot_description' build argument 'cmake_target' from command line to 'None'
[0.176s] Level 5:colcon.colcon_core.verb:set package 'robot_description' build argument 'cmake_target_skip_unavailable' from command line to 'False'
[0.176s] Level 5:colcon.colcon_core.verb:set package 'robot_description' build argument 'cmake_clean_cache' from command line to 'False'
[0.176s] Level 5:colcon.colcon_core.verb:set package 'robot_description' build argument 'cmake_clean_first' from command line to 'False'
[0.176s] Level 5:colcon.colcon_core.verb:set package 'robot_description' build argument 'cmake_force_configure' from command line to 'False'
[0.176s] Level 5:colcon.colcon_core.verb:set package 'robot_description' build argument 'ament_cmake_args' from command line to 'None'
[0.176s] Level 5:colcon.colcon_core.verb:set package 'robot_description' build argument 'catkin_cmake_args' from command line to 'None'
[0.176s] Level 5:colcon.colcon_core.verb:set package 'robot_description' build argument 'catkin_skip_building_tests' from command line to 'False'
[0.176s] DEBUG:colcon.colcon_core.verb:Building package 'robot_description' with the following arguments: {'ament_cmake_args': None, 'build_base': '/workspace/rl_for_curobo/projects_root/ros/workspaces/moveit_cfgs_ws/build/robot_description', 'catkin_cmake_args': None, 'catkin_skip_building_tests': False, 'cmake_args': None, 'cmake_clean_cache': False, 'cmake_clean_first': False, 'cmake_force_configure': False, 'cmake_target': None, 'cmake_target_skip_unavailable': False, 'install_base': '/workspace/rl_for_curobo/projects_root/ros/workspaces/moveit_cfgs_ws/install/robot_description', 'merge_install': False, 'path': '/workspace/rl_for_curobo/projects_root/ros/workspaces/moveit_cfgs_ws/src/custom_robot_1/robot_description', 'symlink_install': False, 'test_result_base': None}
[0.176s] INFO:colcon.colcon_core.executor:Executing jobs using 'parallel' executor
[0.176s] DEBUG:colcon.colcon_parallel_executor.executor.parallel:run_until_complete
[0.177s] INFO:colcon.colcon_ros.task.ament_cmake.build:Building ROS package in '/workspace/rl_for_curobo/projects_root/ros/workspaces/moveit_cfgs_ws/src/franka_dual_arm' with build type 'ament_cmake'
[0.177s] INFO:colcon.colcon_cmake.task.cmake.build:Building CMake package in '/workspace/rl_for_curobo/projects_root/ros/workspaces/moveit_cfgs_ws/src/franka_dual_arm'
[0.178s] INFO:colcon.colcon_core.plugin_system:Skipping extension 'colcon_core.shell.bat': Not used on non-Windows systems
[0.178s] INFO:colcon.colcon_core.shell:Skip shell extension 'powershell' for command environment: Not usable outside of PowerShell
[0.178s] DEBUG:colcon.colcon_core.shell:Skip shell extension 'dsv' for command environment
[0.183s] INFO:colcon.colcon_ros.task.ament_cmake.build:Building ROS package in '/workspace/rl_for_curobo/projects_root/ros/workspaces/moveit_cfgs_ws/src/franka_dual_arm_subgroups_no_ee' with build type 'ament_cmake'
[0.183s] INFO:colcon.colcon_cmake.task.cmake.build:Building CMake package in '/workspace/rl_for_curobo/projects_root/ros/workspaces/moveit_cfgs_ws/src/franka_dual_arm_subgroups_no_ee'
[0.183s] INFO:colcon.colcon_core.shell:Skip shell extension 'powershell' for command environment: Not usable outside of PowerShell
[0.183s] DEBUG:colcon.colcon_core.shell:Skip shell extension 'dsv' for command environment
[0.188s] INFO:colcon.colcon_ros.task.ament_cmake.build:Building ROS package in '/workspace/rl_for_curobo/projects_root/ros/workspaces/moveit_cfgs_ws/src/custom_robot_1/robot_description' with build type 'ament_cmake'
[0.188s] INFO:colcon.colcon_cmake.task.cmake.build:Building CMake package in '/workspace/rl_for_curobo/projects_root/ros/workspaces/moveit_cfgs_ws/src/custom_robot_1/robot_description'
[0.188s] INFO:colcon.colcon_core.shell:Skip shell extension 'powershell' for command environment: Not usable outside of PowerShell
[0.188s] DEBUG:colcon.colcon_core.shell:Skip shell extension 'dsv' for command environment
[0.195s] DEBUG:colcon.colcon_core.event_handler.log_command:Invoking command in '/workspace/rl_for_curobo/projects_root/ros/workspaces/moveit_cfgs_ws/build/franka_dual_arm': CMAKE_PREFIX_PATH=${CMAKE_PREFIX_PATH}:/workspace/ws_moveit2/install/moveit_configs_utils:/workspace/ws_moveit2/install/launch_param_builder:/opt/ros/humble /usr/local/bin/cmake --build /workspace/rl_for_curobo/projects_root/ros/workspaces/moveit_cfgs_ws/build/franka_dual_arm -- -j16 -l16
[0.201s] DEBUG:colcon.colcon_core.event_handler.log_command:Invoking command in '/workspace/rl_for_curobo/projects_root/ros/workspaces/moveit_cfgs_ws/build/franka_dual_arm_subgroups_no_ee': CMAKE_PREFIX_PATH=${CMAKE_PREFIX_PATH}:/workspace/ws_moveit2/install/moveit_configs_utils:/workspace/ws_moveit2/install/launch_param_builder:/opt/ros/humble /usr/local/bin/cmake --build /workspace/rl_for_curobo/projects_root/ros/workspaces/moveit_cfgs_ws/build/franka_dual_arm_subgroups_no_ee -- -j16 -l16
[0.204s] DEBUG:colcon.colcon_core.event_handler.log_command:Invoking command in '/workspace/rl_for_curobo/projects_root/ros/workspaces/moveit_cfgs_ws/build/robot_description': CMAKE_PREFIX_PATH=${CMAKE_PREFIX_PATH}:/workspace/ws_moveit2/install/moveit_configs_utils:/workspace/ws_moveit2/install/launch_param_builder:/opt/ros/humble /usr/local/bin/cmake --build /workspace/rl_for_curobo/projects_root/ros/workspaces/moveit_cfgs_ws/build/robot_description -- -j16 -l16
[0.217s] DEBUG:colcon.colcon_core.event_handler.log_command:Invoked command in '/workspace/rl_for_curobo/projects_root/ros/workspaces/moveit_cfgs_ws/build/franka_dual_arm' returned '0': CMAKE_PREFIX_PATH=${CMAKE_PREFIX_PATH}:/workspace/ws_moveit2/install/moveit_configs_utils:/workspace/ws_moveit2/install/launch_param_builder:/opt/ros/humble /usr/local/bin/cmake --build /workspace/rl_for_curobo/projects_root/ros/workspaces/moveit_cfgs_ws/build/franka_dual_arm -- -j16 -l16
[0.223s] DEBUG:colcon.colcon_core.event_handler.log_command:Invoking command in '/workspace/rl_for_curobo/projects_root/ros/workspaces/moveit_cfgs_ws/build/franka_dual_arm': CMAKE_PREFIX_PATH=${CMAKE_PREFIX_PATH}:/workspace/ws_moveit2/install/moveit_configs_utils:/workspace/ws_moveit2/install/launch_param_builder:/opt/ros/humble /usr/local/bin/cmake --install /workspace/rl_for_curobo/projects_root/ros/workspaces/moveit_cfgs_ws/build/franka_dual_arm
[0.223s] DEBUG:colcon.colcon_core.event_handler.log_command:Invoked command in '/workspace/rl_for_curobo/projects_root/ros/workspaces/moveit_cfgs_ws/build/robot_description' returned '0': CMAKE_PREFIX_PATH=${CMAKE_PREFIX_PATH}:/workspace/ws_moveit2/install/moveit_configs_utils:/workspace/ws_moveit2/install/launch_param_builder:/opt/ros/humble /usr/local/bin/cmake --build /workspace/rl_for_curobo/projects_root/ros/workspaces/moveit_cfgs_ws/build/robot_description -- -j16 -l16
[0.224s] DEBUG:colcon.colcon_core.event_handler.log_command:Invoking command in '/workspace/rl_for_curobo/projects_root/ros/workspaces/moveit_cfgs_ws/build/robot_description': CMAKE_PREFIX_PATH=${CMAKE_PREFIX_PATH}:/workspace/ws_moveit2/install/moveit_configs_utils:/workspace/ws_moveit2/install/launch_param_builder:/opt/ros/humble /usr/local/bin/cmake --install /workspace/rl_for_curobo/projects_root/ros/workspaces/moveit_cfgs_ws/build/robot_description
[0.228s] Level 1:colcon.colcon_core.environment:create_environment_scripts_only(franka_dual_arm)
[0.229s] DEBUG:colcon.colcon_core.event_handler.log_command:Invoked command in '/workspace/rl_for_curobo/projects_root/ros/workspaces/moveit_cfgs_ws/build/franka_dual_arm' returned '0': CMAKE_PREFIX_PATH=${CMAKE_PREFIX_PATH}:/workspace/ws_moveit2/install/moveit_configs_utils:/workspace/ws_moveit2/install/launch_param_builder:/opt/ros/humble /usr/local/bin/cmake --install /workspace/rl_for_curobo/projects_root/ros/workspaces/moveit_cfgs_ws/build/franka_dual_arm
[0.235s] Level 1:colcon.colcon_core.environment:checking '/workspace/rl_for_curobo/projects_root/ros/workspaces/moveit_cfgs_ws/install/franka_dual_arm' for CMake module files
[0.236s] Level 1:colcon.colcon_core.environment:checking '/workspace/rl_for_curobo/projects_root/ros/workspaces/moveit_cfgs_ws/install/franka_dual_arm' for CMake config files
[0.236s] Level 1:colcon.colcon_core.shell:create_environment_hook('franka_dual_arm', 'cmake_prefix_path')
[0.236s] INFO:colcon.colcon_core.shell:Creating environment hook '/workspace/rl_for_curobo/projects_root/ros/workspaces/moveit_cfgs_ws/install/franka_dual_arm/share/franka_dual_arm/hook/cmake_prefix_path.ps1'
[0.236s] INFO:colcon.colcon_core.shell:Creating environment descriptor '/workspace/rl_for_curobo/projects_root/ros/workspaces/moveit_cfgs_ws/install/franka_dual_arm/share/franka_dual_arm/hook/cmake_prefix_path.dsv'
[0.236s] INFO:colcon.colcon_core.shell:Creating environment hook '/workspace/rl_for_curobo/projects_root/ros/workspaces/moveit_cfgs_ws/install/franka_dual_arm/share/franka_dual_arm/hook/cmake_prefix_path.sh'
[0.237s] Level 1:colcon.colcon_core.environment:checking '/workspace/rl_for_curobo/projects_root/ros/workspaces/moveit_cfgs_ws/install/franka_dual_arm/bin'
[0.237s] Level 1:colcon.colcon_core.environment:checking '/workspace/rl_for_curobo/projects_root/ros/workspaces/moveit_cfgs_ws/install/franka_dual_arm/lib/pkgconfig/franka_dual_arm.pc'
[0.238s] Level 1:colcon.colcon_core.environment:checking '/workspace/rl_for_curobo/projects_root/ros/workspaces/moveit_cfgs_ws/install/franka_dual_arm/lib/python3.10/site-packages'
[0.238s] Level 1:colcon.colcon_core.environment:checking '/workspace/rl_for_curobo/projects_root/ros/workspaces/moveit_cfgs_ws/install/franka_dual_arm/bin'
[0.238s] INFO:colcon.colcon_core.shell:Creating package script '/workspace/rl_for_curobo/projects_root/ros/workspaces/moveit_cfgs_ws/install/franka_dual_arm/share/franka_dual_arm/package.ps1'
[0.238s] INFO:colcon.colcon_core.shell:Creating package descriptor '/workspace/rl_for_curobo/projects_root/ros/workspaces/moveit_cfgs_ws/install/franka_dual_arm/share/franka_dual_arm/package.dsv'
[0.239s] INFO:colcon.colcon_core.shell:Creating package script '/workspace/rl_for_curobo/projects_root/ros/workspaces/moveit_cfgs_ws/install/franka_dual_arm/share/franka_dual_arm/package.sh'
[0.239s] INFO:colcon.colcon_core.shell:Creating package script '/workspace/rl_for_curobo/projects_root/ros/workspaces/moveit_cfgs_ws/install/franka_dual_arm/share/franka_dual_arm/package.bash'
[0.240s] INFO:colcon.colcon_core.shell:Creating package script '/workspace/rl_for_curobo/projects_root/ros/workspaces/moveit_cfgs_ws/install/franka_dual_arm/share/franka_dual_arm/package.zsh'
[0.240s] Level 1:colcon.colcon_core.environment:create_file_with_runtime_dependencies(/workspace/rl_for_curobo/projects_root/ros/workspaces/moveit_cfgs_ws/install/franka_dual_arm/share/colcon-core/packages/franka_dual_arm)
[0.240s] Level 1:colcon.colcon_core.environment:create_environment_scripts_only(franka_dual_arm)
[0.240s] Level 1:colcon.colcon_core.environment:checking '/workspace/rl_for_curobo/projects_root/ros/workspaces/moveit_cfgs_ws/install/franka_dual_arm' for CMake module files
[0.241s] Level 1:colcon.colcon_core.environment:checking '/workspace/rl_for_curobo/projects_root/ros/workspaces/moveit_cfgs_ws/install/franka_dual_arm' for CMake config files
[0.241s] Level 1:colcon.colcon_core.shell:create_environment_hook('franka_dual_arm', 'cmake_prefix_path')
[0.241s] INFO:colcon.colcon_core.shell:Creating environment hook '/workspace/rl_for_curobo/projects_root/ros/workspaces/moveit_cfgs_ws/install/franka_dual_arm/share/franka_dual_arm/hook/cmake_prefix_path.ps1'
[0.241s] INFO:colcon.colcon_core.shell:Creating environment descriptor '/workspace/rl_for_curobo/projects_root/ros/workspaces/moveit_cfgs_ws/install/franka_dual_arm/share/franka_dual_arm/hook/cmake_prefix_path.dsv'
[0.241s] INFO:colcon.colcon_core.shell:Creating environment hook '/workspace/rl_for_curobo/projects_root/ros/workspaces/moveit_cfgs_ws/install/franka_dual_arm/share/franka_dual_arm/hook/cmake_prefix_path.sh'
[0.241s] Level 1:colcon.colcon_core.environment:checking '/workspace/rl_for_curobo/projects_root/ros/workspaces/moveit_cfgs_ws/install/franka_dual_arm/bin'
[0.241s] Level 1:colcon.colcon_core.environment:checking '/workspace/rl_for_curobo/projects_root/ros/workspaces/moveit_cfgs_ws/install/franka_dual_arm/lib/pkgconfig/franka_dual_arm.pc'
[0.242s] Level 1:colcon.colcon_core.environment:checking '/workspace/rl_for_curobo/projects_root/ros/workspaces/moveit_cfgs_ws/install/franka_dual_arm/lib/python3.10/site-packages'
[0.242s] Level 1:colcon.colcon_core.environment:checking '/workspace/rl_for_curobo/projects_root/ros/workspaces/moveit_cfgs_ws/install/franka_dual_arm/bin'
[0.242s] INFO:colcon.colcon_core.shell:Creating package script '/workspace/rl_for_curobo/projects_root/ros/workspaces/moveit_cfgs_ws/install/franka_dual_arm/share/franka_dual_arm/package.ps1'
[0.242s] INFO:colcon.colcon_core.shell:Creating package descriptor '/workspace/rl_for_curobo/projects_root/ros/workspaces/moveit_cfgs_ws/install/franka_dual_arm/share/franka_dual_arm/package.dsv'
[0.242s] INFO:colcon.colcon_core.shell:Creating package script '/workspace/rl_for_curobo/projects_root/ros/workspaces/moveit_cfgs_ws/install/franka_dual_arm/share/franka_dual_arm/package.sh'
[0.243s] INFO:colcon.colcon_core.shell:Creating package script '/workspace/rl_for_curobo/projects_root/ros/workspaces/moveit_cfgs_ws/install/franka_dual_arm/share/franka_dual_arm/package.bash'
[0.243s] INFO:colcon.colcon_core.shell:Creating package script '/workspace/rl_for_curobo/projects_root/ros/workspaces/moveit_cfgs_ws/install/franka_dual_arm/share/franka_dual_arm/package.zsh'
[0.243s] Level 1:colcon.colcon_core.environment:create_file_with_runtime_dependencies(/workspace/rl_for_curobo/projects_root/ros/workspaces/moveit_cfgs_ws/install/franka_dual_arm/share/colcon-core/packages/franka_dual_arm)
[0.244s] Level 1:colcon.colcon_core.environment:create_environment_scripts_only(robot_description)
[0.244s] Level 1:colcon.colcon_core.environment:checking '/workspace/rl_for_curobo/projects_root/ros/workspaces/moveit_cfgs_ws/install/robot_description' for CMake module files
[0.244s] DEBUG:colcon.colcon_core.event_handler.log_command:Invoked command in '/workspace/rl_for_curobo/projects_root/ros/workspaces/moveit_cfgs_ws/build/robot_description' returned '0': CMAKE_PREFIX_PATH=${CMAKE_PREFIX_PATH}:/workspace/ws_moveit2/install/moveit_configs_utils:/workspace/ws_moveit2/install/launch_param_builder:/opt/ros/humble /usr/local/bin/cmake --install /workspace/rl_for_curobo/projects_root/ros/workspaces/moveit_cfgs_ws/build/robot_description
[0.245s] Level 1:colcon.colcon_core.environment:checking '/workspace/rl_for_curobo/projects_root/ros/workspaces/moveit_cfgs_ws/install/robot_description' for CMake config files
[0.245s] Level 1:colcon.colcon_core.shell:create_environment_hook('robot_description', 'cmake_prefix_path')
[0.245s] INFO:colcon.colcon_core.shell:Creating environment hook '/workspace/rl_for_curobo/projects_root/ros/workspaces/moveit_cfgs_ws/install/robot_description/share/robot_description/hook/cmake_prefix_path.ps1'
[0.246s] INFO:colcon.colcon_core.shell:Creating environment descriptor '/workspace/rl_for_curobo/projects_root/ros/workspaces/moveit_cfgs_ws/install/robot_description/share/robot_description/hook/cmake_prefix_path.dsv'
[0.246s] INFO:colcon.colcon_core.shell:Creating environment hook '/workspace/rl_for_curobo/projects_root/ros/workspaces/moveit_cfgs_ws/install/robot_description/share/robot_description/hook/cmake_prefix_path.sh'
[0.246s] Level 1:colcon.colcon_core.environment:checking '/workspace/rl_for_curobo/projects_root/ros/workspaces/moveit_cfgs_ws/install/robot_description/bin'
[0.247s] Level 1:colcon.colcon_core.environment:checking '/workspace/rl_for_curobo/projects_root/ros/workspaces/moveit_cfgs_ws/install/robot_description/lib/pkgconfig/robot_description.pc'
[0.247s] Level 1:colcon.colcon_core.environment:checking '/workspace/rl_for_curobo/projects_root/ros/workspaces/moveit_cfgs_ws/install/robot_description/lib/python3.10/site-packages'
[0.247s] Level 1:colcon.colcon_core.environment:checking '/workspace/rl_for_curobo/projects_root/ros/workspaces/moveit_cfgs_ws/install/robot_description/bin'
[0.247s] INFO:colcon.colcon_core.shell:Creating package script '/workspace/rl_for_curobo/projects_root/ros/workspaces/moveit_cfgs_ws/install/robot_description/share/robot_description/package.ps1'
[0.248s] INFO:colcon.colcon_core.shell:Creating package descriptor '/workspace/rl_for_curobo/projects_root/ros/workspaces/moveit_cfgs_ws/install/robot_description/share/robot_description/package.dsv'
[0.248s] INFO:colcon.colcon_core.shell:Creating package script '/workspace/rl_for_curobo/projects_root/ros/workspaces/moveit_cfgs_ws/install/robot_description/share/robot_description/package.sh'
[0.249s] INFO:colcon.colcon_core.shell:Creating package script '/workspace/rl_for_curobo/projects_root/ros/workspaces/moveit_cfgs_ws/install/robot_description/share/robot_description/package.bash'
[0.249s] INFO:colcon.colcon_core.shell:Creating package script '/workspace/rl_for_curobo/projects_root/ros/workspaces/moveit_cfgs_ws/install/robot_description/share/robot_description/package.zsh'
[0.249s] Level 1:colcon.colcon_core.environment:create_file_with_runtime_dependencies(/workspace/rl_for_curobo/projects_root/ros/workspaces/moveit_cfgs_ws/install/robot_description/share/colcon-core/packages/robot_description)
[0.249s] Level 1:colcon.colcon_core.environment:create_environment_scripts_only(robot_description)
[0.250s] Level 1:colcon.colcon_core.environment:checking '/workspace/rl_for_curobo/projects_root/ros/workspaces/moveit_cfgs_ws/install/robot_description' for CMake module files
[0.250s] Level 1:colcon.colcon_core.environment:checking '/workspace/rl_for_curobo/projects_root/ros/workspaces/moveit_cfgs_ws/install/robot_description' for CMake config files
[0.250s] Level 1:colcon.colcon_core.shell:create_environment_hook('robot_description', 'cmake_prefix_path')
[0.250s] INFO:colcon.colcon_core.shell:Creating environment hook '/workspace/rl_for_curobo/projects_root/ros/workspaces/moveit_cfgs_ws/install/robot_description/share/robot_description/hook/cmake_prefix_path.ps1'
[0.250s] INFO:colcon.colcon_core.shell:Creating environment descriptor '/workspace/rl_for_curobo/projects_root/ros/workspaces/moveit_cfgs_ws/install/robot_description/share/robot_description/hook/cmake_prefix_path.dsv'
[0.250s] INFO:colcon.colcon_core.shell:Creating environment hook '/workspace/rl_for_curobo/projects_root/ros/workspaces/moveit_cfgs_ws/install/robot_description/share/robot_description/hook/cmake_prefix_path.sh'
[0.251s] Level 1:colcon.colcon_core.environment:checking '/workspace/rl_for_curobo/projects_root/ros/workspaces/moveit_cfgs_ws/install/robot_description/bin'
[0.251s] Level 1:colcon.colcon_core.environment:checking '/workspace/rl_for_curobo/projects_root/ros/workspaces/moveit_cfgs_ws/install/robot_description/lib/pkgconfig/robot_description.pc'
[0.251s] Level 1:colcon.colcon_core.environment:checking '/workspace/rl_for_curobo/projects_root/ros/workspaces/moveit_cfgs_ws/install/robot_description/lib/python3.10/site-packages'
[0.251s] Level 1:colcon.colcon_core.environment:checking '/workspace/rl_for_curobo/projects_root/ros/workspaces/moveit_cfgs_ws/install/robot_description/bin'
[0.251s] INFO:colcon.colcon_core.shell:Creating package script '/workspace/rl_for_curobo/projects_root/ros/workspaces/moveit_cfgs_ws/install/robot_description/share/robot_description/package.ps1'
[0.251s] INFO:colcon.colcon_core.shell:Creating package descriptor '/workspace/rl_for_curobo/projects_root/ros/workspaces/moveit_cfgs_ws/install/robot_description/share/robot_description/package.dsv'
[0.252s] INFO:colcon.colcon_core.shell:Creating package script '/workspace/rl_for_curobo/projects_root/ros/workspaces/moveit_cfgs_ws/install/robot_description/share/robot_description/package.sh'
[0.252s] INFO:colcon.colcon_core.shell:Creating package script '/workspace/rl_for_curobo/projects_root/ros/workspaces/moveit_cfgs_ws/install/robot_description/share/robot_description/package.bash'
[0.252s] INFO:colcon.colcon_core.shell:Creating package script '/workspace/rl_for_curobo/projects_root/ros/workspaces/moveit_cfgs_ws/install/robot_description/share/robot_description/package.zsh'
[0.252s] Level 1:colcon.colcon_core.environment:create_file_with_runtime_dependencies(/workspace/rl_for_curobo/projects_root/ros/workspaces/moveit_cfgs_ws/install/robot_description/share/colcon-core/packages/robot_description)
[0.413s] DEBUG:colcon.colcon_core.event_handler.log_command:Invoked command in '/workspace/rl_for_curobo/projects_root/ros/workspaces/moveit_cfgs_ws/build/franka_dual_arm_subgroups_no_ee' returned '0': CMAKE_PREFIX_PATH=${CMAKE_PREFIX_PATH}:/workspace/ws_moveit2/install/moveit_configs_utils:/workspace/ws_moveit2/install/launch_param_builder:/opt/ros/humble /usr/local/bin/cmake --build /workspace/rl_for_curobo/projects_root/ros/workspaces/moveit_cfgs_ws/build/franka_dual_arm_subgroups_no_ee -- -j16 -l16
[0.414s] DEBUG:colcon.colcon_core.event_handler.log_command:Invoking command in '/workspace/rl_for_curobo/projects_root/ros/workspaces/moveit_cfgs_ws/build/franka_dual_arm_subgroups_no_ee': CMAKE_PREFIX_PATH=${CMAKE_PREFIX_PATH}:/workspace/ws_moveit2/install/moveit_configs_utils:/workspace/ws_moveit2/install/launch_param_builder:/opt/ros/humble /usr/local/bin/cmake --install /workspace/rl_for_curobo/projects_root/ros/workspaces/moveit_cfgs_ws/build/franka_dual_arm_subgroups_no_ee
[0.421s] Level 1:colcon.colcon_core.environment:create_environment_scripts_only(franka_dual_arm_subgroups_no_ee)
[0.421s] Level 1:colcon.colcon_core.environment:checking '/workspace/rl_for_curobo/projects_root/ros/workspaces/moveit_cfgs_ws/install/franka_dual_arm_subgroups_no_ee' for CMake module files
[0.421s] DEBUG:colcon.colcon_core.event_handler.log_command:Invoked command in '/workspace/rl_for_curobo/projects_root/ros/workspaces/moveit_cfgs_ws/build/franka_dual_arm_subgroups_no_ee' returned '0': CMAKE_PREFIX_PATH=${CMAKE_PREFIX_PATH}:/workspace/ws_moveit2/install/moveit_configs_utils:/workspace/ws_moveit2/install/launch_param_builder:/opt/ros/humble /usr/local/bin/cmake --install /workspace/rl_for_curobo/projects_root/ros/workspaces/moveit_cfgs_ws/build/franka_dual_arm_subgroups_no_ee
[0.421s] Level 1:colcon.colcon_core.environment:checking '/workspace/rl_for_curobo/projects_root/ros/workspaces/moveit_cfgs_ws/install/franka_dual_arm_subgroups_no_ee' for CMake config files
[0.422s] Level 1:colcon.colcon_core.shell:create_environment_hook('franka_dual_arm_subgroups_no_ee', 'cmake_prefix_path')
[0.422s] INFO:colcon.colcon_core.shell:Creating environment hook '/workspace/rl_for_curobo/projects_root/ros/workspaces/moveit_cfgs_ws/install/franka_dual_arm_subgroups_no_ee/share/franka_dual_arm_subgroups_no_ee/hook/cmake_prefix_path.ps1'
[0.422s] INFO:colcon.colcon_core.shell:Creating environment descriptor '/workspace/rl_for_curobo/projects_root/ros/workspaces/moveit_cfgs_ws/install/franka_dual_arm_subgroups_no_ee/share/franka_dual_arm_subgroups_no_ee/hook/cmake_prefix_path.dsv'
[0.422s] INFO:colcon.colcon_core.shell:Creating environment hook '/workspace/rl_for_curobo/projects_root/ros/workspaces/moveit_cfgs_ws/install/franka_dual_arm_subgroups_no_ee/share/franka_dual_arm_subgroups_no_ee/hook/cmake_prefix_path.sh'
[0.423s] Level 1:colcon.colcon_core.environment:checking '/workspace/rl_for_curobo/projects_root/ros/workspaces/moveit_cfgs_ws/install/franka_dual_arm_subgroups_no_ee/bin'
[0.423s] Level 1:colcon.colcon_core.environment:checking '/workspace/rl_for_curobo/projects_root/ros/workspaces/moveit_cfgs_ws/install/franka_dual_arm_subgroups_no_ee/lib/pkgconfig/franka_dual_arm_subgroups_no_ee.pc'
[0.423s] Level 1:colcon.colcon_core.environment:checking '/workspace/rl_for_curobo/projects_root/ros/workspaces/moveit_cfgs_ws/install/franka_dual_arm_subgroups_no_ee/lib/python3.10/site-packages'
[0.423s] Level 1:colcon.colcon_core.environment:checking '/workspace/rl_for_curobo/projects_root/ros/workspaces/moveit_cfgs_ws/install/franka_dual_arm_subgroups_no_ee/bin'
[0.424s] INFO:colcon.colcon_core.shell:Creating package script '/workspace/rl_for_curobo/projects_root/ros/workspaces/moveit_cfgs_ws/install/franka_dual_arm_subgroups_no_ee/share/franka_dual_arm_subgroups_no_ee/package.ps1'
[0.424s] INFO:colcon.colcon_core.shell:Creating package descriptor '/workspace/rl_for_curobo/projects_root/ros/workspaces/moveit_cfgs_ws/install/franka_dual_arm_subgroups_no_ee/share/franka_dual_arm_subgroups_no_ee/package.dsv'
[0.425s] INFO:colcon.colcon_core.shell:Creating package script '/workspace/rl_for_curobo/projects_root/ros/workspaces/moveit_cfgs_ws/install/franka_dual_arm_subgroups_no_ee/share/franka_dual_arm_subgroups_no_ee/package.sh'
[0.425s] INFO:colcon.colcon_core.shell:Creating package script '/workspace/rl_for_curobo/projects_root/ros/workspaces/moveit_cfgs_ws/install/franka_dual_arm_subgroups_no_ee/share/franka_dual_arm_subgroups_no_ee/package.bash'
[0.426s] INFO:colcon.colcon_core.shell:Creating package script '/workspace/rl_for_curobo/projects_root/ros/workspaces/moveit_cfgs_ws/install/franka_dual_arm_subgroups_no_ee/share/franka_dual_arm_subgroups_no_ee/package.zsh'
[0.426s] Level 1:colcon.colcon_core.environment:create_file_with_runtime_dependencies(/workspace/rl_for_curobo/projects_root/ros/workspaces/moveit_cfgs_ws/install/franka_dual_arm_subgroups_no_ee/share/colcon-core/packages/franka_dual_arm_subgroups_no_ee)
[0.426s] Level 1:colcon.colcon_core.environment:create_environment_scripts_only(franka_dual_arm_subgroups_no_ee)
[0.427s] Level 1:colcon.colcon_core.environment:checking '/workspace/rl_for_curobo/projects_root/ros/workspaces/moveit_cfgs_ws/install/franka_dual_arm_subgroups_no_ee' for CMake module files
[0.427s] Level 1:colcon.colcon_core.environment:checking '/workspace/rl_for_curobo/projects_root/ros/workspaces/moveit_cfgs_ws/install/franka_dual_arm_subgroups_no_ee' for CMake config files
[0.427s] Level 1:colcon.colcon_core.shell:create_environment_hook('franka_dual_arm_subgroups_no_ee', 'cmake_prefix_path')
[0.428s] INFO:colcon.colcon_core.shell:Creating environment hook '/workspace/rl_for_curobo/projects_root/ros/workspaces/moveit_cfgs_ws/install/franka_dual_arm_subgroups_no_ee/share/franka_dual_arm_subgroups_no_ee/hook/cmake_prefix_path.ps1'
[0.428s] INFO:colcon.colcon_core.shell:Creating environment descriptor '/workspace/rl_for_curobo/projects_root/ros/workspaces/moveit_cfgs_ws/install/franka_dual_arm_subgroups_no_ee/share/franka_dual_arm_subgroups_no_ee/hook/cmake_prefix_path.dsv'
[0.428s] INFO:colcon.colcon_core.shell:Creating environment hook '/workspace/rl_for_curobo/projects_root/ros/workspaces/moveit_cfgs_ws/install/franka_dual_arm_subgroups_no_ee/share/franka_dual_arm_subgroups_no_ee/hook/cmake_prefix_path.sh'
[0.428s] Level 1:colcon.colcon_core.environment:checking '/workspace/rl_for_curobo/projects_root/ros/workspaces/moveit_cfgs_ws/install/franka_dual_arm_subgroups_no_ee/bin'
[0.428s] Level 1:colcon.colcon_core.environment:checking '/workspace/rl_for_curobo/projects_root/ros/workspaces/moveit_cfgs_ws/install/franka_dual_arm_subgroups_no_ee/lib/pkgconfig/franka_dual_arm_subgroups_no_ee.pc'
[0.429s] Level 1:colcon.colcon_core.environment:checking '/workspace/rl_for_curobo/projects_root/ros/workspaces/moveit_cfgs_ws/install/franka_dual_arm_subgroups_no_ee/lib/python3.10/site-packages'
[0.429s] Level 1:colcon.colcon_core.environment:checking '/workspace/rl_for_curobo/projects_root/ros/workspaces/moveit_cfgs_ws/install/franka_dual_arm_subgroups_no_ee/bin'
[0.429s] INFO:colcon.colcon_core.shell:Creating package script '/workspace/rl_for_curobo/projects_root/ros/workspaces/moveit_cfgs_ws/install/franka_dual_arm_subgroups_no_ee/share/franka_dual_arm_subgroups_no_ee/package.ps1'
[0.429s] INFO:colcon.colcon_core.shell:Creating package descriptor '/workspace/rl_for_curobo/projects_root/ros/workspaces/moveit_cfgs_ws/install/franka_dual_arm_subgroups_no_ee/share/franka_dual_arm_subgroups_no_ee/package.dsv'
[0.429s] INFO:colcon.colcon_core.shell:Creating package script '/workspace/rl_for_curobo/projects_root/ros/workspaces/moveit_cfgs_ws/install/franka_dual_arm_subgroups_no_ee/share/franka_dual_arm_subgroups_no_ee/package.sh'
[0.430s] INFO:colcon.colcon_core.shell:Creating package script '/workspace/rl_for_curobo/projects_root/ros/workspaces/moveit_cfgs_ws/install/franka_dual_arm_subgroups_no_ee/share/franka_dual_arm_subgroups_no_ee/package.bash'
[0.430s] INFO:colcon.colcon_core.shell:Creating package script '/workspace/rl_for_curobo/projects_root/ros/workspaces/moveit_cfgs_ws/install/franka_dual_arm_subgroups_no_ee/share/franka_dual_arm_subgroups_no_ee/package.zsh'
[0.430s] Level 1:colcon.colcon_core.environment:create_file_with_runtime_dependencies(/workspace/rl_for_curobo/projects_root/ros/workspaces/moveit_cfgs_ws/install/franka_dual_arm_subgroups_no_ee/share/colcon-core/packages/franka_dual_arm_subgroups_no_ee)
[0.430s] DEBUG:colcon.colcon_parallel_executor.executor.parallel:closing loop
[0.430s] DEBUG:colcon.colcon_parallel_executor.executor.parallel:loop closed
[0.430s] DEBUG:colcon.colcon_parallel_executor.executor.parallel:run_until_complete finished with '0'
[0.430s] DEBUG:colcon.colcon_core.event_reactor:joining thread
[0.434s] INFO:colcon.colcon_core.plugin_system:Skipping extension 'colcon_notification.desktop_notification.notify_send': Could not find 'notify-send'
[0.434s] INFO:colcon.colcon_core.plugin_system:Skipping extension 'colcon_notification.desktop_notification.terminal_notifier': Not used on non-Darwin systems
[0.434s] INFO:colcon.colcon_core.plugin_system:Skipping extension 'colcon_notification.desktop_notification.win32': Not used on non-Windows systems
[0.434s] INFO:colcon.colcon_notification.desktop_notification:Sending desktop notification using 'notify2'
[0.436s] DEBUG:colcon.colcon_notification.desktop_notification.notify2:Failed to initialize notify2: org.freedesktop.DBus.Error.Spawn.ExecFailed: /usr/bin/dbus-launch terminated abnormally without any error message
[0.437s] DEBUG:colcon.colcon_core.event_reactor:joined thread
[0.437s] INFO:colcon.colcon_core.shell:Creating prefix script '/workspace/rl_for_curobo/projects_root/ros/workspaces/moveit_cfgs_ws/install/local_setup.ps1'
[0.438s] INFO:colcon.colcon_core.shell:Creating prefix util module '/workspace/rl_for_curobo/projects_root/ros/workspaces/moveit_cfgs_ws/install/_local_setup_util_ps1.py'
[0.438s] INFO:colcon.colcon_core.shell:Creating prefix chain script '/workspace/rl_for_curobo/projects_root/ros/workspaces/moveit_cfgs_ws/install/setup.ps1'
[0.440s] INFO:colcon.colcon_core.shell:Creating prefix script '/workspace/rl_for_curobo/projects_root/ros/workspaces/moveit_cfgs_ws/install/local_setup.sh'
[0.441s] INFO:colcon.colcon_core.shell:Creating prefix util module '/workspace/rl_for_curobo/projects_root/ros/workspaces/moveit_cfgs_ws/install/_local_setup_util_sh.py'
[0.441s] INFO:colcon.colcon_core.shell:Creating prefix chain script '/workspace/rl_for_curobo/projects_root/ros/workspaces/moveit_cfgs_ws/install/setup.sh'
[0.443s] INFO:colcon.colcon_core.shell:Creating prefix script '/workspace/rl_for_curobo/projects_root/ros/workspaces/moveit_cfgs_ws/install/local_setup.bash'
[0.443s] INFO:colcon.colcon_core.shell:Creating prefix chain script '/workspace/rl_for_curobo/projects_root/ros/workspaces/moveit_cfgs_ws/install/setup.bash'
[0.445s] INFO:colcon.colcon_core.shell:Creating prefix script '/workspace/rl_for_curobo/projects_root/ros/workspaces/moveit_cfgs_ws/install/local_setup.zsh'
[0.445s] INFO:colcon.colcon_core.shell:Creating prefix chain script '/workspace/rl_for_curobo/projects_root/ros/workspaces/moveit_cfgs_ws/install/setup.zsh'
