[0.359s] Invoking command in '/workspace/rl_for_curobo/projects_root/ros/workspaces/isaac_moveit_ws/src/isaac_moveit_main': PYTHONPATH=/workspace/rl_for_curobo/projects_root/ros/workspaces/isaac_moveit_ws/build/isaac_moveit_main/prefix_override:/usr/lib/python3/dist-packages/colcon_core/task/python/colcon_distutils_commands:/workspace/rl_for_curobo/projects_root/ros/workspaces/isaac_moveit_ws/install/isaac_moveit_main/lib/python3.10/site-packages:${PYTHONPATH} /usr/bin/python3 -W ignore:setup.py install is deprecated -W ignore:easy_install command is deprecated setup.py egg_info --egg-base ../../build/isaac_moveit_main build --build-base /workspace/rl_for_curobo/projects_root/ros/workspaces/isaac_moveit_ws/build/isaac_moveit_main/build install --record /workspace/rl_for_curobo/projects_root/ros/workspaces/isaac_moveit_ws/build/isaac_moveit_main/install.log --single-version-externally-managed install_data
[0.491s] running egg_info
[0.491s] writing ../../build/isaac_moveit_main/isaac_moveit_main.egg-info/PKG-INFO
[0.492s] writing dependency_links to ../../build/isaac_moveit_main/isaac_moveit_main.egg-info/dependency_links.txt
[0.492s] writing entry points to ../../build/isaac_moveit_main/isaac_moveit_main.egg-info/entry_points.txt
[0.492s] writing requirements to ../../build/isaac_moveit_main/isaac_moveit_main.egg-info/requires.txt
[0.492s] writing top-level names to ../../build/isaac_moveit_main/isaac_moveit_main.egg-info/top_level.txt
[0.493s] reading manifest file '../../build/isaac_moveit_main/isaac_moveit_main.egg-info/SOURCES.txt'
[0.494s] writing manifest file '../../build/isaac_moveit_main/isaac_moveit_main.egg-info/SOURCES.txt'
[0.494s] running build
[0.494s] running build_py
[0.494s] copying isaac_moveit_main/goal_sender.py -> /workspace/rl_for_curobo/projects_root/ros/workspaces/isaac_moveit_ws/build/isaac_moveit_main/build/lib/isaac_moveit_main
[0.494s] running install
[0.495s] running install_lib
[0.495s] copying /workspace/rl_for_curobo/projects_root/ros/workspaces/isaac_moveit_ws/build/isaac_moveit_main/build/lib/isaac_moveit_main/goal_sender.py -> /workspace/rl_for_curobo/projects_root/ros/workspaces/isaac_moveit_ws/install/isaac_moveit_main/lib/python3.10/site-packages/isaac_moveit_main
[0.496s] byte-compiling /workspace/rl_for_curobo/projects_root/ros/workspaces/isaac_moveit_ws/install/isaac_moveit_main/lib/python3.10/site-packages/isaac_moveit_main/goal_sender.py to goal_sender.cpython-310.pyc
[0.496s] running install_data
[0.497s] running install_egg_info
[0.498s] removing '/workspace/rl_for_curobo/projects_root/ros/workspaces/isaac_moveit_ws/install/isaac_moveit_main/lib/python3.10/site-packages/isaac_moveit_main-0.0.0-py3.10.egg-info' (and everything under it)
[0.498s] Copying ../../build/isaac_moveit_main/isaac_moveit_main.egg-info to /workspace/rl_for_curobo/projects_root/ros/workspaces/isaac_moveit_ws/install/isaac_moveit_main/lib/python3.10/site-packages/isaac_moveit_main-0.0.0-py3.10.egg-info
[0.498s] running install_scripts
[0.511s] Installing goal_sender script to /workspace/rl_for_curobo/projects_root/ros/workspaces/isaac_moveit_ws/install/isaac_moveit_main/lib/isaac_moveit_main
[0.511s] Installing launch_isaac script to /workspace/rl_for_curobo/projects_root/ros/workspaces/isaac_moveit_ws/install/isaac_moveit_main/lib/isaac_moveit_main
[0.512s] Installing launch_rviz_moveit script to /workspace/rl_for_curobo/projects_root/ros/workspaces/isaac_moveit_ws/install/isaac_moveit_main/lib/isaac_moveit_main
[0.512s] Installing moveit_monitor script to /workspace/rl_for_curobo/projects_root/ros/workspaces/isaac_moveit_ws/install/isaac_moveit_main/lib/isaac_moveit_main
[0.512s] writing list of installed files to '/workspace/rl_for_curobo/projects_root/ros/workspaces/isaac_moveit_ws/build/isaac_moveit_main/install.log'
[0.527s] Invoked command in '/workspace/rl_for_curobo/projects_root/ros/workspaces/isaac_moveit_ws/src/isaac_moveit_main' returned '0': PYTHONPATH=/workspace/rl_for_curobo/projects_root/ros/workspaces/isaac_moveit_ws/build/isaac_moveit_main/prefix_override:/usr/lib/python3/dist-packages/colcon_core/task/python/colcon_distutils_commands:/workspace/rl_for_curobo/projects_root/ros/workspaces/isaac_moveit_ws/install/isaac_moveit_main/lib/python3.10/site-packages:${PYTHONPATH} /usr/bin/python3 -W ignore:setup.py install is deprecated -W ignore:easy_install command is deprecated setup.py egg_info --egg-base ../../build/isaac_moveit_main build --build-base /workspace/rl_for_curobo/projects_root/ros/workspaces/isaac_moveit_ws/build/isaac_moveit_main/build install --record /workspace/rl_for_curobo/projects_root/ros/workspaces/isaac_moveit_ws/build/isaac_moveit_main/install.log --single-version-externally-managed install_data
