-- Install configuration: ""
-- Up-to-date: /workspace/rl_for_curobo/projects_root/ros/workspaces/moveit_cfgs_ws/install/franka_panda_moveit_cfg/share/ament_index/resource_index/package_run_dependencies/franka_panda_moveit_cfg
-- Up-to-date: /workspace/rl_for_curobo/projects_root/ros/workspaces/moveit_cfgs_ws/install/franka_panda_moveit_cfg/share/ament_index/resource_index/parent_prefix_path/franka_panda_moveit_cfg
-- Up-to-date: /workspace/rl_for_curobo/projects_root/ros/workspaces/moveit_cfgs_ws/install/franka_panda_moveit_cfg/share/franka_panda_moveit_cfg/environment/ament_prefix_path.sh
-- Up-to-date: /workspace/rl_for_curobo/projects_root/ros/workspaces/moveit_cfgs_ws/install/franka_panda_moveit_cfg/share/franka_panda_moveit_cfg/environment/ament_prefix_path.dsv
-- Up-to-date: /workspace/rl_for_curobo/projects_root/ros/workspaces/moveit_cfgs_ws/install/franka_panda_moveit_cfg/share/franka_panda_moveit_cfg/environment/path.sh
-- Up-to-date: /workspace/rl_for_curobo/projects_root/ros/workspaces/moveit_cfgs_ws/install/franka_panda_moveit_cfg/share/franka_panda_moveit_cfg/environment/path.dsv
-- Up-to-date: /workspace/rl_for_curobo/projects_root/ros/workspaces/moveit_cfgs_ws/install/franka_panda_moveit_cfg/share/franka_panda_moveit_cfg/local_setup.bash
-- Up-to-date: /workspace/rl_for_curobo/projects_root/ros/workspaces/moveit_cfgs_ws/install/franka_panda_moveit_cfg/share/franka_panda_moveit_cfg/local_setup.sh
-- Up-to-date: /workspace/rl_for_curobo/projects_root/ros/workspaces/moveit_cfgs_ws/install/franka_panda_moveit_cfg/share/franka_panda_moveit_cfg/local_setup.zsh
-- Up-to-date: /workspace/rl_for_curobo/projects_root/ros/workspaces/moveit_cfgs_ws/install/franka_panda_moveit_cfg/share/franka_panda_moveit_cfg/local_setup.dsv
-- Installing: /workspace/rl_for_curobo/projects_root/ros/workspaces/moveit_cfgs_ws/install/franka_panda_moveit_cfg/share/franka_panda_moveit_cfg/package.dsv
-- Up-to-date: /workspace/rl_for_curobo/projects_root/ros/workspaces/moveit_cfgs_ws/install/franka_panda_moveit_cfg/share/ament_index/resource_index/packages/franka_panda_moveit_cfg
-- Up-to-date: /workspace/rl_for_curobo/projects_root/ros/workspaces/moveit_cfgs_ws/install/franka_panda_moveit_cfg/share/franka_panda_moveit_cfg/cmake/franka_panda_moveit_cfgConfig.cmake
-- Up-to-date: /workspace/rl_for_curobo/projects_root/ros/workspaces/moveit_cfgs_ws/install/franka_panda_moveit_cfg/share/franka_panda_moveit_cfg/cmake/franka_panda_moveit_cfgConfig-version.cmake
-- Up-to-date: /workspace/rl_for_curobo/projects_root/ros/workspaces/moveit_cfgs_ws/install/franka_panda_moveit_cfg/share/franka_panda_moveit_cfg/package.xml
-- Up-to-date: /workspace/rl_for_curobo/projects_root/ros/workspaces/moveit_cfgs_ws/install/franka_panda_moveit_cfg/share/franka_panda_moveit_cfg/launch
-- Up-to-date: /workspace/rl_for_curobo/projects_root/ros/workspaces/moveit_cfgs_ws/install/franka_panda_moveit_cfg/share/franka_panda_moveit_cfg/launch/warehouse_db.launch.py
-- Up-to-date: /workspace/rl_for_curobo/projects_root/ros/workspaces/moveit_cfgs_ws/install/franka_panda_moveit_cfg/share/franka_panda_moveit_cfg/launch/static_virtual_joint_tfs.launch.py
-- Up-to-date: /workspace/rl_for_curobo/projects_root/ros/workspaces/moveit_cfgs_ws/install/franka_panda_moveit_cfg/share/franka_panda_moveit_cfg/launch/setup_assistant.launch.py
-- Up-to-date: /workspace/rl_for_curobo/projects_root/ros/workspaces/moveit_cfgs_ws/install/franka_panda_moveit_cfg/share/franka_panda_moveit_cfg/launch/move_group.launch.py
-- Up-to-date: /workspace/rl_for_curobo/projects_root/ros/workspaces/moveit_cfgs_ws/install/franka_panda_moveit_cfg/share/franka_panda_moveit_cfg/launch/spawn_controllers.launch.py
-- Up-to-date: /workspace/rl_for_curobo/projects_root/ros/workspaces/moveit_cfgs_ws/install/franka_panda_moveit_cfg/share/franka_panda_moveit_cfg/launch/demo.launch.py
-- Up-to-date: /workspace/rl_for_curobo/projects_root/ros/workspaces/moveit_cfgs_ws/install/franka_panda_moveit_cfg/share/franka_panda_moveit_cfg/launch/moveit_rviz.launch.py
-- Up-to-date: /workspace/rl_for_curobo/projects_root/ros/workspaces/moveit_cfgs_ws/install/franka_panda_moveit_cfg/share/franka_panda_moveit_cfg/launch/rsp.launch.py
-- Up-to-date: /workspace/rl_for_curobo/projects_root/ros/workspaces/moveit_cfgs_ws/install/franka_panda_moveit_cfg/share/franka_panda_moveit_cfg/config
-- Up-to-date: /workspace/rl_for_curobo/projects_root/ros/workspaces/moveit_cfgs_ws/install/franka_panda_moveit_cfg/share/franka_panda_moveit_cfg/config/panda.ros2_control.xacro
-- Up-to-date: /workspace/rl_for_curobo/projects_root/ros/workspaces/moveit_cfgs_ws/install/franka_panda_moveit_cfg/share/franka_panda_moveit_cfg/config/panda.urdf.xacro
-- Up-to-date: /workspace/rl_for_curobo/projects_root/ros/workspaces/moveit_cfgs_ws/install/franka_panda_moveit_cfg/share/franka_panda_moveit_cfg/config/kinematics.yaml
-- Up-to-date: /workspace/rl_for_curobo/projects_root/ros/workspaces/moveit_cfgs_ws/install/franka_panda_moveit_cfg/share/franka_panda_moveit_cfg/config/moveit_controllers.yaml
-- Up-to-date: /workspace/rl_for_curobo/projects_root/ros/workspaces/moveit_cfgs_ws/install/franka_panda_moveit_cfg/share/franka_panda_moveit_cfg/config/initial_positions.yaml
-- Up-to-date: /workspace/rl_for_curobo/projects_root/ros/workspaces/moveit_cfgs_ws/install/franka_panda_moveit_cfg/share/franka_panda_moveit_cfg/config/moveit.rviz
-- Up-to-date: /workspace/rl_for_curobo/projects_root/ros/workspaces/moveit_cfgs_ws/install/franka_panda_moveit_cfg/share/franka_panda_moveit_cfg/config/pilz_cartesian_limits.yaml
-- Up-to-date: /workspace/rl_for_curobo/projects_root/ros/workspaces/moveit_cfgs_ws/install/franka_panda_moveit_cfg/share/franka_panda_moveit_cfg/config/panda.srdf
-- Up-to-date: /workspace/rl_for_curobo/projects_root/ros/workspaces/moveit_cfgs_ws/install/franka_panda_moveit_cfg/share/franka_panda_moveit_cfg/config/joint_limits.yaml
-- Up-to-date: /workspace/rl_for_curobo/projects_root/ros/workspaces/moveit_cfgs_ws/install/franka_panda_moveit_cfg/share/franka_panda_moveit_cfg/config/ros2_controllers.yaml
-- Up-to-date: /workspace/rl_for_curobo/projects_root/ros/workspaces/moveit_cfgs_ws/install/franka_panda_moveit_cfg/share/franka_panda_moveit_cfg/.setup_assistant
