-- Install configuration: ""
-- Installing: /workspace/rl_for_curobo/projects_root/ros/workspaces/isaac_moveit/install/moveit2_isaac_sim_integration/lib/moveit2_isaac_sim_integration/start_sim.py
-- Up-to-date: /workspace/rl_for_curobo/projects_root/ros/workspaces/isaac_moveit/install/moveit2_isaac_sim_integration/lib/moveit2_isaac_sim_integration/moveit2_utils.py
-- Up-to-date: /workspace/rl_for_curobo/projects_root/ros/workspaces/isaac_moveit/install/moveit2_isaac_sim_integration/lib/moveit2_isaac_sim_integration/simulation_runner.py
-- Up-to-date: /workspace/rl_for_curobo/projects_root/ros/workspaces/isaac_moveit/install/moveit2_isaac_sim_integration/share/moveit2_isaac_sim_integration/launch
-- Up-to-date: /workspace/rl_for_curobo/projects_root/ros/workspaces/isaac_moveit/install/moveit2_isaac_sim_integration/share/moveit2_isaac_sim_integration/launch/simulation_launch.py
-- Up-to-date: /workspace/rl_for_curobo/projects_root/ros/workspaces/isaac_moveit/install/moveit2_isaac_sim_integration/share/moveit2_isaac_sim_integration/config
-- Up-to-date: /workspace/rl_for_curobo/projects_root/ros/workspaces/isaac_moveit/install/moveit2_isaac_sim_integration/share/moveit2_isaac_sim_integration/config/robot_config.yaml
-- Up-to-date: /workspace/rl_for_curobo/projects_root/ros/workspaces/isaac_moveit/install/moveit2_isaac_sim_integration/share/ament_index/resource_index/package_run_dependencies/moveit2_isaac_sim_integration
-- Up-to-date: /workspace/rl_for_curobo/projects_root/ros/workspaces/isaac_moveit/install/moveit2_isaac_sim_integration/share/ament_index/resource_index/parent_prefix_path/moveit2_isaac_sim_integration
-- Up-to-date: /workspace/rl_for_curobo/projects_root/ros/workspaces/isaac_moveit/install/moveit2_isaac_sim_integration/share/moveit2_isaac_sim_integration/environment/ament_prefix_path.sh
-- Up-to-date: /workspace/rl_for_curobo/projects_root/ros/workspaces/isaac_moveit/install/moveit2_isaac_sim_integration/share/moveit2_isaac_sim_integration/environment/ament_prefix_path.dsv
-- Up-to-date: /workspace/rl_for_curobo/projects_root/ros/workspaces/isaac_moveit/install/moveit2_isaac_sim_integration/share/moveit2_isaac_sim_integration/environment/path.sh
-- Up-to-date: /workspace/rl_for_curobo/projects_root/ros/workspaces/isaac_moveit/install/moveit2_isaac_sim_integration/share/moveit2_isaac_sim_integration/environment/path.dsv
-- Up-to-date: /workspace/rl_for_curobo/projects_root/ros/workspaces/isaac_moveit/install/moveit2_isaac_sim_integration/share/moveit2_isaac_sim_integration/local_setup.bash
-- Up-to-date: /workspace/rl_for_curobo/projects_root/ros/workspaces/isaac_moveit/install/moveit2_isaac_sim_integration/share/moveit2_isaac_sim_integration/local_setup.sh
-- Up-to-date: /workspace/rl_for_curobo/projects_root/ros/workspaces/isaac_moveit/install/moveit2_isaac_sim_integration/share/moveit2_isaac_sim_integration/local_setup.zsh
-- Up-to-date: /workspace/rl_for_curobo/projects_root/ros/workspaces/isaac_moveit/install/moveit2_isaac_sim_integration/share/moveit2_isaac_sim_integration/local_setup.dsv
-- Installing: /workspace/rl_for_curobo/projects_root/ros/workspaces/isaac_moveit/install/moveit2_isaac_sim_integration/share/moveit2_isaac_sim_integration/package.dsv
-- Up-to-date: /workspace/rl_for_curobo/projects_root/ros/workspaces/isaac_moveit/install/moveit2_isaac_sim_integration/share/ament_index/resource_index/packages/moveit2_isaac_sim_integration
-- Up-to-date: /workspace/rl_for_curobo/projects_root/ros/workspaces/isaac_moveit/install/moveit2_isaac_sim_integration/share/moveit2_isaac_sim_integration/cmake/moveit2_isaac_sim_integrationConfig.cmake
-- Up-to-date: /workspace/rl_for_curobo/projects_root/ros/workspaces/isaac_moveit/install/moveit2_isaac_sim_integration/share/moveit2_isaac_sim_integration/cmake/moveit2_isaac_sim_integrationConfig-version.cmake
-- Up-to-date: /workspace/rl_for_curobo/projects_root/ros/workspaces/isaac_moveit/install/moveit2_isaac_sim_integration/share/moveit2_isaac_sim_integration/package.xml
