[0.013s] Invoking command in '/workspace/rl_for_curobo/projects_root/ros/workspaces/moveit_cfgs_ws/build/my_robot_description': CMAKE_PREFIX_PATH=${CMAKE_PREFIX_PATH}:/workspace/ws_moveit2/install/moveit_configs_utils:/workspace/ws_moveit2/install/launch_param_builder:/opt/ros/humble /usr/local/bin/cmake --build /workspace/rl_for_curobo/projects_root/ros/workspaces/moveit_cfgs_ws/build/my_robot_description -- -j16 -l16
[0.030s] -- Found ament_cmake: 1.3.11 (/opt/ros/humble/share/ament_cmake/cmake)
[0.170s] -- Found xacro: 2.0.13 (/opt/ros/humble/share/xacro/cmake)
[0.170s] -- Found ament_lint_auto: 0.12.12 (/opt/ros/humble/share/ament_lint_auto/cmake)
[0.217s] -- Added test 'lint_cmake' to check CMake code style
[0.218s] -- Added test 'xmllint' to check XML markup files
[0.218s] -- Configuring done (0.2s)
[0.220s] -- Generating done (0.0s)
[0.221s] -- Build files have been written to: /workspace/rl_for_curobo/projects_root/ros/workspaces/moveit_cfgs_ws/build/my_robot_description
[0.233s] Invoked command in '/workspace/rl_for_curobo/projects_root/ros/workspaces/moveit_cfgs_ws/build/my_robot_description' returned '0': CMAKE_PREFIX_PATH=${CMAKE_PREFIX_PATH}:/workspace/ws_moveit2/install/moveit_configs_utils:/workspace/ws_moveit2/install/launch_param_builder:/opt/ros/humble /usr/local/bin/cmake --build /workspace/rl_for_curobo/projects_root/ros/workspaces/moveit_cfgs_ws/build/my_robot_description -- -j16 -l16
[0.234s] Invoking command in '/workspace/rl_for_curobo/projects_root/ros/workspaces/moveit_cfgs_ws/build/my_robot_description': CMAKE_PREFIX_PATH=${CMAKE_PREFIX_PATH}:/workspace/ws_moveit2/install/moveit_configs_utils:/workspace/ws_moveit2/install/launch_param_builder:/opt/ros/humble /usr/local/bin/cmake --install /workspace/rl_for_curobo/projects_root/ros/workspaces/moveit_cfgs_ws/build/my_robot_description
[0.241s] -- Install configuration: ""
[0.241s] -- Up-to-date: /workspace/rl_for_curobo/projects_root/ros/workspaces/moveit_cfgs_ws/install/my_robot_description/share/my_robot_description/urdf
[0.241s] -- Up-to-date: /workspace/rl_for_curobo/projects_root/ros/workspaces/moveit_cfgs_ws/install/my_robot_description/share/my_robot_description/urdf/my_robot.urdf.xacro
[0.241s] -- Up-to-date: /workspace/rl_for_curobo/projects_root/ros/workspaces/moveit_cfgs_ws/install/my_robot_description/share/my_robot_description/meshes
[0.241s] -- Up-to-date: /workspace/rl_for_curobo/projects_root/ros/workspaces/moveit_cfgs_ws/install/my_robot_description/share/my_robot_description/meshes/collision
[0.241s] -- Up-to-date: /workspace/rl_for_curobo/projects_root/ros/workspaces/moveit_cfgs_ws/install/my_robot_description/share/my_robot_description/meshes/collision/base_link.stl
[0.241s] -- Up-to-date: /workspace/rl_for_curobo/projects_root/ros/workspaces/moveit_cfgs_ws/install/my_robot_description/share/my_robot_description/meshes/visual
[0.241s] -- Up-to-date: /workspace/rl_for_curobo/projects_root/ros/workspaces/moveit_cfgs_ws/install/my_robot_description/share/my_robot_description/meshes/visual/base_link.dae
[0.241s] -- Up-to-date: /workspace/rl_for_curobo/projects_root/ros/workspaces/moveit_cfgs_ws/install/my_robot_description/share/my_robot_description/launch
[0.241s] -- Up-to-date: /workspace/rl_for_curobo/projects_root/ros/workspaces/moveit_cfgs_ws/install/my_robot_description/share/my_robot_description/config
[0.241s] -- Up-to-date: /workspace/rl_for_curobo/projects_root/ros/workspaces/moveit_cfgs_ws/install/my_robot_description/share/my_robot_description/rviz
[0.241s] -- Installing: /workspace/rl_for_curobo/projects_root/ros/workspaces/moveit_cfgs_ws/install/my_robot_description/share/ament_index/resource_index/package_run_dependencies/my_robot_description
[0.241s] -- Installing: /workspace/rl_for_curobo/projects_root/ros/workspaces/moveit_cfgs_ws/install/my_robot_description/share/ament_index/resource_index/parent_prefix_path/my_robot_description
[0.242s] -- Up-to-date: /workspace/rl_for_curobo/projects_root/ros/workspaces/moveit_cfgs_ws/install/my_robot_description/share/my_robot_description/environment/ament_prefix_path.sh
[0.242s] -- Installing: /workspace/rl_for_curobo/projects_root/ros/workspaces/moveit_cfgs_ws/install/my_robot_description/share/my_robot_description/environment/ament_prefix_path.dsv
[0.242s] -- Up-to-date: /workspace/rl_for_curobo/projects_root/ros/workspaces/moveit_cfgs_ws/install/my_robot_description/share/my_robot_description/environment/path.sh
[0.242s] -- Installing: /workspace/rl_for_curobo/projects_root/ros/workspaces/moveit_cfgs_ws/install/my_robot_description/share/my_robot_description/environment/path.dsv
[0.242s] -- Up-to-date: /workspace/rl_for_curobo/projects_root/ros/workspaces/moveit_cfgs_ws/install/my_robot_description/share/my_robot_description/local_setup.bash
[0.242s] -- Up-to-date: /workspace/rl_for_curobo/projects_root/ros/workspaces/moveit_cfgs_ws/install/my_robot_description/share/my_robot_description/local_setup.sh
[0.242s] -- Up-to-date: /workspace/rl_for_curobo/projects_root/ros/workspaces/moveit_cfgs_ws/install/my_robot_description/share/my_robot_description/local_setup.zsh
[0.242s] -- Installing: /workspace/rl_for_curobo/projects_root/ros/workspaces/moveit_cfgs_ws/install/my_robot_description/share/my_robot_description/local_setup.dsv
[0.243s] -- Installing: /workspace/rl_for_curobo/projects_root/ros/workspaces/moveit_cfgs_ws/install/my_robot_description/share/my_robot_description/package.dsv
[0.243s] -- Up-to-date: /workspace/rl_for_curobo/projects_root/ros/workspaces/moveit_cfgs_ws/install/my_robot_description/share/ament_index/resource_index/packages/my_robot_description
[0.243s] -- Up-to-date: /workspace/rl_for_curobo/projects_root/ros/workspaces/moveit_cfgs_ws/install/my_robot_description/share/my_robot_description/cmake/my_robot_descriptionConfig.cmake
[0.243s] -- Up-to-date: /workspace/rl_for_curobo/projects_root/ros/workspaces/moveit_cfgs_ws/install/my_robot_description/share/my_robot_description/cmake/my_robot_descriptionConfig-version.cmake
[0.243s] -- Installing: /workspace/rl_for_curobo/projects_root/ros/workspaces/moveit_cfgs_ws/install/my_robot_description/share/my_robot_description/package.xml
[0.244s] Invoked command in '/workspace/rl_for_curobo/projects_root/ros/workspaces/moveit_cfgs_ws/build/my_robot_description' returned '0': CMAKE_PREFIX_PATH=${CMAKE_PREFIX_PATH}:/workspace/ws_moveit2/install/moveit_configs_utils:/workspace/ws_moveit2/install/launch_param_builder:/opt/ros/humble /usr/local/bin/cmake --install /workspace/rl_for_curobo/projects_root/ros/workspaces/moveit_cfgs_ws/build/my_robot_description
