[0.012s] Invoking command in '/workspace/rl_for_curobo/projects_root/ros/workspaces/moveit2_setup_assistant_inputs_ws/build/custom_franka_description': CMAKE_PREFIX_PATH=${CMAKE_PREFIX_PATH}:/opt/ros/humble:/workspace/ws_moveit2/install/moveit_configs_utils:/workspace/ws_moveit2/install/launch_param_builder /usr/local/bin/cmake --build /workspace/rl_for_curobo/projects_root/ros/workspaces/moveit2_setup_assistant_inputs_ws/build/custom_franka_description -- -j16 -l16
[0.049s] Invoked command in '/workspace/rl_for_curobo/projects_root/ros/workspaces/moveit2_setup_assistant_inputs_ws/build/custom_franka_description' returned '0': CMAKE_PREFIX_PATH=${CMAKE_PREFIX_PATH}:/opt/ros/humble:/workspace/ws_moveit2/install/moveit_configs_utils:/workspace/ws_moveit2/install/launch_param_builder /usr/local/bin/cmake --build /workspace/rl_for_curobo/projects_root/ros/workspaces/moveit2_setup_assistant_inputs_ws/build/custom_franka_description -- -j16 -l16
[0.059s] Invoking command in '/workspace/rl_for_curobo/projects_root/ros/workspaces/moveit2_setup_assistant_inputs_ws/build/custom_franka_description': CMAKE_PREFIX_PATH=${CMAKE_PREFIX_PATH}:/opt/ros/humble:/workspace/ws_moveit2/install/moveit_configs_utils:/workspace/ws_moveit2/install/launch_param_builder /usr/local/bin/cmake --install /workspace/rl_for_curobo/projects_root/ros/workspaces/moveit2_setup_assistant_inputs_ws/build/custom_franka_description
[0.070s] -- Install configuration: ""
[0.070s] -- Up-to-date: /workspace/rl_for_curobo/projects_root/ros/workspaces/moveit2_setup_assistant_inputs_ws/install/custom_franka_description/share/custom_franka_description/meshes
[0.070s] -- Up-to-date: /workspace/rl_for_curobo/projects_root/ros/workspaces/moveit2_setup_assistant_inputs_ws/install/custom_franka_description/share/custom_franka_description/meshes/collision
[0.070s] -- Up-to-date: /workspace/rl_for_curobo/projects_root/ros/workspaces/moveit2_setup_assistant_inputs_ws/install/custom_franka_description/share/custom_franka_description/meshes/collision/finger.stl
[0.070s] -- Up-to-date: /workspace/rl_for_curobo/projects_root/ros/workspaces/moveit2_setup_assistant_inputs_ws/install/custom_franka_description/share/custom_franka_description/meshes/collision/link3.stl
[0.071s] -- Up-to-date: /workspace/rl_for_curobo/projects_root/ros/workspaces/moveit2_setup_assistant_inputs_ws/install/custom_franka_description/share/custom_franka_description/meshes/collision/link6.obj
[0.071s] -- Up-to-date: /workspace/rl_for_curobo/projects_root/ros/workspaces/moveit2_setup_assistant_inputs_ws/install/custom_franka_description/share/custom_franka_description/meshes/collision/hand.obj
[0.071s] -- Up-to-date: /workspace/rl_for_curobo/projects_root/ros/workspaces/moveit2_setup_assistant_inputs_ws/install/custom_franka_description/share/custom_franka_description/meshes/collision/link4.stl
[0.071s] -- Up-to-date: /workspace/rl_for_curobo/projects_root/ros/workspaces/moveit2_setup_assistant_inputs_ws/install/custom_franka_description/share/custom_franka_description/meshes/collision/hand.stl
[0.071s] -- Up-to-date: /workspace/rl_for_curobo/projects_root/ros/workspaces/moveit2_setup_assistant_inputs_ws/install/custom_franka_description/share/custom_franka_description/meshes/collision/hand_gripper.obj
[0.071s] -- Up-to-date: /workspace/rl_for_curobo/projects_root/ros/workspaces/moveit2_setup_assistant_inputs_ws/install/custom_franka_description/share/custom_franka_description/meshes/collision/hand_flipped.obj
[0.071s] -- Up-to-date: /workspace/rl_for_curobo/projects_root/ros/workspaces/moveit2_setup_assistant_inputs_ws/install/custom_franka_description/share/custom_franka_description/meshes/collision/link5.stl
[0.071s] -- Up-to-date: /workspace/rl_for_curobo/projects_root/ros/workspaces/moveit2_setup_assistant_inputs_ws/install/custom_franka_description/share/custom_franka_description/meshes/collision/link7.stl
[0.071s] -- Up-to-date: /workspace/rl_for_curobo/projects_root/ros/workspaces/moveit2_setup_assistant_inputs_ws/install/custom_franka_description/share/custom_franka_description/meshes/collision/hand_gripper.stl
[0.072s] -- Up-to-date: /workspace/rl_for_curobo/projects_root/ros/workspaces/moveit2_setup_assistant_inputs_ws/install/custom_franka_description/share/custom_franka_description/meshes/collision/link6.stl
[0.072s] -- Up-to-date: /workspace/rl_for_curobo/projects_root/ros/workspaces/moveit2_setup_assistant_inputs_ws/install/custom_franka_description/share/custom_franka_description/meshes/collision/link5.obj
[0.072s] -- Up-to-date: /workspace/rl_for_curobo/projects_root/ros/workspaces/moveit2_setup_assistant_inputs_ws/install/custom_franka_description/share/custom_franka_description/meshes/collision/link4.obj
[0.072s] -- Up-to-date: /workspace/rl_for_curobo/projects_root/ros/workspaces/moveit2_setup_assistant_inputs_ws/install/custom_franka_description/share/custom_franka_description/meshes/collision/link7.obj
[0.072s] -- Up-to-date: /workspace/rl_for_curobo/projects_root/ros/workspaces/moveit2_setup_assistant_inputs_ws/install/custom_franka_description/share/custom_franka_description/meshes/collision/hand_gripper_flipped.obj
[0.072s] -- Up-to-date: /workspace/rl_for_curobo/projects_root/ros/workspaces/moveit2_setup_assistant_inputs_ws/install/custom_franka_description/share/custom_franka_description/meshes/collision/finger.obj
[0.072s] -- Up-to-date: /workspace/rl_for_curobo/projects_root/ros/workspaces/moveit2_setup_assistant_inputs_ws/install/custom_franka_description/share/custom_franka_description/meshes/collision/link0.stl
[0.072s] -- Up-to-date: /workspace/rl_for_curobo/projects_root/ros/workspaces/moveit2_setup_assistant_inputs_ws/install/custom_franka_description/share/custom_franka_description/meshes/collision/link2.obj
[0.072s] -- Up-to-date: /workspace/rl_for_curobo/projects_root/ros/workspaces/moveit2_setup_assistant_inputs_ws/install/custom_franka_description/share/custom_franka_description/meshes/collision/link1.stl
[0.072s] -- Up-to-date: /workspace/rl_for_curobo/projects_root/ros/workspaces/moveit2_setup_assistant_inputs_ws/install/custom_franka_description/share/custom_franka_description/meshes/collision/link3.obj
[0.072s] -- Up-to-date: /workspace/rl_for_curobo/projects_root/ros/workspaces/moveit2_setup_assistant_inputs_ws/install/custom_franka_description/share/custom_franka_description/meshes/collision/link1.obj
[0.072s] -- Up-to-date: /workspace/rl_for_curobo/projects_root/ros/workspaces/moveit2_setup_assistant_inputs_ws/install/custom_franka_description/share/custom_franka_description/meshes/collision/link0.obj
[0.072s] -- Up-to-date: /workspace/rl_for_curobo/projects_root/ros/workspaces/moveit2_setup_assistant_inputs_ws/install/custom_franka_description/share/custom_franka_description/meshes/collision/link2.stl
[0.072s] -- Up-to-date: /workspace/rl_for_curobo/projects_root/ros/workspaces/moveit2_setup_assistant_inputs_ws/install/custom_franka_description/share/custom_franka_description/meshes/visual
[0.073s] -- Up-to-date: /workspace/rl_for_curobo/projects_root/ros/workspaces/moveit2_setup_assistant_inputs_ws/install/custom_franka_description/share/custom_franka_description/meshes/visual/link5.obj.mtl
[0.073s] -- Up-to-date: /workspace/rl_for_curobo/projects_root/ros/workspaces/moveit2_setup_assistant_inputs_ws/install/custom_franka_description/share/custom_franka_description/meshes/visual/graspnet_panda_mesh.obj
[0.073s] -- Up-to-date: /workspace/rl_for_curobo/projects_root/ros/workspaces/moveit2_setup_assistant_inputs_ws/install/custom_franka_description/share/custom_franka_description/meshes/visual/link6.obj
[0.073s] -- Up-to-date: /workspace/rl_for_curobo/projects_root/ros/workspaces/moveit2_setup_assistant_inputs_ws/install/custom_franka_description/share/custom_franka_description/meshes/visual/link0.mtl
[0.073s] -- Up-to-date: /workspace/rl_for_curobo/projects_root/ros/workspaces/moveit2_setup_assistant_inputs_ws/install/custom_franka_description/share/custom_franka_description/meshes/visual/hand.obj
[0.073s] -- Up-to-date: /workspace/rl_for_curobo/projects_root/ros/workspaces/moveit2_setup_assistant_inputs_ws/install/custom_franka_description/share/custom_franka_description/meshes/visual/link6.dae
[0.073s] -- Up-to-date: /workspace/rl_for_curobo/projects_root/ros/workspaces/moveit2_setup_assistant_inputs_ws/install/custom_franka_description/share/custom_franka_description/meshes/visual/hand_gripper.obj
[0.073s] -- Up-to-date: /workspace/rl_for_curobo/projects_root/ros/workspaces/moveit2_setup_assistant_inputs_ws/install/custom_franka_description/share/custom_franka_description/meshes/visual/link4.dae
[0.073s] -- Up-to-date: /workspace/rl_for_curobo/projects_root/ros/workspaces/moveit2_setup_assistant_inputs_ws/install/custom_franka_description/share/custom_franka_description/meshes/visual/link7.dae
[0.073s] -- Up-to-date: /workspace/rl_for_curobo/projects_root/ros/workspaces/moveit2_setup_assistant_inputs_ws/install/custom_franka_description/share/custom_franka_description/meshes/visual/link2.mtl
[0.073s] -- Up-to-date: /workspace/rl_for_curobo/projects_root/ros/workspaces/moveit2_setup_assistant_inputs_ws/install/custom_franka_description/share/custom_franka_description/meshes/visual/link1.dae
[0.073s] -- Up-to-date: /workspace/rl_for_curobo/projects_root/ros/workspaces/moveit2_setup_assistant_inputs_ws/install/custom_franka_description/share/custom_franka_description/meshes/visual/link0.obj.mtl
[0.073s] -- Up-to-date: /workspace/rl_for_curobo/projects_root/ros/workspaces/moveit2_setup_assistant_inputs_ws/install/custom_franka_description/share/custom_franka_description/meshes/visual/hand.dae
[0.073s] -- Up-to-date: /workspace/rl_for_curobo/projects_root/ros/workspaces/moveit2_setup_assistant_inputs_ws/install/custom_franka_description/share/custom_franka_description/meshes/visual/link5.mtl
[0.073s] -- Up-to-date: /workspace/rl_for_curobo/projects_root/ros/workspaces/moveit2_setup_assistant_inputs_ws/install/custom_franka_description/share/custom_franka_description/meshes/visual/link7.obj.mtl
[0.073s] -- Up-to-date: /workspace/rl_for_curobo/projects_root/ros/workspaces/moveit2_setup_assistant_inputs_ws/install/custom_franka_description/share/custom_franka_description/meshes/visual/link2.dae
[0.073s] -- Up-to-date: /workspace/rl_for_curobo/projects_root/ros/workspaces/moveit2_setup_assistant_inputs_ws/install/custom_franka_description/share/custom_franka_description/meshes/visual/link6.mtl
[0.074s] -- Up-to-date: /workspace/rl_for_curobo/projects_root/ros/workspaces/moveit2_setup_assistant_inputs_ws/install/custom_franka_description/share/custom_franka_description/meshes/visual/hand_gripper.stl
[0.074s] -- Up-to-date: /workspace/rl_for_curobo/projects_root/ros/workspaces/moveit2_setup_assistant_inputs_ws/install/custom_franka_description/share/custom_franka_description/meshes/visual/link7.mtl
[0.074s] -- Up-to-date: /workspace/rl_for_curobo/projects_root/ros/workspaces/moveit2_setup_assistant_inputs_ws/install/custom_franka_description/share/custom_franka_description/meshes/visual/link0.dae
[0.074s] -- Up-to-date: /workspace/rl_for_curobo/projects_root/ros/workspaces/moveit2_setup_assistant_inputs_ws/install/custom_franka_description/share/custom_franka_description/meshes/visual/link6.obj.mtl
[0.074s] -- Up-to-date: /workspace/rl_for_curobo/projects_root/ros/workspaces/moveit2_setup_assistant_inputs_ws/install/custom_franka_description/share/custom_franka_description/meshes/visual/link1.obj.mtl
[0.074s] -- Up-to-date: /workspace/rl_for_curobo/projects_root/ros/workspaces/moveit2_setup_assistant_inputs_ws/install/custom_franka_description/share/custom_franka_description/meshes/visual/finger.mtl
[0.074s] -- Up-to-date: /workspace/rl_for_curobo/projects_root/ros/workspaces/moveit2_setup_assistant_inputs_ws/install/custom_franka_description/share/custom_franka_description/meshes/visual/link4.obj.mtl
[0.074s] -- Up-to-date: /workspace/rl_for_curobo/projects_root/ros/workspaces/moveit2_setup_assistant_inputs_ws/install/custom_franka_description/share/custom_franka_description/meshes/visual/link5.obj
[0.074s] -- Up-to-date: /workspace/rl_for_curobo/projects_root/ros/workspaces/moveit2_setup_assistant_inputs_ws/install/custom_franka_description/share/custom_franka_description/meshes/visual/link4.obj
[0.074s] -- Up-to-date: /workspace/rl_for_curobo/projects_root/ros/workspaces/moveit2_setup_assistant_inputs_ws/install/custom_franka_description/share/custom_franka_description/meshes/visual/link4.mtl
[0.074s] -- Up-to-date: /workspace/rl_for_curobo/projects_root/ros/workspaces/moveit2_setup_assistant_inputs_ws/install/custom_franka_description/share/custom_franka_description/meshes/visual/hand.mtl
[0.074s] -- Up-to-date: /workspace/rl_for_curobo/projects_root/ros/workspaces/moveit2_setup_assistant_inputs_ws/install/custom_franka_description/share/custom_franka_description/meshes/visual/link7.obj
[0.074s] -- Up-to-date: /workspace/rl_for_curobo/projects_root/ros/workspaces/moveit2_setup_assistant_inputs_ws/install/custom_franka_description/share/custom_franka_description/meshes/visual/finger.obj
[0.074s] -- Up-to-date: /workspace/rl_for_curobo/projects_root/ros/workspaces/moveit2_setup_assistant_inputs_ws/install/custom_franka_description/share/custom_franka_description/meshes/visual/link2.obj.mtl
[0.074s] -- Up-to-date: /workspace/rl_for_curobo/projects_root/ros/workspaces/moveit2_setup_assistant_inputs_ws/install/custom_franka_description/share/custom_franka_description/meshes/visual/hand_ee_link.dae
[0.074s] -- Up-to-date: /workspace/rl_for_curobo/projects_root/ros/workspaces/moveit2_setup_assistant_inputs_ws/install/custom_franka_description/share/custom_franka_description/meshes/visual/link3.mtl
[0.074s] -- Up-to-date: /workspace/rl_for_curobo/projects_root/ros/workspaces/moveit2_setup_assistant_inputs_ws/install/custom_franka_description/share/custom_franka_description/meshes/visual/link3.dae
[0.074s] -- Up-to-date: /workspace/rl_for_curobo/projects_root/ros/workspaces/moveit2_setup_assistant_inputs_ws/install/custom_franka_description/share/custom_franka_description/meshes/visual/link2.obj
[0.074s] -- Up-to-date: /workspace/rl_for_curobo/projects_root/ros/workspaces/moveit2_setup_assistant_inputs_ws/install/custom_franka_description/share/custom_franka_description/meshes/visual/finger.dae
[0.074s] -- Up-to-date: /workspace/rl_for_curobo/projects_root/ros/workspaces/moveit2_setup_assistant_inputs_ws/install/custom_franka_description/share/custom_franka_description/meshes/visual/link3.obj.mtl
[0.075s] -- Up-to-date: /workspace/rl_for_curobo/projects_root/ros/workspaces/moveit2_setup_assistant_inputs_ws/install/custom_franka_description/share/custom_franka_description/meshes/visual/train_gripper.obj
[0.075s] -- Up-to-date: /workspace/rl_for_curobo/projects_root/ros/workspaces/moveit2_setup_assistant_inputs_ws/install/custom_franka_description/share/custom_franka_description/meshes/visual/link3.obj
[0.075s] -- Up-to-date: /workspace/rl_for_curobo/projects_root/ros/workspaces/moveit2_setup_assistant_inputs_ws/install/custom_franka_description/share/custom_franka_description/meshes/visual/link1.mtl
[0.075s] -- Up-to-date: /workspace/rl_for_curobo/projects_root/ros/workspaces/moveit2_setup_assistant_inputs_ws/install/custom_franka_description/share/custom_franka_description/meshes/visual/link1.obj
[0.075s] -- Up-to-date: /workspace/rl_for_curobo/projects_root/ros/workspaces/moveit2_setup_assistant_inputs_ws/install/custom_franka_description/share/custom_franka_description/meshes/visual/link5.dae
[0.075s] -- Up-to-date: /workspace/rl_for_curobo/projects_root/ros/workspaces/moveit2_setup_assistant_inputs_ws/install/custom_franka_description/share/custom_franka_description/meshes/visual/link0.obj
[0.075s] -- Up-to-date: /workspace/rl_for_curobo/projects_root/ros/workspaces/moveit2_setup_assistant_inputs_ws/install/custom_franka_description/share/custom_franka_description/urdf
[0.075s] -- Up-to-date: /workspace/rl_for_curobo/projects_root/ros/workspaces/moveit2_setup_assistant_inputs_ws/install/custom_franka_description/share/custom_franka_description/urdf/franka_test.urdf
[0.075s] -- Up-to-date: /workspace/rl_for_curobo/projects_root/ros/workspaces/moveit2_setup_assistant_inputs_ws/install/custom_franka_description/share/custom_franka_description/urdf/franka_panda_mobile.urdf
[0.075s] -- Up-to-date: /workspace/rl_for_curobo/projects_root/ros/workspaces/moveit2_setup_assistant_inputs_ws/install/custom_franka_description/share/custom_franka_description/urdf/franka_panda_mobile_base.urdf
[0.075s] -- Up-to-date: /workspace/rl_for_curobo/projects_root/ros/workspaces/moveit2_setup_assistant_inputs_ws/install/custom_franka_description/share/custom_franka_description/urdf/franka_panda_mobile_xy_tz.urdf
[0.075s] -- Up-to-date: /workspace/rl_for_curobo/projects_root/ros/workspaces/moveit2_setup_assistant_inputs_ws/install/custom_franka_description/share/custom_franka_description/urdf/panda_grasp_gripper.urdf
[0.075s] -- Up-to-date: /workspace/rl_for_curobo/projects_root/ros/workspaces/moveit2_setup_assistant_inputs_ws/install/custom_franka_description/share/custom_franka_description/urdf/franka_panda_no_gripper.urdf
[0.075s] -- Up-to-date: /workspace/rl_for_curobo/projects_root/ros/workspaces/moveit2_setup_assistant_inputs_ws/install/custom_franka_description/share/custom_franka_description/urdf/franka_panda_mobile_x.urdf
[0.076s] -- Installing: /workspace/rl_for_curobo/projects_root/ros/workspaces/moveit2_setup_assistant_inputs_ws/install/custom_franka_description/share/custom_franka_description/urdf/franka_panda.urdf
[0.076s] -- Up-to-date: /workspace/rl_for_curobo/projects_root/ros/workspaces/moveit2_setup_assistant_inputs_ws/install/custom_franka_description/share/custom_franka_description/urdf/franka_panda_mobile_xy.urdf
[0.076s] -- Up-to-date: /workspace/rl_for_curobo/projects_root/ros/workspaces/moveit2_setup_assistant_inputs_ws/install/custom_franka_description/share/custom_franka_description/urdf/franka_panda_temp.usd
[0.076s] -- Up-to-date: /workspace/rl_for_curobo/projects_root/ros/workspaces/moveit2_setup_assistant_inputs_ws/install/custom_franka_description/share/custom_franka_description/urdf/panda.urdf
[0.076s] -- Up-to-date: /workspace/rl_for_curobo/projects_root/ros/workspaces/moveit2_setup_assistant_inputs_ws/install/custom_franka_description/share/custom_franka_description/urdf/panda_gripper.urdf
[0.076s] -- Up-to-date: /workspace/rl_for_curobo/projects_root/ros/workspaces/moveit2_setup_assistant_inputs_ws/install/custom_franka_description/share/custom_franka_description/urdf/moving_gripper.urdf
[0.076s] -- Up-to-date: /workspace/rl_for_curobo/projects_root/ros/workspaces/moveit2_setup_assistant_inputs_ws/install/custom_franka_description/share/ament_index/resource_index/package_run_dependencies/custom_franka_description
[0.076s] -- Up-to-date: /workspace/rl_for_curobo/projects_root/ros/workspaces/moveit2_setup_assistant_inputs_ws/install/custom_franka_description/share/ament_index/resource_index/parent_prefix_path/custom_franka_description
[0.076s] -- Up-to-date: /workspace/rl_for_curobo/projects_root/ros/workspaces/moveit2_setup_assistant_inputs_ws/install/custom_franka_description/share/custom_franka_description/environment/ament_prefix_path.sh
[0.076s] -- Up-to-date: /workspace/rl_for_curobo/projects_root/ros/workspaces/moveit2_setup_assistant_inputs_ws/install/custom_franka_description/share/custom_franka_description/environment/ament_prefix_path.dsv
[0.076s] -- Up-to-date: /workspace/rl_for_curobo/projects_root/ros/workspaces/moveit2_setup_assistant_inputs_ws/install/custom_franka_description/share/custom_franka_description/environment/path.sh
[0.076s] -- Up-to-date: /workspace/rl_for_curobo/projects_root/ros/workspaces/moveit2_setup_assistant_inputs_ws/install/custom_franka_description/share/custom_franka_description/environment/path.dsv
[0.076s] -- Up-to-date: /workspace/rl_for_curobo/projects_root/ros/workspaces/moveit2_setup_assistant_inputs_ws/install/custom_franka_description/share/custom_franka_description/local_setup.bash
[0.076s] -- Up-to-date: /workspace/rl_for_curobo/projects_root/ros/workspaces/moveit2_setup_assistant_inputs_ws/install/custom_franka_description/share/custom_franka_description/local_setup.sh
[0.076s] -- Up-to-date: /workspace/rl_for_curobo/projects_root/ros/workspaces/moveit2_setup_assistant_inputs_ws/install/custom_franka_description/share/custom_franka_description/local_setup.zsh
[0.076s] -- Up-to-date: /workspace/rl_for_curobo/projects_root/ros/workspaces/moveit2_setup_assistant_inputs_ws/install/custom_franka_description/share/custom_franka_description/local_setup.dsv
[0.076s] -- Installing: /workspace/rl_for_curobo/projects_root/ros/workspaces/moveit2_setup_assistant_inputs_ws/install/custom_franka_description/share/custom_franka_description/package.dsv
[0.077s] -- Up-to-date: /workspace/rl_for_curobo/projects_root/ros/workspaces/moveit2_setup_assistant_inputs_ws/install/custom_franka_description/share/ament_index/resource_index/packages/custom_franka_description
[0.077s] -- Up-to-date: /workspace/rl_for_curobo/projects_root/ros/workspaces/moveit2_setup_assistant_inputs_ws/install/custom_franka_description/share/custom_franka_description/cmake/custom_franka_descriptionConfig.cmake
[0.077s] -- Up-to-date: /workspace/rl_for_curobo/projects_root/ros/workspaces/moveit2_setup_assistant_inputs_ws/install/custom_franka_description/share/custom_franka_description/cmake/custom_franka_descriptionConfig-version.cmake
[0.077s] -- Up-to-date: /workspace/rl_for_curobo/projects_root/ros/workspaces/moveit2_setup_assistant_inputs_ws/install/custom_franka_description/share/custom_franka_description/package.xml
[0.078s] Invoked command in '/workspace/rl_for_curobo/projects_root/ros/workspaces/moveit2_setup_assistant_inputs_ws/build/custom_franka_description' returned '0': CMAKE_PREFIX_PATH=${CMAKE_PREFIX_PATH}:/opt/ros/humble:/workspace/ws_moveit2/install/moveit_configs_utils:/workspace/ws_moveit2/install/launch_param_builder /usr/local/bin/cmake --install /workspace/rl_for_curobo/projects_root/ros/workspaces/moveit2_setup_assistant_inputs_ws/build/custom_franka_description
