-- Install configuration: ""
-- Up-to-date: /workspace/rl_for_curobo/projects_root/ros/workspaces/moveit2_setup_assistant_inputs_ws/install/custom_franka_description/share/custom_franka_description/meshes
-- Up-to-date: /workspace/rl_for_curobo/projects_root/ros/workspaces/moveit2_setup_assistant_inputs_ws/install/custom_franka_description/share/custom_franka_description/meshes/collision
-- Up-to-date: /workspace/rl_for_curobo/projects_root/ros/workspaces/moveit2_setup_assistant_inputs_ws/install/custom_franka_description/share/custom_franka_description/meshes/collision/finger.stl
-- Up-to-date: /workspace/rl_for_curobo/projects_root/ros/workspaces/moveit2_setup_assistant_inputs_ws/install/custom_franka_description/share/custom_franka_description/meshes/collision/link3.stl
-- Up-to-date: /workspace/rl_for_curobo/projects_root/ros/workspaces/moveit2_setup_assistant_inputs_ws/install/custom_franka_description/share/custom_franka_description/meshes/collision/link6.obj
-- Up-to-date: /workspace/rl_for_curobo/projects_root/ros/workspaces/moveit2_setup_assistant_inputs_ws/install/custom_franka_description/share/custom_franka_description/meshes/collision/hand.obj
-- Up-to-date: /workspace/rl_for_curobo/projects_root/ros/workspaces/moveit2_setup_assistant_inputs_ws/install/custom_franka_description/share/custom_franka_description/meshes/collision/link4.stl
-- Up-to-date: /workspace/rl_for_curobo/projects_root/ros/workspaces/moveit2_setup_assistant_inputs_ws/install/custom_franka_description/share/custom_franka_description/meshes/collision/hand.stl
-- Up-to-date: /workspace/rl_for_curobo/projects_root/ros/workspaces/moveit2_setup_assistant_inputs_ws/install/custom_franka_description/share/custom_franka_description/meshes/collision/hand_gripper.obj
-- Up-to-date: /workspace/rl_for_curobo/projects_root/ros/workspaces/moveit2_setup_assistant_inputs_ws/install/custom_franka_description/share/custom_franka_description/meshes/collision/hand_flipped.obj
-- Up-to-date: /workspace/rl_for_curobo/projects_root/ros/workspaces/moveit2_setup_assistant_inputs_ws/install/custom_franka_description/share/custom_franka_description/meshes/collision/link5.stl
-- Up-to-date: /workspace/rl_for_curobo/projects_root/ros/workspaces/moveit2_setup_assistant_inputs_ws/install/custom_franka_description/share/custom_franka_description/meshes/collision/link7.stl
-- Up-to-date: /workspace/rl_for_curobo/projects_root/ros/workspaces/moveit2_setup_assistant_inputs_ws/install/custom_franka_description/share/custom_franka_description/meshes/collision/hand_gripper.stl
-- Up-to-date: /workspace/rl_for_curobo/projects_root/ros/workspaces/moveit2_setup_assistant_inputs_ws/install/custom_franka_description/share/custom_franka_description/meshes/collision/link6.stl
-- Up-to-date: /workspace/rl_for_curobo/projects_root/ros/workspaces/moveit2_setup_assistant_inputs_ws/install/custom_franka_description/share/custom_franka_description/meshes/collision/link5.obj
-- Up-to-date: /workspace/rl_for_curobo/projects_root/ros/workspaces/moveit2_setup_assistant_inputs_ws/install/custom_franka_description/share/custom_franka_description/meshes/collision/link4.obj
-- Up-to-date: /workspace/rl_for_curobo/projects_root/ros/workspaces/moveit2_setup_assistant_inputs_ws/install/custom_franka_description/share/custom_franka_description/meshes/collision/link7.obj
-- Up-to-date: /workspace/rl_for_curobo/projects_root/ros/workspaces/moveit2_setup_assistant_inputs_ws/install/custom_franka_description/share/custom_franka_description/meshes/collision/hand_gripper_flipped.obj
-- Up-to-date: /workspace/rl_for_curobo/projects_root/ros/workspaces/moveit2_setup_assistant_inputs_ws/install/custom_franka_description/share/custom_franka_description/meshes/collision/finger.obj
-- Up-to-date: /workspace/rl_for_curobo/projects_root/ros/workspaces/moveit2_setup_assistant_inputs_ws/install/custom_franka_description/share/custom_franka_description/meshes/collision/link0.stl
-- Up-to-date: /workspace/rl_for_curobo/projects_root/ros/workspaces/moveit2_setup_assistant_inputs_ws/install/custom_franka_description/share/custom_franka_description/meshes/collision/link2.obj
-- Up-to-date: /workspace/rl_for_curobo/projects_root/ros/workspaces/moveit2_setup_assistant_inputs_ws/install/custom_franka_description/share/custom_franka_description/meshes/collision/link1.stl
-- Up-to-date: /workspace/rl_for_curobo/projects_root/ros/workspaces/moveit2_setup_assistant_inputs_ws/install/custom_franka_description/share/custom_franka_description/meshes/collision/link3.obj
-- Up-to-date: /workspace/rl_for_curobo/projects_root/ros/workspaces/moveit2_setup_assistant_inputs_ws/install/custom_franka_description/share/custom_franka_description/meshes/collision/link1.obj
-- Up-to-date: /workspace/rl_for_curobo/projects_root/ros/workspaces/moveit2_setup_assistant_inputs_ws/install/custom_franka_description/share/custom_franka_description/meshes/collision/link0.obj
-- Up-to-date: /workspace/rl_for_curobo/projects_root/ros/workspaces/moveit2_setup_assistant_inputs_ws/install/custom_franka_description/share/custom_franka_description/meshes/collision/link2.stl
-- Up-to-date: /workspace/rl_for_curobo/projects_root/ros/workspaces/moveit2_setup_assistant_inputs_ws/install/custom_franka_description/share/custom_franka_description/meshes/visual
-- Up-to-date: /workspace/rl_for_curobo/projects_root/ros/workspaces/moveit2_setup_assistant_inputs_ws/install/custom_franka_description/share/custom_franka_description/meshes/visual/link5.obj.mtl
-- Up-to-date: /workspace/rl_for_curobo/projects_root/ros/workspaces/moveit2_setup_assistant_inputs_ws/install/custom_franka_description/share/custom_franka_description/meshes/visual/graspnet_panda_mesh.obj
-- Up-to-date: /workspace/rl_for_curobo/projects_root/ros/workspaces/moveit2_setup_assistant_inputs_ws/install/custom_franka_description/share/custom_franka_description/meshes/visual/link6.obj
-- Up-to-date: /workspace/rl_for_curobo/projects_root/ros/workspaces/moveit2_setup_assistant_inputs_ws/install/custom_franka_description/share/custom_franka_description/meshes/visual/link0.mtl
-- Up-to-date: /workspace/rl_for_curobo/projects_root/ros/workspaces/moveit2_setup_assistant_inputs_ws/install/custom_franka_description/share/custom_franka_description/meshes/visual/hand.obj
-- Up-to-date: /workspace/rl_for_curobo/projects_root/ros/workspaces/moveit2_setup_assistant_inputs_ws/install/custom_franka_description/share/custom_franka_description/meshes/visual/link6.dae
-- Up-to-date: /workspace/rl_for_curobo/projects_root/ros/workspaces/moveit2_setup_assistant_inputs_ws/install/custom_franka_description/share/custom_franka_description/meshes/visual/hand_gripper.obj
-- Up-to-date: /workspace/rl_for_curobo/projects_root/ros/workspaces/moveit2_setup_assistant_inputs_ws/install/custom_franka_description/share/custom_franka_description/meshes/visual/link4.dae
-- Up-to-date: /workspace/rl_for_curobo/projects_root/ros/workspaces/moveit2_setup_assistant_inputs_ws/install/custom_franka_description/share/custom_franka_description/meshes/visual/link7.dae
-- Up-to-date: /workspace/rl_for_curobo/projects_root/ros/workspaces/moveit2_setup_assistant_inputs_ws/install/custom_franka_description/share/custom_franka_description/meshes/visual/link2.mtl
-- Up-to-date: /workspace/rl_for_curobo/projects_root/ros/workspaces/moveit2_setup_assistant_inputs_ws/install/custom_franka_description/share/custom_franka_description/meshes/visual/link1.dae
-- Up-to-date: /workspace/rl_for_curobo/projects_root/ros/workspaces/moveit2_setup_assistant_inputs_ws/install/custom_franka_description/share/custom_franka_description/meshes/visual/link0.obj.mtl
-- Up-to-date: /workspace/rl_for_curobo/projects_root/ros/workspaces/moveit2_setup_assistant_inputs_ws/install/custom_franka_description/share/custom_franka_description/meshes/visual/hand.dae
-- Up-to-date: /workspace/rl_for_curobo/projects_root/ros/workspaces/moveit2_setup_assistant_inputs_ws/install/custom_franka_description/share/custom_franka_description/meshes/visual/link5.mtl
-- Up-to-date: /workspace/rl_for_curobo/projects_root/ros/workspaces/moveit2_setup_assistant_inputs_ws/install/custom_franka_description/share/custom_franka_description/meshes/visual/link7.obj.mtl
-- Up-to-date: /workspace/rl_for_curobo/projects_root/ros/workspaces/moveit2_setup_assistant_inputs_ws/install/custom_franka_description/share/custom_franka_description/meshes/visual/link2.dae
-- Up-to-date: /workspace/rl_for_curobo/projects_root/ros/workspaces/moveit2_setup_assistant_inputs_ws/install/custom_franka_description/share/custom_franka_description/meshes/visual/link6.mtl
-- Up-to-date: /workspace/rl_for_curobo/projects_root/ros/workspaces/moveit2_setup_assistant_inputs_ws/install/custom_franka_description/share/custom_franka_description/meshes/visual/hand_gripper.stl
-- Up-to-date: /workspace/rl_for_curobo/projects_root/ros/workspaces/moveit2_setup_assistant_inputs_ws/install/custom_franka_description/share/custom_franka_description/meshes/visual/link7.mtl
-- Up-to-date: /workspace/rl_for_curobo/projects_root/ros/workspaces/moveit2_setup_assistant_inputs_ws/install/custom_franka_description/share/custom_franka_description/meshes/visual/link0.dae
-- Up-to-date: /workspace/rl_for_curobo/projects_root/ros/workspaces/moveit2_setup_assistant_inputs_ws/install/custom_franka_description/share/custom_franka_description/meshes/visual/link6.obj.mtl
-- Up-to-date: /workspace/rl_for_curobo/projects_root/ros/workspaces/moveit2_setup_assistant_inputs_ws/install/custom_franka_description/share/custom_franka_description/meshes/visual/link1.obj.mtl
-- Up-to-date: /workspace/rl_for_curobo/projects_root/ros/workspaces/moveit2_setup_assistant_inputs_ws/install/custom_franka_description/share/custom_franka_description/meshes/visual/finger.mtl
-- Up-to-date: /workspace/rl_for_curobo/projects_root/ros/workspaces/moveit2_setup_assistant_inputs_ws/install/custom_franka_description/share/custom_franka_description/meshes/visual/link4.obj.mtl
-- Up-to-date: /workspace/rl_for_curobo/projects_root/ros/workspaces/moveit2_setup_assistant_inputs_ws/install/custom_franka_description/share/custom_franka_description/meshes/visual/link5.obj
-- Up-to-date: /workspace/rl_for_curobo/projects_root/ros/workspaces/moveit2_setup_assistant_inputs_ws/install/custom_franka_description/share/custom_franka_description/meshes/visual/link4.obj
-- Up-to-date: /workspace/rl_for_curobo/projects_root/ros/workspaces/moveit2_setup_assistant_inputs_ws/install/custom_franka_description/share/custom_franka_description/meshes/visual/link4.mtl
-- Up-to-date: /workspace/rl_for_curobo/projects_root/ros/workspaces/moveit2_setup_assistant_inputs_ws/install/custom_franka_description/share/custom_franka_description/meshes/visual/hand.mtl
-- Up-to-date: /workspace/rl_for_curobo/projects_root/ros/workspaces/moveit2_setup_assistant_inputs_ws/install/custom_franka_description/share/custom_franka_description/meshes/visual/link7.obj
-- Up-to-date: /workspace/rl_for_curobo/projects_root/ros/workspaces/moveit2_setup_assistant_inputs_ws/install/custom_franka_description/share/custom_franka_description/meshes/visual/finger.obj
-- Up-to-date: /workspace/rl_for_curobo/projects_root/ros/workspaces/moveit2_setup_assistant_inputs_ws/install/custom_franka_description/share/custom_franka_description/meshes/visual/link2.obj.mtl
-- Up-to-date: /workspace/rl_for_curobo/projects_root/ros/workspaces/moveit2_setup_assistant_inputs_ws/install/custom_franka_description/share/custom_franka_description/meshes/visual/hand_ee_link.dae
-- Up-to-date: /workspace/rl_for_curobo/projects_root/ros/workspaces/moveit2_setup_assistant_inputs_ws/install/custom_franka_description/share/custom_franka_description/meshes/visual/link3.mtl
-- Up-to-date: /workspace/rl_for_curobo/projects_root/ros/workspaces/moveit2_setup_assistant_inputs_ws/install/custom_franka_description/share/custom_franka_description/meshes/visual/link3.dae
-- Up-to-date: /workspace/rl_for_curobo/projects_root/ros/workspaces/moveit2_setup_assistant_inputs_ws/install/custom_franka_description/share/custom_franka_description/meshes/visual/link2.obj
-- Up-to-date: /workspace/rl_for_curobo/projects_root/ros/workspaces/moveit2_setup_assistant_inputs_ws/install/custom_franka_description/share/custom_franka_description/meshes/visual/finger.dae
-- Up-to-date: /workspace/rl_for_curobo/projects_root/ros/workspaces/moveit2_setup_assistant_inputs_ws/install/custom_franka_description/share/custom_franka_description/meshes/visual/link3.obj.mtl
-- Up-to-date: /workspace/rl_for_curobo/projects_root/ros/workspaces/moveit2_setup_assistant_inputs_ws/install/custom_franka_description/share/custom_franka_description/meshes/visual/train_gripper.obj
-- Up-to-date: /workspace/rl_for_curobo/projects_root/ros/workspaces/moveit2_setup_assistant_inputs_ws/install/custom_franka_description/share/custom_franka_description/meshes/visual/link3.obj
-- Up-to-date: /workspace/rl_for_curobo/projects_root/ros/workspaces/moveit2_setup_assistant_inputs_ws/install/custom_franka_description/share/custom_franka_description/meshes/visual/link1.mtl
-- Up-to-date: /workspace/rl_for_curobo/projects_root/ros/workspaces/moveit2_setup_assistant_inputs_ws/install/custom_franka_description/share/custom_franka_description/meshes/visual/link1.obj
-- Up-to-date: /workspace/rl_for_curobo/projects_root/ros/workspaces/moveit2_setup_assistant_inputs_ws/install/custom_franka_description/share/custom_franka_description/meshes/visual/link5.dae
-- Up-to-date: /workspace/rl_for_curobo/projects_root/ros/workspaces/moveit2_setup_assistant_inputs_ws/install/custom_franka_description/share/custom_franka_description/meshes/visual/link0.obj
-- Up-to-date: /workspace/rl_for_curobo/projects_root/ros/workspaces/moveit2_setup_assistant_inputs_ws/install/custom_franka_description/share/custom_franka_description/urdf
-- Up-to-date: /workspace/rl_for_curobo/projects_root/ros/workspaces/moveit2_setup_assistant_inputs_ws/install/custom_franka_description/share/custom_franka_description/urdf/franka_panda.urdf
-- Up-to-date: /workspace/rl_for_curobo/projects_root/ros/workspaces/moveit2_setup_assistant_inputs_ws/install/custom_franka_description/share/custom_franka_description/urdf/panda.urdf
-- Up-to-date: /workspace/rl_for_curobo/projects_root/ros/workspaces/moveit2_setup_assistant_inputs_ws/install/custom_franka_description/share/custom_franka_description/urdf/franka_dual_arm.urdf
-- Up-to-date: /workspace/rl_for_curobo/projects_root/ros/workspaces/moveit2_setup_assistant_inputs_ws/install/custom_franka_description/share/ament_index/resource_index/package_run_dependencies/custom_franka_description
-- Up-to-date: /workspace/rl_for_curobo/projects_root/ros/workspaces/moveit2_setup_assistant_inputs_ws/install/custom_franka_description/share/ament_index/resource_index/parent_prefix_path/custom_franka_description
-- Up-to-date: /workspace/rl_for_curobo/projects_root/ros/workspaces/moveit2_setup_assistant_inputs_ws/install/custom_franka_description/share/custom_franka_description/environment/ament_prefix_path.sh
-- Up-to-date: /workspace/rl_for_curobo/projects_root/ros/workspaces/moveit2_setup_assistant_inputs_ws/install/custom_franka_description/share/custom_franka_description/environment/ament_prefix_path.dsv
-- Up-to-date: /workspace/rl_for_curobo/projects_root/ros/workspaces/moveit2_setup_assistant_inputs_ws/install/custom_franka_description/share/custom_franka_description/environment/path.sh
-- Up-to-date: /workspace/rl_for_curobo/projects_root/ros/workspaces/moveit2_setup_assistant_inputs_ws/install/custom_franka_description/share/custom_franka_description/environment/path.dsv
-- Up-to-date: /workspace/rl_for_curobo/projects_root/ros/workspaces/moveit2_setup_assistant_inputs_ws/install/custom_franka_description/share/custom_franka_description/local_setup.bash
-- Up-to-date: /workspace/rl_for_curobo/projects_root/ros/workspaces/moveit2_setup_assistant_inputs_ws/install/custom_franka_description/share/custom_franka_description/local_setup.sh
-- Up-to-date: /workspace/rl_for_curobo/projects_root/ros/workspaces/moveit2_setup_assistant_inputs_ws/install/custom_franka_description/share/custom_franka_description/local_setup.zsh
-- Up-to-date: /workspace/rl_for_curobo/projects_root/ros/workspaces/moveit2_setup_assistant_inputs_ws/install/custom_franka_description/share/custom_franka_description/local_setup.dsv
-- Installing: /workspace/rl_for_curobo/projects_root/ros/workspaces/moveit2_setup_assistant_inputs_ws/install/custom_franka_description/share/custom_franka_description/package.dsv
-- Up-to-date: /workspace/rl_for_curobo/projects_root/ros/workspaces/moveit2_setup_assistant_inputs_ws/install/custom_franka_description/share/ament_index/resource_index/packages/custom_franka_description
-- Up-to-date: /workspace/rl_for_curobo/projects_root/ros/workspaces/moveit2_setup_assistant_inputs_ws/install/custom_franka_description/share/custom_franka_description/cmake/custom_franka_descriptionConfig.cmake
-- Up-to-date: /workspace/rl_for_curobo/projects_root/ros/workspaces/moveit2_setup_assistant_inputs_ws/install/custom_franka_description/share/custom_franka_description/cmake/custom_franka_descriptionConfig-version.cmake
-- Up-to-date: /workspace/rl_for_curobo/projects_root/ros/workspaces/moveit2_setup_assistant_inputs_ws/install/custom_franka_description/share/custom_franka_description/package.xml
