[0.424s] Invoking command in '/workspace/rl_for_curobo/projects_root/ros/workspaces/isaac_moveit_ws/src/isaac_moveit_main': PYTHONPATH=/workspace/rl_for_curobo/projects_root/ros/workspaces/isaac_moveit_ws/build/isaac_moveit_main/prefix_override:/usr/lib/python3/dist-packages/colcon_core/task/python/colcon_distutils_commands:/workspace/rl_for_curobo/projects_root/ros/workspaces/isaac_moveit_ws/install/isaac_moveit_main/lib/python3.10/site-packages:${PYTHONPATH} /usr/bin/python3 -W ignore:setup.py install is deprecated -W ignore:easy_install command is deprecated setup.py egg_info --egg-base ../../build/isaac_moveit_main build --build-base /workspace/rl_for_curobo/projects_root/ros/workspaces/isaac_moveit_ws/build/isaac_moveit_main/build install --record /workspace/rl_for_curobo/projects_root/ros/workspaces/isaac_moveit_ws/build/isaac_moveit_main/install.log --single-version-externally-managed install_data
[0.587s] running egg_info
[0.587s] writing ../../build/isaac_moveit_main/isaac_moveit_main.egg-info/PKG-INFO
[0.587s] writing dependency_links to ../../build/isaac_moveit_main/isaac_moveit_main.egg-info/dependency_links.txt
[0.588s] writing entry points to ../../build/isaac_moveit_main/isaac_moveit_main.egg-info/entry_points.txt
[0.588s] writing requirements to ../../build/isaac_moveit_main/isaac_moveit_main.egg-info/requires.txt
[0.588s] writing top-level names to ../../build/isaac_moveit_main/isaac_moveit_main.egg-info/top_level.txt
[0.589s] reading manifest file '../../build/isaac_moveit_main/isaac_moveit_main.egg-info/SOURCES.txt'
[0.590s] writing manifest file '../../build/isaac_moveit_main/isaac_moveit_main.egg-info/SOURCES.txt'
[0.590s] running build
[0.590s] running build_py
[0.590s] copying isaac_moveit_main/test_dual_arm_action.py -> /workspace/rl_for_curobo/projects_root/ros/workspaces/isaac_moveit_ws/build/isaac_moveit_main/build/lib/isaac_moveit_main
[0.591s] running install
[0.591s] running install_lib
[0.591s] copying /workspace/rl_for_curobo/projects_root/ros/workspaces/isaac_moveit_ws/build/isaac_moveit_main/build/lib/isaac_moveit_main/test_dual_arm_action.py -> /workspace/rl_for_curobo/projects_root/ros/workspaces/isaac_moveit_ws/install/isaac_moveit_main/lib/python3.10/site-packages/isaac_moveit_main
[0.592s] byte-compiling /workspace/rl_for_curobo/projects_root/ros/workspaces/isaac_moveit_ws/install/isaac_moveit_main/lib/python3.10/site-packages/isaac_moveit_main/test_dual_arm_action.py to test_dual_arm_action.cpython-310.pyc
[0.593s] running install_data
[0.593s] running install_egg_info
[0.594s] removing '/workspace/rl_for_curobo/projects_root/ros/workspaces/isaac_moveit_ws/install/isaac_moveit_main/lib/python3.10/site-packages/isaac_moveit_main-0.0.0-py3.10.egg-info' (and everything under it)
[0.594s] Copying ../../build/isaac_moveit_main/isaac_moveit_main.egg-info to /workspace/rl_for_curobo/projects_root/ros/workspaces/isaac_moveit_ws/install/isaac_moveit_main/lib/python3.10/site-packages/isaac_moveit_main-0.0.0-py3.10.egg-info
[0.595s] running install_scripts
[0.610s] Installing goal_sender script to /workspace/rl_for_curobo/projects_root/ros/workspaces/isaac_moveit_ws/install/isaac_moveit_main/lib/isaac_moveit_main
[0.610s] Installing launch_isaac script to /workspace/rl_for_curobo/projects_root/ros/workspaces/isaac_moveit_ws/install/isaac_moveit_main/lib/isaac_moveit_main
[0.610s] Installing launch_rviz_moveit script to /workspace/rl_for_curobo/projects_root/ros/workspaces/isaac_moveit_ws/install/isaac_moveit_main/lib/isaac_moveit_main
[0.610s] Installing moveit_monitor script to /workspace/rl_for_curobo/projects_root/ros/workspaces/isaac_moveit_ws/install/isaac_moveit_main/lib/isaac_moveit_main
[0.610s] Installing test_dual_arm_action script to /workspace/rl_for_curobo/projects_root/ros/workspaces/isaac_moveit_ws/install/isaac_moveit_main/lib/isaac_moveit_main
[0.610s] writing list of installed files to '/workspace/rl_for_curobo/projects_root/ros/workspaces/isaac_moveit_ws/build/isaac_moveit_main/install.log'
[0.627s] Invoked command in '/workspace/rl_for_curobo/projects_root/ros/workspaces/isaac_moveit_ws/src/isaac_moveit_main' returned '0': PYTHONPATH=/workspace/rl_for_curobo/projects_root/ros/workspaces/isaac_moveit_ws/build/isaac_moveit_main/prefix_override:/usr/lib/python3/dist-packages/colcon_core/task/python/colcon_distutils_commands:/workspace/rl_for_curobo/projects_root/ros/workspaces/isaac_moveit_ws/install/isaac_moveit_main/lib/python3.10/site-packages:${PYTHONPATH} /usr/bin/python3 -W ignore:setup.py install is deprecated -W ignore:easy_install command is deprecated setup.py egg_info --egg-base ../../build/isaac_moveit_main build --build-base /workspace/rl_for_curobo/projects_root/ros/workspaces/isaac_moveit_ws/build/isaac_moveit_main/build install --record /workspace/rl_for_curobo/projects_root/ros/workspaces/isaac_moveit_ws/build/isaac_moveit_main/install.log --single-version-externally-managed install_data
