[0.084s] DEBUG:colcon:Command line arguments: ['/usr/bin/colcon', 'build']
[0.084s] DEBUG:colcon:Parsed command line arguments: Namespace(log_base=None, log_level=None, verb_name='build', build_base='build', install_base='install', merge_install=False, symlink_install=False, test_result_base=None, continue_on_error=False, executor='parallel', parallel_workers=16, event_handlers=None, ignore_user_meta=False, metas=['./colcon.meta'], base_paths=['.'], packages_ignore=None, packages_ignore_regex=None, paths=None, packages_up_to=None, packages_up_to_regex=None, packages_above=None, packages_above_and_dependencies=None, packages_above_depth=None, packages_select_by_dep=None, packages_skip_by_dep=None, packages_skip_up_to=None, packages_select_build_failed=False, packages_skip_build_finished=False, packages_select_test_failures=False, packages_skip_test_passed=False, packages_select=None, packages_skip=None, packages_select_regex=None, packages_skip_regex=None, packages_start=None, packages_end=None, cmake_args=None, cmake_target=None, cmake_target_skip_unavailable=False, cmake_clean_cache=False, cmake_clean_first=False, cmake_force_configure=False, ament_cmake_args=None, catkin_cmake_args=None, catkin_skip_building_tests=False, mixin_files=None, mixin=None, verb_parser=<colcon_mixin.mixin.mixin_argument.MixinArgumentDecorator object at 0x780191c9e050>, verb_extension=<colcon_core.verb.build.BuildVerb object at 0x780191c9dba0>, main=<bound method BuildVerb.main of <colcon_core.verb.build.BuildVerb object at 0x780191c9dba0>>, mixin_verb=('build',))
[0.215s] Level 1:colcon.colcon_core.package_discovery:discover_packages(colcon_meta) check parameters
[0.215s] Level 1:colcon.colcon_core.package_discovery:discover_packages(recursive) check parameters
[0.215s] Level 1:colcon.colcon_core.package_discovery:discover_packages(ignore) check parameters
[0.215s] Level 1:colcon.colcon_core.package_discovery:discover_packages(path) check parameters
[0.215s] Level 1:colcon.colcon_core.package_discovery:discover_packages(colcon_meta) discover
[0.215s] Level 1:colcon.colcon_core.package_discovery:discover_packages(recursive) discover
[0.215s] INFO:colcon.colcon_core.package_discovery:Crawling recursively for packages in '/workspace/rl_for_curobo/projects_root/ros/workspaces/moveit_cfgs_ws'
[0.215s] Level 1:colcon.colcon_core.package_identification:_identify(.) by extensions ['ignore', 'ignore_ament_install']
[0.216s] Level 1:colcon.colcon_core.package_identification:_identify(.) by extension 'ignore'
[0.216s] Level 1:colcon.colcon_core.package_identification:_identify(.) by extension 'ignore_ament_install'
[0.216s] Level 1:colcon.colcon_core.package_identification:_identify(.) by extensions ['colcon_pkg']
[0.216s] Level 1:colcon.colcon_core.package_identification:_identify(.) by extension 'colcon_pkg'
[0.216s] Level 1:colcon.colcon_core.package_identification:_identify(.) by extensions ['colcon_meta']
[0.216s] Level 1:colcon.colcon_core.package_identification:_identify(.) by extension 'colcon_meta'
[0.216s] Level 1:colcon.colcon_core.package_identification:_identify(.) by extensions ['ros']
[0.216s] Level 1:colcon.colcon_core.package_identification:_identify(.) by extension 'ros'
[0.226s] Level 1:colcon.colcon_core.package_identification:_identify(.) by extensions ['cmake', 'python']
[0.226s] Level 1:colcon.colcon_core.package_identification:_identify(.) by extension 'cmake'
[0.226s] Level 1:colcon.colcon_core.package_identification:_identify(.) by extension 'python'
[0.226s] Level 1:colcon.colcon_core.package_identification:_identify(.) by extensions ['python_setup_py']
[0.226s] Level 1:colcon.colcon_core.package_identification:_identify(.) by extension 'python_setup_py'
[0.226s] Level 1:colcon.colcon_core.package_identification:_identify(build) by extensions ['ignore', 'ignore_ament_install']
[0.226s] Level 1:colcon.colcon_core.package_identification:_identify(build) by extension 'ignore'
[0.226s] Level 1:colcon.colcon_core.package_identification:_identify(build) ignored
[0.226s] Level 1:colcon.colcon_core.package_identification:_identify(install) by extensions ['ignore', 'ignore_ament_install']
[0.226s] Level 1:colcon.colcon_core.package_identification:_identify(install) by extension 'ignore'
[0.226s] Level 1:colcon.colcon_core.package_identification:_identify(install) ignored
[0.226s] Level 1:colcon.colcon_core.package_identification:_identify(log) by extensions ['ignore', 'ignore_ament_install']
[0.227s] Level 1:colcon.colcon_core.package_identification:_identify(log) by extension 'ignore'
[0.227s] Level 1:colcon.colcon_core.package_identification:_identify(log) ignored
[0.227s] Level 1:colcon.colcon_core.package_identification:_identify(src) by extensions ['ignore', 'ignore_ament_install']
[0.227s] Level 1:colcon.colcon_core.package_identification:_identify(src) by extension 'ignore'
[0.227s] Level 1:colcon.colcon_core.package_identification:_identify(src) by extension 'ignore_ament_install'
[0.227s] Level 1:colcon.colcon_core.package_identification:_identify(src) by extensions ['colcon_pkg']
[0.227s] Level 1:colcon.colcon_core.package_identification:_identify(src) by extension 'colcon_pkg'
[0.227s] Level 1:colcon.colcon_core.package_identification:_identify(src) by extensions ['colcon_meta']
[0.227s] Level 1:colcon.colcon_core.package_identification:_identify(src) by extension 'colcon_meta'
[0.227s] Level 1:colcon.colcon_core.package_identification:_identify(src) by extensions ['ros']
[0.227s] Level 1:colcon.colcon_core.package_identification:_identify(src) by extension 'ros'
[0.227s] Level 1:colcon.colcon_core.package_identification:_identify(src) by extensions ['cmake', 'python']
[0.227s] Level 1:colcon.colcon_core.package_identification:_identify(src) by extension 'cmake'
[0.228s] Level 1:colcon.colcon_core.package_identification:_identify(src) by extension 'python'
[0.228s] Level 1:colcon.colcon_core.package_identification:_identify(src) by extensions ['python_setup_py']
[0.228s] Level 1:colcon.colcon_core.package_identification:_identify(src) by extension 'python_setup_py'
[0.228s] Level 1:colcon.colcon_core.package_identification:_identify(src/custom_robot_1) by extensions ['ignore', 'ignore_ament_install']
[0.228s] Level 1:colcon.colcon_core.package_identification:_identify(src/custom_robot_1) by extension 'ignore'
[0.228s] Level 1:colcon.colcon_core.package_identification:_identify(src/custom_robot_1) by extension 'ignore_ament_install'
[0.228s] Level 1:colcon.colcon_core.package_identification:_identify(src/custom_robot_1) by extensions ['colcon_pkg']
[0.228s] Level 1:colcon.colcon_core.package_identification:_identify(src/custom_robot_1) by extension 'colcon_pkg'
[0.228s] Level 1:colcon.colcon_core.package_identification:_identify(src/custom_robot_1) by extensions ['colcon_meta']
[0.228s] Level 1:colcon.colcon_core.package_identification:_identify(src/custom_robot_1) by extension 'colcon_meta'
[0.228s] Level 1:colcon.colcon_core.package_identification:_identify(src/custom_robot_1) by extensions ['ros']
[0.228s] Level 1:colcon.colcon_core.package_identification:_identify(src/custom_robot_1) by extension 'ros'
[0.228s] Level 1:colcon.colcon_core.package_identification:_identify(src/custom_robot_1) by extensions ['cmake', 'python']
[0.228s] Level 1:colcon.colcon_core.package_identification:_identify(src/custom_robot_1) by extension 'cmake'
[0.228s] Level 1:colcon.colcon_core.package_identification:_identify(src/custom_robot_1) by extension 'python'
[0.228s] Level 1:colcon.colcon_core.package_identification:_identify(src/custom_robot_1) by extensions ['python_setup_py']
[0.228s] Level 1:colcon.colcon_core.package_identification:_identify(src/custom_robot_1) by extension 'python_setup_py'
[0.228s] Level 1:colcon.colcon_core.package_identification:_identify(src/custom_robot_1/robot_description) by extensions ['ignore', 'ignore_ament_install']
[0.228s] Level 1:colcon.colcon_core.package_identification:_identify(src/custom_robot_1/robot_description) by extension 'ignore'
[0.228s] Level 1:colcon.colcon_core.package_identification:_identify(src/custom_robot_1/robot_description) by extension 'ignore_ament_install'
[0.228s] Level 1:colcon.colcon_core.package_identification:_identify(src/custom_robot_1/robot_description) by extensions ['colcon_pkg']
[0.228s] Level 1:colcon.colcon_core.package_identification:_identify(src/custom_robot_1/robot_description) by extension 'colcon_pkg'
[0.228s] Level 1:colcon.colcon_core.package_identification:_identify(src/custom_robot_1/robot_description) by extensions ['colcon_meta']
[0.228s] Level 1:colcon.colcon_core.package_identification:_identify(src/custom_robot_1/robot_description) by extension 'colcon_meta'
[0.228s] Level 1:colcon.colcon_core.package_identification:_identify(src/custom_robot_1/robot_description) by extensions ['ros']
[0.228s] Level 1:colcon.colcon_core.package_identification:_identify(src/custom_robot_1/robot_description) by extension 'ros'
[0.230s] DEBUG:colcon.colcon_core.package_identification:Package 'src/custom_robot_1/robot_description' with type 'ros.ament_cmake' and name 'robot_description'
[0.230s] Level 1:colcon.colcon_core.package_identification:_identify(src/franka_dual_arm) by extensions ['ignore', 'ignore_ament_install']
[0.230s] Level 1:colcon.colcon_core.package_identification:_identify(src/franka_dual_arm) by extension 'ignore'
[0.230s] Level 1:colcon.colcon_core.package_identification:_identify(src/franka_dual_arm) by extension 'ignore_ament_install'
[0.230s] Level 1:colcon.colcon_core.package_identification:_identify(src/franka_dual_arm) by extensions ['colcon_pkg']
[0.230s] Level 1:colcon.colcon_core.package_identification:_identify(src/franka_dual_arm) by extension 'colcon_pkg'
[0.230s] Level 1:colcon.colcon_core.package_identification:_identify(src/franka_dual_arm) by extensions ['colcon_meta']
[0.230s] Level 1:colcon.colcon_core.package_identification:_identify(src/franka_dual_arm) by extension 'colcon_meta'
[0.230s] Level 1:colcon.colcon_core.package_identification:_identify(src/franka_dual_arm) by extensions ['ros']
[0.230s] Level 1:colcon.colcon_core.package_identification:_identify(src/franka_dual_arm) by extension 'ros'
[0.231s] DEBUG:colcon.colcon_core.package_identification:Package 'src/franka_dual_arm' with type 'ros.ament_cmake' and name 'franka_dual_arm'
[0.231s] Level 1:colcon.colcon_core.package_identification:_identify(src/franka_dual_arm_subgroups_no_ee) by extensions ['ignore', 'ignore_ament_install']
[0.231s] Level 1:colcon.colcon_core.package_identification:_identify(src/franka_dual_arm_subgroups_no_ee) by extension 'ignore'
[0.231s] Level 1:colcon.colcon_core.package_identification:_identify(src/franka_dual_arm_subgroups_no_ee) by extension 'ignore_ament_install'
[0.231s] Level 1:colcon.colcon_core.package_identification:_identify(src/franka_dual_arm_subgroups_no_ee) by extensions ['colcon_pkg']
[0.231s] Level 1:colcon.colcon_core.package_identification:_identify(src/franka_dual_arm_subgroups_no_ee) by extension 'colcon_pkg'
[0.231s] Level 1:colcon.colcon_core.package_identification:_identify(src/franka_dual_arm_subgroups_no_ee) by extensions ['colcon_meta']
[0.231s] Level 1:colcon.colcon_core.package_identification:_identify(src/franka_dual_arm_subgroups_no_ee) by extension 'colcon_meta'
[0.231s] Level 1:colcon.colcon_core.package_identification:_identify(src/franka_dual_arm_subgroups_no_ee) by extensions ['ros']
[0.231s] Level 1:colcon.colcon_core.package_identification:_identify(src/franka_dual_arm_subgroups_no_ee) by extension 'ros'
[0.232s] DEBUG:colcon.colcon_core.package_identification:Package 'src/franka_dual_arm_subgroups_no_ee' with type 'ros.ament_cmake' and name 'franka_dual_arm_subgroups_no_ee'
[0.232s] Level 1:colcon.colcon_core.package_discovery:discover_packages(recursive) using defaults
[0.232s] Level 1:colcon.colcon_core.package_discovery:discover_packages(ignore) discover
[0.232s] Level 1:colcon.colcon_core.package_discovery:discover_packages(ignore) using defaults
[0.232s] Level 1:colcon.colcon_core.package_discovery:discover_packages(path) discover
[0.232s] Level 1:colcon.colcon_core.package_discovery:discover_packages(path) using defaults
[0.258s] Level 5:colcon.colcon_core.verb:set package 'franka_dual_arm' build argument 'cmake_args' from command line to 'None'
[0.258s] Level 5:colcon.colcon_core.verb:set package 'franka_dual_arm' build argument 'cmake_target' from command line to 'None'
[0.258s] Level 5:colcon.colcon_core.verb:set package 'franka_dual_arm' build argument 'cmake_target_skip_unavailable' from command line to 'False'
[0.258s] Level 5:colcon.colcon_core.verb:set package 'franka_dual_arm' build argument 'cmake_clean_cache' from command line to 'False'
[0.258s] Level 5:colcon.colcon_core.verb:set package 'franka_dual_arm' build argument 'cmake_clean_first' from command line to 'False'
[0.258s] Level 5:colcon.colcon_core.verb:set package 'franka_dual_arm' build argument 'cmake_force_configure' from command line to 'False'
[0.258s] Level 5:colcon.colcon_core.verb:set package 'franka_dual_arm' build argument 'ament_cmake_args' from command line to 'None'
[0.258s] Level 5:colcon.colcon_core.verb:set package 'franka_dual_arm' build argument 'catkin_cmake_args' from command line to 'None'
[0.258s] Level 5:colcon.colcon_core.verb:set package 'franka_dual_arm' build argument 'catkin_skip_building_tests' from command line to 'False'
[0.258s] DEBUG:colcon.colcon_core.verb:Building package 'franka_dual_arm' with the following arguments: {'ament_cmake_args': None, 'build_base': '/workspace/rl_for_curobo/projects_root/ros/workspaces/moveit_cfgs_ws/build/franka_dual_arm', 'catkin_cmake_args': None, 'catkin_skip_building_tests': False, 'cmake_args': None, 'cmake_clean_cache': False, 'cmake_clean_first': False, 'cmake_force_configure': False, 'cmake_target': None, 'cmake_target_skip_unavailable': False, 'install_base': '/workspace/rl_for_curobo/projects_root/ros/workspaces/moveit_cfgs_ws/install/franka_dual_arm', 'merge_install': False, 'path': '/workspace/rl_for_curobo/projects_root/ros/workspaces/moveit_cfgs_ws/src/franka_dual_arm', 'symlink_install': False, 'test_result_base': None}
[0.259s] Level 5:colcon.colcon_core.verb:set package 'franka_dual_arm_subgroups_no_ee' build argument 'cmake_args' from command line to 'None'
[0.259s] Level 5:colcon.colcon_core.verb:set package 'franka_dual_arm_subgroups_no_ee' build argument 'cmake_target' from command line to 'None'
[0.259s] Level 5:colcon.colcon_core.verb:set package 'franka_dual_arm_subgroups_no_ee' build argument 'cmake_target_skip_unavailable' from command line to 'False'
[0.259s] Level 5:colcon.colcon_core.verb:set package 'franka_dual_arm_subgroups_no_ee' build argument 'cmake_clean_cache' from command line to 'False'
[0.259s] Level 5:colcon.colcon_core.verb:set package 'franka_dual_arm_subgroups_no_ee' build argument 'cmake_clean_first' from command line to 'False'
[0.259s] Level 5:colcon.colcon_core.verb:set package 'franka_dual_arm_subgroups_no_ee' build argument 'cmake_force_configure' from command line to 'False'
[0.259s] Level 5:colcon.colcon_core.verb:set package 'franka_dual_arm_subgroups_no_ee' build argument 'ament_cmake_args' from command line to 'None'
[0.259s] Level 5:colcon.colcon_core.verb:set package 'franka_dual_arm_subgroups_no_ee' build argument 'catkin_cmake_args' from command line to 'None'
[0.259s] Level 5:colcon.colcon_core.verb:set package 'franka_dual_arm_subgroups_no_ee' build argument 'catkin_skip_building_tests' from command line to 'False'
[0.259s] DEBUG:colcon.colcon_core.verb:Building package 'franka_dual_arm_subgroups_no_ee' with the following arguments: {'ament_cmake_args': None, 'build_base': '/workspace/rl_for_curobo/projects_root/ros/workspaces/moveit_cfgs_ws/build/franka_dual_arm_subgroups_no_ee', 'catkin_cmake_args': None, 'catkin_skip_building_tests': False, 'cmake_args': None, 'cmake_clean_cache': False, 'cmake_clean_first': False, 'cmake_force_configure': False, 'cmake_target': None, 'cmake_target_skip_unavailable': False, 'install_base': '/workspace/rl_for_curobo/projects_root/ros/workspaces/moveit_cfgs_ws/install/franka_dual_arm_subgroups_no_ee', 'merge_install': False, 'path': '/workspace/rl_for_curobo/projects_root/ros/workspaces/moveit_cfgs_ws/src/franka_dual_arm_subgroups_no_ee', 'symlink_install': False, 'test_result_base': None}
[0.259s] Level 5:colcon.colcon_core.verb:set package 'robot_description' build argument 'cmake_args' from command line to 'None'
[0.259s] Level 5:colcon.colcon_core.verb:set package 'robot_description' build argument 'cmake_target' from command line to 'None'
[0.259s] Level 5:colcon.colcon_core.verb:set package 'robot_description' build argument 'cmake_target_skip_unavailable' from command line to 'False'
[0.259s] Level 5:colcon.colcon_core.verb:set package 'robot_description' build argument 'cmake_clean_cache' from command line to 'False'
[0.259s] Level 5:colcon.colcon_core.verb:set package 'robot_description' build argument 'cmake_clean_first' from command line to 'False'
[0.259s] Level 5:colcon.colcon_core.verb:set package 'robot_description' build argument 'cmake_force_configure' from command line to 'False'
[0.259s] Level 5:colcon.colcon_core.verb:set package 'robot_description' build argument 'ament_cmake_args' from command line to 'None'
[0.259s] Level 5:colcon.colcon_core.verb:set package 'robot_description' build argument 'catkin_cmake_args' from command line to 'None'
[0.259s] Level 5:colcon.colcon_core.verb:set package 'robot_description' build argument 'catkin_skip_building_tests' from command line to 'False'
[0.259s] DEBUG:colcon.colcon_core.verb:Building package 'robot_description' with the following arguments: {'ament_cmake_args': None, 'build_base': '/workspace/rl_for_curobo/projects_root/ros/workspaces/moveit_cfgs_ws/build/robot_description', 'catkin_cmake_args': None, 'catkin_skip_building_tests': False, 'cmake_args': None, 'cmake_clean_cache': False, 'cmake_clean_first': False, 'cmake_force_configure': False, 'cmake_target': None, 'cmake_target_skip_unavailable': False, 'install_base': '/workspace/rl_for_curobo/projects_root/ros/workspaces/moveit_cfgs_ws/install/robot_description', 'merge_install': False, 'path': '/workspace/rl_for_curobo/projects_root/ros/workspaces/moveit_cfgs_ws/src/custom_robot_1/robot_description', 'symlink_install': False, 'test_result_base': None}
[0.259s] INFO:colcon.colcon_core.executor:Executing jobs using 'parallel' executor
[0.260s] DEBUG:colcon.colcon_parallel_executor.executor.parallel:run_until_complete
[0.260s] INFO:colcon.colcon_ros.task.ament_cmake.build:Building ROS package in '/workspace/rl_for_curobo/projects_root/ros/workspaces/moveit_cfgs_ws/src/franka_dual_arm' with build type 'ament_cmake'
[0.260s] INFO:colcon.colcon_cmake.task.cmake.build:Building CMake package in '/workspace/rl_for_curobo/projects_root/ros/workspaces/moveit_cfgs_ws/src/franka_dual_arm'
[0.262s] INFO:colcon.colcon_core.plugin_system:Skipping extension 'colcon_core.shell.bat': Not used on non-Windows systems
[0.262s] INFO:colcon.colcon_core.shell:Skip shell extension 'powershell' for command environment: Not usable outside of PowerShell
[0.262s] DEBUG:colcon.colcon_core.shell:Skip shell extension 'dsv' for command environment
[0.268s] INFO:colcon.colcon_ros.task.ament_cmake.build:Building ROS package in '/workspace/rl_for_curobo/projects_root/ros/workspaces/moveit_cfgs_ws/src/franka_dual_arm_subgroups_no_ee' with build type 'ament_cmake'
[0.268s] INFO:colcon.colcon_cmake.task.cmake.build:Building CMake package in '/workspace/rl_for_curobo/projects_root/ros/workspaces/moveit_cfgs_ws/src/franka_dual_arm_subgroups_no_ee'
[0.268s] INFO:colcon.colcon_core.shell:Skip shell extension 'powershell' for command environment: Not usable outside of PowerShell
[0.269s] DEBUG:colcon.colcon_core.shell:Skip shell extension 'dsv' for command environment
[0.276s] INFO:colcon.colcon_ros.task.ament_cmake.build:Building ROS package in '/workspace/rl_for_curobo/projects_root/ros/workspaces/moveit_cfgs_ws/src/custom_robot_1/robot_description' with build type 'ament_cmake'
[0.276s] INFO:colcon.colcon_cmake.task.cmake.build:Building CMake package in '/workspace/rl_for_curobo/projects_root/ros/workspaces/moveit_cfgs_ws/src/custom_robot_1/robot_description'
[0.277s] INFO:colcon.colcon_core.shell:Skip shell extension 'powershell' for command environment: Not usable outside of PowerShell
[0.277s] DEBUG:colcon.colcon_core.shell:Skip shell extension 'dsv' for command environment
[0.286s] DEBUG:colcon.colcon_core.event_handler.log_command:Invoking command in '/workspace/rl_for_curobo/projects_root/ros/workspaces/moveit_cfgs_ws/build/franka_dual_arm': CMAKE_PREFIX_PATH=${CMAKE_PREFIX_PATH}:/workspace/ws_moveit2/install/moveit_configs_utils:/workspace/ws_moveit2/install/launch_param_builder:/opt/ros/humble /usr/local/bin/cmake --build /workspace/rl_for_curobo/projects_root/ros/workspaces/moveit_cfgs_ws/build/franka_dual_arm -- -j16 -l16
[0.292s] DEBUG:colcon.colcon_core.event_handler.log_command:Invoking command in '/workspace/rl_for_curobo/projects_root/ros/workspaces/moveit_cfgs_ws/build/franka_dual_arm_subgroups_no_ee': CMAKE_PREFIX_PATH=${CMAKE_PREFIX_PATH}:/workspace/ws_moveit2/install/moveit_configs_utils:/workspace/ws_moveit2/install/launch_param_builder:/opt/ros/humble /usr/local/bin/cmake --build /workspace/rl_for_curobo/projects_root/ros/workspaces/moveit_cfgs_ws/build/franka_dual_arm_subgroups_no_ee -- -j16 -l16
[0.296s] DEBUG:colcon.colcon_core.event_handler.log_command:Invoking command in '/workspace/rl_for_curobo/projects_root/ros/workspaces/moveit_cfgs_ws/build/robot_description': CMAKE_PREFIX_PATH=${CMAKE_PREFIX_PATH}:/workspace/ws_moveit2/install/moveit_configs_utils:/workspace/ws_moveit2/install/launch_param_builder:/opt/ros/humble /usr/local/bin/cmake --build /workspace/rl_for_curobo/projects_root/ros/workspaces/moveit_cfgs_ws/build/robot_description -- -j16 -l16
[0.312s] DEBUG:colcon.colcon_core.event_handler.log_command:Invoked command in '/workspace/rl_for_curobo/projects_root/ros/workspaces/moveit_cfgs_ws/build/franka_dual_arm' returned '0': CMAKE_PREFIX_PATH=${CMAKE_PREFIX_PATH}:/workspace/ws_moveit2/install/moveit_configs_utils:/workspace/ws_moveit2/install/launch_param_builder:/opt/ros/humble /usr/local/bin/cmake --build /workspace/rl_for_curobo/projects_root/ros/workspaces/moveit_cfgs_ws/build/franka_dual_arm -- -j16 -l16
[0.318s] DEBUG:colcon.colcon_core.event_handler.log_command:Invoking command in '/workspace/rl_for_curobo/projects_root/ros/workspaces/moveit_cfgs_ws/build/franka_dual_arm': CMAKE_PREFIX_PATH=${CMAKE_PREFIX_PATH}:/workspace/ws_moveit2/install/moveit_configs_utils:/workspace/ws_moveit2/install/launch_param_builder:/opt/ros/humble /usr/local/bin/cmake --install /workspace/rl_for_curobo/projects_root/ros/workspaces/moveit_cfgs_ws/build/franka_dual_arm
[0.318s] DEBUG:colcon.colcon_core.event_handler.log_command:Invoked command in '/workspace/rl_for_curobo/projects_root/ros/workspaces/moveit_cfgs_ws/build/franka_dual_arm_subgroups_no_ee' returned '0': CMAKE_PREFIX_PATH=${CMAKE_PREFIX_PATH}:/workspace/ws_moveit2/install/moveit_configs_utils:/workspace/ws_moveit2/install/launch_param_builder:/opt/ros/humble /usr/local/bin/cmake --build /workspace/rl_for_curobo/projects_root/ros/workspaces/moveit_cfgs_ws/build/franka_dual_arm_subgroups_no_ee -- -j16 -l16
[0.323s] DEBUG:colcon.colcon_core.event_handler.log_command:Invoking command in '/workspace/rl_for_curobo/projects_root/ros/workspaces/moveit_cfgs_ws/build/franka_dual_arm_subgroups_no_ee': CMAKE_PREFIX_PATH=${CMAKE_PREFIX_PATH}:/workspace/ws_moveit2/install/moveit_configs_utils:/workspace/ws_moveit2/install/launch_param_builder:/opt/ros/humble /usr/local/bin/cmake --install /workspace/rl_for_curobo/projects_root/ros/workspaces/moveit_cfgs_ws/build/franka_dual_arm_subgroups_no_ee
[0.325s] DEBUG:colcon.colcon_core.event_handler.log_command:Invoked command in '/workspace/rl_for_curobo/projects_root/ros/workspaces/moveit_cfgs_ws/build/robot_description' returned '0': CMAKE_PREFIX_PATH=${CMAKE_PREFIX_PATH}:/workspace/ws_moveit2/install/moveit_configs_utils:/workspace/ws_moveit2/install/launch_param_builder:/opt/ros/humble /usr/local/bin/cmake --build /workspace/rl_for_curobo/projects_root/ros/workspaces/moveit_cfgs_ws/build/robot_description -- -j16 -l16
[0.329s] Level 1:colcon.colcon_core.environment:create_environment_scripts_only(franka_dual_arm)
[0.335s] Level 1:colcon.colcon_core.environment:checking '/workspace/rl_for_curobo/projects_root/ros/workspaces/moveit_cfgs_ws/install/franka_dual_arm' for CMake module files
[0.336s] DEBUG:colcon.colcon_core.event_handler.log_command:Invoking command in '/workspace/rl_for_curobo/projects_root/ros/workspaces/moveit_cfgs_ws/build/robot_description': CMAKE_PREFIX_PATH=${CMAKE_PREFIX_PATH}:/workspace/ws_moveit2/install/moveit_configs_utils:/workspace/ws_moveit2/install/launch_param_builder:/opt/ros/humble /usr/local/bin/cmake --install /workspace/rl_for_curobo/projects_root/ros/workspaces/moveit_cfgs_ws/build/robot_description
[0.337s] Level 1:colcon.colcon_core.environment:checking '/workspace/rl_for_curobo/projects_root/ros/workspaces/moveit_cfgs_ws/install/franka_dual_arm' for CMake config files
[0.337s] DEBUG:colcon.colcon_core.event_handler.log_command:Invoked command in '/workspace/rl_for_curobo/projects_root/ros/workspaces/moveit_cfgs_ws/build/franka_dual_arm' returned '0': CMAKE_PREFIX_PATH=${CMAKE_PREFIX_PATH}:/workspace/ws_moveit2/install/moveit_configs_utils:/workspace/ws_moveit2/install/launch_param_builder:/opt/ros/humble /usr/local/bin/cmake --install /workspace/rl_for_curobo/projects_root/ros/workspaces/moveit_cfgs_ws/build/franka_dual_arm
[0.338s] Level 1:colcon.colcon_core.shell:create_environment_hook('franka_dual_arm', 'cmake_prefix_path')
[0.338s] INFO:colcon.colcon_core.shell:Creating environment hook '/workspace/rl_for_curobo/projects_root/ros/workspaces/moveit_cfgs_ws/install/franka_dual_arm/share/franka_dual_arm/hook/cmake_prefix_path.ps1'
[0.340s] INFO:colcon.colcon_core.shell:Creating environment descriptor '/workspace/rl_for_curobo/projects_root/ros/workspaces/moveit_cfgs_ws/install/franka_dual_arm/share/franka_dual_arm/hook/cmake_prefix_path.dsv'
[0.341s] INFO:colcon.colcon_core.shell:Creating environment hook '/workspace/rl_for_curobo/projects_root/ros/workspaces/moveit_cfgs_ws/install/franka_dual_arm/share/franka_dual_arm/hook/cmake_prefix_path.sh'
[0.342s] Level 1:colcon.colcon_core.environment:checking '/workspace/rl_for_curobo/projects_root/ros/workspaces/moveit_cfgs_ws/install/franka_dual_arm/bin'
[0.343s] Level 1:colcon.colcon_core.environment:checking '/workspace/rl_for_curobo/projects_root/ros/workspaces/moveit_cfgs_ws/install/franka_dual_arm/lib/pkgconfig/franka_dual_arm.pc'
[0.343s] Level 1:colcon.colcon_core.environment:checking '/workspace/rl_for_curobo/projects_root/ros/workspaces/moveit_cfgs_ws/install/franka_dual_arm/lib/python3.10/site-packages'
[0.344s] Level 1:colcon.colcon_core.environment:checking '/workspace/rl_for_curobo/projects_root/ros/workspaces/moveit_cfgs_ws/install/franka_dual_arm/bin'
[0.344s] INFO:colcon.colcon_core.shell:Creating package script '/workspace/rl_for_curobo/projects_root/ros/workspaces/moveit_cfgs_ws/install/franka_dual_arm/share/franka_dual_arm/package.ps1'
[0.345s] INFO:colcon.colcon_core.shell:Creating package descriptor '/workspace/rl_for_curobo/projects_root/ros/workspaces/moveit_cfgs_ws/install/franka_dual_arm/share/franka_dual_arm/package.dsv'
[0.345s] INFO:colcon.colcon_core.shell:Creating package script '/workspace/rl_for_curobo/projects_root/ros/workspaces/moveit_cfgs_ws/install/franka_dual_arm/share/franka_dual_arm/package.sh'
[0.346s] INFO:colcon.colcon_core.shell:Creating package script '/workspace/rl_for_curobo/projects_root/ros/workspaces/moveit_cfgs_ws/install/franka_dual_arm/share/franka_dual_arm/package.bash'
[0.346s] INFO:colcon.colcon_core.shell:Creating package script '/workspace/rl_for_curobo/projects_root/ros/workspaces/moveit_cfgs_ws/install/franka_dual_arm/share/franka_dual_arm/package.zsh'
[0.347s] Level 1:colcon.colcon_core.environment:create_file_with_runtime_dependencies(/workspace/rl_for_curobo/projects_root/ros/workspaces/moveit_cfgs_ws/install/franka_dual_arm/share/colcon-core/packages/franka_dual_arm)
[0.348s] Level 1:colcon.colcon_core.environment:create_environment_scripts_only(franka_dual_arm)
[0.348s] Level 1:colcon.colcon_core.environment:checking '/workspace/rl_for_curobo/projects_root/ros/workspaces/moveit_cfgs_ws/install/franka_dual_arm' for CMake module files
[0.348s] Level 1:colcon.colcon_core.environment:checking '/workspace/rl_for_curobo/projects_root/ros/workspaces/moveit_cfgs_ws/install/franka_dual_arm' for CMake config files
[0.349s] Level 1:colcon.colcon_core.shell:create_environment_hook('franka_dual_arm', 'cmake_prefix_path')
[0.349s] INFO:colcon.colcon_core.shell:Creating environment hook '/workspace/rl_for_curobo/projects_root/ros/workspaces/moveit_cfgs_ws/install/franka_dual_arm/share/franka_dual_arm/hook/cmake_prefix_path.ps1'
[0.351s] INFO:colcon.colcon_core.shell:Creating environment descriptor '/workspace/rl_for_curobo/projects_root/ros/workspaces/moveit_cfgs_ws/install/franka_dual_arm/share/franka_dual_arm/hook/cmake_prefix_path.dsv'
[0.352s] INFO:colcon.colcon_core.shell:Creating environment hook '/workspace/rl_for_curobo/projects_root/ros/workspaces/moveit_cfgs_ws/install/franka_dual_arm/share/franka_dual_arm/hook/cmake_prefix_path.sh'
[0.352s] Level 1:colcon.colcon_core.environment:checking '/workspace/rl_for_curobo/projects_root/ros/workspaces/moveit_cfgs_ws/install/franka_dual_arm/bin'
[0.352s] Level 1:colcon.colcon_core.environment:checking '/workspace/rl_for_curobo/projects_root/ros/workspaces/moveit_cfgs_ws/install/franka_dual_arm/lib/pkgconfig/franka_dual_arm.pc'
[0.352s] Level 1:colcon.colcon_core.environment:checking '/workspace/rl_for_curobo/projects_root/ros/workspaces/moveit_cfgs_ws/install/franka_dual_arm/lib/python3.10/site-packages'
[0.353s] Level 1:colcon.colcon_core.environment:checking '/workspace/rl_for_curobo/projects_root/ros/workspaces/moveit_cfgs_ws/install/franka_dual_arm/bin'
[0.353s] INFO:colcon.colcon_core.shell:Creating package script '/workspace/rl_for_curobo/projects_root/ros/workspaces/moveit_cfgs_ws/install/franka_dual_arm/share/franka_dual_arm/package.ps1'
[0.353s] INFO:colcon.colcon_core.shell:Creating package descriptor '/workspace/rl_for_curobo/projects_root/ros/workspaces/moveit_cfgs_ws/install/franka_dual_arm/share/franka_dual_arm/package.dsv'
[0.354s] INFO:colcon.colcon_core.shell:Creating package script '/workspace/rl_for_curobo/projects_root/ros/workspaces/moveit_cfgs_ws/install/franka_dual_arm/share/franka_dual_arm/package.sh'
[0.354s] INFO:colcon.colcon_core.shell:Creating package script '/workspace/rl_for_curobo/projects_root/ros/workspaces/moveit_cfgs_ws/install/franka_dual_arm/share/franka_dual_arm/package.bash'
[0.355s] INFO:colcon.colcon_core.shell:Creating package script '/workspace/rl_for_curobo/projects_root/ros/workspaces/moveit_cfgs_ws/install/franka_dual_arm/share/franka_dual_arm/package.zsh'
[0.355s] Level 1:colcon.colcon_core.environment:create_file_with_runtime_dependencies(/workspace/rl_for_curobo/projects_root/ros/workspaces/moveit_cfgs_ws/install/franka_dual_arm/share/colcon-core/packages/franka_dual_arm)
[0.356s] Level 1:colcon.colcon_core.environment:create_environment_scripts_only(franka_dual_arm_subgroups_no_ee)
[0.356s] Level 1:colcon.colcon_core.environment:checking '/workspace/rl_for_curobo/projects_root/ros/workspaces/moveit_cfgs_ws/install/franka_dual_arm_subgroups_no_ee' for CMake module files
[0.357s] DEBUG:colcon.colcon_core.event_handler.log_command:Invoked command in '/workspace/rl_for_curobo/projects_root/ros/workspaces/moveit_cfgs_ws/build/franka_dual_arm_subgroups_no_ee' returned '0': CMAKE_PREFIX_PATH=${CMAKE_PREFIX_PATH}:/workspace/ws_moveit2/install/moveit_configs_utils:/workspace/ws_moveit2/install/launch_param_builder:/opt/ros/humble /usr/local/bin/cmake --install /workspace/rl_for_curobo/projects_root/ros/workspaces/moveit_cfgs_ws/build/franka_dual_arm_subgroups_no_ee
[0.357s] Level 1:colcon.colcon_core.environment:checking '/workspace/rl_for_curobo/projects_root/ros/workspaces/moveit_cfgs_ws/install/franka_dual_arm_subgroups_no_ee' for CMake config files
[0.357s] Level 1:colcon.colcon_core.shell:create_environment_hook('franka_dual_arm_subgroups_no_ee', 'cmake_prefix_path')
[0.357s] INFO:colcon.colcon_core.shell:Creating environment hook '/workspace/rl_for_curobo/projects_root/ros/workspaces/moveit_cfgs_ws/install/franka_dual_arm_subgroups_no_ee/share/franka_dual_arm_subgroups_no_ee/hook/cmake_prefix_path.ps1'
[0.357s] INFO:colcon.colcon_core.shell:Creating environment descriptor '/workspace/rl_for_curobo/projects_root/ros/workspaces/moveit_cfgs_ws/install/franka_dual_arm_subgroups_no_ee/share/franka_dual_arm_subgroups_no_ee/hook/cmake_prefix_path.dsv'
[0.358s] INFO:colcon.colcon_core.shell:Creating environment hook '/workspace/rl_for_curobo/projects_root/ros/workspaces/moveit_cfgs_ws/install/franka_dual_arm_subgroups_no_ee/share/franka_dual_arm_subgroups_no_ee/hook/cmake_prefix_path.sh'
[0.358s] Level 1:colcon.colcon_core.environment:checking '/workspace/rl_for_curobo/projects_root/ros/workspaces/moveit_cfgs_ws/install/franka_dual_arm_subgroups_no_ee/bin'
[0.358s] Level 1:colcon.colcon_core.environment:checking '/workspace/rl_for_curobo/projects_root/ros/workspaces/moveit_cfgs_ws/install/franka_dual_arm_subgroups_no_ee/lib/pkgconfig/franka_dual_arm_subgroups_no_ee.pc'
[0.358s] Level 1:colcon.colcon_core.environment:checking '/workspace/rl_for_curobo/projects_root/ros/workspaces/moveit_cfgs_ws/install/franka_dual_arm_subgroups_no_ee/lib/python3.10/site-packages'
[0.358s] Level 1:colcon.colcon_core.environment:checking '/workspace/rl_for_curobo/projects_root/ros/workspaces/moveit_cfgs_ws/install/franka_dual_arm_subgroups_no_ee/bin'
[0.359s] INFO:colcon.colcon_core.shell:Creating package script '/workspace/rl_for_curobo/projects_root/ros/workspaces/moveit_cfgs_ws/install/franka_dual_arm_subgroups_no_ee/share/franka_dual_arm_subgroups_no_ee/package.ps1'
[0.359s] INFO:colcon.colcon_core.shell:Creating package descriptor '/workspace/rl_for_curobo/projects_root/ros/workspaces/moveit_cfgs_ws/install/franka_dual_arm_subgroups_no_ee/share/franka_dual_arm_subgroups_no_ee/package.dsv'
[0.360s] INFO:colcon.colcon_core.shell:Creating package script '/workspace/rl_for_curobo/projects_root/ros/workspaces/moveit_cfgs_ws/install/franka_dual_arm_subgroups_no_ee/share/franka_dual_arm_subgroups_no_ee/package.sh'
[0.360s] INFO:colcon.colcon_core.shell:Creating package script '/workspace/rl_for_curobo/projects_root/ros/workspaces/moveit_cfgs_ws/install/franka_dual_arm_subgroups_no_ee/share/franka_dual_arm_subgroups_no_ee/package.bash'
[0.361s] INFO:colcon.colcon_core.shell:Creating package script '/workspace/rl_for_curobo/projects_root/ros/workspaces/moveit_cfgs_ws/install/franka_dual_arm_subgroups_no_ee/share/franka_dual_arm_subgroups_no_ee/package.zsh'
[0.361s] Level 1:colcon.colcon_core.environment:create_file_with_runtime_dependencies(/workspace/rl_for_curobo/projects_root/ros/workspaces/moveit_cfgs_ws/install/franka_dual_arm_subgroups_no_ee/share/colcon-core/packages/franka_dual_arm_subgroups_no_ee)
[0.361s] Level 1:colcon.colcon_core.environment:create_environment_scripts_only(franka_dual_arm_subgroups_no_ee)
[0.362s] Level 1:colcon.colcon_core.environment:checking '/workspace/rl_for_curobo/projects_root/ros/workspaces/moveit_cfgs_ws/install/franka_dual_arm_subgroups_no_ee' for CMake module files
[0.362s] Level 1:colcon.colcon_core.environment:checking '/workspace/rl_for_curobo/projects_root/ros/workspaces/moveit_cfgs_ws/install/franka_dual_arm_subgroups_no_ee' for CMake config files
[0.362s] Level 1:colcon.colcon_core.shell:create_environment_hook('franka_dual_arm_subgroups_no_ee', 'cmake_prefix_path')
[0.362s] INFO:colcon.colcon_core.shell:Creating environment hook '/workspace/rl_for_curobo/projects_root/ros/workspaces/moveit_cfgs_ws/install/franka_dual_arm_subgroups_no_ee/share/franka_dual_arm_subgroups_no_ee/hook/cmake_prefix_path.ps1'
[0.363s] INFO:colcon.colcon_core.shell:Creating environment descriptor '/workspace/rl_for_curobo/projects_root/ros/workspaces/moveit_cfgs_ws/install/franka_dual_arm_subgroups_no_ee/share/franka_dual_arm_subgroups_no_ee/hook/cmake_prefix_path.dsv'
[0.363s] INFO:colcon.colcon_core.shell:Creating environment hook '/workspace/rl_for_curobo/projects_root/ros/workspaces/moveit_cfgs_ws/install/franka_dual_arm_subgroups_no_ee/share/franka_dual_arm_subgroups_no_ee/hook/cmake_prefix_path.sh'
[0.363s] Level 1:colcon.colcon_core.environment:checking '/workspace/rl_for_curobo/projects_root/ros/workspaces/moveit_cfgs_ws/install/franka_dual_arm_subgroups_no_ee/bin'
[0.364s] Level 1:colcon.colcon_core.environment:checking '/workspace/rl_for_curobo/projects_root/ros/workspaces/moveit_cfgs_ws/install/franka_dual_arm_subgroups_no_ee/lib/pkgconfig/franka_dual_arm_subgroups_no_ee.pc'
[0.364s] Level 1:colcon.colcon_core.environment:checking '/workspace/rl_for_curobo/projects_root/ros/workspaces/moveit_cfgs_ws/install/franka_dual_arm_subgroups_no_ee/lib/python3.10/site-packages'
[0.364s] Level 1:colcon.colcon_core.environment:checking '/workspace/rl_for_curobo/projects_root/ros/workspaces/moveit_cfgs_ws/install/franka_dual_arm_subgroups_no_ee/bin'
[0.364s] INFO:colcon.colcon_core.shell:Creating package script '/workspace/rl_for_curobo/projects_root/ros/workspaces/moveit_cfgs_ws/install/franka_dual_arm_subgroups_no_ee/share/franka_dual_arm_subgroups_no_ee/package.ps1'
[0.364s] INFO:colcon.colcon_core.shell:Creating package descriptor '/workspace/rl_for_curobo/projects_root/ros/workspaces/moveit_cfgs_ws/install/franka_dual_arm_subgroups_no_ee/share/franka_dual_arm_subgroups_no_ee/package.dsv'
[0.365s] INFO:colcon.colcon_core.shell:Creating package script '/workspace/rl_for_curobo/projects_root/ros/workspaces/moveit_cfgs_ws/install/franka_dual_arm_subgroups_no_ee/share/franka_dual_arm_subgroups_no_ee/package.sh'
[0.365s] INFO:colcon.colcon_core.shell:Creating package script '/workspace/rl_for_curobo/projects_root/ros/workspaces/moveit_cfgs_ws/install/franka_dual_arm_subgroups_no_ee/share/franka_dual_arm_subgroups_no_ee/package.bash'
[0.365s] INFO:colcon.colcon_core.shell:Creating package script '/workspace/rl_for_curobo/projects_root/ros/workspaces/moveit_cfgs_ws/install/franka_dual_arm_subgroups_no_ee/share/franka_dual_arm_subgroups_no_ee/package.zsh'
[0.366s] Level 1:colcon.colcon_core.environment:create_file_with_runtime_dependencies(/workspace/rl_for_curobo/projects_root/ros/workspaces/moveit_cfgs_ws/install/franka_dual_arm_subgroups_no_ee/share/colcon-core/packages/franka_dual_arm_subgroups_no_ee)
[0.366s] Level 1:colcon.colcon_core.environment:create_environment_scripts_only(robot_description)
[0.366s] Level 1:colcon.colcon_core.environment:checking '/workspace/rl_for_curobo/projects_root/ros/workspaces/moveit_cfgs_ws/install/robot_description' for CMake module files
[0.366s] Level 1:colcon.colcon_core.environment:checking '/workspace/rl_for_curobo/projects_root/ros/workspaces/moveit_cfgs_ws/install/robot_description' for CMake config files
[0.367s] DEBUG:colcon.colcon_core.event_handler.log_command:Invoked command in '/workspace/rl_for_curobo/projects_root/ros/workspaces/moveit_cfgs_ws/build/robot_description' returned '0': CMAKE_PREFIX_PATH=${CMAKE_PREFIX_PATH}:/workspace/ws_moveit2/install/moveit_configs_utils:/workspace/ws_moveit2/install/launch_param_builder:/opt/ros/humble /usr/local/bin/cmake --install /workspace/rl_for_curobo/projects_root/ros/workspaces/moveit_cfgs_ws/build/robot_description
[0.367s] Level 1:colcon.colcon_core.shell:create_environment_hook('robot_description', 'cmake_prefix_path')
[0.367s] INFO:colcon.colcon_core.shell:Creating environment hook '/workspace/rl_for_curobo/projects_root/ros/workspaces/moveit_cfgs_ws/install/robot_description/share/robot_description/hook/cmake_prefix_path.ps1'
[0.367s] INFO:colcon.colcon_core.shell:Creating environment descriptor '/workspace/rl_for_curobo/projects_root/ros/workspaces/moveit_cfgs_ws/install/robot_description/share/robot_description/hook/cmake_prefix_path.dsv'
[0.367s] INFO:colcon.colcon_core.shell:Creating environment hook '/workspace/rl_for_curobo/projects_root/ros/workspaces/moveit_cfgs_ws/install/robot_description/share/robot_description/hook/cmake_prefix_path.sh'
[0.368s] Level 1:colcon.colcon_core.environment:checking '/workspace/rl_for_curobo/projects_root/ros/workspaces/moveit_cfgs_ws/install/robot_description/bin'
[0.368s] Level 1:colcon.colcon_core.environment:checking '/workspace/rl_for_curobo/projects_root/ros/workspaces/moveit_cfgs_ws/install/robot_description/lib/pkgconfig/robot_description.pc'
[0.368s] Level 1:colcon.colcon_core.environment:checking '/workspace/rl_for_curobo/projects_root/ros/workspaces/moveit_cfgs_ws/install/robot_description/lib/python3.10/site-packages'
[0.368s] Level 1:colcon.colcon_core.environment:checking '/workspace/rl_for_curobo/projects_root/ros/workspaces/moveit_cfgs_ws/install/robot_description/bin'
[0.368s] INFO:colcon.colcon_core.shell:Creating package script '/workspace/rl_for_curobo/projects_root/ros/workspaces/moveit_cfgs_ws/install/robot_description/share/robot_description/package.ps1'
[0.369s] INFO:colcon.colcon_core.shell:Creating package descriptor '/workspace/rl_for_curobo/projects_root/ros/workspaces/moveit_cfgs_ws/install/robot_description/share/robot_description/package.dsv'
[0.369s] INFO:colcon.colcon_core.shell:Creating package script '/workspace/rl_for_curobo/projects_root/ros/workspaces/moveit_cfgs_ws/install/robot_description/share/robot_description/package.sh'
[0.369s] INFO:colcon.colcon_core.shell:Creating package script '/workspace/rl_for_curobo/projects_root/ros/workspaces/moveit_cfgs_ws/install/robot_description/share/robot_description/package.bash'
[0.369s] INFO:colcon.colcon_core.shell:Creating package script '/workspace/rl_for_curobo/projects_root/ros/workspaces/moveit_cfgs_ws/install/robot_description/share/robot_description/package.zsh'
[0.369s] Level 1:colcon.colcon_core.environment:create_file_with_runtime_dependencies(/workspace/rl_for_curobo/projects_root/ros/workspaces/moveit_cfgs_ws/install/robot_description/share/colcon-core/packages/robot_description)
[0.370s] Level 1:colcon.colcon_core.environment:create_environment_scripts_only(robot_description)
[0.370s] Level 1:colcon.colcon_core.environment:checking '/workspace/rl_for_curobo/projects_root/ros/workspaces/moveit_cfgs_ws/install/robot_description' for CMake module files
[0.370s] Level 1:colcon.colcon_core.environment:checking '/workspace/rl_for_curobo/projects_root/ros/workspaces/moveit_cfgs_ws/install/robot_description' for CMake config files
[0.370s] Level 1:colcon.colcon_core.shell:create_environment_hook('robot_description', 'cmake_prefix_path')
[0.370s] INFO:colcon.colcon_core.shell:Creating environment hook '/workspace/rl_for_curobo/projects_root/ros/workspaces/moveit_cfgs_ws/install/robot_description/share/robot_description/hook/cmake_prefix_path.ps1'
[0.370s] INFO:colcon.colcon_core.shell:Creating environment descriptor '/workspace/rl_for_curobo/projects_root/ros/workspaces/moveit_cfgs_ws/install/robot_description/share/robot_description/hook/cmake_prefix_path.dsv'
[0.371s] INFO:colcon.colcon_core.shell:Creating environment hook '/workspace/rl_for_curobo/projects_root/ros/workspaces/moveit_cfgs_ws/install/robot_description/share/robot_description/hook/cmake_prefix_path.sh'
[0.371s] Level 1:colcon.colcon_core.environment:checking '/workspace/rl_for_curobo/projects_root/ros/workspaces/moveit_cfgs_ws/install/robot_description/bin'
[0.371s] Level 1:colcon.colcon_core.environment:checking '/workspace/rl_for_curobo/projects_root/ros/workspaces/moveit_cfgs_ws/install/robot_description/lib/pkgconfig/robot_description.pc'
[0.371s] Level 1:colcon.colcon_core.environment:checking '/workspace/rl_for_curobo/projects_root/ros/workspaces/moveit_cfgs_ws/install/robot_description/lib/python3.10/site-packages'
[0.371s] Level 1:colcon.colcon_core.environment:checking '/workspace/rl_for_curobo/projects_root/ros/workspaces/moveit_cfgs_ws/install/robot_description/bin'
[0.371s] INFO:colcon.colcon_core.shell:Creating package script '/workspace/rl_for_curobo/projects_root/ros/workspaces/moveit_cfgs_ws/install/robot_description/share/robot_description/package.ps1'
[0.372s] INFO:colcon.colcon_core.shell:Creating package descriptor '/workspace/rl_for_curobo/projects_root/ros/workspaces/moveit_cfgs_ws/install/robot_description/share/robot_description/package.dsv'
[0.372s] INFO:colcon.colcon_core.shell:Creating package script '/workspace/rl_for_curobo/projects_root/ros/workspaces/moveit_cfgs_ws/install/robot_description/share/robot_description/package.sh'
[0.372s] INFO:colcon.colcon_core.shell:Creating package script '/workspace/rl_for_curobo/projects_root/ros/workspaces/moveit_cfgs_ws/install/robot_description/share/robot_description/package.bash'
[0.373s] INFO:colcon.colcon_core.shell:Creating package script '/workspace/rl_for_curobo/projects_root/ros/workspaces/moveit_cfgs_ws/install/robot_description/share/robot_description/package.zsh'
[0.373s] Level 1:colcon.colcon_core.environment:create_file_with_runtime_dependencies(/workspace/rl_for_curobo/projects_root/ros/workspaces/moveit_cfgs_ws/install/robot_description/share/colcon-core/packages/robot_description)
[0.373s] DEBUG:colcon.colcon_parallel_executor.executor.parallel:closing loop
[0.374s] DEBUG:colcon.colcon_parallel_executor.executor.parallel:loop closed
[0.374s] DEBUG:colcon.colcon_parallel_executor.executor.parallel:run_until_complete finished with '0'
[0.374s] DEBUG:colcon.colcon_core.event_reactor:joining thread
[0.380s] INFO:colcon.colcon_core.plugin_system:Skipping extension 'colcon_notification.desktop_notification.notify_send': Could not find 'notify-send'
[0.380s] INFO:colcon.colcon_core.plugin_system:Skipping extension 'colcon_notification.desktop_notification.terminal_notifier': Not used on non-Darwin systems
[0.380s] INFO:colcon.colcon_core.plugin_system:Skipping extension 'colcon_notification.desktop_notification.win32': Not used on non-Windows systems
[0.380s] INFO:colcon.colcon_notification.desktop_notification:Sending desktop notification using 'notify2'
[0.382s] DEBUG:colcon.colcon_notification.desktop_notification.notify2:Failed to initialize notify2: org.freedesktop.DBus.Error.Spawn.ExecFailed: /usr/bin/dbus-launch terminated abnormally without any error message
[0.382s] DEBUG:colcon.colcon_core.event_reactor:joined thread
[0.383s] INFO:colcon.colcon_core.shell:Creating prefix script '/workspace/rl_for_curobo/projects_root/ros/workspaces/moveit_cfgs_ws/install/local_setup.ps1'
[0.384s] INFO:colcon.colcon_core.shell:Creating prefix util module '/workspace/rl_for_curobo/projects_root/ros/workspaces/moveit_cfgs_ws/install/_local_setup_util_ps1.py'
[0.384s] INFO:colcon.colcon_core.shell:Creating prefix chain script '/workspace/rl_for_curobo/projects_root/ros/workspaces/moveit_cfgs_ws/install/setup.ps1'
[0.386s] INFO:colcon.colcon_core.shell:Creating prefix script '/workspace/rl_for_curobo/projects_root/ros/workspaces/moveit_cfgs_ws/install/local_setup.sh'
[0.387s] INFO:colcon.colcon_core.shell:Creating prefix util module '/workspace/rl_for_curobo/projects_root/ros/workspaces/moveit_cfgs_ws/install/_local_setup_util_sh.py'
[0.387s] INFO:colcon.colcon_core.shell:Creating prefix chain script '/workspace/rl_for_curobo/projects_root/ros/workspaces/moveit_cfgs_ws/install/setup.sh'
[0.390s] INFO:colcon.colcon_core.shell:Creating prefix script '/workspace/rl_for_curobo/projects_root/ros/workspaces/moveit_cfgs_ws/install/local_setup.bash'
[0.390s] INFO:colcon.colcon_core.shell:Creating prefix chain script '/workspace/rl_for_curobo/projects_root/ros/workspaces/moveit_cfgs_ws/install/setup.bash'
[0.392s] INFO:colcon.colcon_core.shell:Creating prefix script '/workspace/rl_for_curobo/projects_root/ros/workspaces/moveit_cfgs_ws/install/local_setup.zsh'
[0.393s] INFO:colcon.colcon_core.shell:Creating prefix chain script '/workspace/rl_for_curobo/projects_root/ros/workspaces/moveit_cfgs_ws/install/setup.zsh'
