-- Found ament_cmake: 1.3.11 (/opt/ros/humble/share/ament_cmake/cmake)
-- Found Python3: /usr/bin/python3 (found version "3.10.12") found components: Interpreter 
-- Found rclcpp: 16.0.12 (/opt/ros/humble/share/rclcpp/cmake)
-- Found rosidl_generator_c: 3.1.6 (/opt/ros/humble/share/rosidl_generator_c/cmake)
-- Found rosidl_adapter: 3.1.6 (/opt/ros/humble/share/rosidl_adapter/cmake)
-- Found rosidl_generator_cpp: 3.1.6 (/opt/ros/humble/share/rosidl_generator_cpp/cmake)
-- Using all available rosidl_typesupport_c: rosidl_typesupport_fastrtps_c;rosidl_typesupport_introspection_c
-- Using all available rosidl_typesupport_cpp: rosidl_typesupport_fastrtps_cpp;rosidl_typesupport_introspection_cpp
-- Found rmw_implementation_cmake: 6.1.2 (/opt/ros/humble/share/rmw_implementation_cmake/cmake)
-- Found rmw_fastrtps_cpp: 6.2.7 (/opt/ros/humble/share/rmw_fastrtps_cpp/cmake)
-- Found OpenSSL: /usr/lib/x86_64-linux-gnu/libcrypto.so (found version "3.0.2")  
-- Found FastRTPS: /opt/ros/humble/include  
-- Using RMW implementation 'rmw_fastrtps_cpp' as default
-- Performing Test CMAKE_HAVE_LIBC_PTHREAD
-- Performing Test CMAKE_HAVE_LIBC_PTHREAD - Success
-- Found Threads: TRUE  
-- Found rclpy: 3.3.16 (/opt/ros/humble/share/rclpy/cmake)
-- Found geometry_msgs: 4.9.0 (/opt/ros/humble/share/geometry_msgs/cmake)
-- Found urdf: 2.6.1 (/opt/ros/humble/share/urdf/cmake)
-- Found xacro: 2.0.13 (/opt/ros/humble/share/xacro/cmake)
-- Configuring done (0.8s)
-- Generating done (0.0s)
-- Build files have been written to: /workspace/rl_for_curobo/projects_root/ros/workspaces/moveit_cfgs_ws/build/robot_arm_urdf
-- Install configuration: ""
-- Installing: /workspace/rl_for_curobo/projects_root/ros/workspaces/moveit_cfgs_ws/install/robot_arm_urdf/share/robot_arm_urdf/config
-- Installing: /workspace/rl_for_curobo/projects_root/ros/workspaces/moveit_cfgs_ws/install/robot_arm_urdf/share/robot_arm_urdf/config/joint_names_robot_arm_urdf.yaml
-- Installing: /workspace/rl_for_curobo/projects_root/ros/workspaces/moveit_cfgs_ws/install/robot_arm_urdf/share/robot_arm_urdf/config/joint_trajectory_controller.yaml
-- Installing: /workspace/rl_for_curobo/projects_root/ros/workspaces/moveit_cfgs_ws/install/robot_arm_urdf/share/robot_arm_urdf/launch
-- Installing: /workspace/rl_for_curobo/projects_root/ros/workspaces/moveit_cfgs_ws/install/robot_arm_urdf/share/robot_arm_urdf/launch/arm_urdf.launch
-- Installing: /workspace/rl_for_curobo/projects_root/ros/workspaces/moveit_cfgs_ws/install/robot_arm_urdf/share/robot_arm_urdf/launch/display.launch
-- Installing: /workspace/rl_for_curobo/projects_root/ros/workspaces/moveit_cfgs_ws/install/robot_arm_urdf/share/robot_arm_urdf/launch/gazebo.launch
-- Installing: /workspace/rl_for_curobo/projects_root/ros/workspaces/moveit_cfgs_ws/install/robot_arm_urdf/share/robot_arm_urdf/meshes
-- Installing: /workspace/rl_for_curobo/projects_root/ros/workspaces/moveit_cfgs_ws/install/robot_arm_urdf/share/robot_arm_urdf/meshes/link_3.STL
-- Installing: /workspace/rl_for_curobo/projects_root/ros/workspaces/moveit_cfgs_ws/install/robot_arm_urdf/share/robot_arm_urdf/meshes/link_7.STL
-- Installing: /workspace/rl_for_curobo/projects_root/ros/workspaces/moveit_cfgs_ws/install/robot_arm_urdf/share/robot_arm_urdf/meshes/link_4.STL
-- Installing: /workspace/rl_for_curobo/projects_root/ros/workspaces/moveit_cfgs_ws/install/robot_arm_urdf/share/robot_arm_urdf/meshes/base_link.STL
-- Installing: /workspace/rl_for_curobo/projects_root/ros/workspaces/moveit_cfgs_ws/install/robot_arm_urdf/share/robot_arm_urdf/meshes/link_1.STL
-- Installing: /workspace/rl_for_curobo/projects_root/ros/workspaces/moveit_cfgs_ws/install/robot_arm_urdf/share/robot_arm_urdf/meshes/link_2.STL
-- Installing: /workspace/rl_for_curobo/projects_root/ros/workspaces/moveit_cfgs_ws/install/robot_arm_urdf/share/robot_arm_urdf/meshes/link_6.STL
-- Installing: /workspace/rl_for_curobo/projects_root/ros/workspaces/moveit_cfgs_ws/install/robot_arm_urdf/share/robot_arm_urdf/meshes/link_5.STL
-- Installing: /workspace/rl_for_curobo/projects_root/ros/workspaces/moveit_cfgs_ws/install/robot_arm_urdf/share/robot_arm_urdf/urdf
-- Installing: /workspace/rl_for_curobo/projects_root/ros/workspaces/moveit_cfgs_ws/install/robot_arm_urdf/share/robot_arm_urdf/urdf/robot_arm_urdf.csv
-- Installing: /workspace/rl_for_curobo/projects_root/ros/workspaces/moveit_cfgs_ws/install/robot_arm_urdf/share/robot_arm_urdf/urdf/robot_arm_urdf.urdf
