[0.022s] Invoking command in '/workspace/rl_for_curobo/projects_root/ros/workspaces/moveit_cfgs_ws/build/robot_arm_urdf': CMAKE_PREFIX_PATH=${CMAKE_PREFIX_PATH}:/workspace/ws_moveit2/install/moveit_configs_utils:/workspace/ws_moveit2/install/launch_param_builder:/opt/ros/humble /usr/local/bin/cmake /workspace/rl_for_curobo/projects_root/ros/workspaces/moveit_cfgs_ws/src/custom_robot_3/import_your_custom_urdf_package_to_ROS-main-main/robot_arm_urdf -DCMAKE_INSTALL_PREFIX=/workspace/rl_for_curobo/projects_root/ros/workspaces/moveit_cfgs_ws/install/robot_arm_urdf
[0.034s] -- Found ament_cmake: 1.3.11 (/opt/ros/humble/share/ament_cmake/cmake)
[0.144s] -- Found Python3: /usr/bin/python3 (found version "3.10.12") found components: Interpreter 
[0.258s] -- Found rclcpp: 16.0.12 (/opt/ros/humble/share/rclcpp/cmake)
[0.318s] -- Found rosidl_generator_c: 3.1.6 (/opt/ros/humble/share/rosidl_generator_c/cmake)
[0.328s] -- Found rosidl_adapter: 3.1.6 (/opt/ros/humble/share/rosidl_adapter/cmake)
[0.340s] -- Found rosidl_generator_cpp: 3.1.6 (/opt/ros/humble/share/rosidl_generator_cpp/cmake)
[0.355s] -- Using all available rosidl_typesupport_c: rosidl_typesupport_fastrtps_c;rosidl_typesupport_introspection_c
[0.376s] -- Using all available rosidl_typesupport_cpp: rosidl_typesupport_fastrtps_cpp;rosidl_typesupport_introspection_cpp
[0.438s] -- Found rmw_implementation_cmake: 6.1.2 (/opt/ros/humble/share/rmw_implementation_cmake/cmake)
[0.444s] -- Found rmw_fastrtps_cpp: 6.2.7 (/opt/ros/humble/share/rmw_fastrtps_cpp/cmake)
[0.551s] -- Found OpenSSL: /usr/lib/x86_64-linux-gnu/libcrypto.so (found version "3.0.2")  
[0.589s] -- Found FastRTPS: /opt/ros/humble/include  
[0.638s] -- Using RMW implementation 'rmw_fastrtps_cpp' as default
[0.653s] -- Performing Test CMAKE_HAVE_LIBC_PTHREAD
[0.736s] -- Performing Test CMAKE_HAVE_LIBC_PTHREAD - Success
[0.737s] -- Found Threads: TRUE  
[0.795s] -- Found rclpy: 3.3.16 (/opt/ros/humble/share/rclpy/cmake)
[0.799s] -- Found geometry_msgs: 4.9.0 (/opt/ros/humble/share/geometry_msgs/cmake)
[0.814s] -- Found urdf: 2.6.1 (/opt/ros/humble/share/urdf/cmake)
[0.867s] -- Found xacro: 2.0.13 (/opt/ros/humble/share/xacro/cmake)
[0.867s] -- Configuring done (0.8s)
[0.869s] -- Generating done (0.0s)
[0.871s] -- Build files have been written to: /workspace/rl_for_curobo/projects_root/ros/workspaces/moveit_cfgs_ws/build/robot_arm_urdf
[0.875s] Invoked command in '/workspace/rl_for_curobo/projects_root/ros/workspaces/moveit_cfgs_ws/build/robot_arm_urdf' returned '0': CMAKE_PREFIX_PATH=${CMAKE_PREFIX_PATH}:/workspace/ws_moveit2/install/moveit_configs_utils:/workspace/ws_moveit2/install/launch_param_builder:/opt/ros/humble /usr/local/bin/cmake /workspace/rl_for_curobo/projects_root/ros/workspaces/moveit_cfgs_ws/src/custom_robot_3/import_your_custom_urdf_package_to_ROS-main-main/robot_arm_urdf -DCMAKE_INSTALL_PREFIX=/workspace/rl_for_curobo/projects_root/ros/workspaces/moveit_cfgs_ws/install/robot_arm_urdf
[0.876s] Invoking command in '/workspace/rl_for_curobo/projects_root/ros/workspaces/moveit_cfgs_ws/build/robot_arm_urdf': CMAKE_PREFIX_PATH=${CMAKE_PREFIX_PATH}:/workspace/ws_moveit2/install/moveit_configs_utils:/workspace/ws_moveit2/install/launch_param_builder:/opt/ros/humble /usr/local/bin/cmake --build /workspace/rl_for_curobo/projects_root/ros/workspaces/moveit_cfgs_ws/build/robot_arm_urdf -- -j16 -l16
[0.903s] Invoked command in '/workspace/rl_for_curobo/projects_root/ros/workspaces/moveit_cfgs_ws/build/robot_arm_urdf' returned '0': CMAKE_PREFIX_PATH=${CMAKE_PREFIX_PATH}:/workspace/ws_moveit2/install/moveit_configs_utils:/workspace/ws_moveit2/install/launch_param_builder:/opt/ros/humble /usr/local/bin/cmake --build /workspace/rl_for_curobo/projects_root/ros/workspaces/moveit_cfgs_ws/build/robot_arm_urdf -- -j16 -l16
[0.904s] Invoking command in '/workspace/rl_for_curobo/projects_root/ros/workspaces/moveit_cfgs_ws/build/robot_arm_urdf': CMAKE_PREFIX_PATH=${CMAKE_PREFIX_PATH}:/workspace/ws_moveit2/install/moveit_configs_utils:/workspace/ws_moveit2/install/launch_param_builder:/opt/ros/humble /usr/local/bin/cmake --install /workspace/rl_for_curobo/projects_root/ros/workspaces/moveit_cfgs_ws/build/robot_arm_urdf
[0.912s] -- Install configuration: ""
[0.912s] -- Installing: /workspace/rl_for_curobo/projects_root/ros/workspaces/moveit_cfgs_ws/install/robot_arm_urdf/share/robot_arm_urdf/config
[0.912s] -- Installing: /workspace/rl_for_curobo/projects_root/ros/workspaces/moveit_cfgs_ws/install/robot_arm_urdf/share/robot_arm_urdf/config/joint_names_robot_arm_urdf.yaml
[0.912s] -- Installing: /workspace/rl_for_curobo/projects_root/ros/workspaces/moveit_cfgs_ws/install/robot_arm_urdf/share/robot_arm_urdf/config/joint_trajectory_controller.yaml
[0.912s] -- Installing: /workspace/rl_for_curobo/projects_root/ros/workspaces/moveit_cfgs_ws/install/robot_arm_urdf/share/robot_arm_urdf/launch
[0.912s] -- Installing: /workspace/rl_for_curobo/projects_root/ros/workspaces/moveit_cfgs_ws/install/robot_arm_urdf/share/robot_arm_urdf/launch/arm_urdf.launch
[0.912s] -- Installing: /workspace/rl_for_curobo/projects_root/ros/workspaces/moveit_cfgs_ws/install/robot_arm_urdf/share/robot_arm_urdf/launch/display.launch
[0.912s] -- Installing: /workspace/rl_for_curobo/projects_root/ros/workspaces/moveit_cfgs_ws/install/robot_arm_urdf/share/robot_arm_urdf/launch/gazebo.launch
[0.912s] -- Installing: /workspace/rl_for_curobo/projects_root/ros/workspaces/moveit_cfgs_ws/install/robot_arm_urdf/share/robot_arm_urdf/meshes
[0.912s] -- Installing: /workspace/rl_for_curobo/projects_root/ros/workspaces/moveit_cfgs_ws/install/robot_arm_urdf/share/robot_arm_urdf/meshes/link_3.STL
[0.912s] -- Installing: /workspace/rl_for_curobo/projects_root/ros/workspaces/moveit_cfgs_ws/install/robot_arm_urdf/share/robot_arm_urdf/meshes/link_7.STL
[0.912s] -- Installing: /workspace/rl_for_curobo/projects_root/ros/workspaces/moveit_cfgs_ws/install/robot_arm_urdf/share/robot_arm_urdf/meshes/link_4.STL
[0.912s] -- Installing: /workspace/rl_for_curobo/projects_root/ros/workspaces/moveit_cfgs_ws/install/robot_arm_urdf/share/robot_arm_urdf/meshes/base_link.STL
[0.912s] -- Installing: /workspace/rl_for_curobo/projects_root/ros/workspaces/moveit_cfgs_ws/install/robot_arm_urdf/share/robot_arm_urdf/meshes/link_1.STL
[0.912s] -- Installing: /workspace/rl_for_curobo/projects_root/ros/workspaces/moveit_cfgs_ws/install/robot_arm_urdf/share/robot_arm_urdf/meshes/link_2.STL
[0.912s] -- Installing: /workspace/rl_for_curobo/projects_root/ros/workspaces/moveit_cfgs_ws/install/robot_arm_urdf/share/robot_arm_urdf/meshes/link_6.STL
[0.912s] -- Installing: /workspace/rl_for_curobo/projects_root/ros/workspaces/moveit_cfgs_ws/install/robot_arm_urdf/share/robot_arm_urdf/meshes/link_5.STL
[0.912s] -- Installing: /workspace/rl_for_curobo/projects_root/ros/workspaces/moveit_cfgs_ws/install/robot_arm_urdf/share/robot_arm_urdf/urdf
[0.912s] -- Installing: /workspace/rl_for_curobo/projects_root/ros/workspaces/moveit_cfgs_ws/install/robot_arm_urdf/share/robot_arm_urdf/urdf/robot_arm_urdf.csv
[0.912s] -- Installing: /workspace/rl_for_curobo/projects_root/ros/workspaces/moveit_cfgs_ws/install/robot_arm_urdf/share/robot_arm_urdf/urdf/robot_arm_urdf.urdf
[0.913s] Invoked command in '/workspace/rl_for_curobo/projects_root/ros/workspaces/moveit_cfgs_ws/build/robot_arm_urdf' returned '0': CMAKE_PREFIX_PATH=${CMAKE_PREFIX_PATH}:/workspace/ws_moveit2/install/moveit_configs_utils:/workspace/ws_moveit2/install/launch_param_builder:/opt/ros/humble /usr/local/bin/cmake --install /workspace/rl_for_curobo/projects_root/ros/workspaces/moveit_cfgs_ws/build/robot_arm_urdf
