[0.020s] Invoking command in '/workspace/rl_for_curobo/projects_root/ros/workspaces/moveit_cfgs_ws/build/franka_dual_arm_subgroups_no_ee': CMAKE_PREFIX_PATH=${CMAKE_PREFIX_PATH}:/workspace/ws_moveit2/install/moveit_configs_utils:/workspace/ws_moveit2/install/launch_param_builder:/opt/ros/humble /usr/local/bin/cmake --build /workspace/rl_for_curobo/projects_root/ros/workspaces/moveit_cfgs_ws/build/franka_dual_arm_subgroups_no_ee -- -j16 -l16
[0.046s] Invoked command in '/workspace/rl_for_curobo/projects_root/ros/workspaces/moveit_cfgs_ws/build/franka_dual_arm_subgroups_no_ee' returned '0': CMAKE_PREFIX_PATH=${CMAKE_PREFIX_PATH}:/workspace/ws_moveit2/install/moveit_configs_utils:/workspace/ws_moveit2/install/launch_param_builder:/opt/ros/humble /usr/local/bin/cmake --build /workspace/rl_for_curobo/projects_root/ros/workspaces/moveit_cfgs_ws/build/franka_dual_arm_subgroups_no_ee -- -j16 -l16
[0.047s] Invoking command in '/workspace/rl_for_curobo/projects_root/ros/workspaces/moveit_cfgs_ws/build/franka_dual_arm_subgroups_no_ee': CMAKE_PREFIX_PATH=${CMAKE_PREFIX_PATH}:/workspace/ws_moveit2/install/moveit_configs_utils:/workspace/ws_moveit2/install/launch_param_builder:/opt/ros/humble /usr/local/bin/cmake --install /workspace/rl_for_curobo/projects_root/ros/workspaces/moveit_cfgs_ws/build/franka_dual_arm_subgroups_no_ee
[0.050s] -- Install configuration: ""
[0.050s] -- Up-to-date: /workspace/rl_for_curobo/projects_root/ros/workspaces/moveit_cfgs_ws/install/franka_dual_arm_subgroups_no_ee/share/ament_index/resource_index/package_run_dependencies/franka_dual_arm_subgroups_no_ee
[0.051s] -- Up-to-date: /workspace/rl_for_curobo/projects_root/ros/workspaces/moveit_cfgs_ws/install/franka_dual_arm_subgroups_no_ee/share/ament_index/resource_index/parent_prefix_path/franka_dual_arm_subgroups_no_ee
[0.052s] -- Up-to-date: /workspace/rl_for_curobo/projects_root/ros/workspaces/moveit_cfgs_ws/install/franka_dual_arm_subgroups_no_ee/share/franka_dual_arm_subgroups_no_ee/environment/ament_prefix_path.sh
[0.052s] -- Up-to-date: /workspace/rl_for_curobo/projects_root/ros/workspaces/moveit_cfgs_ws/install/franka_dual_arm_subgroups_no_ee/share/franka_dual_arm_subgroups_no_ee/environment/ament_prefix_path.dsv
[0.052s] -- Up-to-date: /workspace/rl_for_curobo/projects_root/ros/workspaces/moveit_cfgs_ws/install/franka_dual_arm_subgroups_no_ee/share/franka_dual_arm_subgroups_no_ee/environment/path.sh
[0.052s] -- Up-to-date: /workspace/rl_for_curobo/projects_root/ros/workspaces/moveit_cfgs_ws/install/franka_dual_arm_subgroups_no_ee/share/franka_dual_arm_subgroups_no_ee/environment/path.dsv
[0.052s] -- Up-to-date: /workspace/rl_for_curobo/projects_root/ros/workspaces/moveit_cfgs_ws/install/franka_dual_arm_subgroups_no_ee/share/franka_dual_arm_subgroups_no_ee/local_setup.bash
[0.052s] -- Up-to-date: /workspace/rl_for_curobo/projects_root/ros/workspaces/moveit_cfgs_ws/install/franka_dual_arm_subgroups_no_ee/share/franka_dual_arm_subgroups_no_ee/local_setup.sh
[0.052s] -- Up-to-date: /workspace/rl_for_curobo/projects_root/ros/workspaces/moveit_cfgs_ws/install/franka_dual_arm_subgroups_no_ee/share/franka_dual_arm_subgroups_no_ee/local_setup.zsh
[0.052s] -- Up-to-date: /workspace/rl_for_curobo/projects_root/ros/workspaces/moveit_cfgs_ws/install/franka_dual_arm_subgroups_no_ee/share/franka_dual_arm_subgroups_no_ee/local_setup.dsv
[0.052s] -- Installing: /workspace/rl_for_curobo/projects_root/ros/workspaces/moveit_cfgs_ws/install/franka_dual_arm_subgroups_no_ee/share/franka_dual_arm_subgroups_no_ee/package.dsv
[0.052s] -- Up-to-date: /workspace/rl_for_curobo/projects_root/ros/workspaces/moveit_cfgs_ws/install/franka_dual_arm_subgroups_no_ee/share/ament_index/resource_index/packages/franka_dual_arm_subgroups_no_ee
[0.052s] -- Up-to-date: /workspace/rl_for_curobo/projects_root/ros/workspaces/moveit_cfgs_ws/install/franka_dual_arm_subgroups_no_ee/share/franka_dual_arm_subgroups_no_ee/cmake/franka_dual_arm_subgroups_no_eeConfig.cmake
[0.052s] -- Up-to-date: /workspace/rl_for_curobo/projects_root/ros/workspaces/moveit_cfgs_ws/install/franka_dual_arm_subgroups_no_ee/share/franka_dual_arm_subgroups_no_ee/cmake/franka_dual_arm_subgroups_no_eeConfig-version.cmake
[0.052s] -- Up-to-date: /workspace/rl_for_curobo/projects_root/ros/workspaces/moveit_cfgs_ws/install/franka_dual_arm_subgroups_no_ee/share/franka_dual_arm_subgroups_no_ee/package.xml
[0.052s] -- Up-to-date: /workspace/rl_for_curobo/projects_root/ros/workspaces/moveit_cfgs_ws/install/franka_dual_arm_subgroups_no_ee/share/franka_dual_arm_subgroups_no_ee/launch
[0.052s] -- Up-to-date: /workspace/rl_for_curobo/projects_root/ros/workspaces/moveit_cfgs_ws/install/franka_dual_arm_subgroups_no_ee/share/franka_dual_arm_subgroups_no_ee/launch/warehouse_db.launch.py
[0.052s] -- Up-to-date: /workspace/rl_for_curobo/projects_root/ros/workspaces/moveit_cfgs_ws/install/franka_dual_arm_subgroups_no_ee/share/franka_dual_arm_subgroups_no_ee/launch/static_virtual_joint_tfs.launch.py
[0.052s] -- Up-to-date: /workspace/rl_for_curobo/projects_root/ros/workspaces/moveit_cfgs_ws/install/franka_dual_arm_subgroups_no_ee/share/franka_dual_arm_subgroups_no_ee/launch/setup_assistant.launch.py
[0.052s] -- Up-to-date: /workspace/rl_for_curobo/projects_root/ros/workspaces/moveit_cfgs_ws/install/franka_dual_arm_subgroups_no_ee/share/franka_dual_arm_subgroups_no_ee/launch/move_group.launch.py
[0.053s] -- Up-to-date: /workspace/rl_for_curobo/projects_root/ros/workspaces/moveit_cfgs_ws/install/franka_dual_arm_subgroups_no_ee/share/franka_dual_arm_subgroups_no_ee/launch/spawn_controllers.launch.py
[0.053s] -- Up-to-date: /workspace/rl_for_curobo/projects_root/ros/workspaces/moveit_cfgs_ws/install/franka_dual_arm_subgroups_no_ee/share/franka_dual_arm_subgroups_no_ee/launch/demo.launch.py
[0.053s] -- Up-to-date: /workspace/rl_for_curobo/projects_root/ros/workspaces/moveit_cfgs_ws/install/franka_dual_arm_subgroups_no_ee/share/franka_dual_arm_subgroups_no_ee/launch/moveit_rviz.launch.py
[0.053s] -- Up-to-date: /workspace/rl_for_curobo/projects_root/ros/workspaces/moveit_cfgs_ws/install/franka_dual_arm_subgroups_no_ee/share/franka_dual_arm_subgroups_no_ee/launch/rsp.launch.py
[0.053s] -- Up-to-date: /workspace/rl_for_curobo/projects_root/ros/workspaces/moveit_cfgs_ws/install/franka_dual_arm_subgroups_no_ee/share/franka_dual_arm_subgroups_no_ee/config
[0.053s] -- Up-to-date: /workspace/rl_for_curobo/projects_root/ros/workspaces/moveit_cfgs_ws/install/franka_dual_arm_subgroups_no_ee/share/franka_dual_arm_subgroups_no_ee/config/sensors_3d.yaml
[0.053s] -- Installing: /workspace/rl_for_curobo/projects_root/ros/workspaces/moveit_cfgs_ws/install/franka_dual_arm_subgroups_no_ee/share/franka_dual_arm_subgroups_no_ee/config/kinematics.yaml
[0.053s] -- Installing: /workspace/rl_for_curobo/projects_root/ros/workspaces/moveit_cfgs_ws/install/franka_dual_arm_subgroups_no_ee/share/franka_dual_arm_subgroups_no_ee/config/moveit_controllers.yaml
[0.053s] -- Up-to-date: /workspace/rl_for_curobo/projects_root/ros/workspaces/moveit_cfgs_ws/install/franka_dual_arm_subgroups_no_ee/share/franka_dual_arm_subgroups_no_ee/config/initial_positions.yaml
[0.053s] -- Up-to-date: /workspace/rl_for_curobo/projects_root/ros/workspaces/moveit_cfgs_ws/install/franka_dual_arm_subgroups_no_ee/share/franka_dual_arm_subgroups_no_ee/config/franka_dual_arm.srdf
[0.053s] -- Up-to-date: /workspace/rl_for_curobo/projects_root/ros/workspaces/moveit_cfgs_ws/install/franka_dual_arm_subgroups_no_ee/share/franka_dual_arm_subgroups_no_ee/config/franka_dual_arm.ros2_control.xacro
[0.053s] -- Up-to-date: /workspace/rl_for_curobo/projects_root/ros/workspaces/moveit_cfgs_ws/install/franka_dual_arm_subgroups_no_ee/share/franka_dual_arm_subgroups_no_ee/config/moveit.rviz
[0.053s] -- Up-to-date: /workspace/rl_for_curobo/projects_root/ros/workspaces/moveit_cfgs_ws/install/franka_dual_arm_subgroups_no_ee/share/franka_dual_arm_subgroups_no_ee/config/pilz_cartesian_limits.yaml
[0.053s] -- Up-to-date: /workspace/rl_for_curobo/projects_root/ros/workspaces/moveit_cfgs_ws/install/franka_dual_arm_subgroups_no_ee/share/franka_dual_arm_subgroups_no_ee/config/joint_limits.yaml
[0.053s] -- Installing: /workspace/rl_for_curobo/projects_root/ros/workspaces/moveit_cfgs_ws/install/franka_dual_arm_subgroups_no_ee/share/franka_dual_arm_subgroups_no_ee/config/ros2_controllers.yaml
[0.053s] -- Up-to-date: /workspace/rl_for_curobo/projects_root/ros/workspaces/moveit_cfgs_ws/install/franka_dual_arm_subgroups_no_ee/share/franka_dual_arm_subgroups_no_ee/config/franka_dual_arm.urdf.xacro
[0.053s] -- Up-to-date: /workspace/rl_for_curobo/projects_root/ros/workspaces/moveit_cfgs_ws/install/franka_dual_arm_subgroups_no_ee/share/franka_dual_arm_subgroups_no_ee/.setup_assistant
[0.072s] Invoked command in '/workspace/rl_for_curobo/projects_root/ros/workspaces/moveit_cfgs_ws/build/franka_dual_arm_subgroups_no_ee' returned '0': CMAKE_PREFIX_PATH=${CMAKE_PREFIX_PATH}:/workspace/ws_moveit2/install/moveit_configs_utils:/workspace/ws_moveit2/install/launch_param_builder:/opt/ros/humble /usr/local/bin/cmake --install /workspace/rl_for_curobo/projects_root/ros/workspaces/moveit_cfgs_ws/build/franka_dual_arm_subgroups_no_ee
