[0.015s] Invoking command in '/workspace/rl_for_curobo/projects_root/ros/workspaces/moveit_cfgs_ws/build/franka_dual_arm_subgroups_no_ee': CMAKE_PREFIX_PATH=${CMAKE_PREFIX_PATH}:/workspace/ws_moveit2/install/moveit_configs_utils:/workspace/ws_moveit2/install/launch_param_builder:/opt/ros/humble /usr/local/bin/cmake /workspace/rl_for_curobo/projects_root/ros/workspaces/moveit_cfgs_ws/src/franka_dual_arm_subgroups_no_ee -DCMAKE_INSTALL_PREFIX=/workspace/rl_for_curobo/projects_root/ros/workspaces/moveit_cfgs_ws/install/franka_dual_arm_subgroups_no_ee
[0.055s] -- The C compiler identification is GNU 11.4.0
[0.094s] -- The CXX compiler identification is GNU 11.4.0
[0.109s] -- Detecting C compiler ABI info
[0.173s] -- Detecting C compiler ABI info - done
[0.180s] -- Check for working C compiler: /usr/bin/cc - skipped
[0.180s] -- Detecting C compile features
[0.180s] -- Detecting C compile features - done
[0.189s] -- Detecting CXX compiler ABI info
[0.278s] -- Detecting CXX compiler ABI info - done
[0.284s] -- Check for working CXX compiler: /usr/bin/c++ - skipped
[0.284s] -- Detecting CXX compile features
[0.285s] -- Detecting CXX compile features - done
[0.290s] -- Found ament_cmake: 1.3.11 (/opt/ros/humble/share/ament_cmake/cmake)
[0.396s] -- Found Python3: /usr/bin/python3 (found version "3.10.12") found components: Interpreter 
[0.540s] -- Configuring done (0.5s)
[0.542s] -- Generating done (0.0s)
[0.543s] -- Build files have been written to: /workspace/rl_for_curobo/projects_root/ros/workspaces/moveit_cfgs_ws/build/franka_dual_arm_subgroups_no_ee
[0.545s] Invoked command in '/workspace/rl_for_curobo/projects_root/ros/workspaces/moveit_cfgs_ws/build/franka_dual_arm_subgroups_no_ee' returned '0': CMAKE_PREFIX_PATH=${CMAKE_PREFIX_PATH}:/workspace/ws_moveit2/install/moveit_configs_utils:/workspace/ws_moveit2/install/launch_param_builder:/opt/ros/humble /usr/local/bin/cmake /workspace/rl_for_curobo/projects_root/ros/workspaces/moveit_cfgs_ws/src/franka_dual_arm_subgroups_no_ee -DCMAKE_INSTALL_PREFIX=/workspace/rl_for_curobo/projects_root/ros/workspaces/moveit_cfgs_ws/install/franka_dual_arm_subgroups_no_ee
[0.546s] Invoking command in '/workspace/rl_for_curobo/projects_root/ros/workspaces/moveit_cfgs_ws/build/franka_dual_arm_subgroups_no_ee': CMAKE_PREFIX_PATH=${CMAKE_PREFIX_PATH}:/workspace/ws_moveit2/install/moveit_configs_utils:/workspace/ws_moveit2/install/launch_param_builder:/opt/ros/humble /usr/local/bin/cmake --build /workspace/rl_for_curobo/projects_root/ros/workspaces/moveit_cfgs_ws/build/franka_dual_arm_subgroups_no_ee -- -j16 -l16
[0.570s] Invoked command in '/workspace/rl_for_curobo/projects_root/ros/workspaces/moveit_cfgs_ws/build/franka_dual_arm_subgroups_no_ee' returned '0': CMAKE_PREFIX_PATH=${CMAKE_PREFIX_PATH}:/workspace/ws_moveit2/install/moveit_configs_utils:/workspace/ws_moveit2/install/launch_param_builder:/opt/ros/humble /usr/local/bin/cmake --build /workspace/rl_for_curobo/projects_root/ros/workspaces/moveit_cfgs_ws/build/franka_dual_arm_subgroups_no_ee -- -j16 -l16
[0.572s] Invoking command in '/workspace/rl_for_curobo/projects_root/ros/workspaces/moveit_cfgs_ws/build/franka_dual_arm_subgroups_no_ee': CMAKE_PREFIX_PATH=${CMAKE_PREFIX_PATH}:/workspace/ws_moveit2/install/moveit_configs_utils:/workspace/ws_moveit2/install/launch_param_builder:/opt/ros/humble /usr/local/bin/cmake --install /workspace/rl_for_curobo/projects_root/ros/workspaces/moveit_cfgs_ws/build/franka_dual_arm_subgroups_no_ee
[0.578s] -- Install configuration: ""
[0.578s] -- Installing: /workspace/rl_for_curobo/projects_root/ros/workspaces/moveit_cfgs_ws/install/franka_dual_arm_subgroups_no_ee/share/ament_index/resource_index/package_run_dependencies/franka_dual_arm_subgroups_no_ee
[0.578s] -- Installing: /workspace/rl_for_curobo/projects_root/ros/workspaces/moveit_cfgs_ws/install/franka_dual_arm_subgroups_no_ee/share/ament_index/resource_index/parent_prefix_path/franka_dual_arm_subgroups_no_ee
[0.579s] -- Installing: /workspace/rl_for_curobo/projects_root/ros/workspaces/moveit_cfgs_ws/install/franka_dual_arm_subgroups_no_ee/share/franka_dual_arm_subgroups_no_ee/environment/ament_prefix_path.sh
[0.579s] -- Installing: /workspace/rl_for_curobo/projects_root/ros/workspaces/moveit_cfgs_ws/install/franka_dual_arm_subgroups_no_ee/share/franka_dual_arm_subgroups_no_ee/environment/ament_prefix_path.dsv
[0.579s] -- Installing: /workspace/rl_for_curobo/projects_root/ros/workspaces/moveit_cfgs_ws/install/franka_dual_arm_subgroups_no_ee/share/franka_dual_arm_subgroups_no_ee/environment/path.sh
[0.579s] -- Installing: /workspace/rl_for_curobo/projects_root/ros/workspaces/moveit_cfgs_ws/install/franka_dual_arm_subgroups_no_ee/share/franka_dual_arm_subgroups_no_ee/environment/path.dsv
[0.580s] -- Installing: /workspace/rl_for_curobo/projects_root/ros/workspaces/moveit_cfgs_ws/install/franka_dual_arm_subgroups_no_ee/share/franka_dual_arm_subgroups_no_ee/local_setup.bash
[0.580s] -- Installing: /workspace/rl_for_curobo/projects_root/ros/workspaces/moveit_cfgs_ws/install/franka_dual_arm_subgroups_no_ee/share/franka_dual_arm_subgroups_no_ee/local_setup.sh
[0.580s] -- Installing: /workspace/rl_for_curobo/projects_root/ros/workspaces/moveit_cfgs_ws/install/franka_dual_arm_subgroups_no_ee/share/franka_dual_arm_subgroups_no_ee/local_setup.zsh
[0.580s] -- Installing: /workspace/rl_for_curobo/projects_root/ros/workspaces/moveit_cfgs_ws/install/franka_dual_arm_subgroups_no_ee/share/franka_dual_arm_subgroups_no_ee/local_setup.dsv
[0.580s] -- Installing: /workspace/rl_for_curobo/projects_root/ros/workspaces/moveit_cfgs_ws/install/franka_dual_arm_subgroups_no_ee/share/franka_dual_arm_subgroups_no_ee/package.dsv
[0.581s] -- Installing: /workspace/rl_for_curobo/projects_root/ros/workspaces/moveit_cfgs_ws/install/franka_dual_arm_subgroups_no_ee/share/ament_index/resource_index/packages/franka_dual_arm_subgroups_no_ee
[0.581s] -- Installing: /workspace/rl_for_curobo/projects_root/ros/workspaces/moveit_cfgs_ws/install/franka_dual_arm_subgroups_no_ee/share/franka_dual_arm_subgroups_no_ee/cmake/franka_dual_arm_subgroups_no_eeConfig.cmake
[0.581s] -- Installing: /workspace/rl_for_curobo/projects_root/ros/workspaces/moveit_cfgs_ws/install/franka_dual_arm_subgroups_no_ee/share/franka_dual_arm_subgroups_no_ee/cmake/franka_dual_arm_subgroups_no_eeConfig-version.cmake
[0.581s] -- Installing: /workspace/rl_for_curobo/projects_root/ros/workspaces/moveit_cfgs_ws/install/franka_dual_arm_subgroups_no_ee/share/franka_dual_arm_subgroups_no_ee/package.xml
[0.581s] -- Installing: /workspace/rl_for_curobo/projects_root/ros/workspaces/moveit_cfgs_ws/install/franka_dual_arm_subgroups_no_ee/share/franka_dual_arm_subgroups_no_ee/launch
[0.582s] -- Installing: /workspace/rl_for_curobo/projects_root/ros/workspaces/moveit_cfgs_ws/install/franka_dual_arm_subgroups_no_ee/share/franka_dual_arm_subgroups_no_ee/launch/warehouse_db.launch.py
[0.582s] -- Installing: /workspace/rl_for_curobo/projects_root/ros/workspaces/moveit_cfgs_ws/install/franka_dual_arm_subgroups_no_ee/share/franka_dual_arm_subgroups_no_ee/launch/static_virtual_joint_tfs.launch.py
[0.582s] -- Installing: /workspace/rl_for_curobo/projects_root/ros/workspaces/moveit_cfgs_ws/install/franka_dual_arm_subgroups_no_ee/share/franka_dual_arm_subgroups_no_ee/launch/setup_assistant.launch.py
[0.582s] -- Installing: /workspace/rl_for_curobo/projects_root/ros/workspaces/moveit_cfgs_ws/install/franka_dual_arm_subgroups_no_ee/share/franka_dual_arm_subgroups_no_ee/launch/move_group.launch.py
[0.582s] -- Installing: /workspace/rl_for_curobo/projects_root/ros/workspaces/moveit_cfgs_ws/install/franka_dual_arm_subgroups_no_ee/share/franka_dual_arm_subgroups_no_ee/launch/spawn_controllers.launch.py
[0.582s] -- Installing: /workspace/rl_for_curobo/projects_root/ros/workspaces/moveit_cfgs_ws/install/franka_dual_arm_subgroups_no_ee/share/franka_dual_arm_subgroups_no_ee/launch/demo.launch.py
[0.583s] -- Installing: /workspace/rl_for_curobo/projects_root/ros/workspaces/moveit_cfgs_ws/install/franka_dual_arm_subgroups_no_ee/share/franka_dual_arm_subgroups_no_ee/launch/moveit_rviz.launch.py
[0.583s] -- Installing: /workspace/rl_for_curobo/projects_root/ros/workspaces/moveit_cfgs_ws/install/franka_dual_arm_subgroups_no_ee/share/franka_dual_arm_subgroups_no_ee/launch/rsp.launch.py
[0.583s] -- Installing: /workspace/rl_for_curobo/projects_root/ros/workspaces/moveit_cfgs_ws/install/franka_dual_arm_subgroups_no_ee/share/franka_dual_arm_subgroups_no_ee/config
[0.583s] -- Installing: /workspace/rl_for_curobo/projects_root/ros/workspaces/moveit_cfgs_ws/install/franka_dual_arm_subgroups_no_ee/share/franka_dual_arm_subgroups_no_ee/config/kinematics.yaml
[0.584s] -- Installing: /workspace/rl_for_curobo/projects_root/ros/workspaces/moveit_cfgs_ws/install/franka_dual_arm_subgroups_no_ee/share/franka_dual_arm_subgroups_no_ee/config/moveit_controllers.yaml
[0.584s] -- Installing: /workspace/rl_for_curobo/projects_root/ros/workspaces/moveit_cfgs_ws/install/franka_dual_arm_subgroups_no_ee/share/franka_dual_arm_subgroups_no_ee/config/initial_positions.yaml
[0.584s] -- Installing: /workspace/rl_for_curobo/projects_root/ros/workspaces/moveit_cfgs_ws/install/franka_dual_arm_subgroups_no_ee/share/franka_dual_arm_subgroups_no_ee/config/franka_dual_arm.srdf
[0.584s] -- Installing: /workspace/rl_for_curobo/projects_root/ros/workspaces/moveit_cfgs_ws/install/franka_dual_arm_subgroups_no_ee/share/franka_dual_arm_subgroups_no_ee/config/franka_dual_arm.ros2_control.xacro
[0.584s] -- Installing: /workspace/rl_for_curobo/projects_root/ros/workspaces/moveit_cfgs_ws/install/franka_dual_arm_subgroups_no_ee/share/franka_dual_arm_subgroups_no_ee/config/moveit.rviz
[0.585s] -- Installing: /workspace/rl_for_curobo/projects_root/ros/workspaces/moveit_cfgs_ws/install/franka_dual_arm_subgroups_no_ee/share/franka_dual_arm_subgroups_no_ee/config/pilz_cartesian_limits.yaml
[0.585s] -- Installing: /workspace/rl_for_curobo/projects_root/ros/workspaces/moveit_cfgs_ws/install/franka_dual_arm_subgroups_no_ee/share/franka_dual_arm_subgroups_no_ee/config/joint_limits.yaml
[0.585s] -- Installing: /workspace/rl_for_curobo/projects_root/ros/workspaces/moveit_cfgs_ws/install/franka_dual_arm_subgroups_no_ee/share/franka_dual_arm_subgroups_no_ee/config/ros2_controllers.yaml
[0.586s] -- Installing: /workspace/rl_for_curobo/projects_root/ros/workspaces/moveit_cfgs_ws/install/franka_dual_arm_subgroups_no_ee/share/franka_dual_arm_subgroups_no_ee/config/franka_dual_arm.urdf.xacro
[0.586s] -- Installing: /workspace/rl_for_curobo/projects_root/ros/workspaces/moveit_cfgs_ws/install/franka_dual_arm_subgroups_no_ee/share/franka_dual_arm_subgroups_no_ee/.setup_assistant
[0.589s] Invoked command in '/workspace/rl_for_curobo/projects_root/ros/workspaces/moveit_cfgs_ws/build/franka_dual_arm_subgroups_no_ee' returned '0': CMAKE_PREFIX_PATH=${CMAKE_PREFIX_PATH}:/workspace/ws_moveit2/install/moveit_configs_utils:/workspace/ws_moveit2/install/launch_param_builder:/opt/ros/humble /usr/local/bin/cmake --install /workspace/rl_for_curobo/projects_root/ros/workspaces/moveit_cfgs_ws/build/franka_dual_arm_subgroups_no_ee
