[0.020s] Invoking command in '/workspace/rl_for_curobo/projects_root/ros/workspaces/moveit_cfgs_ws/build/robot_arm_urdf': CMAKE_PREFIX_PATH=${CMAKE_PREFIX_PATH}:/workspace/ws_moveit2/install/moveit_configs_utils:/workspace/ws_moveit2/install/launch_param_builder:/opt/ros/humble /usr/local/bin/cmake --build /workspace/rl_for_curobo/projects_root/ros/workspaces/moveit_cfgs_ws/build/robot_arm_urdf -- -j16 -l16
[0.049s] Invoked command in '/workspace/rl_for_curobo/projects_root/ros/workspaces/moveit_cfgs_ws/build/robot_arm_urdf' returned '0': CMAKE_PREFIX_PATH=${CMAKE_PREFIX_PATH}:/workspace/ws_moveit2/install/moveit_configs_utils:/workspace/ws_moveit2/install/launch_param_builder:/opt/ros/humble /usr/local/bin/cmake --build /workspace/rl_for_curobo/projects_root/ros/workspaces/moveit_cfgs_ws/build/robot_arm_urdf -- -j16 -l16
[0.054s] Invoking command in '/workspace/rl_for_curobo/projects_root/ros/workspaces/moveit_cfgs_ws/build/robot_arm_urdf': CMAKE_PREFIX_PATH=${CMAKE_PREFIX_PATH}:/workspace/ws_moveit2/install/moveit_configs_utils:/workspace/ws_moveit2/install/launch_param_builder:/opt/ros/humble /usr/local/bin/cmake --install /workspace/rl_for_curobo/projects_root/ros/workspaces/moveit_cfgs_ws/build/robot_arm_urdf
[0.057s] -- Install configuration: ""
[0.058s] -- Up-to-date: /workspace/rl_for_curobo/projects_root/ros/workspaces/moveit_cfgs_ws/install/robot_arm_urdf/share/robot_arm_urdf/config
[0.058s] -- Up-to-date: /workspace/rl_for_curobo/projects_root/ros/workspaces/moveit_cfgs_ws/install/robot_arm_urdf/share/robot_arm_urdf/config/joint_names_robot_arm_urdf.yaml
[0.059s] -- Up-to-date: /workspace/rl_for_curobo/projects_root/ros/workspaces/moveit_cfgs_ws/install/robot_arm_urdf/share/robot_arm_urdf/config/joint_trajectory_controller.yaml
[0.059s] -- Up-to-date: /workspace/rl_for_curobo/projects_root/ros/workspaces/moveit_cfgs_ws/install/robot_arm_urdf/share/robot_arm_urdf/launch
[0.059s] -- Installing: /workspace/rl_for_curobo/projects_root/ros/workspaces/moveit_cfgs_ws/install/robot_arm_urdf/share/robot_arm_urdf/launch/arm_urdf.launch
[0.059s] -- Installing: /workspace/rl_for_curobo/projects_root/ros/workspaces/moveit_cfgs_ws/install/robot_arm_urdf/share/robot_arm_urdf/launch/display.launch
[0.059s] -- Installing: /workspace/rl_for_curobo/projects_root/ros/workspaces/moveit_cfgs_ws/install/robot_arm_urdf/share/robot_arm_urdf/launch/gazebo.launch
[0.059s] -- Up-to-date: /workspace/rl_for_curobo/projects_root/ros/workspaces/moveit_cfgs_ws/install/robot_arm_urdf/share/robot_arm_urdf/meshes
[0.060s] -- Up-to-date: /workspace/rl_for_curobo/projects_root/ros/workspaces/moveit_cfgs_ws/install/robot_arm_urdf/share/robot_arm_urdf/meshes/link_3.STL
[0.060s] -- Up-to-date: /workspace/rl_for_curobo/projects_root/ros/workspaces/moveit_cfgs_ws/install/robot_arm_urdf/share/robot_arm_urdf/meshes/link_7.STL
[0.060s] -- Up-to-date: /workspace/rl_for_curobo/projects_root/ros/workspaces/moveit_cfgs_ws/install/robot_arm_urdf/share/robot_arm_urdf/meshes/link_4.STL
[0.060s] -- Up-to-date: /workspace/rl_for_curobo/projects_root/ros/workspaces/moveit_cfgs_ws/install/robot_arm_urdf/share/robot_arm_urdf/meshes/base_link.STL
[0.060s] -- Up-to-date: /workspace/rl_for_curobo/projects_root/ros/workspaces/moveit_cfgs_ws/install/robot_arm_urdf/share/robot_arm_urdf/meshes/link_1.STL
[0.061s] -- Up-to-date: /workspace/rl_for_curobo/projects_root/ros/workspaces/moveit_cfgs_ws/install/robot_arm_urdf/share/robot_arm_urdf/meshes/link_2.STL
[0.061s] -- Up-to-date: /workspace/rl_for_curobo/projects_root/ros/workspaces/moveit_cfgs_ws/install/robot_arm_urdf/share/robot_arm_urdf/meshes/link_6.STL
[0.061s] -- Up-to-date: /workspace/rl_for_curobo/projects_root/ros/workspaces/moveit_cfgs_ws/install/robot_arm_urdf/share/robot_arm_urdf/meshes/link_5.STL
[0.062s] -- Up-to-date: /workspace/rl_for_curobo/projects_root/ros/workspaces/moveit_cfgs_ws/install/robot_arm_urdf/share/robot_arm_urdf/urdf
[0.062s] -- Up-to-date: /workspace/rl_for_curobo/projects_root/ros/workspaces/moveit_cfgs_ws/install/robot_arm_urdf/share/robot_arm_urdf/urdf/robot_arm_urdf.csv
[0.062s] -- Up-to-date: /workspace/rl_for_curobo/projects_root/ros/workspaces/moveit_cfgs_ws/install/robot_arm_urdf/share/robot_arm_urdf/urdf/robot_arm_urdf.urdf
[0.062s] Invoked command in '/workspace/rl_for_curobo/projects_root/ros/workspaces/moveit_cfgs_ws/build/robot_arm_urdf' returned '0': CMAKE_PREFIX_PATH=${CMAKE_PREFIX_PATH}:/workspace/ws_moveit2/install/moveit_configs_utils:/workspace/ws_moveit2/install/launch_param_builder:/opt/ros/humble /usr/local/bin/cmake --install /workspace/rl_for_curobo/projects_root/ros/workspaces/moveit_cfgs_ws/build/robot_arm_urdf
