[0.065s] DEBUG:colcon:Command line arguments: ['/usr/bin/colcon', 'build']
[0.065s] DEBUG:colcon:Parsed command line arguments: Namespace(log_base=None, log_level=None, verb_name='build', build_base='build', install_base='install', merge_install=False, symlink_install=False, test_result_base=None, continue_on_error=False, executor='parallel', parallel_workers=16, event_handlers=None, ignore_user_meta=False, metas=['./colcon.meta'], base_paths=['.'], packages_ignore=None, packages_ignore_regex=None, paths=None, packages_up_to=None, packages_up_to_regex=None, packages_above=None, packages_above_and_dependencies=None, packages_above_depth=None, packages_select_by_dep=None, packages_skip_by_dep=None, packages_skip_up_to=None, packages_select_build_failed=False, packages_skip_build_finished=False, packages_select_test_failures=False, packages_skip_test_passed=False, packages_select=None, packages_skip=None, packages_select_regex=None, packages_skip_regex=None, packages_start=None, packages_end=None, cmake_args=None, cmake_target=None, cmake_target_skip_unavailable=False, cmake_clean_cache=False, cmake_clean_first=False, cmake_force_configure=False, ament_cmake_args=None, catkin_cmake_args=None, catkin_skip_building_tests=False, mixin_files=None, mixin=None, verb_parser=<colcon_mixin.mixin.mixin_argument.MixinArgumentDecorator object at 0x74a576062050>, verb_extension=<colcon_core.verb.build.BuildVerb object at 0x74a576061ba0>, main=<bound method BuildVerb.main of <colcon_core.verb.build.BuildVerb object at 0x74a576061ba0>>, mixin_verb=('build',))
[0.149s] Level 1:colcon.colcon_core.package_discovery:discover_packages(colcon_meta) check parameters
[0.149s] Level 1:colcon.colcon_core.package_discovery:discover_packages(recursive) check parameters
[0.149s] Level 1:colcon.colcon_core.package_discovery:discover_packages(ignore) check parameters
[0.149s] Level 1:colcon.colcon_core.package_discovery:discover_packages(path) check parameters
[0.149s] Level 1:colcon.colcon_core.package_discovery:discover_packages(colcon_meta) discover
[0.149s] Level 1:colcon.colcon_core.package_discovery:discover_packages(recursive) discover
[0.149s] INFO:colcon.colcon_core.package_discovery:Crawling recursively for packages in '/workspace/rl_for_curobo/projects_root/ros/workspaces/moveit_cfgs_ws'
[0.150s] Level 1:colcon.colcon_core.package_identification:_identify(.) by extensions ['ignore', 'ignore_ament_install']
[0.150s] Level 1:colcon.colcon_core.package_identification:_identify(.) by extension 'ignore'
[0.150s] Level 1:colcon.colcon_core.package_identification:_identify(.) by extension 'ignore_ament_install'
[0.150s] Level 1:colcon.colcon_core.package_identification:_identify(.) by extensions ['colcon_pkg']
[0.150s] Level 1:colcon.colcon_core.package_identification:_identify(.) by extension 'colcon_pkg'
[0.150s] Level 1:colcon.colcon_core.package_identification:_identify(.) by extensions ['colcon_meta']
[0.150s] Level 1:colcon.colcon_core.package_identification:_identify(.) by extension 'colcon_meta'
[0.150s] Level 1:colcon.colcon_core.package_identification:_identify(.) by extensions ['ros']
[0.150s] Level 1:colcon.colcon_core.package_identification:_identify(.) by extension 'ros'
[0.156s] Level 1:colcon.colcon_core.package_identification:_identify(.) by extensions ['cmake', 'python']
[0.156s] Level 1:colcon.colcon_core.package_identification:_identify(.) by extension 'cmake'
[0.156s] Level 1:colcon.colcon_core.package_identification:_identify(.) by extension 'python'
[0.156s] Level 1:colcon.colcon_core.package_identification:_identify(.) by extensions ['python_setup_py']
[0.156s] Level 1:colcon.colcon_core.package_identification:_identify(.) by extension 'python_setup_py'
[0.156s] Level 1:colcon.colcon_core.package_identification:_identify(build) by extensions ['ignore', 'ignore_ament_install']
[0.156s] Level 1:colcon.colcon_core.package_identification:_identify(build) by extension 'ignore'
[0.156s] Level 1:colcon.colcon_core.package_identification:_identify(build) ignored
[0.156s] Level 1:colcon.colcon_core.package_identification:_identify(install) by extensions ['ignore', 'ignore_ament_install']
[0.156s] Level 1:colcon.colcon_core.package_identification:_identify(install) by extension 'ignore'
[0.156s] Level 1:colcon.colcon_core.package_identification:_identify(install) ignored
[0.156s] Level 1:colcon.colcon_core.package_identification:_identify(log) by extensions ['ignore', 'ignore_ament_install']
[0.156s] Level 1:colcon.colcon_core.package_identification:_identify(log) by extension 'ignore'
[0.156s] Level 1:colcon.colcon_core.package_identification:_identify(log) ignored
[0.156s] Level 1:colcon.colcon_core.package_identification:_identify(src) by extensions ['ignore', 'ignore_ament_install']
[0.156s] Level 1:colcon.colcon_core.package_identification:_identify(src) by extension 'ignore'
[0.156s] Level 1:colcon.colcon_core.package_identification:_identify(src) by extension 'ignore_ament_install'
[0.157s] Level 1:colcon.colcon_core.package_identification:_identify(src) by extensions ['colcon_pkg']
[0.157s] Level 1:colcon.colcon_core.package_identification:_identify(src) by extension 'colcon_pkg'
[0.157s] Level 1:colcon.colcon_core.package_identification:_identify(src) by extensions ['colcon_meta']
[0.157s] Level 1:colcon.colcon_core.package_identification:_identify(src) by extension 'colcon_meta'
[0.157s] Level 1:colcon.colcon_core.package_identification:_identify(src) by extensions ['ros']
[0.157s] Level 1:colcon.colcon_core.package_identification:_identify(src) by extension 'ros'
[0.157s] Level 1:colcon.colcon_core.package_identification:_identify(src) by extensions ['cmake', 'python']
[0.157s] Level 1:colcon.colcon_core.package_identification:_identify(src) by extension 'cmake'
[0.157s] Level 1:colcon.colcon_core.package_identification:_identify(src) by extension 'python'
[0.157s] Level 1:colcon.colcon_core.package_identification:_identify(src) by extensions ['python_setup_py']
[0.157s] Level 1:colcon.colcon_core.package_identification:_identify(src) by extension 'python_setup_py'
[0.157s] Level 1:colcon.colcon_core.package_identification:_identify(src/custom_robot_1) by extensions ['ignore', 'ignore_ament_install']
[0.157s] Level 1:colcon.colcon_core.package_identification:_identify(src/custom_robot_1) by extension 'ignore'
[0.157s] Level 1:colcon.colcon_core.package_identification:_identify(src/custom_robot_1) by extension 'ignore_ament_install'
[0.157s] Level 1:colcon.colcon_core.package_identification:_identify(src/custom_robot_1) by extensions ['colcon_pkg']
[0.157s] Level 1:colcon.colcon_core.package_identification:_identify(src/custom_robot_1) by extension 'colcon_pkg'
[0.157s] Level 1:colcon.colcon_core.package_identification:_identify(src/custom_robot_1) by extensions ['colcon_meta']
[0.157s] Level 1:colcon.colcon_core.package_identification:_identify(src/custom_robot_1) by extension 'colcon_meta'
[0.157s] Level 1:colcon.colcon_core.package_identification:_identify(src/custom_robot_1) by extensions ['ros']
[0.157s] Level 1:colcon.colcon_core.package_identification:_identify(src/custom_robot_1) by extension 'ros'
[0.157s] Level 1:colcon.colcon_core.package_identification:_identify(src/custom_robot_1) by extensions ['cmake', 'python']
[0.157s] Level 1:colcon.colcon_core.package_identification:_identify(src/custom_robot_1) by extension 'cmake'
[0.157s] Level 1:colcon.colcon_core.package_identification:_identify(src/custom_robot_1) by extension 'python'
[0.157s] Level 1:colcon.colcon_core.package_identification:_identify(src/custom_robot_1) by extensions ['python_setup_py']
[0.157s] Level 1:colcon.colcon_core.package_identification:_identify(src/custom_robot_1) by extension 'python_setup_py'
[0.157s] Level 1:colcon.colcon_core.package_identification:_identify(src/custom_robot_1/robot_description) by extensions ['ignore', 'ignore_ament_install']
[0.157s] Level 1:colcon.colcon_core.package_identification:_identify(src/custom_robot_1/robot_description) by extension 'ignore'
[0.157s] Level 1:colcon.colcon_core.package_identification:_identify(src/custom_robot_1/robot_description) by extension 'ignore_ament_install'
[0.157s] Level 1:colcon.colcon_core.package_identification:_identify(src/custom_robot_1/robot_description) by extensions ['colcon_pkg']
[0.157s] Level 1:colcon.colcon_core.package_identification:_identify(src/custom_robot_1/robot_description) by extension 'colcon_pkg'
[0.157s] Level 1:colcon.colcon_core.package_identification:_identify(src/custom_robot_1/robot_description) by extensions ['colcon_meta']
[0.157s] Level 1:colcon.colcon_core.package_identification:_identify(src/custom_robot_1/robot_description) by extension 'colcon_meta'
[0.157s] Level 1:colcon.colcon_core.package_identification:_identify(src/custom_robot_1/robot_description) by extensions ['ros']
[0.157s] Level 1:colcon.colcon_core.package_identification:_identify(src/custom_robot_1/robot_description) by extension 'ros'
[0.159s] DEBUG:colcon.colcon_core.package_identification:Package 'src/custom_robot_1/robot_description' with type 'ros.ament_cmake' and name 'robot_description'
[0.159s] Level 1:colcon.colcon_core.package_identification:_identify(src/custom_robot_2) by extensions ['ignore', 'ignore_ament_install']
[0.159s] Level 1:colcon.colcon_core.package_identification:_identify(src/custom_robot_2) by extension 'ignore'
[0.159s] Level 1:colcon.colcon_core.package_identification:_identify(src/custom_robot_2) by extension 'ignore_ament_install'
[0.159s] Level 1:colcon.colcon_core.package_identification:_identify(src/custom_robot_2) by extensions ['colcon_pkg']
[0.159s] Level 1:colcon.colcon_core.package_identification:_identify(src/custom_robot_2) by extension 'colcon_pkg'
[0.159s] Level 1:colcon.colcon_core.package_identification:_identify(src/custom_robot_2) by extensions ['colcon_meta']
[0.159s] Level 1:colcon.colcon_core.package_identification:_identify(src/custom_robot_2) by extension 'colcon_meta'
[0.159s] Level 1:colcon.colcon_core.package_identification:_identify(src/custom_robot_2) by extensions ['ros']
[0.159s] Level 1:colcon.colcon_core.package_identification:_identify(src/custom_robot_2) by extension 'ros'
[0.159s] Level 1:colcon.colcon_core.package_identification:_identify(src/custom_robot_2) by extensions ['cmake', 'python']
[0.159s] Level 1:colcon.colcon_core.package_identification:_identify(src/custom_robot_2) by extension 'cmake'
[0.159s] Level 1:colcon.colcon_core.package_identification:_identify(src/custom_robot_2) by extension 'python'
[0.159s] Level 1:colcon.colcon_core.package_identification:_identify(src/custom_robot_2) by extensions ['python_setup_py']
[0.159s] Level 1:colcon.colcon_core.package_identification:_identify(src/custom_robot_2) by extension 'python_setup_py'
[0.159s] Level 1:colcon.colcon_core.package_identification:_identify(src/custom_robot_2/my_robot_description) by extensions ['ignore', 'ignore_ament_install']
[0.159s] Level 1:colcon.colcon_core.package_identification:_identify(src/custom_robot_2/my_robot_description) by extension 'ignore'
[0.159s] Level 1:colcon.colcon_core.package_identification:_identify(src/custom_robot_2/my_robot_description) by extension 'ignore_ament_install'
[0.159s] Level 1:colcon.colcon_core.package_identification:_identify(src/custom_robot_2/my_robot_description) by extensions ['colcon_pkg']
[0.159s] Level 1:colcon.colcon_core.package_identification:_identify(src/custom_robot_2/my_robot_description) by extension 'colcon_pkg'
[0.159s] Level 1:colcon.colcon_core.package_identification:_identify(src/custom_robot_2/my_robot_description) by extensions ['colcon_meta']
[0.159s] Level 1:colcon.colcon_core.package_identification:_identify(src/custom_robot_2/my_robot_description) by extension 'colcon_meta'
[0.159s] Level 1:colcon.colcon_core.package_identification:_identify(src/custom_robot_2/my_robot_description) by extensions ['ros']
[0.159s] Level 1:colcon.colcon_core.package_identification:_identify(src/custom_robot_2/my_robot_description) by extension 'ros'
[0.159s] DEBUG:colcon.colcon_core.package_identification:Package 'src/custom_robot_2/my_robot_description' with type 'ros.ament_cmake' and name 'my_robot_description'
[0.160s] Level 1:colcon.colcon_core.package_identification:_identify(src/custom_robot_3) by extensions ['ignore', 'ignore_ament_install']
[0.160s] Level 1:colcon.colcon_core.package_identification:_identify(src/custom_robot_3) by extension 'ignore'
[0.160s] Level 1:colcon.colcon_core.package_identification:_identify(src/custom_robot_3) by extension 'ignore_ament_install'
[0.160s] Level 1:colcon.colcon_core.package_identification:_identify(src/custom_robot_3) by extensions ['colcon_pkg']
[0.160s] Level 1:colcon.colcon_core.package_identification:_identify(src/custom_robot_3) by extension 'colcon_pkg'
[0.160s] Level 1:colcon.colcon_core.package_identification:_identify(src/custom_robot_3) by extensions ['colcon_meta']
[0.160s] Level 1:colcon.colcon_core.package_identification:_identify(src/custom_robot_3) by extension 'colcon_meta'
[0.160s] Level 1:colcon.colcon_core.package_identification:_identify(src/custom_robot_3) by extensions ['ros']
[0.160s] Level 1:colcon.colcon_core.package_identification:_identify(src/custom_robot_3) by extension 'ros'
[0.160s] Level 1:colcon.colcon_core.package_identification:_identify(src/custom_robot_3) by extensions ['cmake', 'python']
[0.160s] Level 1:colcon.colcon_core.package_identification:_identify(src/custom_robot_3) by extension 'cmake'
[0.160s] Level 1:colcon.colcon_core.package_identification:_identify(src/custom_robot_3) by extension 'python'
[0.160s] Level 1:colcon.colcon_core.package_identification:_identify(src/custom_robot_3) by extensions ['python_setup_py']
[0.160s] Level 1:colcon.colcon_core.package_identification:_identify(src/custom_robot_3) by extension 'python_setup_py'
[0.160s] Level 1:colcon.colcon_core.package_identification:_identify(src/custom_robot_3/import_your_custom_urdf_package_to_ROS-main-main) by extensions ['ignore', 'ignore_ament_install']
[0.160s] Level 1:colcon.colcon_core.package_identification:_identify(src/custom_robot_3/import_your_custom_urdf_package_to_ROS-main-main) by extension 'ignore'
[0.160s] Level 1:colcon.colcon_core.package_identification:_identify(src/custom_robot_3/import_your_custom_urdf_package_to_ROS-main-main) by extension 'ignore_ament_install'
[0.160s] Level 1:colcon.colcon_core.package_identification:_identify(src/custom_robot_3/import_your_custom_urdf_package_to_ROS-main-main) by extensions ['colcon_pkg']
[0.160s] Level 1:colcon.colcon_core.package_identification:_identify(src/custom_robot_3/import_your_custom_urdf_package_to_ROS-main-main) by extension 'colcon_pkg'
[0.160s] Level 1:colcon.colcon_core.package_identification:_identify(src/custom_robot_3/import_your_custom_urdf_package_to_ROS-main-main) by extensions ['colcon_meta']
[0.160s] Level 1:colcon.colcon_core.package_identification:_identify(src/custom_robot_3/import_your_custom_urdf_package_to_ROS-main-main) by extension 'colcon_meta'
[0.160s] Level 1:colcon.colcon_core.package_identification:_identify(src/custom_robot_3/import_your_custom_urdf_package_to_ROS-main-main) by extensions ['ros']
[0.160s] Level 1:colcon.colcon_core.package_identification:_identify(src/custom_robot_3/import_your_custom_urdf_package_to_ROS-main-main) by extension 'ros'
[0.160s] Level 1:colcon.colcon_core.package_identification:_identify(src/custom_robot_3/import_your_custom_urdf_package_to_ROS-main-main) by extensions ['cmake', 'python']
[0.160s] Level 1:colcon.colcon_core.package_identification:_identify(src/custom_robot_3/import_your_custom_urdf_package_to_ROS-main-main) by extension 'cmake'
[0.160s] Level 1:colcon.colcon_core.package_identification:_identify(src/custom_robot_3/import_your_custom_urdf_package_to_ROS-main-main) by extension 'python'
[0.160s] Level 1:colcon.colcon_core.package_identification:_identify(src/custom_robot_3/import_your_custom_urdf_package_to_ROS-main-main) by extensions ['python_setup_py']
[0.160s] Level 1:colcon.colcon_core.package_identification:_identify(src/custom_robot_3/import_your_custom_urdf_package_to_ROS-main-main) by extension 'python_setup_py'
[0.160s] Level 1:colcon.colcon_core.package_identification:_identify(src/custom_robot_3/import_your_custom_urdf_package_to_ROS-main-main/movit_robot_arm_sim) by extensions ['ignore', 'ignore_ament_install']
[0.160s] Level 1:colcon.colcon_core.package_identification:_identify(src/custom_robot_3/import_your_custom_urdf_package_to_ROS-main-main/movit_robot_arm_sim) by extension 'ignore'
[0.160s] Level 1:colcon.colcon_core.package_identification:_identify(src/custom_robot_3/import_your_custom_urdf_package_to_ROS-main-main/movit_robot_arm_sim) by extension 'ignore_ament_install'
[0.160s] Level 1:colcon.colcon_core.package_identification:_identify(src/custom_robot_3/import_your_custom_urdf_package_to_ROS-main-main/movit_robot_arm_sim) by extensions ['colcon_pkg']
[0.160s] Level 1:colcon.colcon_core.package_identification:_identify(src/custom_robot_3/import_your_custom_urdf_package_to_ROS-main-main/movit_robot_arm_sim) by extension 'colcon_pkg'
[0.160s] Level 1:colcon.colcon_core.package_identification:_identify(src/custom_robot_3/import_your_custom_urdf_package_to_ROS-main-main/movit_robot_arm_sim) by extensions ['colcon_meta']
[0.160s] Level 1:colcon.colcon_core.package_identification:_identify(src/custom_robot_3/import_your_custom_urdf_package_to_ROS-main-main/movit_robot_arm_sim) by extension 'colcon_meta'
[0.160s] Level 1:colcon.colcon_core.package_identification:_identify(src/custom_robot_3/import_your_custom_urdf_package_to_ROS-main-main/movit_robot_arm_sim) by extensions ['ros']
[0.160s] Level 1:colcon.colcon_core.package_identification:_identify(src/custom_robot_3/import_your_custom_urdf_package_to_ROS-main-main/movit_robot_arm_sim) by extension 'ros'
[0.161s] DEBUG:colcon.colcon_core.package_identification:Package 'src/custom_robot_3/import_your_custom_urdf_package_to_ROS-main-main/movit_robot_arm_sim' with type 'ros.catkin' and name 'movit_robot_arm_sim'
[0.161s] Level 1:colcon.colcon_core.package_identification:_identify(src/custom_robot_3/import_your_custom_urdf_package_to_ROS-main-main/robot_arm_urdf) by extensions ['ignore', 'ignore_ament_install']
[0.161s] Level 1:colcon.colcon_core.package_identification:_identify(src/custom_robot_3/import_your_custom_urdf_package_to_ROS-main-main/robot_arm_urdf) by extension 'ignore'
[0.161s] Level 1:colcon.colcon_core.package_identification:_identify(src/custom_robot_3/import_your_custom_urdf_package_to_ROS-main-main/robot_arm_urdf) by extension 'ignore_ament_install'
[0.161s] Level 1:colcon.colcon_core.package_identification:_identify(src/custom_robot_3/import_your_custom_urdf_package_to_ROS-main-main/robot_arm_urdf) by extensions ['colcon_pkg']
[0.161s] Level 1:colcon.colcon_core.package_identification:_identify(src/custom_robot_3/import_your_custom_urdf_package_to_ROS-main-main/robot_arm_urdf) by extension 'colcon_pkg'
[0.161s] Level 1:colcon.colcon_core.package_identification:_identify(src/custom_robot_3/import_your_custom_urdf_package_to_ROS-main-main/robot_arm_urdf) by extensions ['colcon_meta']
[0.161s] Level 1:colcon.colcon_core.package_identification:_identify(src/custom_robot_3/import_your_custom_urdf_package_to_ROS-main-main/robot_arm_urdf) by extension 'colcon_meta'
[0.161s] Level 1:colcon.colcon_core.package_identification:_identify(src/custom_robot_3/import_your_custom_urdf_package_to_ROS-main-main/robot_arm_urdf) by extensions ['ros']
[0.161s] Level 1:colcon.colcon_core.package_identification:_identify(src/custom_robot_3/import_your_custom_urdf_package_to_ROS-main-main/robot_arm_urdf) by extension 'ros'
[0.162s] DEBUG:colcon.colcon_core.package_identification:Package 'src/custom_robot_3/import_your_custom_urdf_package_to_ROS-main-main/robot_arm_urdf' with type 'ros.catkin' and name 'robot_arm_urdf'
[0.162s] Level 1:colcon.colcon_core.package_discovery:discover_packages(recursive) using defaults
[0.162s] Level 1:colcon.colcon_core.package_discovery:discover_packages(ignore) discover
[0.162s] Level 1:colcon.colcon_core.package_discovery:discover_packages(ignore) using defaults
[0.162s] Level 1:colcon.colcon_core.package_discovery:discover_packages(path) discover
[0.162s] Level 1:colcon.colcon_core.package_discovery:discover_packages(path) using defaults
[0.179s] Level 5:colcon.colcon_core.verb:set package 'my_robot_description' build argument 'cmake_args' from command line to 'None'
[0.179s] Level 5:colcon.colcon_core.verb:set package 'my_robot_description' build argument 'cmake_target' from command line to 'None'
[0.179s] Level 5:colcon.colcon_core.verb:set package 'my_robot_description' build argument 'cmake_target_skip_unavailable' from command line to 'False'
[0.180s] Level 5:colcon.colcon_core.verb:set package 'my_robot_description' build argument 'cmake_clean_cache' from command line to 'False'
[0.180s] Level 5:colcon.colcon_core.verb:set package 'my_robot_description' build argument 'cmake_clean_first' from command line to 'False'
[0.180s] Level 5:colcon.colcon_core.verb:set package 'my_robot_description' build argument 'cmake_force_configure' from command line to 'False'
[0.180s] Level 5:colcon.colcon_core.verb:set package 'my_robot_description' build argument 'ament_cmake_args' from command line to 'None'
[0.180s] Level 5:colcon.colcon_core.verb:set package 'my_robot_description' build argument 'catkin_cmake_args' from command line to 'None'
[0.180s] Level 5:colcon.colcon_core.verb:set package 'my_robot_description' build argument 'catkin_skip_building_tests' from command line to 'False'
[0.180s] DEBUG:colcon.colcon_core.verb:Building package 'my_robot_description' with the following arguments: {'ament_cmake_args': None, 'build_base': '/workspace/rl_for_curobo/projects_root/ros/workspaces/moveit_cfgs_ws/build/my_robot_description', 'catkin_cmake_args': None, 'catkin_skip_building_tests': False, 'cmake_args': None, 'cmake_clean_cache': False, 'cmake_clean_first': False, 'cmake_force_configure': False, 'cmake_target': None, 'cmake_target_skip_unavailable': False, 'install_base': '/workspace/rl_for_curobo/projects_root/ros/workspaces/moveit_cfgs_ws/install/my_robot_description', 'merge_install': False, 'path': '/workspace/rl_for_curobo/projects_root/ros/workspaces/moveit_cfgs_ws/src/custom_robot_2/my_robot_description', 'symlink_install': False, 'test_result_base': None}
[0.180s] Level 5:colcon.colcon_core.verb:set package 'robot_arm_urdf' build argument 'cmake_args' from command line to 'None'
[0.180s] Level 5:colcon.colcon_core.verb:set package 'robot_arm_urdf' build argument 'cmake_target' from command line to 'None'
[0.180s] Level 5:colcon.colcon_core.verb:set package 'robot_arm_urdf' build argument 'cmake_target_skip_unavailable' from command line to 'False'
[0.180s] Level 5:colcon.colcon_core.verb:set package 'robot_arm_urdf' build argument 'cmake_clean_cache' from command line to 'False'
[0.180s] Level 5:colcon.colcon_core.verb:set package 'robot_arm_urdf' build argument 'cmake_clean_first' from command line to 'False'
[0.180s] Level 5:colcon.colcon_core.verb:set package 'robot_arm_urdf' build argument 'cmake_force_configure' from command line to 'False'
[0.180s] Level 5:colcon.colcon_core.verb:set package 'robot_arm_urdf' build argument 'ament_cmake_args' from command line to 'None'
[0.180s] Level 5:colcon.colcon_core.verb:set package 'robot_arm_urdf' build argument 'catkin_cmake_args' from command line to 'None'
[0.180s] Level 5:colcon.colcon_core.verb:set package 'robot_arm_urdf' build argument 'catkin_skip_building_tests' from command line to 'False'
[0.180s] DEBUG:colcon.colcon_core.verb:Building package 'robot_arm_urdf' with the following arguments: {'ament_cmake_args': None, 'build_base': '/workspace/rl_for_curobo/projects_root/ros/workspaces/moveit_cfgs_ws/build/robot_arm_urdf', 'catkin_cmake_args': None, 'catkin_skip_building_tests': False, 'cmake_args': None, 'cmake_clean_cache': False, 'cmake_clean_first': False, 'cmake_force_configure': False, 'cmake_target': None, 'cmake_target_skip_unavailable': False, 'install_base': '/workspace/rl_for_curobo/projects_root/ros/workspaces/moveit_cfgs_ws/install/robot_arm_urdf', 'merge_install': False, 'path': '/workspace/rl_for_curobo/projects_root/ros/workspaces/moveit_cfgs_ws/src/custom_robot_3/import_your_custom_urdf_package_to_ROS-main-main/robot_arm_urdf', 'symlink_install': False, 'test_result_base': None}
[0.180s] Level 5:colcon.colcon_core.verb:set package 'robot_description' build argument 'cmake_args' from command line to 'None'
[0.180s] Level 5:colcon.colcon_core.verb:set package 'robot_description' build argument 'cmake_target' from command line to 'None'
[0.180s] Level 5:colcon.colcon_core.verb:set package 'robot_description' build argument 'cmake_target_skip_unavailable' from command line to 'False'
[0.180s] Level 5:colcon.colcon_core.verb:set package 'robot_description' build argument 'cmake_clean_cache' from command line to 'False'
[0.180s] Level 5:colcon.colcon_core.verb:set package 'robot_description' build argument 'cmake_clean_first' from command line to 'False'
[0.180s] Level 5:colcon.colcon_core.verb:set package 'robot_description' build argument 'cmake_force_configure' from command line to 'False'
[0.180s] Level 5:colcon.colcon_core.verb:set package 'robot_description' build argument 'ament_cmake_args' from command line to 'None'
[0.180s] Level 5:colcon.colcon_core.verb:set package 'robot_description' build argument 'catkin_cmake_args' from command line to 'None'
[0.180s] Level 5:colcon.colcon_core.verb:set package 'robot_description' build argument 'catkin_skip_building_tests' from command line to 'False'
[0.180s] DEBUG:colcon.colcon_core.verb:Building package 'robot_description' with the following arguments: {'ament_cmake_args': None, 'build_base': '/workspace/rl_for_curobo/projects_root/ros/workspaces/moveit_cfgs_ws/build/robot_description', 'catkin_cmake_args': None, 'catkin_skip_building_tests': False, 'cmake_args': None, 'cmake_clean_cache': False, 'cmake_clean_first': False, 'cmake_force_configure': False, 'cmake_target': None, 'cmake_target_skip_unavailable': False, 'install_base': '/workspace/rl_for_curobo/projects_root/ros/workspaces/moveit_cfgs_ws/install/robot_description', 'merge_install': False, 'path': '/workspace/rl_for_curobo/projects_root/ros/workspaces/moveit_cfgs_ws/src/custom_robot_1/robot_description', 'symlink_install': False, 'test_result_base': None}
[0.180s] Level 5:colcon.colcon_core.verb:set package 'movit_robot_arm_sim' build argument 'cmake_args' from command line to 'None'
[0.180s] Level 5:colcon.colcon_core.verb:set package 'movit_robot_arm_sim' build argument 'cmake_target' from command line to 'None'
[0.180s] Level 5:colcon.colcon_core.verb:set package 'movit_robot_arm_sim' build argument 'cmake_target_skip_unavailable' from command line to 'False'
[0.180s] Level 5:colcon.colcon_core.verb:set package 'movit_robot_arm_sim' build argument 'cmake_clean_cache' from command line to 'False'
[0.180s] Level 5:colcon.colcon_core.verb:set package 'movit_robot_arm_sim' build argument 'cmake_clean_first' from command line to 'False'
[0.180s] Level 5:colcon.colcon_core.verb:set package 'movit_robot_arm_sim' build argument 'cmake_force_configure' from command line to 'False'
[0.180s] Level 5:colcon.colcon_core.verb:set package 'movit_robot_arm_sim' build argument 'ament_cmake_args' from command line to 'None'
[0.180s] Level 5:colcon.colcon_core.verb:set package 'movit_robot_arm_sim' build argument 'catkin_cmake_args' from command line to 'None'
[0.180s] Level 5:colcon.colcon_core.verb:set package 'movit_robot_arm_sim' build argument 'catkin_skip_building_tests' from command line to 'False'
[0.180s] DEBUG:colcon.colcon_core.verb:Building package 'movit_robot_arm_sim' with the following arguments: {'ament_cmake_args': None, 'build_base': '/workspace/rl_for_curobo/projects_root/ros/workspaces/moveit_cfgs_ws/build/movit_robot_arm_sim', 'catkin_cmake_args': None, 'catkin_skip_building_tests': False, 'cmake_args': None, 'cmake_clean_cache': False, 'cmake_clean_first': False, 'cmake_force_configure': False, 'cmake_target': None, 'cmake_target_skip_unavailable': False, 'install_base': '/workspace/rl_for_curobo/projects_root/ros/workspaces/moveit_cfgs_ws/install/movit_robot_arm_sim', 'merge_install': False, 'path': '/workspace/rl_for_curobo/projects_root/ros/workspaces/moveit_cfgs_ws/src/custom_robot_3/import_your_custom_urdf_package_to_ROS-main-main/movit_robot_arm_sim', 'symlink_install': False, 'test_result_base': None}
[0.181s] INFO:colcon.colcon_core.executor:Executing jobs using 'parallel' executor
[0.181s] DEBUG:colcon.colcon_parallel_executor.executor.parallel:run_until_complete
[0.182s] INFO:colcon.colcon_ros.task.catkin.build:Building ROS package in '/workspace/rl_for_curobo/projects_root/ros/workspaces/moveit_cfgs_ws/src/custom_robot_3/import_your_custom_urdf_package_to_ROS-main-main/robot_arm_urdf' with build type 'catkin'
[0.182s] INFO:colcon.colcon_cmake.task.cmake.build:Building CMake package in '/workspace/rl_for_curobo/projects_root/ros/workspaces/moveit_cfgs_ws/src/custom_robot_3/import_your_custom_urdf_package_to_ROS-main-main/robot_arm_urdf'
[0.183s] INFO:colcon.colcon_core.plugin_system:Skipping extension 'colcon_core.shell.bat': Not used on non-Windows systems
[0.183s] INFO:colcon.colcon_core.shell:Skip shell extension 'powershell' for command environment: Not usable outside of PowerShell
[0.183s] DEBUG:colcon.colcon_core.shell:Skip shell extension 'dsv' for command environment
[0.188s] INFO:colcon.colcon_ros.task.ament_cmake.build:Building ROS package in '/workspace/rl_for_curobo/projects_root/ros/workspaces/moveit_cfgs_ws/src/custom_robot_2/my_robot_description' with build type 'ament_cmake'
[0.188s] INFO:colcon.colcon_cmake.task.cmake.build:Building CMake package in '/workspace/rl_for_curobo/projects_root/ros/workspaces/moveit_cfgs_ws/src/custom_robot_2/my_robot_description'
[0.188s] INFO:colcon.colcon_core.shell:Skip shell extension 'powershell' for command environment: Not usable outside of PowerShell
[0.188s] DEBUG:colcon.colcon_core.shell:Skip shell extension 'dsv' for command environment
[0.193s] INFO:colcon.colcon_ros.task.ament_cmake.build:Building ROS package in '/workspace/rl_for_curobo/projects_root/ros/workspaces/moveit_cfgs_ws/src/custom_robot_1/robot_description' with build type 'ament_cmake'
[0.193s] INFO:colcon.colcon_cmake.task.cmake.build:Building CMake package in '/workspace/rl_for_curobo/projects_root/ros/workspaces/moveit_cfgs_ws/src/custom_robot_1/robot_description'
[0.193s] INFO:colcon.colcon_core.shell:Skip shell extension 'powershell' for command environment: Not usable outside of PowerShell
[0.193s] DEBUG:colcon.colcon_core.shell:Skip shell extension 'dsv' for command environment
[0.202s] DEBUG:colcon.colcon_core.event_handler.log_command:Invoking command in '/workspace/rl_for_curobo/projects_root/ros/workspaces/moveit_cfgs_ws/build/robot_arm_urdf': /usr/local/bin/cmake /workspace/rl_for_curobo/projects_root/ros/workspaces/moveit_cfgs_ws/src/custom_robot_3/import_your_custom_urdf_package_to_ROS-main-main/robot_arm_urdf -DCATKIN_INSTALL_INTO_PREFIX_ROOT=0 -DCMAKE_INSTALL_PREFIX=/workspace/rl_for_curobo/projects_root/ros/workspaces/moveit_cfgs_ws/install/robot_arm_urdf
[0.205s] DEBUG:colcon.colcon_core.event_handler.log_command:Invoking command in '/workspace/rl_for_curobo/projects_root/ros/workspaces/moveit_cfgs_ws/build/my_robot_description': CMAKE_PREFIX_PATH=${CMAKE_PREFIX_PATH}:/workspace/ws_moveit2/install/moveit_configs_utils:/workspace/ws_moveit2/install/launch_param_builder:/opt/ros/humble /usr/local/bin/cmake --build /workspace/rl_for_curobo/projects_root/ros/workspaces/moveit_cfgs_ws/build/my_robot_description -- -j16 -l16
[0.211s] DEBUG:colcon.colcon_core.event_handler.log_command:Invoking command in '/workspace/rl_for_curobo/projects_root/ros/workspaces/moveit_cfgs_ws/build/robot_description': CMAKE_PREFIX_PATH=${CMAKE_PREFIX_PATH}:/workspace/ws_moveit2/install/moveit_configs_utils:/workspace/ws_moveit2/install/launch_param_builder:/opt/ros/humble /usr/local/bin/cmake --build /workspace/rl_for_curobo/projects_root/ros/workspaces/moveit_cfgs_ws/build/robot_description -- -j16 -l16
[0.225s] DEBUG:colcon.colcon_core.event_handler.log_command:Invoked command in '/workspace/rl_for_curobo/projects_root/ros/workspaces/moveit_cfgs_ws/build/my_robot_description' returned '0': CMAKE_PREFIX_PATH=${CMAKE_PREFIX_PATH}:/workspace/ws_moveit2/install/moveit_configs_utils:/workspace/ws_moveit2/install/launch_param_builder:/opt/ros/humble /usr/local/bin/cmake --build /workspace/rl_for_curobo/projects_root/ros/workspaces/moveit_cfgs_ws/build/my_robot_description -- -j16 -l16
[0.228s] DEBUG:colcon.colcon_core.event_handler.log_command:Invoking command in '/workspace/rl_for_curobo/projects_root/ros/workspaces/moveit_cfgs_ws/build/my_robot_description': CMAKE_PREFIX_PATH=${CMAKE_PREFIX_PATH}:/workspace/ws_moveit2/install/moveit_configs_utils:/workspace/ws_moveit2/install/launch_param_builder:/opt/ros/humble /usr/local/bin/cmake --install /workspace/rl_for_curobo/projects_root/ros/workspaces/moveit_cfgs_ws/build/my_robot_description
[0.232s] Level 1:colcon.colcon_core.environment:create_environment_scripts_only(my_robot_description)
[0.233s] DEBUG:colcon.colcon_core.event_handler.log_command:Invoked command in '/workspace/rl_for_curobo/projects_root/ros/workspaces/moveit_cfgs_ws/build/my_robot_description' returned '0': CMAKE_PREFIX_PATH=${CMAKE_PREFIX_PATH}:/workspace/ws_moveit2/install/moveit_configs_utils:/workspace/ws_moveit2/install/launch_param_builder:/opt/ros/humble /usr/local/bin/cmake --install /workspace/rl_for_curobo/projects_root/ros/workspaces/moveit_cfgs_ws/build/my_robot_description
[0.236s] Level 1:colcon.colcon_core.environment:checking '/workspace/rl_for_curobo/projects_root/ros/workspaces/moveit_cfgs_ws/install/my_robot_description' for CMake module files
[0.236s] Level 1:colcon.colcon_core.environment:checking '/workspace/rl_for_curobo/projects_root/ros/workspaces/moveit_cfgs_ws/install/my_robot_description' for CMake config files
[0.236s] Level 1:colcon.colcon_core.shell:create_environment_hook('my_robot_description', 'cmake_prefix_path')
[0.237s] INFO:colcon.colcon_core.shell:Creating environment hook '/workspace/rl_for_curobo/projects_root/ros/workspaces/moveit_cfgs_ws/install/my_robot_description/share/my_robot_description/hook/cmake_prefix_path.ps1'
[0.237s] INFO:colcon.colcon_core.shell:Creating environment descriptor '/workspace/rl_for_curobo/projects_root/ros/workspaces/moveit_cfgs_ws/install/my_robot_description/share/my_robot_description/hook/cmake_prefix_path.dsv'
[0.238s] INFO:colcon.colcon_core.shell:Creating environment hook '/workspace/rl_for_curobo/projects_root/ros/workspaces/moveit_cfgs_ws/install/my_robot_description/share/my_robot_description/hook/cmake_prefix_path.sh'
[0.238s] Level 1:colcon.colcon_core.environment:checking '/workspace/rl_for_curobo/projects_root/ros/workspaces/moveit_cfgs_ws/install/my_robot_description/bin'
[0.238s] Level 1:colcon.colcon_core.environment:checking '/workspace/rl_for_curobo/projects_root/ros/workspaces/moveit_cfgs_ws/install/my_robot_description/lib/pkgconfig/my_robot_description.pc'
[0.239s] Level 1:colcon.colcon_core.environment:checking '/workspace/rl_for_curobo/projects_root/ros/workspaces/moveit_cfgs_ws/install/my_robot_description/lib/python3.10/site-packages'
[0.239s] Level 1:colcon.colcon_core.environment:checking '/workspace/rl_for_curobo/projects_root/ros/workspaces/moveit_cfgs_ws/install/my_robot_description/bin'
[0.239s] INFO:colcon.colcon_core.shell:Creating package script '/workspace/rl_for_curobo/projects_root/ros/workspaces/moveit_cfgs_ws/install/my_robot_description/share/my_robot_description/package.ps1'
[0.239s] INFO:colcon.colcon_core.shell:Creating package descriptor '/workspace/rl_for_curobo/projects_root/ros/workspaces/moveit_cfgs_ws/install/my_robot_description/share/my_robot_description/package.dsv'
[0.240s] INFO:colcon.colcon_core.shell:Creating package script '/workspace/rl_for_curobo/projects_root/ros/workspaces/moveit_cfgs_ws/install/my_robot_description/share/my_robot_description/package.sh'
[0.240s] INFO:colcon.colcon_core.shell:Creating package script '/workspace/rl_for_curobo/projects_root/ros/workspaces/moveit_cfgs_ws/install/my_robot_description/share/my_robot_description/package.bash'
[0.241s] INFO:colcon.colcon_core.shell:Creating package script '/workspace/rl_for_curobo/projects_root/ros/workspaces/moveit_cfgs_ws/install/my_robot_description/share/my_robot_description/package.zsh'
[0.241s] Level 1:colcon.colcon_core.environment:create_file_with_runtime_dependencies(/workspace/rl_for_curobo/projects_root/ros/workspaces/moveit_cfgs_ws/install/my_robot_description/share/colcon-core/packages/my_robot_description)
[0.241s] Level 1:colcon.colcon_core.environment:create_environment_scripts_only(my_robot_description)
[0.241s] Level 1:colcon.colcon_core.environment:checking '/workspace/rl_for_curobo/projects_root/ros/workspaces/moveit_cfgs_ws/install/my_robot_description' for CMake module files
[0.242s] Level 1:colcon.colcon_core.environment:checking '/workspace/rl_for_curobo/projects_root/ros/workspaces/moveit_cfgs_ws/install/my_robot_description' for CMake config files
[0.242s] Level 1:colcon.colcon_core.shell:create_environment_hook('my_robot_description', 'cmake_prefix_path')
[0.242s] INFO:colcon.colcon_core.shell:Creating environment hook '/workspace/rl_for_curobo/projects_root/ros/workspaces/moveit_cfgs_ws/install/my_robot_description/share/my_robot_description/hook/cmake_prefix_path.ps1'
[0.242s] INFO:colcon.colcon_core.shell:Creating environment descriptor '/workspace/rl_for_curobo/projects_root/ros/workspaces/moveit_cfgs_ws/install/my_robot_description/share/my_robot_description/hook/cmake_prefix_path.dsv'
[0.242s] INFO:colcon.colcon_core.shell:Creating environment hook '/workspace/rl_for_curobo/projects_root/ros/workspaces/moveit_cfgs_ws/install/my_robot_description/share/my_robot_description/hook/cmake_prefix_path.sh'
[0.242s] Level 1:colcon.colcon_core.environment:checking '/workspace/rl_for_curobo/projects_root/ros/workspaces/moveit_cfgs_ws/install/my_robot_description/bin'
[0.243s] Level 1:colcon.colcon_core.environment:checking '/workspace/rl_for_curobo/projects_root/ros/workspaces/moveit_cfgs_ws/install/my_robot_description/lib/pkgconfig/my_robot_description.pc'
[0.243s] Level 1:colcon.colcon_core.environment:checking '/workspace/rl_for_curobo/projects_root/ros/workspaces/moveit_cfgs_ws/install/my_robot_description/lib/python3.10/site-packages'
[0.243s] Level 1:colcon.colcon_core.environment:checking '/workspace/rl_for_curobo/projects_root/ros/workspaces/moveit_cfgs_ws/install/my_robot_description/bin'
[0.243s] INFO:colcon.colcon_core.shell:Creating package script '/workspace/rl_for_curobo/projects_root/ros/workspaces/moveit_cfgs_ws/install/my_robot_description/share/my_robot_description/package.ps1'
[0.243s] INFO:colcon.colcon_core.shell:Creating package descriptor '/workspace/rl_for_curobo/projects_root/ros/workspaces/moveit_cfgs_ws/install/my_robot_description/share/my_robot_description/package.dsv'
[0.244s] INFO:colcon.colcon_core.shell:Creating package script '/workspace/rl_for_curobo/projects_root/ros/workspaces/moveit_cfgs_ws/install/my_robot_description/share/my_robot_description/package.sh'
[0.244s] INFO:colcon.colcon_core.shell:Creating package script '/workspace/rl_for_curobo/projects_root/ros/workspaces/moveit_cfgs_ws/install/my_robot_description/share/my_robot_description/package.bash'
[0.244s] INFO:colcon.colcon_core.shell:Creating package script '/workspace/rl_for_curobo/projects_root/ros/workspaces/moveit_cfgs_ws/install/my_robot_description/share/my_robot_description/package.zsh'
[0.244s] Level 1:colcon.colcon_core.environment:create_file_with_runtime_dependencies(/workspace/rl_for_curobo/projects_root/ros/workspaces/moveit_cfgs_ws/install/my_robot_description/share/colcon-core/packages/my_robot_description)
[0.246s] DEBUG:colcon.colcon_core.event_handler.log_command:Invoked command in '/workspace/rl_for_curobo/projects_root/ros/workspaces/moveit_cfgs_ws/build/robot_description' returned '0': CMAKE_PREFIX_PATH=${CMAKE_PREFIX_PATH}:/workspace/ws_moveit2/install/moveit_configs_utils:/workspace/ws_moveit2/install/launch_param_builder:/opt/ros/humble /usr/local/bin/cmake --build /workspace/rl_for_curobo/projects_root/ros/workspaces/moveit_cfgs_ws/build/robot_description -- -j16 -l16
[0.246s] DEBUG:colcon.colcon_core.event_handler.log_command:Invoking command in '/workspace/rl_for_curobo/projects_root/ros/workspaces/moveit_cfgs_ws/build/robot_description': CMAKE_PREFIX_PATH=${CMAKE_PREFIX_PATH}:/workspace/ws_moveit2/install/moveit_configs_utils:/workspace/ws_moveit2/install/launch_param_builder:/opt/ros/humble /usr/local/bin/cmake --install /workspace/rl_for_curobo/projects_root/ros/workspaces/moveit_cfgs_ws/build/robot_description
[0.254s] Level 1:colcon.colcon_core.environment:create_environment_scripts_only(robot_description)
[0.255s] Level 1:colcon.colcon_core.environment:checking '/workspace/rl_for_curobo/projects_root/ros/workspaces/moveit_cfgs_ws/install/robot_description' for CMake module files
[0.255s] DEBUG:colcon.colcon_core.event_handler.log_command:Invoked command in '/workspace/rl_for_curobo/projects_root/ros/workspaces/moveit_cfgs_ws/build/robot_description' returned '0': CMAKE_PREFIX_PATH=${CMAKE_PREFIX_PATH}:/workspace/ws_moveit2/install/moveit_configs_utils:/workspace/ws_moveit2/install/launch_param_builder:/opt/ros/humble /usr/local/bin/cmake --install /workspace/rl_for_curobo/projects_root/ros/workspaces/moveit_cfgs_ws/build/robot_description
[0.255s] Level 1:colcon.colcon_core.environment:checking '/workspace/rl_for_curobo/projects_root/ros/workspaces/moveit_cfgs_ws/install/robot_description' for CMake config files
[0.255s] Level 1:colcon.colcon_core.shell:create_environment_hook('robot_description', 'cmake_prefix_path')
[0.256s] INFO:colcon.colcon_core.shell:Creating environment hook '/workspace/rl_for_curobo/projects_root/ros/workspaces/moveit_cfgs_ws/install/robot_description/share/robot_description/hook/cmake_prefix_path.ps1'
[0.256s] INFO:colcon.colcon_core.shell:Creating environment descriptor '/workspace/rl_for_curobo/projects_root/ros/workspaces/moveit_cfgs_ws/install/robot_description/share/robot_description/hook/cmake_prefix_path.dsv'
[0.256s] INFO:colcon.colcon_core.shell:Creating environment hook '/workspace/rl_for_curobo/projects_root/ros/workspaces/moveit_cfgs_ws/install/robot_description/share/robot_description/hook/cmake_prefix_path.sh'
[0.257s] Level 1:colcon.colcon_core.environment:checking '/workspace/rl_for_curobo/projects_root/ros/workspaces/moveit_cfgs_ws/install/robot_description/bin'
[0.257s] Level 1:colcon.colcon_core.environment:checking '/workspace/rl_for_curobo/projects_root/ros/workspaces/moveit_cfgs_ws/install/robot_description/lib/pkgconfig/robot_description.pc'
[0.257s] Level 1:colcon.colcon_core.environment:checking '/workspace/rl_for_curobo/projects_root/ros/workspaces/moveit_cfgs_ws/install/robot_description/lib/python3.10/site-packages'
[0.257s] Level 1:colcon.colcon_core.environment:checking '/workspace/rl_for_curobo/projects_root/ros/workspaces/moveit_cfgs_ws/install/robot_description/bin'
[0.257s] INFO:colcon.colcon_core.shell:Creating package script '/workspace/rl_for_curobo/projects_root/ros/workspaces/moveit_cfgs_ws/install/robot_description/share/robot_description/package.ps1'
[0.257s] INFO:colcon.colcon_core.shell:Creating package descriptor '/workspace/rl_for_curobo/projects_root/ros/workspaces/moveit_cfgs_ws/install/robot_description/share/robot_description/package.dsv'
[0.258s] INFO:colcon.colcon_core.shell:Creating package script '/workspace/rl_for_curobo/projects_root/ros/workspaces/moveit_cfgs_ws/install/robot_description/share/robot_description/package.sh'
[0.258s] INFO:colcon.colcon_core.shell:Creating package script '/workspace/rl_for_curobo/projects_root/ros/workspaces/moveit_cfgs_ws/install/robot_description/share/robot_description/package.bash'
[0.258s] INFO:colcon.colcon_core.shell:Creating package script '/workspace/rl_for_curobo/projects_root/ros/workspaces/moveit_cfgs_ws/install/robot_description/share/robot_description/package.zsh'
[0.258s] Level 1:colcon.colcon_core.environment:create_file_with_runtime_dependencies(/workspace/rl_for_curobo/projects_root/ros/workspaces/moveit_cfgs_ws/install/robot_description/share/colcon-core/packages/robot_description)
[0.259s] Level 1:colcon.colcon_core.environment:create_environment_scripts_only(robot_description)
[0.259s] Level 1:colcon.colcon_core.environment:checking '/workspace/rl_for_curobo/projects_root/ros/workspaces/moveit_cfgs_ws/install/robot_description' for CMake module files
[0.260s] Level 1:colcon.colcon_core.environment:checking '/workspace/rl_for_curobo/projects_root/ros/workspaces/moveit_cfgs_ws/install/robot_description' for CMake config files
[0.260s] Level 1:colcon.colcon_core.shell:create_environment_hook('robot_description', 'cmake_prefix_path')
[0.260s] INFO:colcon.colcon_core.shell:Creating environment hook '/workspace/rl_for_curobo/projects_root/ros/workspaces/moveit_cfgs_ws/install/robot_description/share/robot_description/hook/cmake_prefix_path.ps1'
[0.260s] INFO:colcon.colcon_core.shell:Creating environment descriptor '/workspace/rl_for_curobo/projects_root/ros/workspaces/moveit_cfgs_ws/install/robot_description/share/robot_description/hook/cmake_prefix_path.dsv'
[0.261s] INFO:colcon.colcon_core.shell:Creating environment hook '/workspace/rl_for_curobo/projects_root/ros/workspaces/moveit_cfgs_ws/install/robot_description/share/robot_description/hook/cmake_prefix_path.sh'
[0.261s] Level 1:colcon.colcon_core.environment:checking '/workspace/rl_for_curobo/projects_root/ros/workspaces/moveit_cfgs_ws/install/robot_description/bin'
[0.261s] Level 1:colcon.colcon_core.environment:checking '/workspace/rl_for_curobo/projects_root/ros/workspaces/moveit_cfgs_ws/install/robot_description/lib/pkgconfig/robot_description.pc'
[0.262s] Level 1:colcon.colcon_core.environment:checking '/workspace/rl_for_curobo/projects_root/ros/workspaces/moveit_cfgs_ws/install/robot_description/lib/python3.10/site-packages'
[0.262s] Level 1:colcon.colcon_core.environment:checking '/workspace/rl_for_curobo/projects_root/ros/workspaces/moveit_cfgs_ws/install/robot_description/bin'
[0.262s] INFO:colcon.colcon_core.shell:Creating package script '/workspace/rl_for_curobo/projects_root/ros/workspaces/moveit_cfgs_ws/install/robot_description/share/robot_description/package.ps1'
[0.262s] INFO:colcon.colcon_core.shell:Creating package descriptor '/workspace/rl_for_curobo/projects_root/ros/workspaces/moveit_cfgs_ws/install/robot_description/share/robot_description/package.dsv'
[0.263s] INFO:colcon.colcon_core.shell:Creating package script '/workspace/rl_for_curobo/projects_root/ros/workspaces/moveit_cfgs_ws/install/robot_description/share/robot_description/package.sh'
[0.263s] INFO:colcon.colcon_core.shell:Creating package script '/workspace/rl_for_curobo/projects_root/ros/workspaces/moveit_cfgs_ws/install/robot_description/share/robot_description/package.bash'
[0.263s] INFO:colcon.colcon_core.shell:Creating package script '/workspace/rl_for_curobo/projects_root/ros/workspaces/moveit_cfgs_ws/install/robot_description/share/robot_description/package.zsh'
[0.264s] Level 1:colcon.colcon_core.environment:create_file_with_runtime_dependencies(/workspace/rl_for_curobo/projects_root/ros/workspaces/moveit_cfgs_ws/install/robot_description/share/colcon-core/packages/robot_description)
[0.652s] DEBUG:colcon.colcon_core.event_handler.log_command:Invoked command in '/workspace/rl_for_curobo/projects_root/ros/workspaces/moveit_cfgs_ws/build/robot_arm_urdf' returned '1': /usr/local/bin/cmake /workspace/rl_for_curobo/projects_root/ros/workspaces/moveit_cfgs_ws/src/custom_robot_3/import_your_custom_urdf_package_to_ROS-main-main/robot_arm_urdf -DCATKIN_INSTALL_INTO_PREFIX_ROOT=0 -DCMAKE_INSTALL_PREFIX=/workspace/rl_for_curobo/projects_root/ros/workspaces/moveit_cfgs_ws/install/robot_arm_urdf
[0.660s] Level 1:colcon.colcon_core.environment:create_environment_scripts_only(robot_arm_urdf)
[0.660s] Level 1:colcon.colcon_core.environment:checking '/workspace/rl_for_curobo/projects_root/ros/workspaces/moveit_cfgs_ws/install/robot_arm_urdf' for CMake module files
[0.660s] Level 1:colcon.colcon_core.environment:checking '/workspace/rl_for_curobo/projects_root/ros/workspaces/moveit_cfgs_ws/install/robot_arm_urdf' for CMake config files
[0.661s] Level 1:colcon.colcon_core.environment:checking '/workspace/rl_for_curobo/projects_root/ros/workspaces/moveit_cfgs_ws/install/robot_arm_urdf/bin'
[0.661s] Level 1:colcon.colcon_core.environment:checking '/workspace/rl_for_curobo/projects_root/ros/workspaces/moveit_cfgs_ws/install/robot_arm_urdf/lib/pkgconfig/robot_arm_urdf.pc'
[0.661s] Level 1:colcon.colcon_core.environment:checking '/workspace/rl_for_curobo/projects_root/ros/workspaces/moveit_cfgs_ws/install/robot_arm_urdf/lib/python3.10/site-packages'
[0.661s] Level 1:colcon.colcon_core.environment:checking '/workspace/rl_for_curobo/projects_root/ros/workspaces/moveit_cfgs_ws/install/robot_arm_urdf/bin'
[0.661s] INFO:colcon.colcon_core.shell:Creating package script '/workspace/rl_for_curobo/projects_root/ros/workspaces/moveit_cfgs_ws/install/robot_arm_urdf/share/robot_arm_urdf/package.ps1'
[0.662s] INFO:colcon.colcon_core.shell:Creating package descriptor '/workspace/rl_for_curobo/projects_root/ros/workspaces/moveit_cfgs_ws/install/robot_arm_urdf/share/robot_arm_urdf/package.dsv'
[0.662s] INFO:colcon.colcon_core.shell:Creating package script '/workspace/rl_for_curobo/projects_root/ros/workspaces/moveit_cfgs_ws/install/robot_arm_urdf/share/robot_arm_urdf/package.sh'
[0.662s] INFO:colcon.colcon_core.shell:Creating package script '/workspace/rl_for_curobo/projects_root/ros/workspaces/moveit_cfgs_ws/install/robot_arm_urdf/share/robot_arm_urdf/package.bash'
[0.662s] INFO:colcon.colcon_core.shell:Creating package script '/workspace/rl_for_curobo/projects_root/ros/workspaces/moveit_cfgs_ws/install/robot_arm_urdf/share/robot_arm_urdf/package.zsh'
[0.662s] Level 1:colcon.colcon_core.environment:create_file_with_runtime_dependencies(/workspace/rl_for_curobo/projects_root/ros/workspaces/moveit_cfgs_ws/install/robot_arm_urdf/share/colcon-core/packages/robot_arm_urdf)
[0.673s] DEBUG:colcon.colcon_parallel_executor.executor.parallel:closing loop
[0.673s] DEBUG:colcon.colcon_parallel_executor.executor.parallel:loop closed
[0.673s] DEBUG:colcon.colcon_parallel_executor.executor.parallel:run_until_complete finished with '1'
[0.673s] DEBUG:colcon.colcon_core.event_reactor:joining thread
[0.677s] INFO:colcon.colcon_core.plugin_system:Skipping extension 'colcon_notification.desktop_notification.notify_send': Could not find 'notify-send'
[0.677s] INFO:colcon.colcon_core.plugin_system:Skipping extension 'colcon_notification.desktop_notification.terminal_notifier': Not used on non-Darwin systems
[0.677s] INFO:colcon.colcon_core.plugin_system:Skipping extension 'colcon_notification.desktop_notification.win32': Not used on non-Windows systems
[0.677s] INFO:colcon.colcon_notification.desktop_notification:Sending desktop notification using 'notify2'
[0.679s] DEBUG:colcon.colcon_notification.desktop_notification.notify2:Failed to initialize notify2: org.freedesktop.DBus.Error.Spawn.ExecFailed: /usr/bin/dbus-launch terminated abnormally without any error message
[0.679s] DEBUG:colcon.colcon_core.event_reactor:joined thread
[0.679s] INFO:colcon.colcon_core.shell:Creating prefix script '/workspace/rl_for_curobo/projects_root/ros/workspaces/moveit_cfgs_ws/install/local_setup.ps1'
[0.680s] INFO:colcon.colcon_core.shell:Creating prefix util module '/workspace/rl_for_curobo/projects_root/ros/workspaces/moveit_cfgs_ws/install/_local_setup_util_ps1.py'
[0.681s] INFO:colcon.colcon_core.shell:Creating prefix chain script '/workspace/rl_for_curobo/projects_root/ros/workspaces/moveit_cfgs_ws/install/setup.ps1'
[0.683s] INFO:colcon.colcon_core.shell:Creating prefix script '/workspace/rl_for_curobo/projects_root/ros/workspaces/moveit_cfgs_ws/install/local_setup.sh'
[0.683s] INFO:colcon.colcon_core.shell:Creating prefix util module '/workspace/rl_for_curobo/projects_root/ros/workspaces/moveit_cfgs_ws/install/_local_setup_util_sh.py'
[0.683s] INFO:colcon.colcon_core.shell:Creating prefix chain script '/workspace/rl_for_curobo/projects_root/ros/workspaces/moveit_cfgs_ws/install/setup.sh'
[0.685s] INFO:colcon.colcon_core.shell:Creating prefix script '/workspace/rl_for_curobo/projects_root/ros/workspaces/moveit_cfgs_ws/install/local_setup.bash'
[0.685s] INFO:colcon.colcon_core.shell:Creating prefix chain script '/workspace/rl_for_curobo/projects_root/ros/workspaces/moveit_cfgs_ws/install/setup.bash'
[0.687s] INFO:colcon.colcon_core.shell:Creating prefix script '/workspace/rl_for_curobo/projects_root/ros/workspaces/moveit_cfgs_ws/install/local_setup.zsh'
[0.687s] INFO:colcon.colcon_core.shell:Creating prefix chain script '/workspace/rl_for_curobo/projects_root/ros/workspaces/moveit_cfgs_ws/install/setup.zsh'
