[0.089s] DEBUG:colcon:Command line arguments: ['/usr/bin/colcon', 'build']
[0.089s] DEBUG:colcon:Parsed command line arguments: Namespace(log_base=None, log_level=None, verb_name='build', build_base='build', install_base='install', merge_install=False, symlink_install=False, test_result_base=None, continue_on_error=False, executor='parallel', parallel_workers=16, event_handlers=None, ignore_user_meta=False, metas=['./colcon.meta'], base_paths=['.'], packages_ignore=None, packages_ignore_regex=None, paths=None, packages_up_to=None, packages_up_to_regex=None, packages_above=None, packages_above_and_dependencies=None, packages_above_depth=None, packages_select_by_dep=None, packages_skip_by_dep=None, packages_skip_up_to=None, packages_select_build_failed=False, packages_skip_build_finished=False, packages_select_test_failures=False, packages_skip_test_passed=False, packages_select=None, packages_skip=None, packages_select_regex=None, packages_skip_regex=None, packages_start=None, packages_end=None, cmake_args=None, cmake_target=None, cmake_target_skip_unavailable=False, cmake_clean_cache=False, cmake_clean_first=False, cmake_force_configure=False, ament_cmake_args=None, catkin_cmake_args=None, catkin_skip_building_tests=False, verb_parser=<colcon_defaults.argument_parser.defaults.DefaultArgumentsDecorator object at 0x7a951792a440>, verb_extension=<colcon_core.verb.build.BuildVerb object at 0x7a9517929ff0>, main=<bound method BuildVerb.main of <colcon_core.verb.build.BuildVerb object at 0x7a9517929ff0>>)
[0.224s] Level 1:colcon.colcon_core.package_discovery:discover_packages(colcon_meta) check parameters
[0.224s] Level 1:colcon.colcon_core.package_discovery:discover_packages(recursive) check parameters
[0.224s] Level 1:colcon.colcon_core.package_discovery:discover_packages(ignore) check parameters
[0.224s] Level 1:colcon.colcon_core.package_discovery:discover_packages(path) check parameters
[0.224s] Level 1:colcon.colcon_core.package_discovery:discover_packages(colcon_meta) discover
[0.224s] Level 1:colcon.colcon_core.package_discovery:discover_packages(recursive) discover
[0.224s] INFO:colcon.colcon_core.package_discovery:Crawling recursively for packages in '/workspace/moveit2_UR5/src'
[0.224s] Level 1:colcon.colcon_core.package_identification:_identify(.) by extensions ['ignore', 'ignore_ament_install']
[0.224s] Level 1:colcon.colcon_core.package_identification:_identify(.) by extension 'ignore'
[0.224s] Level 1:colcon.colcon_core.package_identification:_identify(.) by extension 'ignore_ament_install'
[0.224s] Level 1:colcon.colcon_core.package_identification:_identify(.) by extensions ['colcon_pkg']
[0.224s] Level 1:colcon.colcon_core.package_identification:_identify(.) by extension 'colcon_pkg'
[0.224s] Level 1:colcon.colcon_core.package_identification:_identify(.) by extensions ['colcon_meta']
[0.224s] Level 1:colcon.colcon_core.package_identification:_identify(.) by extension 'colcon_meta'
[0.224s] Level 1:colcon.colcon_core.package_identification:_identify(.) by extensions ['ros']
[0.224s] Level 1:colcon.colcon_core.package_identification:_identify(.) by extension 'ros'
[0.234s] Level 1:colcon.colcon_core.package_identification:_identify(.) by extensions ['cmake', 'python']
[0.234s] Level 1:colcon.colcon_core.package_identification:_identify(.) by extension 'cmake'
[0.234s] Level 1:colcon.colcon_core.package_identification:_identify(.) by extension 'python'
[0.234s] Level 1:colcon.colcon_core.package_identification:_identify(.) by extensions ['python_setup_py']
[0.234s] Level 1:colcon.colcon_core.package_identification:_identify(.) by extension 'python_setup_py'
[0.234s] Level 1:colcon.colcon_core.package_identification:_identify(build) by extensions ['ignore', 'ignore_ament_install']
[0.234s] Level 1:colcon.colcon_core.package_identification:_identify(build) by extension 'ignore'
[0.234s] Level 1:colcon.colcon_core.package_identification:_identify(build) ignored
[0.234s] Level 1:colcon.colcon_core.package_identification:_identify(install) by extensions ['ignore', 'ignore_ament_install']
[0.234s] Level 1:colcon.colcon_core.package_identification:_identify(install) by extension 'ignore'
[0.234s] Level 1:colcon.colcon_core.package_identification:_identify(install) ignored
[0.234s] Level 1:colcon.colcon_core.package_identification:_identify(log) by extensions ['ignore', 'ignore_ament_install']
[0.234s] Level 1:colcon.colcon_core.package_identification:_identify(log) by extension 'ignore'
[0.234s] Level 1:colcon.colcon_core.package_identification:_identify(log) ignored
[0.235s] Level 1:colcon.colcon_core.package_identification:_identify(robot_description) by extensions ['ignore', 'ignore_ament_install']
[0.235s] Level 1:colcon.colcon_core.package_identification:_identify(robot_description) by extension 'ignore'
[0.235s] Level 1:colcon.colcon_core.package_identification:_identify(robot_description) by extension 'ignore_ament_install'
[0.235s] Level 1:colcon.colcon_core.package_identification:_identify(robot_description) by extensions ['colcon_pkg']
[0.235s] Level 1:colcon.colcon_core.package_identification:_identify(robot_description) by extension 'colcon_pkg'
[0.235s] Level 1:colcon.colcon_core.package_identification:_identify(robot_description) by extensions ['colcon_meta']
[0.235s] Level 1:colcon.colcon_core.package_identification:_identify(robot_description) by extension 'colcon_meta'
[0.235s] Level 1:colcon.colcon_core.package_identification:_identify(robot_description) by extensions ['ros']
[0.235s] Level 1:colcon.colcon_core.package_identification:_identify(robot_description) by extension 'ros'
[0.237s] DEBUG:colcon.colcon_core.package_identification:Package 'robot_description' with type 'ros.ament_cmake' and name 'robot_description'
[0.237s] Level 1:colcon.colcon_core.package_identification:_identify(ur5_moveit_config) by extensions ['ignore', 'ignore_ament_install']
[0.237s] Level 1:colcon.colcon_core.package_identification:_identify(ur5_moveit_config) by extension 'ignore'
[0.237s] Level 1:colcon.colcon_core.package_identification:_identify(ur5_moveit_config) by extension 'ignore_ament_install'
[0.237s] Level 1:colcon.colcon_core.package_identification:_identify(ur5_moveit_config) by extensions ['colcon_pkg']
[0.237s] Level 1:colcon.colcon_core.package_identification:_identify(ur5_moveit_config) by extension 'colcon_pkg'
[0.237s] Level 1:colcon.colcon_core.package_identification:_identify(ur5_moveit_config) by extensions ['colcon_meta']
[0.237s] Level 1:colcon.colcon_core.package_identification:_identify(ur5_moveit_config) by extension 'colcon_meta'
[0.237s] Level 1:colcon.colcon_core.package_identification:_identify(ur5_moveit_config) by extensions ['ros']
[0.237s] Level 1:colcon.colcon_core.package_identification:_identify(ur5_moveit_config) by extension 'ros'
[0.238s] DEBUG:colcon.colcon_core.package_identification:Package 'ur5_moveit_config' with type 'ros.ament_cmake' and name 'ur5_moveit_config'
[0.238s] Level 1:colcon.colcon_core.package_identification:_identify(ur5_moveit_config_tutorial) by extensions ['ignore', 'ignore_ament_install']
[0.238s] Level 1:colcon.colcon_core.package_identification:_identify(ur5_moveit_config_tutorial) by extension 'ignore'
[0.238s] Level 1:colcon.colcon_core.package_identification:_identify(ur5_moveit_config_tutorial) by extension 'ignore_ament_install'
[0.238s] Level 1:colcon.colcon_core.package_identification:_identify(ur5_moveit_config_tutorial) by extensions ['colcon_pkg']
[0.238s] Level 1:colcon.colcon_core.package_identification:_identify(ur5_moveit_config_tutorial) by extension 'colcon_pkg'
[0.238s] Level 1:colcon.colcon_core.package_identification:_identify(ur5_moveit_config_tutorial) by extensions ['colcon_meta']
[0.238s] Level 1:colcon.colcon_core.package_identification:_identify(ur5_moveit_config_tutorial) by extension 'colcon_meta'
[0.238s] Level 1:colcon.colcon_core.package_identification:_identify(ur5_moveit_config_tutorial) by extensions ['ros']
[0.238s] Level 1:colcon.colcon_core.package_identification:_identify(ur5_moveit_config_tutorial) by extension 'ros'
[0.239s] DEBUG:colcon.colcon_core.package_identification:Package 'ur5_moveit_config_tutorial' with type 'ros.ament_cmake' and name 'ur5_moveit_config_tutorial'
[0.239s] Level 1:colcon.colcon_core.package_discovery:discover_packages(recursive) using defaults
[0.239s] Level 1:colcon.colcon_core.package_discovery:discover_packages(ignore) discover
[0.239s] Level 1:colcon.colcon_core.package_discovery:discover_packages(ignore) using defaults
[0.239s] Level 1:colcon.colcon_core.package_discovery:discover_packages(path) discover
[0.239s] Level 1:colcon.colcon_core.package_discovery:discover_packages(path) using defaults
[0.257s] Level 5:colcon.colcon_core.verb:set package 'robot_description' build argument 'cmake_args' from command line to 'None'
[0.257s] Level 5:colcon.colcon_core.verb:set package 'robot_description' build argument 'cmake_target' from command line to 'None'
[0.257s] Level 5:colcon.colcon_core.verb:set package 'robot_description' build argument 'cmake_target_skip_unavailable' from command line to 'False'
[0.257s] Level 5:colcon.colcon_core.verb:set package 'robot_description' build argument 'cmake_clean_cache' from command line to 'False'
[0.257s] Level 5:colcon.colcon_core.verb:set package 'robot_description' build argument 'cmake_clean_first' from command line to 'False'
[0.257s] Level 5:colcon.colcon_core.verb:set package 'robot_description' build argument 'cmake_force_configure' from command line to 'False'
[0.257s] Level 5:colcon.colcon_core.verb:set package 'robot_description' build argument 'ament_cmake_args' from command line to 'None'
[0.257s] Level 5:colcon.colcon_core.verb:set package 'robot_description' build argument 'catkin_cmake_args' from command line to 'None'
[0.257s] Level 5:colcon.colcon_core.verb:set package 'robot_description' build argument 'catkin_skip_building_tests' from command line to 'False'
[0.257s] DEBUG:colcon.colcon_core.verb:Building package 'robot_description' with the following arguments: {'ament_cmake_args': None, 'build_base': '/workspace/moveit2_UR5/src/build/robot_description', 'catkin_cmake_args': None, 'catkin_skip_building_tests': False, 'cmake_args': None, 'cmake_clean_cache': False, 'cmake_clean_first': False, 'cmake_force_configure': False, 'cmake_target': None, 'cmake_target_skip_unavailable': False, 'install_base': '/workspace/moveit2_UR5/src/install/robot_description', 'merge_install': False, 'path': '/workspace/moveit2_UR5/src/robot_description', 'symlink_install': False, 'test_result_base': None}
[0.258s] Level 5:colcon.colcon_core.verb:set package 'ur5_moveit_config' build argument 'cmake_args' from command line to 'None'
[0.258s] Level 5:colcon.colcon_core.verb:set package 'ur5_moveit_config' build argument 'cmake_target' from command line to 'None'
[0.258s] Level 5:colcon.colcon_core.verb:set package 'ur5_moveit_config' build argument 'cmake_target_skip_unavailable' from command line to 'False'
[0.258s] Level 5:colcon.colcon_core.verb:set package 'ur5_moveit_config' build argument 'cmake_clean_cache' from command line to 'False'
[0.258s] Level 5:colcon.colcon_core.verb:set package 'ur5_moveit_config' build argument 'cmake_clean_first' from command line to 'False'
[0.258s] Level 5:colcon.colcon_core.verb:set package 'ur5_moveit_config' build argument 'cmake_force_configure' from command line to 'False'
[0.258s] Level 5:colcon.colcon_core.verb:set package 'ur5_moveit_config' build argument 'ament_cmake_args' from command line to 'None'
[0.258s] Level 5:colcon.colcon_core.verb:set package 'ur5_moveit_config' build argument 'catkin_cmake_args' from command line to 'None'
[0.258s] Level 5:colcon.colcon_core.verb:set package 'ur5_moveit_config' build argument 'catkin_skip_building_tests' from command line to 'False'
[0.258s] DEBUG:colcon.colcon_core.verb:Building package 'ur5_moveit_config' with the following arguments: {'ament_cmake_args': None, 'build_base': '/workspace/moveit2_UR5/src/build/ur5_moveit_config', 'catkin_cmake_args': None, 'catkin_skip_building_tests': False, 'cmake_args': None, 'cmake_clean_cache': False, 'cmake_clean_first': False, 'cmake_force_configure': False, 'cmake_target': None, 'cmake_target_skip_unavailable': False, 'install_base': '/workspace/moveit2_UR5/src/install/ur5_moveit_config', 'merge_install': False, 'path': '/workspace/moveit2_UR5/src/ur5_moveit_config', 'symlink_install': False, 'test_result_base': None}
[0.258s] Level 5:colcon.colcon_core.verb:set package 'ur5_moveit_config_tutorial' build argument 'cmake_args' from command line to 'None'
[0.258s] Level 5:colcon.colcon_core.verb:set package 'ur5_moveit_config_tutorial' build argument 'cmake_target' from command line to 'None'
[0.258s] Level 5:colcon.colcon_core.verb:set package 'ur5_moveit_config_tutorial' build argument 'cmake_target_skip_unavailable' from command line to 'False'
[0.258s] Level 5:colcon.colcon_core.verb:set package 'ur5_moveit_config_tutorial' build argument 'cmake_clean_cache' from command line to 'False'
[0.258s] Level 5:colcon.colcon_core.verb:set package 'ur5_moveit_config_tutorial' build argument 'cmake_clean_first' from command line to 'False'
[0.258s] Level 5:colcon.colcon_core.verb:set package 'ur5_moveit_config_tutorial' build argument 'cmake_force_configure' from command line to 'False'
[0.258s] Level 5:colcon.colcon_core.verb:set package 'ur5_moveit_config_tutorial' build argument 'ament_cmake_args' from command line to 'None'
[0.258s] Level 5:colcon.colcon_core.verb:set package 'ur5_moveit_config_tutorial' build argument 'catkin_cmake_args' from command line to 'None'
[0.258s] Level 5:colcon.colcon_core.verb:set package 'ur5_moveit_config_tutorial' build argument 'catkin_skip_building_tests' from command line to 'False'
[0.258s] DEBUG:colcon.colcon_core.verb:Building package 'ur5_moveit_config_tutorial' with the following arguments: {'ament_cmake_args': None, 'build_base': '/workspace/moveit2_UR5/src/build/ur5_moveit_config_tutorial', 'catkin_cmake_args': None, 'catkin_skip_building_tests': False, 'cmake_args': None, 'cmake_clean_cache': False, 'cmake_clean_first': False, 'cmake_force_configure': False, 'cmake_target': None, 'cmake_target_skip_unavailable': False, 'install_base': '/workspace/moveit2_UR5/src/install/ur5_moveit_config_tutorial', 'merge_install': False, 'path': '/workspace/moveit2_UR5/src/ur5_moveit_config_tutorial', 'symlink_install': False, 'test_result_base': None}
[0.258s] INFO:colcon.colcon_core.executor:Executing jobs using 'parallel' executor
[0.266s] DEBUG:colcon.colcon_parallel_executor.executor.parallel:run_until_complete
[0.266s] INFO:colcon.colcon_ros.task.ament_cmake.build:Building ROS package in '/workspace/moveit2_UR5/src/robot_description' with build type 'ament_cmake'
[0.266s] INFO:colcon.colcon_cmake.task.cmake.build:Building CMake package in '/workspace/moveit2_UR5/src/robot_description'
[0.268s] INFO:colcon.colcon_core.plugin_system:Skipping extension 'colcon_core.shell.bat': Not used on non-Windows systems
[0.268s] INFO:colcon.colcon_core.shell:Skip shell extension 'powershell' for command environment: Not usable outside of PowerShell
[0.268s] DEBUG:colcon.colcon_core.shell:Skip shell extension 'dsv' for command environment
[0.277s] DEBUG:colcon.colcon_core.event_handler.log_command:Invoking command in '/workspace/moveit2_UR5/src/build/robot_description': CMAKE_PREFIX_PATH=${CMAKE_PREFIX_PATH}:/workspaces/isaac_ros_ws/install/isaac_ros_test:/workspaces/isaac_ros_ws/install/isaac_ros_rosbag_utils:/workspaces/isaac_ros_ws/install/isaac_ros_launch_utils:/workspaces/isaac_ros_ws/install/isaac_common_py:/opt/ros/humble /usr/local/bin/cmake --build /workspace/moveit2_UR5/src/build/robot_description -- -j16 -l16
[0.296s] DEBUG:colcon.colcon_core.event_handler.log_command:Invoked command in '/workspace/moveit2_UR5/src/build/robot_description' returned '0': CMAKE_PREFIX_PATH=${CMAKE_PREFIX_PATH}:/workspaces/isaac_ros_ws/install/isaac_ros_test:/workspaces/isaac_ros_ws/install/isaac_ros_rosbag_utils:/workspaces/isaac_ros_ws/install/isaac_ros_launch_utils:/workspaces/isaac_ros_ws/install/isaac_common_py:/opt/ros/humble /usr/local/bin/cmake --build /workspace/moveit2_UR5/src/build/robot_description -- -j16 -l16
[0.300s] DEBUG:colcon.colcon_core.event_handler.log_command:Invoking command in '/workspace/moveit2_UR5/src/build/robot_description': CMAKE_PREFIX_PATH=${CMAKE_PREFIX_PATH}:/workspaces/isaac_ros_ws/install/isaac_ros_test:/workspaces/isaac_ros_ws/install/isaac_ros_rosbag_utils:/workspaces/isaac_ros_ws/install/isaac_ros_launch_utils:/workspaces/isaac_ros_ws/install/isaac_common_py:/opt/ros/humble /usr/local/bin/cmake --install /workspace/moveit2_UR5/src/build/robot_description
[0.320s] Level 1:colcon.colcon_core.environment:create_environment_scripts_only(robot_description)
[0.322s] Level 1:colcon.colcon_core.environment:checking '/workspace/moveit2_UR5/src/install/robot_description' for CMake module files
[0.323s] Level 1:colcon.colcon_core.environment:checking '/workspace/moveit2_UR5/src/install/robot_description' for CMake config files
[0.323s] Level 1:colcon.colcon_core.shell:create_environment_hook('robot_description', 'cmake_prefix_path')
[0.323s] INFO:colcon.colcon_core.shell:Creating environment hook '/workspace/moveit2_UR5/src/install/robot_description/share/robot_description/hook/cmake_prefix_path.ps1'
[0.323s] INFO:colcon.colcon_core.shell:Creating environment descriptor '/workspace/moveit2_UR5/src/install/robot_description/share/robot_description/hook/cmake_prefix_path.dsv'
[0.324s] INFO:colcon.colcon_core.shell:Creating environment hook '/workspace/moveit2_UR5/src/install/robot_description/share/robot_description/hook/cmake_prefix_path.sh'
[0.324s] DEBUG:colcon.colcon_core.event_handler.log_command:Invoked command in '/workspace/moveit2_UR5/src/build/robot_description' returned '0': CMAKE_PREFIX_PATH=${CMAKE_PREFIX_PATH}:/workspaces/isaac_ros_ws/install/isaac_ros_test:/workspaces/isaac_ros_ws/install/isaac_ros_rosbag_utils:/workspaces/isaac_ros_ws/install/isaac_ros_launch_utils:/workspaces/isaac_ros_ws/install/isaac_common_py:/opt/ros/humble /usr/local/bin/cmake --install /workspace/moveit2_UR5/src/build/robot_description
[0.325s] Level 1:colcon.colcon_core.environment:checking '/workspace/moveit2_UR5/src/install/robot_description/bin'
[0.325s] Level 1:colcon.colcon_core.environment:checking '/workspace/moveit2_UR5/src/install/robot_description/lib/pkgconfig/robot_description.pc'
[0.326s] Level 1:colcon.colcon_core.environment:checking '/workspace/moveit2_UR5/src/install/robot_description/lib/python3.10/site-packages'
[0.327s] Level 1:colcon.colcon_core.environment:checking '/workspace/moveit2_UR5/src/install/robot_description/bin'
[0.327s] INFO:colcon.colcon_core.shell:Creating package script '/workspace/moveit2_UR5/src/install/robot_description/share/robot_description/package.ps1'
[0.327s] INFO:colcon.colcon_core.shell:Creating package descriptor '/workspace/moveit2_UR5/src/install/robot_description/share/robot_description/package.dsv'
[0.328s] INFO:colcon.colcon_core.shell:Creating package script '/workspace/moveit2_UR5/src/install/robot_description/share/robot_description/package.sh'
[0.328s] INFO:colcon.colcon_core.shell:Creating package script '/workspace/moveit2_UR5/src/install/robot_description/share/robot_description/package.bash'
[0.329s] INFO:colcon.colcon_core.shell:Creating package script '/workspace/moveit2_UR5/src/install/robot_description/share/robot_description/package.zsh'
[0.329s] Level 1:colcon.colcon_core.environment:create_file_with_runtime_dependencies(/workspace/moveit2_UR5/src/install/robot_description/share/colcon-core/packages/robot_description)
[0.330s] Level 1:colcon.colcon_core.environment:create_environment_scripts_only(robot_description)
[0.330s] Level 1:colcon.colcon_core.environment:checking '/workspace/moveit2_UR5/src/install/robot_description' for CMake module files
[0.330s] Level 1:colcon.colcon_core.environment:checking '/workspace/moveit2_UR5/src/install/robot_description' for CMake config files
[0.331s] Level 1:colcon.colcon_core.shell:create_environment_hook('robot_description', 'cmake_prefix_path')
[0.331s] INFO:colcon.colcon_core.shell:Creating environment hook '/workspace/moveit2_UR5/src/install/robot_description/share/robot_description/hook/cmake_prefix_path.ps1'
[0.331s] INFO:colcon.colcon_core.shell:Creating environment descriptor '/workspace/moveit2_UR5/src/install/robot_description/share/robot_description/hook/cmake_prefix_path.dsv'
[0.331s] INFO:colcon.colcon_core.shell:Creating environment hook '/workspace/moveit2_UR5/src/install/robot_description/share/robot_description/hook/cmake_prefix_path.sh'
[0.332s] Level 1:colcon.colcon_core.environment:checking '/workspace/moveit2_UR5/src/install/robot_description/bin'
[0.332s] Level 1:colcon.colcon_core.environment:checking '/workspace/moveit2_UR5/src/install/robot_description/lib/pkgconfig/robot_description.pc'
[0.332s] Level 1:colcon.colcon_core.environment:checking '/workspace/moveit2_UR5/src/install/robot_description/lib/python3.10/site-packages'
[0.332s] Level 1:colcon.colcon_core.environment:checking '/workspace/moveit2_UR5/src/install/robot_description/bin'
[0.332s] INFO:colcon.colcon_core.shell:Creating package script '/workspace/moveit2_UR5/src/install/robot_description/share/robot_description/package.ps1'
[0.333s] INFO:colcon.colcon_core.shell:Creating package descriptor '/workspace/moveit2_UR5/src/install/robot_description/share/robot_description/package.dsv'
[0.333s] INFO:colcon.colcon_core.shell:Creating package script '/workspace/moveit2_UR5/src/install/robot_description/share/robot_description/package.sh'
[0.333s] INFO:colcon.colcon_core.shell:Creating package script '/workspace/moveit2_UR5/src/install/robot_description/share/robot_description/package.bash'
[0.334s] INFO:colcon.colcon_core.shell:Creating package script '/workspace/moveit2_UR5/src/install/robot_description/share/robot_description/package.zsh'
[0.334s] Level 1:colcon.colcon_core.environment:create_file_with_runtime_dependencies(/workspace/moveit2_UR5/src/install/robot_description/share/colcon-core/packages/robot_description)
[0.334s] INFO:colcon.colcon_ros.task.ament_cmake.build:Building ROS package in '/workspace/moveit2_UR5/src/ur5_moveit_config' with build type 'ament_cmake'
[0.334s] INFO:colcon.colcon_cmake.task.cmake.build:Building CMake package in '/workspace/moveit2_UR5/src/ur5_moveit_config'
[0.335s] INFO:colcon.colcon_core.shell:Skip shell extension 'powershell' for command environment: Not usable outside of PowerShell
[0.335s] DEBUG:colcon.colcon_core.shell:Skip shell extension 'dsv' for command environment
[0.338s] INFO:colcon.colcon_ros.task.ament_cmake.build:Building ROS package in '/workspace/moveit2_UR5/src/ur5_moveit_config_tutorial' with build type 'ament_cmake'
[0.338s] INFO:colcon.colcon_cmake.task.cmake.build:Building CMake package in '/workspace/moveit2_UR5/src/ur5_moveit_config_tutorial'
[0.339s] INFO:colcon.colcon_core.shell:Skip shell extension 'powershell' for command environment: Not usable outside of PowerShell
[0.339s] DEBUG:colcon.colcon_core.shell:Skip shell extension 'dsv' for command environment
[0.346s] DEBUG:colcon.colcon_core.event_handler.log_command:Invoking command in '/workspace/moveit2_UR5/src/build/ur5_moveit_config': AMENT_PREFIX_PATH=/workspace/moveit2_UR5/src/install/robot_description:${AMENT_PREFIX_PATH} CMAKE_PREFIX_PATH=/workspace/moveit2_UR5/src/install/robot_description:/workspaces/isaac_ros_ws/install/isaac_ros_test_cmake:/workspaces/isaac_ros_ws/install/isaac_ros_nitros_bridge_interfaces:/workspaces/isaac_ros_ws/install/isaac_ros_tensor_list_interfaces:/workspaces/isaac_ros_ws/install/isaac_ros_r2b_galileo:/workspaces/isaac_ros_ws/install/isaac_ros_pointcloud_interfaces:/workspaces/isaac_ros_ws/install/isaac_ros_nova_interfaces:/workspaces/isaac_ros_ws/install/isaac_ros_common:/workspaces/isaac_ros_ws/install/isaac_ros_bi3d_interfaces:/workspaces/isaac_ros_ws/install/isaac_ros_apriltag_interfaces:/workspaces/isaac_ros_ws/install/isaac_common:/workspaces/isaac_ros_ws/install/isaac_ros_test:/workspaces/isaac_ros_ws/install/isaac_ros_rosbag_utils:/workspaces/isaac_ros_ws/install/isaac_ros_launch_utils:/workspaces/isaac_ros_ws/install/isaac_common_py:/opt/ros/humble /usr/local/bin/cmake /workspace/moveit2_UR5/src/ur5_moveit_config -DCMAKE_INSTALL_PREFIX=/workspace/moveit2_UR5/src/install/ur5_moveit_config
[0.358s] DEBUG:colcon.colcon_core.event_handler.log_command:Invoking command in '/workspace/moveit2_UR5/src/build/ur5_moveit_config_tutorial': AMENT_PREFIX_PATH=/workspace/moveit2_UR5/src/install/robot_description:${AMENT_PREFIX_PATH} CMAKE_PREFIX_PATH=/workspace/moveit2_UR5/src/install/robot_description:/workspaces/isaac_ros_ws/install/isaac_ros_test_cmake:/workspaces/isaac_ros_ws/install/isaac_ros_nitros_bridge_interfaces:/workspaces/isaac_ros_ws/install/isaac_ros_tensor_list_interfaces:/workspaces/isaac_ros_ws/install/isaac_ros_r2b_galileo:/workspaces/isaac_ros_ws/install/isaac_ros_pointcloud_interfaces:/workspaces/isaac_ros_ws/install/isaac_ros_nova_interfaces:/workspaces/isaac_ros_ws/install/isaac_ros_common:/workspaces/isaac_ros_ws/install/isaac_ros_bi3d_interfaces:/workspaces/isaac_ros_ws/install/isaac_ros_apriltag_interfaces:/workspaces/isaac_ros_ws/install/isaac_common:/workspaces/isaac_ros_ws/install/isaac_ros_test:/workspaces/isaac_ros_ws/install/isaac_ros_rosbag_utils:/workspaces/isaac_ros_ws/install/isaac_ros_launch_utils:/workspaces/isaac_ros_ws/install/isaac_common_py:/opt/ros/humble /usr/local/bin/cmake /workspace/moveit2_UR5/src/ur5_moveit_config_tutorial -DCMAKE_INSTALL_PREFIX=/workspace/moveit2_UR5/src/install/ur5_moveit_config_tutorial
[0.637s] DEBUG:colcon.colcon_core.event_handler.log_command:Invoked command in '/workspace/moveit2_UR5/src/build/ur5_moveit_config_tutorial' returned '0': AMENT_PREFIX_PATH=/workspace/moveit2_UR5/src/install/robot_description:${AMENT_PREFIX_PATH} CMAKE_PREFIX_PATH=/workspace/moveit2_UR5/src/install/robot_description:/workspaces/isaac_ros_ws/install/isaac_ros_test_cmake:/workspaces/isaac_ros_ws/install/isaac_ros_nitros_bridge_interfaces:/workspaces/isaac_ros_ws/install/isaac_ros_tensor_list_interfaces:/workspaces/isaac_ros_ws/install/isaac_ros_r2b_galileo:/workspaces/isaac_ros_ws/install/isaac_ros_pointcloud_interfaces:/workspaces/isaac_ros_ws/install/isaac_ros_nova_interfaces:/workspaces/isaac_ros_ws/install/isaac_ros_common:/workspaces/isaac_ros_ws/install/isaac_ros_bi3d_interfaces:/workspaces/isaac_ros_ws/install/isaac_ros_apriltag_interfaces:/workspaces/isaac_ros_ws/install/isaac_common:/workspaces/isaac_ros_ws/install/isaac_ros_test:/workspaces/isaac_ros_ws/install/isaac_ros_rosbag_utils:/workspaces/isaac_ros_ws/install/isaac_ros_launch_utils:/workspaces/isaac_ros_ws/install/isaac_common_py:/opt/ros/humble /usr/local/bin/cmake /workspace/moveit2_UR5/src/ur5_moveit_config_tutorial -DCMAKE_INSTALL_PREFIX=/workspace/moveit2_UR5/src/install/ur5_moveit_config_tutorial
[0.638s] DEBUG:colcon.colcon_core.event_handler.log_command:Invoking command in '/workspace/moveit2_UR5/src/build/ur5_moveit_config_tutorial': AMENT_PREFIX_PATH=/workspace/moveit2_UR5/src/install/robot_description:${AMENT_PREFIX_PATH} CMAKE_PREFIX_PATH=/workspace/moveit2_UR5/src/install/robot_description:/workspaces/isaac_ros_ws/install/isaac_ros_test_cmake:/workspaces/isaac_ros_ws/install/isaac_ros_nitros_bridge_interfaces:/workspaces/isaac_ros_ws/install/isaac_ros_tensor_list_interfaces:/workspaces/isaac_ros_ws/install/isaac_ros_r2b_galileo:/workspaces/isaac_ros_ws/install/isaac_ros_pointcloud_interfaces:/workspaces/isaac_ros_ws/install/isaac_ros_nova_interfaces:/workspaces/isaac_ros_ws/install/isaac_ros_common:/workspaces/isaac_ros_ws/install/isaac_ros_bi3d_interfaces:/workspaces/isaac_ros_ws/install/isaac_ros_apriltag_interfaces:/workspaces/isaac_ros_ws/install/isaac_common:/workspaces/isaac_ros_ws/install/isaac_ros_test:/workspaces/isaac_ros_ws/install/isaac_ros_rosbag_utils:/workspaces/isaac_ros_ws/install/isaac_ros_launch_utils:/workspaces/isaac_ros_ws/install/isaac_common_py:/opt/ros/humble /usr/local/bin/cmake --build /workspace/moveit2_UR5/src/build/ur5_moveit_config_tutorial -- -j16 -l16
[0.655s] DEBUG:colcon.colcon_core.event_handler.log_command:Invoked command in '/workspace/moveit2_UR5/src/build/ur5_moveit_config_tutorial' returned '0': AMENT_PREFIX_PATH=/workspace/moveit2_UR5/src/install/robot_description:${AMENT_PREFIX_PATH} CMAKE_PREFIX_PATH=/workspace/moveit2_UR5/src/install/robot_description:/workspaces/isaac_ros_ws/install/isaac_ros_test_cmake:/workspaces/isaac_ros_ws/install/isaac_ros_nitros_bridge_interfaces:/workspaces/isaac_ros_ws/install/isaac_ros_tensor_list_interfaces:/workspaces/isaac_ros_ws/install/isaac_ros_r2b_galileo:/workspaces/isaac_ros_ws/install/isaac_ros_pointcloud_interfaces:/workspaces/isaac_ros_ws/install/isaac_ros_nova_interfaces:/workspaces/isaac_ros_ws/install/isaac_ros_common:/workspaces/isaac_ros_ws/install/isaac_ros_bi3d_interfaces:/workspaces/isaac_ros_ws/install/isaac_ros_apriltag_interfaces:/workspaces/isaac_ros_ws/install/isaac_common:/workspaces/isaac_ros_ws/install/isaac_ros_test:/workspaces/isaac_ros_ws/install/isaac_ros_rosbag_utils:/workspaces/isaac_ros_ws/install/isaac_ros_launch_utils:/workspaces/isaac_ros_ws/install/isaac_common_py:/opt/ros/humble /usr/local/bin/cmake --build /workspace/moveit2_UR5/src/build/ur5_moveit_config_tutorial -- -j16 -l16
[0.656s] DEBUG:colcon.colcon_core.event_handler.log_command:Invoking command in '/workspace/moveit2_UR5/src/build/ur5_moveit_config_tutorial': AMENT_PREFIX_PATH=/workspace/moveit2_UR5/src/install/robot_description:${AMENT_PREFIX_PATH} CMAKE_PREFIX_PATH=/workspace/moveit2_UR5/src/install/robot_description:/workspaces/isaac_ros_ws/install/isaac_ros_test_cmake:/workspaces/isaac_ros_ws/install/isaac_ros_nitros_bridge_interfaces:/workspaces/isaac_ros_ws/install/isaac_ros_tensor_list_interfaces:/workspaces/isaac_ros_ws/install/isaac_ros_r2b_galileo:/workspaces/isaac_ros_ws/install/isaac_ros_pointcloud_interfaces:/workspaces/isaac_ros_ws/install/isaac_ros_nova_interfaces:/workspaces/isaac_ros_ws/install/isaac_ros_common:/workspaces/isaac_ros_ws/install/isaac_ros_bi3d_interfaces:/workspaces/isaac_ros_ws/install/isaac_ros_apriltag_interfaces:/workspaces/isaac_ros_ws/install/isaac_common:/workspaces/isaac_ros_ws/install/isaac_ros_test:/workspaces/isaac_ros_ws/install/isaac_ros_rosbag_utils:/workspaces/isaac_ros_ws/install/isaac_ros_launch_utils:/workspaces/isaac_ros_ws/install/isaac_common_py:/opt/ros/humble /usr/local/bin/cmake --install /workspace/moveit2_UR5/src/build/ur5_moveit_config_tutorial
[0.665s] Level 1:colcon.colcon_core.environment:create_environment_scripts_only(ur5_moveit_config_tutorial)
[0.665s] Level 1:colcon.colcon_core.environment:checking '/workspace/moveit2_UR5/src/install/ur5_moveit_config_tutorial' for CMake module files
[0.666s] DEBUG:colcon.colcon_core.event_handler.log_command:Invoked command in '/workspace/moveit2_UR5/src/build/ur5_moveit_config_tutorial' returned '0': AMENT_PREFIX_PATH=/workspace/moveit2_UR5/src/install/robot_description:${AMENT_PREFIX_PATH} CMAKE_PREFIX_PATH=/workspace/moveit2_UR5/src/install/robot_description:/workspaces/isaac_ros_ws/install/isaac_ros_test_cmake:/workspaces/isaac_ros_ws/install/isaac_ros_nitros_bridge_interfaces:/workspaces/isaac_ros_ws/install/isaac_ros_tensor_list_interfaces:/workspaces/isaac_ros_ws/install/isaac_ros_r2b_galileo:/workspaces/isaac_ros_ws/install/isaac_ros_pointcloud_interfaces:/workspaces/isaac_ros_ws/install/isaac_ros_nova_interfaces:/workspaces/isaac_ros_ws/install/isaac_ros_common:/workspaces/isaac_ros_ws/install/isaac_ros_bi3d_interfaces:/workspaces/isaac_ros_ws/install/isaac_ros_apriltag_interfaces:/workspaces/isaac_ros_ws/install/isaac_common:/workspaces/isaac_ros_ws/install/isaac_ros_test:/workspaces/isaac_ros_ws/install/isaac_ros_rosbag_utils:/workspaces/isaac_ros_ws/install/isaac_ros_launch_utils:/workspaces/isaac_ros_ws/install/isaac_common_py:/opt/ros/humble /usr/local/bin/cmake --install /workspace/moveit2_UR5/src/build/ur5_moveit_config_tutorial
[0.670s] Level 1:colcon.colcon_core.environment:checking '/workspace/moveit2_UR5/src/install/ur5_moveit_config_tutorial' for CMake config files
[0.671s] Level 1:colcon.colcon_core.shell:create_environment_hook('ur5_moveit_config_tutorial', 'cmake_prefix_path')
[0.671s] INFO:colcon.colcon_core.shell:Creating environment hook '/workspace/moveit2_UR5/src/install/ur5_moveit_config_tutorial/share/ur5_moveit_config_tutorial/hook/cmake_prefix_path.ps1'
[0.671s] INFO:colcon.colcon_core.shell:Creating environment descriptor '/workspace/moveit2_UR5/src/install/ur5_moveit_config_tutorial/share/ur5_moveit_config_tutorial/hook/cmake_prefix_path.dsv'
[0.671s] INFO:colcon.colcon_core.shell:Creating environment hook '/workspace/moveit2_UR5/src/install/ur5_moveit_config_tutorial/share/ur5_moveit_config_tutorial/hook/cmake_prefix_path.sh'
[0.672s] Level 1:colcon.colcon_core.environment:checking '/workspace/moveit2_UR5/src/install/ur5_moveit_config_tutorial/bin'
[0.672s] Level 1:colcon.colcon_core.environment:checking '/workspace/moveit2_UR5/src/install/ur5_moveit_config_tutorial/lib/pkgconfig/ur5_moveit_config_tutorial.pc'
[0.672s] Level 1:colcon.colcon_core.environment:checking '/workspace/moveit2_UR5/src/install/ur5_moveit_config_tutorial/lib/python3.10/site-packages'
[0.672s] Level 1:colcon.colcon_core.environment:checking '/workspace/moveit2_UR5/src/install/ur5_moveit_config_tutorial/bin'
[0.673s] INFO:colcon.colcon_core.shell:Creating package script '/workspace/moveit2_UR5/src/install/ur5_moveit_config_tutorial/share/ur5_moveit_config_tutorial/package.ps1'
[0.673s] INFO:colcon.colcon_core.shell:Creating package descriptor '/workspace/moveit2_UR5/src/install/ur5_moveit_config_tutorial/share/ur5_moveit_config_tutorial/package.dsv'
[0.674s] INFO:colcon.colcon_core.shell:Creating package script '/workspace/moveit2_UR5/src/install/ur5_moveit_config_tutorial/share/ur5_moveit_config_tutorial/package.sh'
[0.674s] INFO:colcon.colcon_core.shell:Creating package script '/workspace/moveit2_UR5/src/install/ur5_moveit_config_tutorial/share/ur5_moveit_config_tutorial/package.bash'
[0.674s] INFO:colcon.colcon_core.shell:Creating package script '/workspace/moveit2_UR5/src/install/ur5_moveit_config_tutorial/share/ur5_moveit_config_tutorial/package.zsh'
[0.675s] Level 1:colcon.colcon_core.environment:create_file_with_runtime_dependencies(/workspace/moveit2_UR5/src/install/ur5_moveit_config_tutorial/share/colcon-core/packages/ur5_moveit_config_tutorial)
[0.675s] Level 1:colcon.colcon_core.environment:create_environment_scripts_only(ur5_moveit_config_tutorial)
[0.675s] Level 1:colcon.colcon_core.environment:checking '/workspace/moveit2_UR5/src/install/ur5_moveit_config_tutorial' for CMake module files
[0.676s] Level 1:colcon.colcon_core.environment:checking '/workspace/moveit2_UR5/src/install/ur5_moveit_config_tutorial' for CMake config files
[0.676s] Level 1:colcon.colcon_core.shell:create_environment_hook('ur5_moveit_config_tutorial', 'cmake_prefix_path')
[0.676s] INFO:colcon.colcon_core.shell:Creating environment hook '/workspace/moveit2_UR5/src/install/ur5_moveit_config_tutorial/share/ur5_moveit_config_tutorial/hook/cmake_prefix_path.ps1'
[0.676s] INFO:colcon.colcon_core.shell:Creating environment descriptor '/workspace/moveit2_UR5/src/install/ur5_moveit_config_tutorial/share/ur5_moveit_config_tutorial/hook/cmake_prefix_path.dsv'
[0.677s] INFO:colcon.colcon_core.shell:Creating environment hook '/workspace/moveit2_UR5/src/install/ur5_moveit_config_tutorial/share/ur5_moveit_config_tutorial/hook/cmake_prefix_path.sh'
[0.677s] Level 1:colcon.colcon_core.environment:checking '/workspace/moveit2_UR5/src/install/ur5_moveit_config_tutorial/bin'
[0.677s] Level 1:colcon.colcon_core.environment:checking '/workspace/moveit2_UR5/src/install/ur5_moveit_config_tutorial/lib/pkgconfig/ur5_moveit_config_tutorial.pc'
[0.677s] Level 1:colcon.colcon_core.environment:checking '/workspace/moveit2_UR5/src/install/ur5_moveit_config_tutorial/lib/python3.10/site-packages'
[0.677s] Level 1:colcon.colcon_core.environment:checking '/workspace/moveit2_UR5/src/install/ur5_moveit_config_tutorial/bin'
[0.678s] INFO:colcon.colcon_core.shell:Creating package script '/workspace/moveit2_UR5/src/install/ur5_moveit_config_tutorial/share/ur5_moveit_config_tutorial/package.ps1'
[0.678s] INFO:colcon.colcon_core.shell:Creating package descriptor '/workspace/moveit2_UR5/src/install/ur5_moveit_config_tutorial/share/ur5_moveit_config_tutorial/package.dsv'
[0.678s] INFO:colcon.colcon_core.shell:Creating package script '/workspace/moveit2_UR5/src/install/ur5_moveit_config_tutorial/share/ur5_moveit_config_tutorial/package.sh'
[0.679s] INFO:colcon.colcon_core.shell:Creating package script '/workspace/moveit2_UR5/src/install/ur5_moveit_config_tutorial/share/ur5_moveit_config_tutorial/package.bash'
[0.679s] INFO:colcon.colcon_core.shell:Creating package script '/workspace/moveit2_UR5/src/install/ur5_moveit_config_tutorial/share/ur5_moveit_config_tutorial/package.zsh'
[0.679s] Level 1:colcon.colcon_core.environment:create_file_with_runtime_dependencies(/workspace/moveit2_UR5/src/install/ur5_moveit_config_tutorial/share/colcon-core/packages/ur5_moveit_config_tutorial)
[0.907s] DEBUG:colcon.colcon_core.event_handler.log_command:Invoked command in '/workspace/moveit2_UR5/src/build/ur5_moveit_config' returned '0': AMENT_PREFIX_PATH=/workspace/moveit2_UR5/src/install/robot_description:${AMENT_PREFIX_PATH} CMAKE_PREFIX_PATH=/workspace/moveit2_UR5/src/install/robot_description:/workspaces/isaac_ros_ws/install/isaac_ros_test_cmake:/workspaces/isaac_ros_ws/install/isaac_ros_nitros_bridge_interfaces:/workspaces/isaac_ros_ws/install/isaac_ros_tensor_list_interfaces:/workspaces/isaac_ros_ws/install/isaac_ros_r2b_galileo:/workspaces/isaac_ros_ws/install/isaac_ros_pointcloud_interfaces:/workspaces/isaac_ros_ws/install/isaac_ros_nova_interfaces:/workspaces/isaac_ros_ws/install/isaac_ros_common:/workspaces/isaac_ros_ws/install/isaac_ros_bi3d_interfaces:/workspaces/isaac_ros_ws/install/isaac_ros_apriltag_interfaces:/workspaces/isaac_ros_ws/install/isaac_common:/workspaces/isaac_ros_ws/install/isaac_ros_test:/workspaces/isaac_ros_ws/install/isaac_ros_rosbag_utils:/workspaces/isaac_ros_ws/install/isaac_ros_launch_utils:/workspaces/isaac_ros_ws/install/isaac_common_py:/opt/ros/humble /usr/local/bin/cmake /workspace/moveit2_UR5/src/ur5_moveit_config -DCMAKE_INSTALL_PREFIX=/workspace/moveit2_UR5/src/install/ur5_moveit_config
[0.908s] DEBUG:colcon.colcon_core.event_handler.log_command:Invoking command in '/workspace/moveit2_UR5/src/build/ur5_moveit_config': AMENT_PREFIX_PATH=/workspace/moveit2_UR5/src/install/robot_description:${AMENT_PREFIX_PATH} CMAKE_PREFIX_PATH=/workspace/moveit2_UR5/src/install/robot_description:/workspaces/isaac_ros_ws/install/isaac_ros_test_cmake:/workspaces/isaac_ros_ws/install/isaac_ros_nitros_bridge_interfaces:/workspaces/isaac_ros_ws/install/isaac_ros_tensor_list_interfaces:/workspaces/isaac_ros_ws/install/isaac_ros_r2b_galileo:/workspaces/isaac_ros_ws/install/isaac_ros_pointcloud_interfaces:/workspaces/isaac_ros_ws/install/isaac_ros_nova_interfaces:/workspaces/isaac_ros_ws/install/isaac_ros_common:/workspaces/isaac_ros_ws/install/isaac_ros_bi3d_interfaces:/workspaces/isaac_ros_ws/install/isaac_ros_apriltag_interfaces:/workspaces/isaac_ros_ws/install/isaac_common:/workspaces/isaac_ros_ws/install/isaac_ros_test:/workspaces/isaac_ros_ws/install/isaac_ros_rosbag_utils:/workspaces/isaac_ros_ws/install/isaac_ros_launch_utils:/workspaces/isaac_ros_ws/install/isaac_common_py:/opt/ros/humble /usr/local/bin/cmake --build /workspace/moveit2_UR5/src/build/ur5_moveit_config -- -j16 -l16
[0.925s] DEBUG:colcon.colcon_core.event_handler.log_command:Invoked command in '/workspace/moveit2_UR5/src/build/ur5_moveit_config' returned '0': AMENT_PREFIX_PATH=/workspace/moveit2_UR5/src/install/robot_description:${AMENT_PREFIX_PATH} CMAKE_PREFIX_PATH=/workspace/moveit2_UR5/src/install/robot_description:/workspaces/isaac_ros_ws/install/isaac_ros_test_cmake:/workspaces/isaac_ros_ws/install/isaac_ros_nitros_bridge_interfaces:/workspaces/isaac_ros_ws/install/isaac_ros_tensor_list_interfaces:/workspaces/isaac_ros_ws/install/isaac_ros_r2b_galileo:/workspaces/isaac_ros_ws/install/isaac_ros_pointcloud_interfaces:/workspaces/isaac_ros_ws/install/isaac_ros_nova_interfaces:/workspaces/isaac_ros_ws/install/isaac_ros_common:/workspaces/isaac_ros_ws/install/isaac_ros_bi3d_interfaces:/workspaces/isaac_ros_ws/install/isaac_ros_apriltag_interfaces:/workspaces/isaac_ros_ws/install/isaac_common:/workspaces/isaac_ros_ws/install/isaac_ros_test:/workspaces/isaac_ros_ws/install/isaac_ros_rosbag_utils:/workspaces/isaac_ros_ws/install/isaac_ros_launch_utils:/workspaces/isaac_ros_ws/install/isaac_common_py:/opt/ros/humble /usr/local/bin/cmake --build /workspace/moveit2_UR5/src/build/ur5_moveit_config -- -j16 -l16
[0.926s] DEBUG:colcon.colcon_core.event_handler.log_command:Invoking command in '/workspace/moveit2_UR5/src/build/ur5_moveit_config': AMENT_PREFIX_PATH=/workspace/moveit2_UR5/src/install/robot_description:${AMENT_PREFIX_PATH} CMAKE_PREFIX_PATH=/workspace/moveit2_UR5/src/install/robot_description:/workspaces/isaac_ros_ws/install/isaac_ros_test_cmake:/workspaces/isaac_ros_ws/install/isaac_ros_nitros_bridge_interfaces:/workspaces/isaac_ros_ws/install/isaac_ros_tensor_list_interfaces:/workspaces/isaac_ros_ws/install/isaac_ros_r2b_galileo:/workspaces/isaac_ros_ws/install/isaac_ros_pointcloud_interfaces:/workspaces/isaac_ros_ws/install/isaac_ros_nova_interfaces:/workspaces/isaac_ros_ws/install/isaac_ros_common:/workspaces/isaac_ros_ws/install/isaac_ros_bi3d_interfaces:/workspaces/isaac_ros_ws/install/isaac_ros_apriltag_interfaces:/workspaces/isaac_ros_ws/install/isaac_common:/workspaces/isaac_ros_ws/install/isaac_ros_test:/workspaces/isaac_ros_ws/install/isaac_ros_rosbag_utils:/workspaces/isaac_ros_ws/install/isaac_ros_launch_utils:/workspaces/isaac_ros_ws/install/isaac_common_py:/opt/ros/humble /usr/local/bin/cmake --install /workspace/moveit2_UR5/src/build/ur5_moveit_config
[0.940s] Level 1:colcon.colcon_core.environment:create_environment_scripts_only(ur5_moveit_config)
[0.940s] Level 1:colcon.colcon_core.environment:checking '/workspace/moveit2_UR5/src/install/ur5_moveit_config' for CMake module files
[0.940s] DEBUG:colcon.colcon_core.event_handler.log_command:Invoked command in '/workspace/moveit2_UR5/src/build/ur5_moveit_config' returned '0': AMENT_PREFIX_PATH=/workspace/moveit2_UR5/src/install/robot_description:${AMENT_PREFIX_PATH} CMAKE_PREFIX_PATH=/workspace/moveit2_UR5/src/install/robot_description:/workspaces/isaac_ros_ws/install/isaac_ros_test_cmake:/workspaces/isaac_ros_ws/install/isaac_ros_nitros_bridge_interfaces:/workspaces/isaac_ros_ws/install/isaac_ros_tensor_list_interfaces:/workspaces/isaac_ros_ws/install/isaac_ros_r2b_galileo:/workspaces/isaac_ros_ws/install/isaac_ros_pointcloud_interfaces:/workspaces/isaac_ros_ws/install/isaac_ros_nova_interfaces:/workspaces/isaac_ros_ws/install/isaac_ros_common:/workspaces/isaac_ros_ws/install/isaac_ros_bi3d_interfaces:/workspaces/isaac_ros_ws/install/isaac_ros_apriltag_interfaces:/workspaces/isaac_ros_ws/install/isaac_common:/workspaces/isaac_ros_ws/install/isaac_ros_test:/workspaces/isaac_ros_ws/install/isaac_ros_rosbag_utils:/workspaces/isaac_ros_ws/install/isaac_ros_launch_utils:/workspaces/isaac_ros_ws/install/isaac_common_py:/opt/ros/humble /usr/local/bin/cmake --install /workspace/moveit2_UR5/src/build/ur5_moveit_config
[0.941s] Level 1:colcon.colcon_core.environment:checking '/workspace/moveit2_UR5/src/install/ur5_moveit_config' for CMake config files
[0.941s] Level 1:colcon.colcon_core.shell:create_environment_hook('ur5_moveit_config', 'cmake_prefix_path')
[0.941s] INFO:colcon.colcon_core.shell:Creating environment hook '/workspace/moveit2_UR5/src/install/ur5_moveit_config/share/ur5_moveit_config/hook/cmake_prefix_path.ps1'
[0.942s] INFO:colcon.colcon_core.shell:Creating environment descriptor '/workspace/moveit2_UR5/src/install/ur5_moveit_config/share/ur5_moveit_config/hook/cmake_prefix_path.dsv'
[0.942s] INFO:colcon.colcon_core.shell:Creating environment hook '/workspace/moveit2_UR5/src/install/ur5_moveit_config/share/ur5_moveit_config/hook/cmake_prefix_path.sh'
[0.942s] Level 1:colcon.colcon_core.environment:checking '/workspace/moveit2_UR5/src/install/ur5_moveit_config/bin'
[0.943s] Level 1:colcon.colcon_core.environment:checking '/workspace/moveit2_UR5/src/install/ur5_moveit_config/lib/pkgconfig/ur5_moveit_config.pc'
[0.943s] Level 1:colcon.colcon_core.environment:checking '/workspace/moveit2_UR5/src/install/ur5_moveit_config/lib/python3.10/site-packages'
[0.943s] Level 1:colcon.colcon_core.environment:checking '/workspace/moveit2_UR5/src/install/ur5_moveit_config/bin'
[0.943s] INFO:colcon.colcon_core.shell:Creating package script '/workspace/moveit2_UR5/src/install/ur5_moveit_config/share/ur5_moveit_config/package.ps1'
[0.944s] INFO:colcon.colcon_core.shell:Creating package descriptor '/workspace/moveit2_UR5/src/install/ur5_moveit_config/share/ur5_moveit_config/package.dsv'
[0.944s] INFO:colcon.colcon_core.shell:Creating package script '/workspace/moveit2_UR5/src/install/ur5_moveit_config/share/ur5_moveit_config/package.sh'
[0.944s] INFO:colcon.colcon_core.shell:Creating package script '/workspace/moveit2_UR5/src/install/ur5_moveit_config/share/ur5_moveit_config/package.bash'
[0.944s] INFO:colcon.colcon_core.shell:Creating package script '/workspace/moveit2_UR5/src/install/ur5_moveit_config/share/ur5_moveit_config/package.zsh'
[0.944s] Level 1:colcon.colcon_core.environment:create_file_with_runtime_dependencies(/workspace/moveit2_UR5/src/install/ur5_moveit_config/share/colcon-core/packages/ur5_moveit_config)
[0.945s] Level 1:colcon.colcon_core.environment:create_environment_scripts_only(ur5_moveit_config)
[0.945s] Level 1:colcon.colcon_core.environment:checking '/workspace/moveit2_UR5/src/install/ur5_moveit_config' for CMake module files
[0.945s] Level 1:colcon.colcon_core.environment:checking '/workspace/moveit2_UR5/src/install/ur5_moveit_config' for CMake config files
[0.945s] Level 1:colcon.colcon_core.shell:create_environment_hook('ur5_moveit_config', 'cmake_prefix_path')
[0.945s] INFO:colcon.colcon_core.shell:Creating environment hook '/workspace/moveit2_UR5/src/install/ur5_moveit_config/share/ur5_moveit_config/hook/cmake_prefix_path.ps1'
[0.946s] INFO:colcon.colcon_core.shell:Creating environment descriptor '/workspace/moveit2_UR5/src/install/ur5_moveit_config/share/ur5_moveit_config/hook/cmake_prefix_path.dsv'
[0.946s] INFO:colcon.colcon_core.shell:Creating environment hook '/workspace/moveit2_UR5/src/install/ur5_moveit_config/share/ur5_moveit_config/hook/cmake_prefix_path.sh'
[0.946s] Level 1:colcon.colcon_core.environment:checking '/workspace/moveit2_UR5/src/install/ur5_moveit_config/bin'
[0.946s] Level 1:colcon.colcon_core.environment:checking '/workspace/moveit2_UR5/src/install/ur5_moveit_config/lib/pkgconfig/ur5_moveit_config.pc'
[0.946s] Level 1:colcon.colcon_core.environment:checking '/workspace/moveit2_UR5/src/install/ur5_moveit_config/lib/python3.10/site-packages'
[0.946s] Level 1:colcon.colcon_core.environment:checking '/workspace/moveit2_UR5/src/install/ur5_moveit_config/bin'
[0.947s] INFO:colcon.colcon_core.shell:Creating package script '/workspace/moveit2_UR5/src/install/ur5_moveit_config/share/ur5_moveit_config/package.ps1'
[0.947s] INFO:colcon.colcon_core.shell:Creating package descriptor '/workspace/moveit2_UR5/src/install/ur5_moveit_config/share/ur5_moveit_config/package.dsv'
[0.947s] INFO:colcon.colcon_core.shell:Creating package script '/workspace/moveit2_UR5/src/install/ur5_moveit_config/share/ur5_moveit_config/package.sh'
[0.947s] INFO:colcon.colcon_core.shell:Creating package script '/workspace/moveit2_UR5/src/install/ur5_moveit_config/share/ur5_moveit_config/package.bash'
[0.948s] INFO:colcon.colcon_core.shell:Creating package script '/workspace/moveit2_UR5/src/install/ur5_moveit_config/share/ur5_moveit_config/package.zsh'
[0.948s] Level 1:colcon.colcon_core.environment:create_file_with_runtime_dependencies(/workspace/moveit2_UR5/src/install/ur5_moveit_config/share/colcon-core/packages/ur5_moveit_config)
[0.948s] DEBUG:colcon.colcon_parallel_executor.executor.parallel:closing loop
[0.948s] DEBUG:colcon.colcon_parallel_executor.executor.parallel:loop closed
[0.948s] DEBUG:colcon.colcon_parallel_executor.executor.parallel:run_until_complete finished with '0'
[0.948s] DEBUG:colcon.colcon_core.event_reactor:joining thread
[0.952s] INFO:colcon.colcon_core.plugin_system:Skipping extension 'colcon_notification.desktop_notification.notify_send': Could not find 'notify-send'
[0.952s] INFO:colcon.colcon_core.plugin_system:Skipping extension 'colcon_notification.desktop_notification.terminal_notifier': Not used on non-Darwin systems
[0.952s] INFO:colcon.colcon_core.plugin_system:Skipping extension 'colcon_notification.desktop_notification.win32': Not used on non-Windows systems
[0.952s] INFO:colcon.colcon_notification.desktop_notification:Sending desktop notification using 'notify2'
[0.954s] DEBUG:colcon.colcon_notification.desktop_notification.notify2:Failed to initialize notify2: org.freedesktop.DBus.Error.Spawn.ExecFailed: /usr/bin/dbus-launch terminated abnormally without any error message
[0.954s] DEBUG:colcon.colcon_core.event_reactor:joined thread
[0.955s] INFO:colcon.colcon_core.shell:Creating prefix script '/workspace/moveit2_UR5/src/install/local_setup.ps1'
[0.956s] INFO:colcon.colcon_core.shell:Creating prefix util module '/workspace/moveit2_UR5/src/install/_local_setup_util_ps1.py'
[0.957s] INFO:colcon.colcon_core.shell:Creating prefix chain script '/workspace/moveit2_UR5/src/install/setup.ps1'
[0.958s] INFO:colcon.colcon_core.shell:Creating prefix script '/workspace/moveit2_UR5/src/install/local_setup.sh'
[0.959s] INFO:colcon.colcon_core.shell:Creating prefix util module '/workspace/moveit2_UR5/src/install/_local_setup_util_sh.py'
[0.960s] INFO:colcon.colcon_core.shell:Creating prefix chain script '/workspace/moveit2_UR5/src/install/setup.sh'
[0.962s] INFO:colcon.colcon_core.shell:Creating prefix script '/workspace/moveit2_UR5/src/install/local_setup.bash'
[0.962s] INFO:colcon.colcon_core.shell:Creating prefix chain script '/workspace/moveit2_UR5/src/install/setup.bash'
[0.963s] INFO:colcon.colcon_core.shell:Creating prefix script '/workspace/moveit2_UR5/src/install/local_setup.zsh'
[0.964s] INFO:colcon.colcon_core.shell:Creating prefix chain script '/workspace/moveit2_UR5/src/install/setup.zsh'
